#***************************************************************************

#sjplacer

#Version:            1.1

#Build Date:         Oct 23 2014 13:00:08

#File Generated:     Jun 4 2015 12:15:58

#Purpose:            

#Copyright (C) 2010-2011 by Softjin Technologies Pvt Ltd. All rights reserved.

#***************************************************************************

Executing : C:\Program Files\Cypress\PSoC Creator\3.1\PSoC Creator\bin/sjplacer.exe --proj-name finalproject --netlist-vh2 finalproject_p.vh2 --arch-file C:\Program Files\Cypress\PSoC Creator\3.1\PSoC Creator\dev/psoc3/placer.ark --rrg-file C:\Program Files\Cypress\PSoC Creator\3.1\PSoC Creator\dev/psoc5/psoc5lp/route_arch-rrg.cydata --irq-file C:\Program Files\Cypress\PSoC Creator\3.1\PSoC Creator\dev/psoc5/psoc5lp/irqconn.cydata --drq-file C:\Program Files\Cypress\PSoC Creator\3.1\PSoC Creator\dev/psoc5/psoc5lp/dmaconn.cydata --dsi-conn-file C:\Program Files\Cypress\PSoC Creator\3.1\PSoC Creator\dev/psoc5/psoc5lp/dsiconn.cydata --pins-file pins_100-TQFP.xml --lib-file finalproject_p.lib --sdc-file finalproject.sdc --io-pcf finalproject.pci --outdir .

		Softjin Techologies Placer, Version 1.1

Build Date : Oct 23 2014	13:09:21

D2004: Option and Settings Summary
=============================================================
Netlist vh2 file          - finalproject_p.vh2
Architecture file         - C:\Program Files\Cypress\PSoC Creator\3.1\PSoC Creator\dev/psoc3/placer.ark
Package                   - 
Defparam file             - 
SDC file                  - finalproject.sdc
Output directory          - .
Timing library            - finalproject_p.lib
IO Placement file         - finalproject.pci

D2050: Starting reading inputs for placer
=============================================================
D2065: Reading netlist file : "finalproject_p.vh2"
D2065: Reading arch file : "C:\Program Files\Cypress\PSoC Creator\3.1\PSoC Creator\dev/psoc3/placer.ark"
D2051: Reading of inputs for placer completed successfully

D2053: Starting placement of the design
=============================================================

Phase 2
Phase 3

Design Statistics after Packing
    Number of Combinational MCs 	:	17
    Number of Sequential MCs    	:	28
    Number of DPs               	:	6
    Number of Controls          	:	13
    Number of Status            	:	5
    Number of SyncCells         	:	1
    Number of count7cells       	:	2

Device Utilization Summary after Packing
    Macrocells                  :	45/192
    UDBS                        :	13/24
    IOs                         :	27/72


D2088: Phase 3, elapsed time : 0.0 (sec)

Phase 4
D2088: Phase 4, elapsed time : 0.0 (sec)

Phase 5
D2088: Phase 5, elapsed time : 0.0 (sec)

Phase 6

######################################################################
Placement Timing Summary

The timing summary is based on estimated routing delays after
placement. For final timing report, please carry out the timing
analysis after routing.
======================================================================

######################################################################
                     Clock Summary 
======================================================================
Number of clocks: 7
Clock: CyBUS_CLK            | Frequency:  41.7 MHz | Target:  64.0 MHz
Clock: CyILO                | Frequency: N/A       | Target:   0.1 MHz
Clock: CyIMO                | Frequency: N/A       | Target:  24.0 MHz
Clock: CyMASTER_CLK         | Frequency: N/A       | Target:  64.0 MHz
Clock: CyPLL_OUT            | Frequency: N/A       | Target:  64.0 MHz
Clock: UART_1_IntClock      | Frequency:  36.0 MHz | Target:   1.8 MHz
Clock: emFile_1_Clock_1     | Frequency:  45.5 MHz | Target:  64.0 MHz

======================================================================
                     End of Clock Summary
######################################################################

D2088: Phase 6, elapsed time : 0.1 (sec)

Phase 7
######################################################################
                     Clock Summary 
======================================================================
Number of clocks: 7
Clock: CyBUS_CLK            | Frequency:  41.7 MHz | Target:  64.0 MHz
Clock: CyILO                | Frequency: N/A       | Target:   0.1 MHz
Clock: CyIMO                | Frequency: N/A       | Target:  24.0 MHz
Clock: CyMASTER_CLK         | Frequency: N/A       | Target:  64.0 MHz
Clock: CyPLL_OUT            | Frequency: N/A       | Target:  64.0 MHz
Clock: UART_1_IntClock      | Frequency:  36.8 MHz | Target:   1.8 MHz
Clock: emFile_1_Clock_1     | Frequency:  45.5 MHz | Target:  64.0 MHz

======================================================================
                     End of Clock Summary
######################################################################
D2088: Phase 7, elapsed time : 1.4 (sec)

Final Design Statistics
    Number of Combinational MCs 	:	17
    Number of Sequential MCs    	:	28
    Number of DPs               	:	6
    Number of Controls          	:	13
    Number of Status            	:	5
    Number of SyncCells         	:	1
    Number of count7cells       	:	2
    Number of IOs       	:	27

Device Utilization Summary
    Macrocells                  :	45/192
    IOs                         :	27/72



######################################################################
Placement Timing Summary

The timing summary is based on estimated routing delays after
placement. For final timing report, please carry out the timing
analysis after routing.
======================================================================


######################################################################
                     Clock Summary 
======================================================================
Number of clocks: 7
Clock: CyBUS_CLK            | Frequency:  41.7 MHz | Target:  64.0 MHz
Clock: CyILO                | Frequency: N/A       | Target:   0.1 MHz
Clock: CyIMO                | Frequency: N/A       | Target:  24.0 MHz
Clock: CyMASTER_CLK         | Frequency: N/A       | Target:  64.0 MHz
Clock: CyPLL_OUT            | Frequency: N/A       | Target:  64.0 MHz
Clock: UART_1_IntClock      | Frequency:  34.7 MHz | Target:   1.8 MHz
Clock: emFile_1_Clock_1     | Frequency:  46.9 MHz | Target:  64.0 MHz

======================================================================
                     End of Clock Summary
######################################################################

Phase 8
D2088: Phase 8, elapsed time : 0.0 (sec)

D2054: Placement of the design completed successfully

I2076: Total run-time: 2.7 sec.

