Loading plugins phase: Elapsed time ==> 0s.260ms
Initializing data phase: Elapsed time ==> 0s.000ms
<CYPRESSTAG name="CyDsfit arguments...">
cydsfit arguments: -.fdsnotice -.fdswarpdepfile=warp_dependencies.txt -.fdselabdepfile=elab_dependencies.txt -.fdsbldfile=generated_files.txt -p C:\Users\pfautley\Downloads\finalproject.cydsn\finalproject.cydsn\emFile_Example01.cydsn\emFile_Example01.cyprj -d CY8C5868AXI-LP035 -s C:\Users\pfautley\Downloads\finalproject.cydsn\finalproject.cydsn\emFile_Example01.cydsn\Generated_Source\PSoC5 -- -yv2 -q10 -ygs -o2 -v3 -.fftcfgtype=LE</CYPRESSTAG>
<CYPRESSTAG name="Design elaboration results...">
</CYPRESSTAG>
Elaboration phase: Elapsed time ==> 2s.520ms
<CYPRESSTAG name="HDL generation results...">
</CYPRESSTAG>
HDL generation phase: Elapsed time ==> 0s.060ms
<CYPRESSTAG name="Synthesis results...">

     | | | | | | |
   _________________
  -|               |-
  -|               |-
  -|               |-
  -|    CYPRESS    |-
  -|               |-
  -|               |-   Warp Verilog Synthesis Compiler: Version 6.3 IR 41
  -|               |-   Copyright (C) 1991-2001 Cypress Semiconductor
   |_______________|
     | | | | | | |

======================================================================
Compiling:  emFile_Example01.v
Program  :   C:\Program Files\Cypress\PSoC Creator\3.1\PSoC Creator\warp\bin/warp.exe
Options  :    -yv2 -q10 -ygs -o2 -v3 -.fftcfgtype=LE -ya -.fftprj=C:\Users\pfautley\Downloads\finalproject.cydsn\finalproject.cydsn\emFile_Example01.cydsn\emFile_Example01.cyprj -dcpsoc3 emFile_Example01.v -verilog
======================================================================

======================================================================
Compiling:  emFile_Example01.v
Program  :   C:\Program Files\Cypress\PSoC Creator\3.1\PSoC Creator\warp\bin/warp.exe
Options  :    -yv2 -q10 -ygs -o2 -v3 -.fftcfgtype=LE -ya -.fftprj=C:\Users\pfautley\Downloads\finalproject.cydsn\finalproject.cydsn\emFile_Example01.cydsn\emFile_Example01.cyprj -dcpsoc3 emFile_Example01.v -verilog
======================================================================

======================================================================
Compiling:  emFile_Example01.v
Program  :   vlogfe
Options  :    -yv2 -q10 -ygs -o2 -v3 -.fftcfgtype=LE -ya -.fftprj=C:\Users\pfautley\Downloads\finalproject.cydsn\finalproject.cydsn\emFile_Example01.cydsn\emFile_Example01.cyprj -dcpsoc3 -verilog emFile_Example01.v
======================================================================

vlogfe V6.3 IR 41:  Verilog parser
Sun May 31 16:49:23 2015


======================================================================
Compiling:  emFile_Example01.v
Program  :   vpp
Options  :    -yv2 -q10 emFile_Example01.v
======================================================================

vpp V6.3 IR 41:  Verilog Pre-Processor
Sun May 31 16:49:23 2015

Flattening file 'C:\Program Files\Cypress\PSoC Creator\3.1\PSoC Creator\warp\..\psoc\content\cyprimitives\CyPrimitives.cylib\cy_virtualmux_v1_0\cy_virtualmux_v1_0.v'
Flattening file 'C:\Program Files\Cypress\PSoC Creator\3.1\PSoC Creator\warp\..\psoc\content\cycomponentlibrary\CyComponentLibrary.cylib\B_SPI_Master_v2_40\B_SPI_Master_v2_40.v'
Flattening file 'C:\Program Files\Cypress\PSoC Creator\3.1\PSoC Creator\warp\lib\common\cypress.v'
Flattening file 'C:\Program Files\Cypress\PSoC Creator\3.1\PSoC Creator\warp\lib\common\cy_psoc3_inc.v'
Flattening file 'C:\Program Files\Cypress\PSoC Creator\3.1\PSoC Creator\warp\..\psoc\content\cyprimitives\CyPrimitives.cylib\ZeroTerminal\ZeroTerminal.v'

vpp:  No errors.

Library 'work' => directory 'lcpsoc3'
General_symbol_table
General_symbol_table
Linking 'C:\Program Files\Cypress\PSoC Creator\3.1\PSoC Creator\warp\lib\common\std.vhd'.
Linking 'C:\Program Files\Cypress\PSoC Creator\3.1\PSoC Creator\warp\lib\common\cypress.vhd'.
Linking 'C:\Program Files\Cypress\PSoC Creator\3.1\PSoC Creator\warp\lib\common\work\cypress.vif'.
Linking 'C:\Program Files\Cypress\PSoC Creator\3.1\PSoC Creator\warp\lib\ieee\work\stdlogic.vif'.
Linking 'C:\Program Files\Cypress\PSoC Creator\3.1\PSoC Creator\warp\lib\common\stdlogic\lpmpkg.vif'.
Linking 'C:\Program Files\Cypress\PSoC Creator\3.1\PSoC Creator\warp\lib\common\stdlogic\rtlpkg.vif'.
Linking 'C:\Program Files\Cypress\PSoC Creator\3.1\PSoC Creator\warp\lib\common\stdlogic\mod_cnst.vif'.
Linking 'C:\Program Files\Cypress\PSoC Creator\3.1\PSoC Creator\warp\lib\common\stdlogic\mod_mthv.vif'.
Linking 'C:\Program Files\Cypress\PSoC Creator\3.1\PSoC Creator\warp\lib\common\stdlogic\mod_genv.vif'.
Using control file 'emFile_Example01.ctl'.
Linking 'C:\Program Files\Cypress\PSoC Creator\3.1\PSoC Creator\warp\lib\common\stdlogic\cy_psoc3pkg.vif'.
Linking 'C:\Program Files\Cypress\PSoC Creator\3.1\PSoC Creator\warp\lib\common\stdlogic\cy_psoc3.vif'.

vlogfe:  No errors.


======================================================================
Compiling:  emFile_Example01.v
Program  :   tovif
Options  :    -yv2 -q10 -ygs -o2 -v3 -.fftcfgtype=LE -ya -.fftprj=C:\Users\pfautley\Downloads\finalproject.cydsn\finalproject.cydsn\emFile_Example01.cydsn\emFile_Example01.cyprj -dcpsoc3 -verilog emFile_Example01.v
======================================================================

tovif V6.3 IR 41:  High-level synthesis
Sun May 31 16:49:23 2015

Linking 'C:\Program Files\Cypress\PSoC Creator\3.1\PSoC Creator\warp\lib\common\std.vhd'.
Linking 'C:\Program Files\Cypress\PSoC Creator\3.1\PSoC Creator\warp\lib\common\cypress.vhd'.
Linking 'C:\Program Files\Cypress\PSoC Creator\3.1\PSoC Creator\warp\lib\common\work\cypress.vif'.
Linking 'C:\Program Files\Cypress\PSoC Creator\3.1\PSoC Creator\warp\lib\ieee\work\stdlogic.vif'.
Linking 'C:\Program Files\Cypress\PSoC Creator\3.1\PSoC Creator\warp\lib\common\stdlogic\lpmpkg.vif'.
Linking 'C:\Program Files\Cypress\PSoC Creator\3.1\PSoC Creator\warp\lib\common\stdlogic\rtlpkg.vif'.
Linking 'C:\Program Files\Cypress\PSoC Creator\3.1\PSoC Creator\warp\lib\common\stdlogic\mod_cnst.vif'.
Linking 'C:\Program Files\Cypress\PSoC Creator\3.1\PSoC Creator\warp\lib\common\stdlogic\mod_mthv.vif'.
Linking 'C:\Program Files\Cypress\PSoC Creator\3.1\PSoC Creator\warp\lib\common\stdlogic\mod_genv.vif'.
Linking 'C:\Users\pfautley\Downloads\finalproject.cydsn\finalproject.cydsn\emFile_Example01.cydsn\codegentemp\emFile_Example01.ctl'.
Linking 'C:\Program Files\Cypress\PSoC Creator\3.1\PSoC Creator\psoc\content\cyprimitives\CyPrimitives.cylib\cy_virtualmux_v1_0\cy_virtualmux_v1_0.v'.
Linking 'C:\Users\pfautley\Downloads\finalproject.cydsn\finalproject.cydsn\emFile_Example01.cydsn\codegentemp\emFile_Example01.v'.
Linking 'C:\Program Files\Cypress\PSoC Creator\3.1\PSoC Creator\psoc\content\cycomponentlibrary\CyComponentLibrary.cylib\B_SPI_Master_v2_40\B_SPI_Master_v2_40.v'.
Linking 'C:\Program Files\Cypress\PSoC Creator\3.1\PSoC Creator\warp\lib\common\cypress.v'.
Linking 'C:\Program Files\Cypress\PSoC Creator\3.1\PSoC Creator\warp\lib\common\cy_psoc3_inc.v'.
Linking 'C:\Program Files\Cypress\PSoC Creator\3.1\PSoC Creator\psoc\content\cyprimitives\CyPrimitives.cylib\ZeroTerminal\ZeroTerminal.v'.
Linking 'C:\Program Files\Cypress\PSoC Creator\3.1\PSoC Creator\warp\lib\common\stdlogic\cy_psoc3pkg.vif'.
Linking 'C:\Program Files\Cypress\PSoC Creator\3.1\PSoC Creator\warp\lib\common\stdlogic\cy_psoc3.vif'.

tovif:  No errors.


======================================================================
Compiling:  emFile_Example01.v
Program  :   topld
Options  :    -yv2 -q10 -ygs -o2 -v3 -.fftcfgtype=LE -ya -.fftprj=C:\Users\pfautley\Downloads\finalproject.cydsn\finalproject.cydsn\emFile_Example01.cydsn\emFile_Example01.cyprj -dcpsoc3 -verilog emFile_Example01.v
======================================================================

topld V6.3 IR 41:  Synthesis and optimization
Sun May 31 16:49:24 2015

Linking 'C:\Program Files\Cypress\PSoC Creator\3.1\PSoC Creator\warp\lib\common\std.vhd'.
Linking 'C:\Program Files\Cypress\PSoC Creator\3.1\PSoC Creator\warp\lib\common\cypress.vhd'.
Linking 'C:\Program Files\Cypress\PSoC Creator\3.1\PSoC Creator\warp\lib\common\work\cypress.vif'.
Linking 'C:\Program Files\Cypress\PSoC Creator\3.1\PSoC Creator\warp\lib\ieee\work\stdlogic.vif'.
Linking 'C:\Program Files\Cypress\PSoC Creator\3.1\PSoC Creator\warp\lib\common\stdlogic\lpmpkg.vif'.
Linking 'C:\Program Files\Cypress\PSoC Creator\3.1\PSoC Creator\warp\lib\common\stdlogic\rtlpkg.vif'.
Linking 'C:\Program Files\Cypress\PSoC Creator\3.1\PSoC Creator\warp\lib\common\stdlogic\mod_cnst.vif'.
Linking 'C:\Program Files\Cypress\PSoC Creator\3.1\PSoC Creator\warp\lib\common\stdlogic\mod_mthv.vif'.
Linking 'C:\Program Files\Cypress\PSoC Creator\3.1\PSoC Creator\warp\lib\common\stdlogic\mod_genv.vif'.
Linking 'C:\Users\pfautley\Downloads\finalproject.cydsn\finalproject.cydsn\emFile_Example01.cydsn\codegentemp\emFile_Example01.ctl'.
Linking 'C:\Program Files\Cypress\PSoC Creator\3.1\PSoC Creator\psoc\content\cyprimitives\CyPrimitives.cylib\cy_virtualmux_v1_0\cy_virtualmux_v1_0.v'.
Linking 'C:\Users\pfautley\Downloads\finalproject.cydsn\finalproject.cydsn\emFile_Example01.cydsn\codegentemp\emFile_Example01.v'.
Linking 'C:\Program Files\Cypress\PSoC Creator\3.1\PSoC Creator\psoc\content\cycomponentlibrary\CyComponentLibrary.cylib\B_SPI_Master_v2_40\B_SPI_Master_v2_40.v'.
Linking 'C:\Program Files\Cypress\PSoC Creator\3.1\PSoC Creator\warp\lib\common\cypress.v'.
Linking 'C:\Program Files\Cypress\PSoC Creator\3.1\PSoC Creator\warp\lib\common\cy_psoc3_inc.v'.
Linking 'C:\Program Files\Cypress\PSoC Creator\3.1\PSoC Creator\psoc\content\cyprimitives\CyPrimitives.cylib\ZeroTerminal\ZeroTerminal.v'.
Linking 'C:\Program Files\Cypress\PSoC Creator\3.1\PSoC Creator\warp\lib\common\stdlogic\cy_psoc3pkg.vif'.
Linking 'C:\Program Files\Cypress\PSoC Creator\3.1\PSoC Creator\warp\lib\common\stdlogic\cy_psoc3.vif'.
Linking 'C:\Program Files\Cypress\PSoC Creator\3.1\PSoC Creator\warp\lib\lcpsoc3\stdlogic\cpsoc3.vif'.

----------------------------------------------------------
Detecting unused logic.
----------------------------------------------------------
    User names
	\emFile:SPI0:BSPIM:mosi_after_ld\
	\emFile:SPI0:BSPIM:so_send\
	\emFile:SPI0:BSPIM:mosi_cpha_1\
	\emFile:SPI0:BSPIM:pre_mosi\
	\emFile:SPI0:BSPIM:dpcounter_zero\
	\emFile:SPI0:BSPIM:control_7\
	\emFile:SPI0:BSPIM:control_6\
	\emFile:SPI0:BSPIM:control_5\
	\emFile:SPI0:BSPIM:control_4\
	\emFile:SPI0:BSPIM:control_3\
	\emFile:SPI0:BSPIM:control_2\
	\emFile:SPI0:BSPIM:control_1\
	\emFile:SPI0:BSPIM:control_0\
	\emFile:SPI0:Net_253\
	\emFile:Net_2\


Deleted 15 User equations/components.
Deleted 0 Synthesized equations/components.

------------------------------------------------------
Alias Detection
------------------------------------------------------
Aliasing \emFile:SPI0:BSPIM:tx_status_3\ to \emFile:SPI0:BSPIM:load_rx_data\
Aliasing \emFile:SPI0:BSPIM:tx_status_6\ to \emFile:SPI0:BSPIM:pol_supprt\
Aliasing \emFile:SPI0:BSPIM:tx_status_5\ to \emFile:SPI0:BSPIM:pol_supprt\
Aliasing \emFile:SPI0:BSPIM:rx_status_3\ to \emFile:SPI0:BSPIM:pol_supprt\
Aliasing \emFile:SPI0:BSPIM:rx_status_2\ to \emFile:SPI0:BSPIM:pol_supprt\
Aliasing \emFile:SPI0:BSPIM:rx_status_1\ to \emFile:SPI0:BSPIM:pol_supprt\
Aliasing \emFile:SPI0:BSPIM:rx_status_0\ to \emFile:SPI0:BSPIM:pol_supprt\
Aliasing zero to \emFile:SPI0:BSPIM:pol_supprt\
Aliasing \emFile:SPI0:Net_274\ to \emFile:SPI0:BSPIM:pol_supprt\
Aliasing \emFile:tmpOE__mosi0_net_0\ to one
Aliasing \emFile:tmpOE__miso0_net_0\ to one
Aliasing \emFile:tmpOE__sclk0_net_0\ to one
Aliasing \emFile:tmpOE__SPI0_CS_net_0\ to one
Aliasing \LCD:tmpOE__LCDPort_net_6\ to one
Aliasing \LCD:tmpOE__LCDPort_net_5\ to one
Aliasing \LCD:tmpOE__LCDPort_net_4\ to one
Aliasing \LCD:tmpOE__LCDPort_net_3\ to one
Aliasing \LCD:tmpOE__LCDPort_net_2\ to one
Aliasing \LCD:tmpOE__LCDPort_net_1\ to one
Aliasing \LCD:tmpOE__LCDPort_net_0\ to one
Aliasing \emFile:SPI0:BSPIM:so_send_reg\\D\ to \emFile:SPI0:BSPIM:pol_supprt\
Aliasing \emFile:SPI0:BSPIM:dpcounter_one_reg\\D\ to \emFile:SPI0:BSPIM:load_rx_data\
Removing Lhs of wire \emFile:SPI0:Net_276\[0] = \emFile:Net_19\[1]
Removing Rhs of wire \emFile:SPI0:BSPIM:load_rx_data\[5] = \emFile:SPI0:BSPIM:dpcounter_one\[6]
Removing Lhs of wire \emFile:SPI0:BSPIM:miso_to_dp\[8] = \emFile:SPI0:Net_244\[9]
Removing Lhs of wire \emFile:SPI0:Net_244\[9] = \emFile:Net_16\[103]
Removing Rhs of wire \emFile:Net_10\[13] = \emFile:SPI0:BSPIM:mosi_fin\[14]
Removing Rhs of wire \emFile:Net_10\[13] = \emFile:SPI0:BSPIM:mosi_cpha_0\[15]
Removing Rhs of wire \emFile:SPI0:BSPIM:tx_status_1\[36] = \emFile:SPI0:BSPIM:dpMOSI_fifo_empty\[37]
Removing Rhs of wire \emFile:SPI0:BSPIM:tx_status_2\[38] = \emFile:SPI0:BSPIM:dpMOSI_fifo_not_full\[39]
Removing Lhs of wire \emFile:SPI0:BSPIM:tx_status_3\[40] = \emFile:SPI0:BSPIM:load_rx_data\[5]
Removing Rhs of wire \emFile:SPI0:BSPIM:rx_status_4\[42] = \emFile:SPI0:BSPIM:dpMISO_fifo_full\[43]
Removing Rhs of wire \emFile:SPI0:BSPIM:rx_status_5\[44] = \emFile:SPI0:BSPIM:dpMISO_fifo_not_empty\[45]
Removing Lhs of wire \emFile:SPI0:BSPIM:tx_status_6\[47] = \emFile:SPI0:BSPIM:pol_supprt\[7]
Removing Lhs of wire \emFile:SPI0:BSPIM:tx_status_5\[48] = \emFile:SPI0:BSPIM:pol_supprt\[7]
Removing Lhs of wire \emFile:SPI0:BSPIM:rx_status_3\[49] = \emFile:SPI0:BSPIM:pol_supprt\[7]
Removing Lhs of wire \emFile:SPI0:BSPIM:rx_status_2\[50] = \emFile:SPI0:BSPIM:pol_supprt\[7]
Removing Lhs of wire \emFile:SPI0:BSPIM:rx_status_1\[51] = \emFile:SPI0:BSPIM:pol_supprt\[7]
Removing Lhs of wire \emFile:SPI0:BSPIM:rx_status_0\[52] = \emFile:SPI0:BSPIM:pol_supprt\[7]
Removing Rhs of wire \emFile:SPI0:Net_273\[62] = \emFile:SPI0:BSPIM:pol_supprt\[7]
Removing Rhs of wire zero[67] = \emFile:SPI0:Net_273\[62]
Removing Lhs of wire \emFile:SPI0:Net_274\[104] = zero[67]
Removing Lhs of wire \emFile:tmpOE__mosi0_net_0\[106] = one[3]
Removing Lhs of wire \emFile:tmpOE__miso0_net_0\[113] = one[3]
Removing Lhs of wire \emFile:tmpOE__sclk0_net_0\[119] = one[3]
Removing Lhs of wire \emFile:tmpOE__SPI0_CS_net_0\[125] = one[3]
Removing Lhs of wire \LCD:tmpOE__LCDPort_net_6\[131] = one[3]
Removing Lhs of wire \LCD:tmpOE__LCDPort_net_5\[132] = one[3]
Removing Lhs of wire \LCD:tmpOE__LCDPort_net_4\[133] = one[3]
Removing Lhs of wire \LCD:tmpOE__LCDPort_net_3\[134] = one[3]
Removing Lhs of wire \LCD:tmpOE__LCDPort_net_2\[135] = one[3]
Removing Lhs of wire \LCD:tmpOE__LCDPort_net_1\[136] = one[3]
Removing Lhs of wire \LCD:tmpOE__LCDPort_net_0\[137] = one[3]
Removing Lhs of wire \emFile:SPI0:BSPIM:so_send_reg\\D\[154] = zero[67]
Removing Lhs of wire \emFile:SPI0:BSPIM:mosi_reg\\D\[161] = \emFile:SPI0:BSPIM:mosi_pre_reg\[29]
Removing Lhs of wire \emFile:SPI0:BSPIM:dpcounter_one_reg\\D\[163] = \emFile:SPI0:BSPIM:load_rx_data\[5]
Removing Lhs of wire \emFile:SPI0:BSPIM:mosi_from_dp_reg\\D\[164] = \emFile:SPI0:BSPIM:mosi_from_dp\[19]

------------------------------------------------------
Aliased 0 equations, 35 wires.
------------------------------------------------------

----------------------------------------------------------
Circuit simplification
----------------------------------------------------------

Substituting virtuals - pass 1:

Note:  Expanding virtual equation for '\emFile:SPI0:BSPIM:load_rx_data\' (cost = 1):
\emFile:SPI0:BSPIM:load_rx_data\ <= ((not \emFile:SPI0:BSPIM:count_4\ and not \emFile:SPI0:BSPIM:count_3\ and not \emFile:SPI0:BSPIM:count_2\ and not \emFile:SPI0:BSPIM:count_1\ and \emFile:SPI0:BSPIM:count_0\));

Note:  Expanding virtual equation for 'zero' (cost = 0):
zero <=  ('0') ;


Substituting virtuals - pass 2:


----------------------------------------------------------
Circuit simplification results:

	Expanded 2 signals.
	Turned 0 signals into soft nodes.
	Maximum default expansion cost was set at 3.
----------------------------------------------------------

------------------------------------------------------
Alias Detection
------------------------------------------------------

------------------------------------------------------
Aliased 0 equations, 0 wires.
------------------------------------------------------

Last attempt to remove unused logic - pass 1:


Last attempt to remove unused logic - pass 2:


topld:  No errors.

CYPRESS_DIR    : C:\Program Files\Cypress\PSoC Creator\3.1\PSoC Creator\warp
Warp Program   : C:\Program Files\Cypress\PSoC Creator\3.1\PSoC Creator\warp\bin/warp.exe
Warp Arguments : -yv2 -q10 -ygs -o2 -v3 -.fftcfgtype=LE -ya -.fftprj=C:\Users\pfautley\Downloads\finalproject.cydsn\finalproject.cydsn\emFile_Example01.cydsn\emFile_Example01.cyprj -dcpsoc3 emFile_Example01.v -verilog
</CYPRESSTAG>
Warp synthesis phase: Elapsed time ==> 1s.166ms
<CYPRESSTAG name="Fitter results...">
<CYPRESSTAG name="Fitter startup details...">
cyp3fit: V3.1.0.2177, Family: PSoC3, Started at: Sunday, 31 May 2015 16:49:24
Options: -yv2 -q10 -ygs -o2 -v3 -.fftcfgtype=LE -ya -.fftprj=C:\Users\pfautley\Downloads\finalproject.cydsn\finalproject.cydsn\emFile_Example01.cydsn\emFile_Example01.cyprj -d CY8C5868AXI-LP035 emFile_Example01.v -verilog
</CYPRESSTAG>
<CYPRESSTAG name="Design parsing">
Design parsing phase: Elapsed time ==> 0s.030ms
</CYPRESSTAG>
<CYPRESSTAG name="Tech mapping">
<CYPRESSTAG name="Initial Mapping" icon="FILE_RPT_TECHM">
    Converted constant MacroCell: \emFile:SPI0:BSPIM:so_send_reg\ from registered to combinatorial
<CYPRESSTAG name="Global Clock Selection" icon="FILE_RPT_TECHM">
    Digital Clock 0: Automatic-assigning  clock 'emFile_Clock_1'. Fanout=1, Signal=\emFile:Net_19\
</CYPRESSTAG>

Removing unused cells resulting from optimization
Done removing unused cells.
<CYPRESSTAG name="UDB Clock/Enable Remapping Results">
    UDB Clk/Enable \emFile:SPI0:BSPIM:ClkEn\: with output requested to be synchronous
        ClockIn: emFile_Clock_1 was determined to be a global clock that is synchronous to BUS_CLK
        EnableIn: Constant 1 was determined to be synchronous to ClockIn
        ClockOut: emFile_Clock_1, EnableOut: Constant 1
</CYPRESSTAG>

Removing unused cells resulting from optimization
Done removing unused cells.
<CYPRESSTAG name="Duplicate Macrocell detection">
</CYPRESSTAG>
</CYPRESSTAG>
<CYPRESSTAG name="Duplicate Macrocell detection">
</CYPRESSTAG>
<CYPRESSTAG name="Design Equations" icon="FILE_RPT_EQUATION">

------------------------------------------------------------
Design Equations
------------------------------------------------------------
    <CYPRESSTAG name="Pin listing">

    ------------------------------------------------------------
    Pin listing
    ------------------------------------------------------------

    Pin : Name = \LCD:LCDPort(0)\
        Attributes:
            In Group/Port: True
            In Sync Option: AUTO
            Out Sync Option: NOSYNC
            Interrupt generated: False
            Interrupt mode: NONE
            Drive mode: CMOS_OUT
            VTrip: EITHER
            Slew: FAST
            Input Sync needed: False
            Output Sync needed: False
            SC shield enabled: False
            POR State: ANY
            LCD Mode: COMMON
            Register Mode: RegComb
            CaSense Mode: NEITHER
            Treat as pin: False
            Is OE Registered: False
            Uses Analog: False
            Can contain Digital: True
            Is SIO: False
            SIO Output Buf: NONREGULATED
            SIO Input Buf: SINGLE_ENDED
            SIO HiFreq: LOW
            SIO Hyst: DISABLED
            SIO Vtrip: MULTIPLIER_0_5
            SIO RefSel: VCC_IO
            Required Capabilitites: DIGITAL
            Initial Value: 0
            IO Voltage: 0
        PORT MAP (
            pa_out => \LCD:LCDPort(0)\__PA ,
            pad => \LCD:LCDPort(0)_PAD\ );
        Properties:
        {
        }

    Pin : Name = \LCD:LCDPort(1)\
        Attributes:
            In Group/Port: True
            In Sync Option: AUTO
            Out Sync Option: NOSYNC
            Interrupt generated: False
            Interrupt mode: NONE
            Drive mode: CMOS_OUT
            VTrip: EITHER
            Slew: FAST
            Input Sync needed: False
            Output Sync needed: False
            SC shield enabled: False
            POR State: ANY
            LCD Mode: COMMON
            Register Mode: RegComb
            CaSense Mode: NEITHER
            Treat as pin: False
            Is OE Registered: False
            Uses Analog: False
            Can contain Digital: True
            Is SIO: False
            SIO Output Buf: NONREGULATED
            SIO Input Buf: SINGLE_ENDED
            SIO HiFreq: LOW
            SIO Hyst: DISABLED
            SIO Vtrip: MULTIPLIER_0_5
            SIO RefSel: VCC_IO
            Required Capabilitites: DIGITAL
            Initial Value: 0
            IO Voltage: 0
        PORT MAP (
            pa_out => \LCD:LCDPort(1)\__PA ,
            pad => \LCD:LCDPort(1)_PAD\ );
        Properties:
        {
        }

    Pin : Name = \LCD:LCDPort(2)\
        Attributes:
            In Group/Port: True
            In Sync Option: AUTO
            Out Sync Option: NOSYNC
            Interrupt generated: False
            Interrupt mode: NONE
            Drive mode: CMOS_OUT
            VTrip: EITHER
            Slew: FAST
            Input Sync needed: False
            Output Sync needed: False
            SC shield enabled: False
            POR State: ANY
            LCD Mode: COMMON
            Register Mode: RegComb
            CaSense Mode: NEITHER
            Treat as pin: False
            Is OE Registered: False
            Uses Analog: False
            Can contain Digital: True
            Is SIO: False
            SIO Output Buf: NONREGULATED
            SIO Input Buf: SINGLE_ENDED
            SIO HiFreq: LOW
            SIO Hyst: DISABLED
            SIO Vtrip: MULTIPLIER_0_5
            SIO RefSel: VCC_IO
            Required Capabilitites: DIGITAL
            Initial Value: 0
            IO Voltage: 0
        PORT MAP (
            pa_out => \LCD:LCDPort(2)\__PA ,
            pad => \LCD:LCDPort(2)_PAD\ );
        Properties:
        {
        }

    Pin : Name = \LCD:LCDPort(3)\
        Attributes:
            In Group/Port: True
            In Sync Option: AUTO
            Out Sync Option: NOSYNC
            Interrupt generated: False
            Interrupt mode: NONE
            Drive mode: CMOS_OUT
            VTrip: EITHER
            Slew: FAST
            Input Sync needed: False
            Output Sync needed: False
            SC shield enabled: False
            POR State: ANY
            LCD Mode: COMMON
            Register Mode: RegComb
            CaSense Mode: NEITHER
            Treat as pin: False
            Is OE Registered: False
            Uses Analog: False
            Can contain Digital: True
            Is SIO: False
            SIO Output Buf: NONREGULATED
            SIO Input Buf: SINGLE_ENDED
            SIO HiFreq: LOW
            SIO Hyst: DISABLED
            SIO Vtrip: MULTIPLIER_0_5
            SIO RefSel: VCC_IO
            Required Capabilitites: DIGITAL
            Initial Value: 0
            IO Voltage: 0
        PORT MAP (
            pa_out => \LCD:LCDPort(3)\__PA ,
            pad => \LCD:LCDPort(3)_PAD\ );
        Properties:
        {
        }

    Pin : Name = \LCD:LCDPort(4)\
        Attributes:
            In Group/Port: True
            In Sync Option: AUTO
            Out Sync Option: NOSYNC
            Interrupt generated: False
            Interrupt mode: NONE
            Drive mode: CMOS_OUT
            VTrip: EITHER
            Slew: FAST
            Input Sync needed: False
            Output Sync needed: False
            SC shield enabled: False
            POR State: ANY
            LCD Mode: COMMON
            Register Mode: RegComb
            CaSense Mode: NEITHER
            Treat as pin: False
            Is OE Registered: False
            Uses Analog: False
            Can contain Digital: True
            Is SIO: False
            SIO Output Buf: NONREGULATED
            SIO Input Buf: SINGLE_ENDED
            SIO HiFreq: LOW
            SIO Hyst: DISABLED
            SIO Vtrip: MULTIPLIER_0_5
            SIO RefSel: VCC_IO
            Required Capabilitites: DIGITAL
            Initial Value: 0
            IO Voltage: 0
        PORT MAP (
            pa_out => \LCD:LCDPort(4)\__PA ,
            pad => \LCD:LCDPort(4)_PAD\ );
        Properties:
        {
        }

    Pin : Name = \LCD:LCDPort(5)\
        Attributes:
            In Group/Port: True
            In Sync Option: AUTO
            Out Sync Option: NOSYNC
            Interrupt generated: False
            Interrupt mode: NONE
            Drive mode: CMOS_OUT
            VTrip: EITHER
            Slew: FAST
            Input Sync needed: False
            Output Sync needed: False
            SC shield enabled: False
            POR State: ANY
            LCD Mode: COMMON
            Register Mode: RegComb
            CaSense Mode: NEITHER
            Treat as pin: False
            Is OE Registered: False
            Uses Analog: False
            Can contain Digital: True
            Is SIO: False
            SIO Output Buf: NONREGULATED
            SIO Input Buf: SINGLE_ENDED
            SIO HiFreq: LOW
            SIO Hyst: DISABLED
            SIO Vtrip: MULTIPLIER_0_5
            SIO RefSel: VCC_IO
            Required Capabilitites: DIGITAL
            Initial Value: 0
            IO Voltage: 0
        PORT MAP (
            pa_out => \LCD:LCDPort(5)\__PA ,
            pad => \LCD:LCDPort(5)_PAD\ );
        Properties:
        {
        }

    Pin : Name = \LCD:LCDPort(6)\
        Attributes:
            In Group/Port: True
            In Sync Option: AUTO
            Out Sync Option: NOSYNC
            Interrupt generated: False
            Interrupt mode: NONE
            Drive mode: CMOS_OUT
            VTrip: EITHER
            Slew: FAST
            Input Sync needed: False
            Output Sync needed: False
            SC shield enabled: False
            POR State: ANY
            LCD Mode: COMMON
            Register Mode: RegComb
            CaSense Mode: NEITHER
            Treat as pin: False
            Is OE Registered: False
            Uses Analog: False
            Can contain Digital: True
            Is SIO: False
            SIO Output Buf: NONREGULATED
            SIO Input Buf: SINGLE_ENDED
            SIO HiFreq: LOW
            SIO Hyst: DISABLED
            SIO Vtrip: MULTIPLIER_0_5
            SIO RefSel: VCC_IO
            Required Capabilitites: DIGITAL
            Initial Value: 0
            IO Voltage: 0
        PORT MAP (
            pa_out => \LCD:LCDPort(6)\__PA ,
            pad => \LCD:LCDPort(6)_PAD\ );
        Properties:
        {
        }

    Pin : Name = \emFile:SPI0_CS(0)\
        Attributes:
            In Group/Port: True
            In Sync Option: AUTO
            Out Sync Option: NOSYNC
            Interrupt generated: False
            Interrupt mode: NONE
            Drive mode: CMOS_OUT
            VTrip: EITHER
            Slew: FAST
            Input Sync needed: False
            Output Sync needed: False
            SC shield enabled: False
            POR State: ANY
            LCD Mode: COMMON
            Register Mode: RegComb
            CaSense Mode: NEITHER
            Treat as pin: True
            Is OE Registered: False
            Uses Analog: False
            Can contain Digital: True
            Is SIO: False
            SIO Output Buf: NONREGULATED
            SIO Input Buf: SINGLE_ENDED
            SIO HiFreq: LOW
            SIO Hyst: DISABLED
            SIO Vtrip: MULTIPLIER_0_5
            SIO RefSel: VCC_IO
            Required Capabilitites: DIGITAL
            Initial Value: 0
            IO Voltage: 0
        PORT MAP (
            pa_out => \emFile:SPI0_CS(0)\__PA ,
            pad => \emFile:SPI0_CS(0)_PAD\ );
        Properties:
        {
        }

    Pin : Name = \emFile:miso0(0)\
        Attributes:
            In Group/Port: True
            In Sync Option: NOSYNC
            Out Sync Option: AUTO
            Interrupt generated: False
            Interrupt mode: NONE
            Drive mode: HI_Z_DIGITAL
            VTrip: CMOS
            Slew: FAST
            Input Sync needed: False
            Output Sync needed: False
            SC shield enabled: False
            POR State: ANY
            LCD Mode: COMMON
            Register Mode: RegComb
            CaSense Mode: NEITHER
            Treat as pin: True
            Is OE Registered: False
            Uses Analog: False
            Can contain Digital: True
            Is SIO: False
            SIO Output Buf: NONREGULATED
            SIO Input Buf: SINGLE_ENDED
            SIO HiFreq: LOW
            SIO Hyst: DISABLED
            SIO Vtrip: MULTIPLIER_0_5
            SIO RefSel: VCC_IO
            Required Capabilitites: DIGITAL, ROUTABLE
            Initial Value: 0
            IO Voltage: 0
        PORT MAP (
            pa_out => \emFile:miso0(0)\__PA ,
            fb => \emFile:Net_16\ ,
            pad => \emFile:miso0(0)_PAD\ );
        Properties:
        {
        }

    Pin : Name = \emFile:mosi0(0)\
        Attributes:
            In Group/Port: True
            In Sync Option: AUTO
            Out Sync Option: NOSYNC
            Interrupt generated: False
            Interrupt mode: NONE
            Drive mode: CMOS_OUT
            VTrip: EITHER
            Slew: FAST
            Input Sync needed: False
            Output Sync needed: False
            SC shield enabled: False
            POR State: ANY
            LCD Mode: COMMON
            Register Mode: RegComb
            CaSense Mode: NEITHER
            Treat as pin: True
            Is OE Registered: False
            Uses Analog: False
            Can contain Digital: True
            Is SIO: False
            SIO Output Buf: NONREGULATED
            SIO Input Buf: SINGLE_ENDED
            SIO HiFreq: LOW
            SIO Hyst: DISABLED
            SIO Vtrip: MULTIPLIER_0_5
            SIO RefSel: VCC_IO
            Required Capabilitites: DIGITAL, ROUTABLE
            Initial Value: 0
            IO Voltage: 0
        PORT MAP (
            pa_out => \emFile:mosi0(0)\__PA ,
            input => \emFile:Net_10\ ,
            pad => \emFile:mosi0(0)_PAD\ );
        Properties:
        {
        }

    Pin : Name = \emFile:sclk0(0)\
        Attributes:
            In Group/Port: True
            In Sync Option: AUTO
            Out Sync Option: NOSYNC
            Interrupt generated: False
            Interrupt mode: NONE
            Drive mode: CMOS_OUT
            VTrip: EITHER
            Slew: FAST
            Input Sync needed: False
            Output Sync needed: False
            SC shield enabled: False
            POR State: ANY
            LCD Mode: COMMON
            Register Mode: RegComb
            CaSense Mode: NEITHER
            Treat as pin: True
            Is OE Registered: False
            Uses Analog: False
            Can contain Digital: True
            Is SIO: False
            SIO Output Buf: NONREGULATED
            SIO Input Buf: SINGLE_ENDED
            SIO HiFreq: LOW
            SIO Hyst: DISABLED
            SIO Vtrip: MULTIPLIER_0_5
            SIO RefSel: VCC_IO
            Required Capabilitites: DIGITAL, ROUTABLE
            Initial Value: 0
            IO Voltage: 0
        PORT MAP (
            pa_out => \emFile:sclk0(0)\__PA ,
            input => \emFile:Net_22\ ,
            pad => \emFile:sclk0(0)_PAD\ );
        Properties:
        {
        }
    </CYPRESSTAG>
    <CYPRESSTAG name="Macrocell listing" icon="FILE_RPT_EQUATION">

    ------------------------------------------------------------
    Macrocell listing
    ------------------------------------------------------------

    MacroCell: Name=\emFile:Net_10\, Mode=(Combinatorial)
        Total # of inputs        : 5
        Total # of product terms : 3
            Clock Enable: True
        Main Equation            : 3 pterms
        (
              !\emFile:SPI0:BSPIM:state_2\ * !\emFile:Net_1\ * 
              \emFile:SPI0:BSPIM:mosi_hs_reg\
            + \emFile:SPI0:BSPIM:state_1\ * !\emFile:Net_1\ * 
              \emFile:SPI0:BSPIM:mosi_hs_reg\
            + !\emFile:SPI0:BSPIM:state_0\ * !\emFile:Net_1\ * 
              \emFile:SPI0:BSPIM:mosi_hs_reg\
        );
        Output = \emFile:Net_10\ (fanout=1)

    MacroCell: Name=\emFile:Net_1\, Mode=(D-Register)
        Total # of inputs        : 4
        Total # of product terms : 3
        List of special equations: 
            Clock  = (\emFile:Net_19\) => Global
            Clock Enable: True
        Main Equation            : 3 pterms
        !(
              !\emFile:SPI0:BSPIM:state_2\ * !\emFile:SPI0:BSPIM:state_1\ * 
              \emFile:SPI0:BSPIM:state_0\
            + \emFile:SPI0:BSPIM:state_2\ * !\emFile:SPI0:BSPIM:state_0\ * 
              !\emFile:Net_1\
            + \emFile:SPI0:BSPIM:state_1\ * !\emFile:Net_1\
        );
        Output = \emFile:Net_1\ (fanout=2)

    MacroCell: Name=\emFile:Net_22\, Mode=(D-Register)
        Total # of inputs        : 4
        Total # of product terms : 3
        List of special equations: 
            Clock  = (\emFile:Net_19\) => Global
            Clock Enable: True
        Main Equation            : 3 pterms
        (
              \emFile:SPI0:BSPIM:state_2\ * \emFile:SPI0:BSPIM:state_1\ * 
              \emFile:Net_22\
            + \emFile:SPI0:BSPIM:state_2\ * !\emFile:SPI0:BSPIM:state_0\
            + \emFile:SPI0:BSPIM:state_1\ * !\emFile:SPI0:BSPIM:state_0\
        );
        Output = \emFile:Net_22\ (fanout=2)

    MacroCell: Name=\emFile:SPI0:BSPIM:cnt_enable\, Mode=(T-Register)
        Total # of inputs        : 4
        Total # of product terms : 3
        List of special equations: 
            Clock  = (\emFile:Net_19\) => Global
            Clock Enable: True
        Main Equation            : 3 pterms
        (
              !\emFile:SPI0:BSPIM:state_2\ * !\emFile:SPI0:BSPIM:state_1\ * 
              !\emFile:SPI0:BSPIM:state_0\ * \emFile:SPI0:BSPIM:cnt_enable\
            + \emFile:SPI0:BSPIM:state_2\ * !\emFile:SPI0:BSPIM:state_1\ * 
              \emFile:SPI0:BSPIM:state_0\ * \emFile:SPI0:BSPIM:cnt_enable\
            + \emFile:SPI0:BSPIM:state_2\ * \emFile:SPI0:BSPIM:state_1\ * 
              !\emFile:SPI0:BSPIM:state_0\ * !\emFile:SPI0:BSPIM:cnt_enable\
        );
        Output = \emFile:SPI0:BSPIM:cnt_enable\ (fanout=2)

    MacroCell: Name=\emFile:SPI0:BSPIM:ld_ident\, Mode=(T-Register)
        Total # of inputs        : 9
        Total # of product terms : 2
        List of special equations: 
            Clock  = (\emFile:Net_19\) => Global
            Clock Enable: True
        Main Equation            : 2 pterms
        (
              !\emFile:SPI0:BSPIM:state_2\ * \emFile:SPI0:BSPIM:state_1\ * 
              !\emFile:SPI0:BSPIM:state_0\ * !\emFile:SPI0:BSPIM:count_4\ * 
              !\emFile:SPI0:BSPIM:count_3\ * !\emFile:SPI0:BSPIM:count_2\ * 
              !\emFile:SPI0:BSPIM:count_1\ * \emFile:SPI0:BSPIM:count_0\ * 
              \emFile:SPI0:BSPIM:ld_ident\
            + \emFile:SPI0:BSPIM:state_2\ * !\emFile:SPI0:BSPIM:state_1\ * 
              !\emFile:SPI0:BSPIM:state_0\ * !\emFile:SPI0:BSPIM:ld_ident\
        );
        Output = \emFile:SPI0:BSPIM:ld_ident\ (fanout=6)

    MacroCell: Name=\emFile:SPI0:BSPIM:load_cond\, Mode=(T-Register)
        Total # of inputs        : 9
        Total # of product terms : 4
        List of special equations: 
            Clock  = (\emFile:Net_19\) => Global
            Clock Enable: True
        Main Equation            : 4 pterms
        (
              !\emFile:SPI0:BSPIM:state_2\ * !\emFile:SPI0:BSPIM:count_4\ * 
              !\emFile:SPI0:BSPIM:count_3\ * !\emFile:SPI0:BSPIM:count_2\ * 
              !\emFile:SPI0:BSPIM:count_1\ * !\emFile:SPI0:BSPIM:count_0\ * 
              \emFile:SPI0:BSPIM:load_cond\
            + \emFile:SPI0:BSPIM:state_2\ * !\emFile:SPI0:BSPIM:state_1\ * 
              !\emFile:SPI0:BSPIM:state_0\ * !\emFile:SPI0:BSPIM:load_cond\
            + \emFile:SPI0:BSPIM:state_1\ * !\emFile:SPI0:BSPIM:count_4\ * 
              !\emFile:SPI0:BSPIM:count_3\ * !\emFile:SPI0:BSPIM:count_2\ * 
              !\emFile:SPI0:BSPIM:count_1\ * !\emFile:SPI0:BSPIM:count_0\ * 
              \emFile:SPI0:BSPIM:load_cond\
            + \emFile:SPI0:BSPIM:state_0\ * !\emFile:SPI0:BSPIM:count_4\ * 
              !\emFile:SPI0:BSPIM:count_3\ * !\emFile:SPI0:BSPIM:count_2\ * 
              !\emFile:SPI0:BSPIM:count_1\ * !\emFile:SPI0:BSPIM:count_0\ * 
              \emFile:SPI0:BSPIM:load_cond\
        );
        Output = \emFile:SPI0:BSPIM:load_cond\ (fanout=1)

    MacroCell: Name=\emFile:SPI0:BSPIM:load_rx_data\, Mode=(Combinatorial)
        Total # of inputs        : 5
        Total # of product terms : 1
            Clock Enable: True
        Main Equation            : 1 pterm
        (
              !\emFile:SPI0:BSPIM:count_4\ * !\emFile:SPI0:BSPIM:count_3\ * 
              !\emFile:SPI0:BSPIM:count_2\ * !\emFile:SPI0:BSPIM:count_1\ * 
              \emFile:SPI0:BSPIM:count_0\
        );
        Output = \emFile:SPI0:BSPIM:load_rx_data\ (fanout=2)

    MacroCell: Name=\emFile:SPI0:BSPIM:mosi_from_dp_reg\, Mode=(D-Register)
        Total # of inputs        : 1
        Total # of product terms : 1
        List of special equations: 
            Clock  = (\emFile:Net_19\) => Global
            Clock Enable: True
        Main Equation            : 1 pterm
        (
              \emFile:SPI0:BSPIM:mosi_from_dp\
        );
        Output = \emFile:SPI0:BSPIM:mosi_from_dp_reg\ (fanout=1)

    MacroCell: Name=\emFile:SPI0:BSPIM:mosi_hs_reg\, Mode=(D-Register)
        Total # of inputs        : 6
        Total # of product terms : 4
        List of special equations: 
            Clock  = (\emFile:Net_19\) => Global
            Clock Enable: True
        Main Equation            : 4 pterms
        (
              !\emFile:SPI0:BSPIM:state_2\ * \emFile:SPI0:BSPIM:state_1\ * 
              \emFile:SPI0:BSPIM:state_0\ * 
              \emFile:SPI0:BSPIM:mosi_from_dp_reg\
            + \emFile:SPI0:BSPIM:state_2\ * \emFile:SPI0:BSPIM:state_1\ * 
              \emFile:SPI0:BSPIM:state_0\ * \emFile:SPI0:BSPIM:mosi_from_dp\
            + !\emFile:SPI0:BSPIM:state_1\ * \emFile:SPI0:BSPIM:mosi_hs_reg\
            + !\emFile:SPI0:BSPIM:state_0\ * \emFile:SPI0:BSPIM:mosi_hs_reg\
        );
        Output = \emFile:SPI0:BSPIM:mosi_hs_reg\ (fanout=2)

    MacroCell: Name=\emFile:SPI0:BSPIM:mosi_pre_reg\, Mode=(D-Register)
        Total # of inputs        : 2
        Total # of product terms : 1
        List of special equations: 
            Clock  = (\emFile:Net_19\) => Global
            Clock Enable: True
        Main Equation            : 1 pterm
        !(
              !\emFile:SPI0:BSPIM:mosi_pre_reg_split\ * 
              !\emFile:SPI0:BSPIM:mosi_pre_reg_split_1\
        );
        Output = \emFile:SPI0:BSPIM:mosi_pre_reg\ (fanout=2)

    MacroCell: Name=\emFile:SPI0:BSPIM:mosi_pre_reg_split\, Mode=(Combinatorial)
        Total # of inputs        : 11
        Total # of product terms : 8
            Clock Enable: True
        Main Equation            : 8 pterms
        (
              !\emFile:SPI0:BSPIM:state_2\ * \emFile:SPI0:BSPIM:state_1\ * 
              !\emFile:SPI0:BSPIM:state_0\ * \emFile:SPI0:BSPIM:mosi_from_dp\ * 
              \emFile:SPI0:BSPIM:count_4\
            + !\emFile:SPI0:BSPIM:state_2\ * \emFile:SPI0:BSPIM:state_1\ * 
              !\emFile:SPI0:BSPIM:state_0\ * \emFile:SPI0:BSPIM:mosi_from_dp\ * 
              \emFile:SPI0:BSPIM:count_3\
            + !\emFile:SPI0:BSPIM:state_2\ * \emFile:SPI0:BSPIM:state_1\ * 
              !\emFile:SPI0:BSPIM:state_0\ * \emFile:SPI0:BSPIM:mosi_from_dp\ * 
              \emFile:SPI0:BSPIM:count_2\
            + !\emFile:SPI0:BSPIM:state_2\ * \emFile:SPI0:BSPIM:state_1\ * 
              !\emFile:SPI0:BSPIM:state_0\ * \emFile:SPI0:BSPIM:mosi_from_dp\ * 
              \emFile:SPI0:BSPIM:count_1\
            + !\emFile:SPI0:BSPIM:state_2\ * \emFile:SPI0:BSPIM:state_1\ * 
              !\emFile:SPI0:BSPIM:state_0\ * \emFile:SPI0:BSPIM:mosi_from_dp\ * 
              !\emFile:SPI0:BSPIM:count_0\
            + \emFile:SPI0:BSPIM:state_2\ * \emFile:SPI0:BSPIM:state_1\ * 
              !\emFile:SPI0:BSPIM:state_0\ * \emFile:SPI0:BSPIM:mosi_pre_reg\
            + \emFile:SPI0:BSPIM:state_1\ * !\emFile:SPI0:BSPIM:state_0\ * 
              !\emFile:SPI0:BSPIM:count_4\ * !\emFile:SPI0:BSPIM:count_3\ * 
              !\emFile:SPI0:BSPIM:count_2\ * !\emFile:SPI0:BSPIM:count_1\ * 
              \emFile:SPI0:BSPIM:count_0\ * \emFile:SPI0:BSPIM:mosi_pre_reg\
            + \emFile:SPI0:BSPIM:state_1\ * \emFile:SPI0:BSPIM:state_0\ * 
              \emFile:SPI0:BSPIM:mosi_from_dp\ * !\emFile:SPI0:BSPIM:count_4\ * 
              !\emFile:SPI0:BSPIM:count_3\ * !\emFile:SPI0:BSPIM:count_2\ * 
              !\emFile:SPI0:BSPIM:count_1\ * !\emFile:SPI0:BSPIM:count_0\ * 
              !\emFile:SPI0:BSPIM:ld_ident\
        );
        Output = \emFile:SPI0:BSPIM:mosi_pre_reg_split\ (fanout=1)

    MacroCell: Name=\emFile:SPI0:BSPIM:mosi_pre_reg_split_1\, Mode=(Combinatorial)
        Total # of inputs        : 10
        Total # of product terms : 6
            Clock Enable: True
        Main Equation            : 6 pterms
        !(
              !\emFile:SPI0:BSPIM:state_2\ * \emFile:SPI0:BSPIM:state_1\ * 
              !\emFile:SPI0:BSPIM:count_4\ * !\emFile:SPI0:BSPIM:count_3\ * 
              !\emFile:SPI0:BSPIM:count_2\ * !\emFile:SPI0:BSPIM:count_0\ * 
              !\emFile:SPI0:BSPIM:ld_ident\
            + !\emFile:SPI0:BSPIM:state_2\ * !\emFile:SPI0:BSPIM:state_0\
            + !\emFile:SPI0:BSPIM:state_2\ * 
              !\emFile:SPI0:BSPIM:mosi_pre_reg\
            + \emFile:SPI0:BSPIM:state_2\ * !\emFile:SPI0:BSPIM:state_1\ * 
              \emFile:SPI0:BSPIM:state_0\
            + \emFile:SPI0:BSPIM:state_2\ * !\emFile:SPI0:BSPIM:mosi_from_dp\
            + \emFile:SPI0:BSPIM:state_1\ * !\emFile:SPI0:BSPIM:state_0\
        );
        Output = \emFile:SPI0:BSPIM:mosi_pre_reg_split_1\ (fanout=1)

    MacroCell: Name=\emFile:SPI0:BSPIM:rx_status_6\, Mode=(Combinatorial)
        Total # of inputs        : 6
        Total # of product terms : 1
            Clock Enable: True
        Main Equation            : 1 pterm
        (
              !\emFile:SPI0:BSPIM:count_4\ * !\emFile:SPI0:BSPIM:count_3\ * 
              !\emFile:SPI0:BSPIM:count_2\ * !\emFile:SPI0:BSPIM:count_1\ * 
              \emFile:SPI0:BSPIM:count_0\ * \emFile:SPI0:BSPIM:rx_status_4\
        );
        Output = \emFile:SPI0:BSPIM:rx_status_6\ (fanout=1)

    MacroCell: Name=\emFile:SPI0:BSPIM:state_0\, Mode=(T-Register)
        Total # of inputs        : 10
        Total # of product terms : 3
        List of special equations: 
            Clock  = (\emFile:Net_19\) => Global
            Clock Enable: True
        Main Equation            : 3 pterms
        !(
              !\emFile:SPI0:BSPIM:state_2\ * !\emFile:SPI0:BSPIM:state_1\ * 
              \emFile:SPI0:BSPIM:state_0\
            + !\emFile:SPI0:BSPIM:state_2\ * !\emFile:SPI0:BSPIM:state_1\ * 
              \emFile:SPI0:BSPIM:tx_status_1\
            + !\emFile:SPI0:BSPIM:state_2\ * \emFile:SPI0:BSPIM:state_0\ * 
              !\emFile:SPI0:BSPIM:count_4\ * !\emFile:SPI0:BSPIM:count_3\ * 
              !\emFile:SPI0:BSPIM:count_2\ * \emFile:SPI0:BSPIM:count_1\ * 
              !\emFile:SPI0:BSPIM:count_0\ * !\emFile:SPI0:BSPIM:ld_ident\
        );
        Output = \emFile:SPI0:BSPIM:state_0\ (fanout=15)

    MacroCell: Name=\emFile:SPI0:BSPIM:state_1\, Mode=(D-Register)
        Total # of inputs        : 10
        Total # of product terms : 4
        List of special equations: 
            Clock  = (\emFile:Net_19\) => Global
            Clock Enable: True
        Main Equation            : 4 pterms
        !(
              !\emFile:SPI0:BSPIM:state_2\ * !\emFile:SPI0:BSPIM:state_1\ * 
              !\emFile:SPI0:BSPIM:state_0\
            + !\emFile:SPI0:BSPIM:state_2\ * \emFile:SPI0:BSPIM:state_1\ * 
              \emFile:SPI0:BSPIM:state_0\ * !\emFile:SPI0:BSPIM:count_4\ * 
              !\emFile:SPI0:BSPIM:count_3\ * !\emFile:SPI0:BSPIM:count_2\ * 
              \emFile:SPI0:BSPIM:count_1\ * !\emFile:SPI0:BSPIM:count_0\ * 
              !\emFile:SPI0:BSPIM:ld_ident\
            + !\emFile:SPI0:BSPIM:state_2\ * \emFile:SPI0:BSPIM:state_1\ * 
              \emFile:SPI0:BSPIM:state_0\ * !\emFile:SPI0:BSPIM:count_4\ * 
              !\emFile:SPI0:BSPIM:count_3\ * \emFile:SPI0:BSPIM:count_2\ * 
              \emFile:SPI0:BSPIM:count_1\ * !\emFile:SPI0:BSPIM:count_0\ * 
              !\emFile:SPI0:BSPIM:tx_status_1\
            + \emFile:SPI0:BSPIM:state_2\ * !\emFile:SPI0:BSPIM:state_1\ * 
              \emFile:SPI0:BSPIM:state_0\
        );
        Output = \emFile:SPI0:BSPIM:state_1\ (fanout=15)

    MacroCell: Name=\emFile:SPI0:BSPIM:state_2\, Mode=(D-Register)
        Total # of inputs        : 10
        Total # of product terms : 4
        List of special equations: 
            Clock  = (\emFile:Net_19\) => Global
            Clock Enable: True
        Main Equation            : 4 pterms
        (
              !\emFile:SPI0:BSPIM:state_2\ * !\emFile:SPI0:BSPIM:state_1\ * 
              \emFile:SPI0:BSPIM:state_0\
            + \emFile:SPI0:BSPIM:state_2\ * \emFile:SPI0:BSPIM:state_1\ * 
              \emFile:SPI0:BSPIM:state_0\
            + \emFile:SPI0:BSPIM:state_1\ * \emFile:SPI0:BSPIM:state_0\ * 
              !\emFile:SPI0:BSPIM:count_4\ * !\emFile:SPI0:BSPIM:count_3\ * 
              !\emFile:SPI0:BSPIM:count_2\ * \emFile:SPI0:BSPIM:count_1\ * 
              !\emFile:SPI0:BSPIM:count_0\ * !\emFile:SPI0:BSPIM:ld_ident\
            + \emFile:SPI0:BSPIM:state_1\ * \emFile:SPI0:BSPIM:state_0\ * 
              !\emFile:SPI0:BSPIM:count_4\ * !\emFile:SPI0:BSPIM:count_3\ * 
              \emFile:SPI0:BSPIM:count_2\ * \emFile:SPI0:BSPIM:count_1\ * 
              !\emFile:SPI0:BSPIM:count_0\ * !\emFile:SPI0:BSPIM:tx_status_1\
        );
        Output = \emFile:SPI0:BSPIM:state_2\ (fanout=15)

    MacroCell: Name=\emFile:SPI0:BSPIM:tx_status_0\, Mode=(Combinatorial)
        Total # of inputs        : 3
        Total # of product terms : 1
            Clock Enable: True
        Main Equation            : 1 pterm
        (
              \emFile:SPI0:BSPIM:state_2\ * !\emFile:SPI0:BSPIM:state_1\ * 
              \emFile:SPI0:BSPIM:state_0\
        );
        Output = \emFile:SPI0:BSPIM:tx_status_0\ (fanout=1)

    MacroCell: Name=\emFile:SPI0:BSPIM:tx_status_4\, Mode=(Combinatorial)
        Total # of inputs        : 3
        Total # of product terms : 1
            Clock Enable: True
        Main Equation            : 1 pterm
        (
              !\emFile:SPI0:BSPIM:state_2\ * !\emFile:SPI0:BSPIM:state_1\ * 
              !\emFile:SPI0:BSPIM:state_0\
        );
        Output = \emFile:SPI0:BSPIM:tx_status_4\ (fanout=1)
    </CYPRESSTAG>
    <CYPRESSTAG name="Datapath listing">

    ------------------------------------------------------------
    Datapath listing
    ------------------------------------------------------------

    datapathcell: Name =\emFile:SPI0:BSPIM:sR8:Dp:u0\
        PORT MAP (
            clock => \emFile:Net_19\ ,
            cs_addr_2 => \emFile:SPI0:BSPIM:state_2\ ,
            cs_addr_1 => \emFile:SPI0:BSPIM:state_1\ ,
            cs_addr_0 => \emFile:SPI0:BSPIM:state_0\ ,
            route_si => \emFile:Net_16\ ,
            f1_load => \emFile:SPI0:BSPIM:load_rx_data\ ,
            so_comb => \emFile:SPI0:BSPIM:mosi_from_dp\ ,
            f0_bus_stat_comb => \emFile:SPI0:BSPIM:tx_status_2\ ,
            f0_blk_stat_comb => \emFile:SPI0:BSPIM:tx_status_1\ ,
            f1_bus_stat_comb => \emFile:SPI0:BSPIM:rx_status_5\ ,
            f1_blk_stat_comb => \emFile:SPI0:BSPIM:rx_status_4\ );
        Properties:
        {
            a0_init = "00000000"
            a1_init = "00000000"
            ce0_sync = 1
            ce1_sync = 1
            cl0_sync = 1
            cl1_sync = 1
            cmsb_sync = 1
            co_msb_sync = 1
            cy_dpconfig = "0000000000000000000000001100000000000001010000000001000100010000000000011100000000010001000000000000000101000000000000010100000011111111000000001111111111111111000000000010001000001000111100000000000000000100"
            d0_init = "00000000"
            d1_init = "00000000"
            f0_blk_sync = 1
            f0_bus_sync = 1
            f1_blk_sync = 1
            f1_bus_sync = 1
            ff0_sync = 1
            ff1_sync = 1
            ov_msb_sync = 1
            so_sync = 1
            z0_sync = 1
            z1_sync = 1
        }
        Clock Polarity: Active High
        Clock Enable: True
    </CYPRESSTAG>
    <CYPRESSTAG name="Status register listing">
    </CYPRESSTAG>
    <CYPRESSTAG name="StatusI register listing">

    ------------------------------------------------------------
    StatusI register listing
    ------------------------------------------------------------

    statusicell: Name =\emFile:SPI0:BSPIM:RxStsReg\
        PORT MAP (
            clock => \emFile:Net_19\ ,
            status_6 => \emFile:SPI0:BSPIM:rx_status_6\ ,
            status_5 => \emFile:SPI0:BSPIM:rx_status_5\ ,
            status_4 => \emFile:SPI0:BSPIM:rx_status_4\ );
        Properties:
        {
            cy_force_order = 1
            cy_int_mask = "0000000"
            cy_md_select = "1000000"
        }
        Clock Polarity: Active High
        Clock Enable: True

    statusicell: Name =\emFile:SPI0:BSPIM:TxStsReg\
        PORT MAP (
            clock => \emFile:Net_19\ ,
            status_4 => \emFile:SPI0:BSPIM:tx_status_4\ ,
            status_3 => \emFile:SPI0:BSPIM:load_rx_data\ ,
            status_2 => \emFile:SPI0:BSPIM:tx_status_2\ ,
            status_1 => \emFile:SPI0:BSPIM:tx_status_1\ ,
            status_0 => \emFile:SPI0:BSPIM:tx_status_0\ );
        Properties:
        {
            cy_force_order = 1
            cy_int_mask = "0000000"
            cy_md_select = "0001001"
        }
        Clock Polarity: Active High
        Clock Enable: True
    </CYPRESSTAG>
    <CYPRESSTAG name="Sync listing">
    </CYPRESSTAG>
    <CYPRESSTAG name="Control register listing">
    </CYPRESSTAG>
    <CYPRESSTAG name="Count7 listing">

    ------------------------------------------------------------
    Count7 listing
    ------------------------------------------------------------

    count7cell: Name =\emFile:SPI0:BSPIM:BitCounter\
        PORT MAP (
            clock => \emFile:Net_19\ ,
            enable => \emFile:SPI0:BSPIM:cnt_enable\ ,
            count_6 => \emFile:SPI0:BSPIM:count_6\ ,
            count_5 => \emFile:SPI0:BSPIM:count_5\ ,
            count_4 => \emFile:SPI0:BSPIM:count_4\ ,
            count_3 => \emFile:SPI0:BSPIM:count_3\ ,
            count_2 => \emFile:SPI0:BSPIM:count_2\ ,
            count_1 => \emFile:SPI0:BSPIM:count_1\ ,
            count_0 => \emFile:SPI0:BSPIM:count_0\ ,
            tc => \emFile:SPI0:BSPIM:cnt_tc\ );
        Properties:
        {
            cy_alt_mode = 0
            cy_init_value = "0000000"
            cy_period = "0001111"
            cy_route_en = 1
            cy_route_ld = 0
        }
        Clock Polarity: Active High
        Clock Enable: True
    </CYPRESSTAG>
    <CYPRESSTAG name="DRQ listing">
    </CYPRESSTAG>
    <CYPRESSTAG name="Interrupt listing">
    </CYPRESSTAG>
</CYPRESSTAG>
<CYPRESSTAG name="Technology mapping summary" expanded>

------------------------------------------------------------
Technology mapping summary
------------------------------------------------------------

Resource Type                 : Used : Free :  Max :  % Used
============================================================
Digital clock dividers        :    1 :    7 :    8 :  12.50%
Analog clock dividers         :    0 :    4 :    4 :   0.00%
Pins                          :   16 :   56 :   72 :  22.22%
UDB Macrocells                :   18 :  174 :  192 :   9.38%
UDB Unique Pterms             :   47 :  337 :  384 :  12.24%
UDB Total Pterms              :   53 :      :      : 
UDB Datapath Cells            :    1 :   23 :   24 :   4.17%
UDB Status Cells              :    3 :   21 :   24 :  12.50%
            StatusI Registers :    2 
    Routed Count7 Load/Enable :    1 
UDB Control Cells             :    1 :   23 :   24 :   4.17%
                 Count7 Cells :    1 
DMA Channels                  :    0 :   24 :   24 :   0.00%
Interrupts                    :    0 :   32 :   32 :   0.00%
DSM Fixed Blocks              :    0 :    1 :    1 :   0.00%
VIDAC Fixed Blocks            :    0 :    4 :    4 :   0.00%
SC Fixed Blocks               :    0 :    4 :    4 :   0.00%
Comparator Fixed Blocks       :    0 :    4 :    4 :   0.00%
Opamp Fixed Blocks            :    0 :    4 :    4 :   0.00%
CapSense Buffers              :    0 :    2 :    2 :   0.00%
CAN Fixed Blocks              :    0 :    1 :    1 :   0.00%
Decimator Fixed Blocks        :    0 :    1 :    1 :   0.00%
I2C Fixed Blocks              :    0 :    1 :    1 :   0.00%
Timer Fixed Blocks            :    0 :    4 :    4 :   0.00%
DFB Fixed Blocks              :    0 :    1 :    1 :   0.00%
USB Fixed Blocks              :    0 :    1 :    1 :   0.00%
LCD Fixed Blocks              :    0 :    1 :    1 :   0.00%
EMIF Fixed Blocks             :    0 :    1 :    1 :   0.00%
LPF Fixed Blocks              :    0 :    2 :    2 :   0.00%
SAR Fixed Blocks              :    0 :    2 :    2 :   0.00%
</CYPRESSTAG>
Technology Mapping: Elapsed time ==> 0s.720ms
Tech mapping phase: Elapsed time ==> 0s.900ms
</CYPRESSTAG>
<CYPRESSTAG name="Analog Placement">
Initial Analog Placement Results:
IO_0@[IOP=(2)][IoId=(0)] : \LCD:LCDPort(0)\ (fixed)
IO_1@[IOP=(2)][IoId=(1)] : \LCD:LCDPort(1)\ (fixed)
IO_2@[IOP=(2)][IoId=(2)] : \LCD:LCDPort(2)\ (fixed)
IO_3@[IOP=(2)][IoId=(3)] : \LCD:LCDPort(3)\ (fixed)
IO_4@[IOP=(2)][IoId=(4)] : \LCD:LCDPort(4)\ (fixed)
IO_5@[IOP=(2)][IoId=(5)] : \LCD:LCDPort(5)\ (fixed)
IO_6@[IOP=(2)][IoId=(6)] : \LCD:LCDPort(6)\ (fixed)
IO_6@[IOP=(5)][IoId=(6)] : \emFile:SPI0_CS(0)\ (fixed)
IO_0@[IOP=(5)][IoId=(0)] : \emFile:miso0(0)\ (fixed)
IO_4@[IOP=(5)][IoId=(4)] : \emFile:mosi0(0)\ (fixed)
IO_2@[IOP=(5)][IoId=(2)] : \emFile:sclk0(0)\ (fixed)
Analog Placement phase: Elapsed time ==> 0s.080ms
</CYPRESSTAG>
<CYPRESSTAG name="Analog Routing">
Analog Routing phase: Elapsed time ==> 0s.000ms
</CYPRESSTAG>
<CYPRESSTAG name="Analog Code Generation">
============ Analog Final Answer Routes ============
Dump of CyAnalogRoutingResultsDB
Map of net to items {
}
Map of item to net {
}
Mux Info {
}
Dump of CyP35AnalogRoutingResultsDB
IsVddaHalfUsedForComp = False
IsVddaHalfUsedForSar0 = False
IsVddaHalfUsedForSar1 = False
Analog Code Generation phase: Elapsed time ==> 0s.530ms
</CYPRESSTAG>
<CYPRESSTAG name="Digital Placement">
<CYPRESSTAG name="Detailed placement messages">
I2076: Total run-time: 1.0 sec.

</CYPRESSTAG>
<CYPRESSTAG name="PLD Packing">
<CYPRESSTAG name="PLD Packing Summary" expanded>

------------------------------------------------------------
PLD Packing Summary
------------------------------------------------------------
            Resource Type : Used : Free :  Max :  % Used
    ====================================================
                     PLDs :    7 :   41 :   48 :  14.58%

<CYPRESSTAG name="PLD Statistics">

        PLD Resource Type :     Average/LAB
    =======================================
                   Inputs :            9.43
                   Pterms :            7.29
               Macrocells :            2.57
</CYPRESSTAG>
<CYPRESSTAG name="Packed PLD Contents">
Packed PLD Contents not displayed at this verbose level.</CYPRESSTAG>
</CYPRESSTAG>
PLD Packing: Elapsed time ==> 0s.000ms
</CYPRESSTAG>
<CYPRESSTAG name="Partitioning">
<CYPRESSTAG name="Initial Partitioning Summary">
Initial Partitioning Summary not displayed at this verbose level.</CYPRESSTAG>
<CYPRESSTAG name="Final Partitioning Summary">
Final Partitioning Summary not displayed at this verbose level.</CYPRESSTAG>
Partitioning: Elapsed time ==> 0s.030ms
</CYPRESSTAG>
<CYPRESSTAG name="Simulated Annealing">
Annealing: Elapsed time ==> 0s.000ms
<CYPRESSTAG name="Simulated Annealing Results">
The seed used for moves was 114161200.
Inital cost was 103, final cost is 103 (0.00% improvement).</CYPRESSTAG>
</CYPRESSTAG>
<CYPRESSTAG name="Final Placement Summary">

------------------------------------------------------------
Final Placement Summary
------------------------------------------------------------

       Resource Type :      Count : Avg Inputs : Avg Outputs
    ========================================================
                 UDB :          4 :      13.00 :       4.50
<CYPRESSTAG name="Final Placement Details">
<CYPRESSTAG name="Component Details">

------------------------------------------------------------
Component Placement Details
------------------------------------------------------------
UDB [UDB=(0,0)] contents:
LAB@[UDB=(0,0)][LB=0] #macrocells=2, #inputs=5, #pterms=6
{
    [McSlotId=0]:     MacroCell: Name=\emFile:Net_22\, Mode=(D-Register) @ [UDB=(0,0)][LB=0][MC=0]
        Total # of inputs        : 4
        Total # of product terms : 3
        List of special equations: 
            Clock  = (\emFile:Net_19\) => Global
            Clock Enable: True
        Main Equation            : 3 pterms
        (
              \emFile:SPI0:BSPIM:state_2\ * \emFile:SPI0:BSPIM:state_1\ * 
              \emFile:Net_22\
            + \emFile:SPI0:BSPIM:state_2\ * !\emFile:SPI0:BSPIM:state_0\
            + \emFile:SPI0:BSPIM:state_1\ * !\emFile:SPI0:BSPIM:state_0\
        );
        Output = \emFile:Net_22\ (fanout=2)
        Properties               : 
        {
        }

    [McSlotId=1]:     MacroCell: Name=\emFile:SPI0:BSPIM:cnt_enable\, Mode=(T-Register) @ [UDB=(0,0)][LB=0][MC=1]
        Total # of inputs        : 4
        Total # of product terms : 3
        List of special equations: 
            Clock  = (\emFile:Net_19\) => Global
            Clock Enable: True
        Main Equation            : 3 pterms
        (
              !\emFile:SPI0:BSPIM:state_2\ * !\emFile:SPI0:BSPIM:state_1\ * 
              !\emFile:SPI0:BSPIM:state_0\ * \emFile:SPI0:BSPIM:cnt_enable\
            + \emFile:SPI0:BSPIM:state_2\ * !\emFile:SPI0:BSPIM:state_1\ * 
              \emFile:SPI0:BSPIM:state_0\ * \emFile:SPI0:BSPIM:cnt_enable\
            + \emFile:SPI0:BSPIM:state_2\ * \emFile:SPI0:BSPIM:state_1\ * 
              !\emFile:SPI0:BSPIM:state_0\ * !\emFile:SPI0:BSPIM:cnt_enable\
        );
        Output = \emFile:SPI0:BSPIM:cnt_enable\ (fanout=3)
        Properties               : 
        {
        }

    [McSlotId=2]: (empty)
    [McSlotId=3]: (empty)
}

LAB@[UDB=(0,0)][LB=1] #macrocells=4, #inputs=12, #pterms=7
{
    [McSlotId=0]:     MacroCell: Name=\emFile:SPI0:BSPIM:rx_status_6\, Mode=(Combinatorial) @ [UDB=(0,0)][LB=1][MC=0]
        Total # of inputs        : 6
        Total # of product terms : 1
            Clock Enable: True
        Main Equation            : 1 pterm
        (
              !\emFile:SPI0:BSPIM:count_4\ * !\emFile:SPI0:BSPIM:count_3\ * 
              !\emFile:SPI0:BSPIM:count_2\ * !\emFile:SPI0:BSPIM:count_1\ * 
              \emFile:SPI0:BSPIM:count_0\ * \emFile:SPI0:BSPIM:rx_status_4\
        );
        Output = \emFile:SPI0:BSPIM:rx_status_6\ (fanout=1)
        Properties               : 
        {
        }

    [McSlotId=1]:     MacroCell: Name=\emFile:SPI0:BSPIM:load_rx_data\, Mode=(Combinatorial) @ [UDB=(0,0)][LB=1][MC=1]
        Total # of inputs        : 5
        Total # of product terms : 1
            Clock Enable: True
        Main Equation            : 1 pterm
        (
              !\emFile:SPI0:BSPIM:count_4\ * !\emFile:SPI0:BSPIM:count_3\ * 
              !\emFile:SPI0:BSPIM:count_2\ * !\emFile:SPI0:BSPIM:count_1\ * 
              \emFile:SPI0:BSPIM:count_0\
        );
        Output = \emFile:SPI0:BSPIM:load_rx_data\ (fanout=2)
        Properties               : 
        {
        }

    [McSlotId=2]:     MacroCell: Name=\emFile:SPI0:BSPIM:mosi_hs_reg\, Mode=(D-Register) @ [UDB=(0,0)][LB=1][MC=2]
        Total # of inputs        : 6
        Total # of product terms : 4
        List of special equations: 
            Clock  = (\emFile:Net_19\) => Global
            Clock Enable: True
        Main Equation            : 4 pterms
        (
              !\emFile:SPI0:BSPIM:state_2\ * \emFile:SPI0:BSPIM:state_1\ * 
              \emFile:SPI0:BSPIM:state_0\ * 
              \emFile:SPI0:BSPIM:mosi_from_dp_reg\
            + \emFile:SPI0:BSPIM:state_2\ * \emFile:SPI0:BSPIM:state_1\ * 
              \emFile:SPI0:BSPIM:state_0\ * \emFile:SPI0:BSPIM:mosi_from_dp\
            + !\emFile:SPI0:BSPIM:state_1\ * \emFile:SPI0:BSPIM:mosi_hs_reg\
            + !\emFile:SPI0:BSPIM:state_0\ * \emFile:SPI0:BSPIM:mosi_hs_reg\
        );
        Output = \emFile:SPI0:BSPIM:mosi_hs_reg\ (fanout=2)
        Properties               : 
        {
        }

    [McSlotId=3]:     MacroCell: Name=\emFile:SPI0:BSPIM:mosi_from_dp_reg\, Mode=(D-Register) @ [UDB=(0,0)][LB=1][MC=3]
        Total # of inputs        : 1
        Total # of product terms : 1
        List of special equations: 
            Clock  = (\emFile:Net_19\) => Global
            Clock Enable: True
        Main Equation            : 1 pterm
        (
              \emFile:SPI0:BSPIM:mosi_from_dp\
        );
        Output = \emFile:SPI0:BSPIM:mosi_from_dp_reg\ (fanout=1)
        Properties               : 
        {
        }
}

datapathcell: Name =\emFile:SPI0:BSPIM:sR8:Dp:u0\
    PORT MAP (
        clock => \emFile:Net_19\ ,
        cs_addr_2 => \emFile:SPI0:BSPIM:state_2\ ,
        cs_addr_1 => \emFile:SPI0:BSPIM:state_1\ ,
        cs_addr_0 => \emFile:SPI0:BSPIM:state_0\ ,
        route_si => \emFile:Net_16\ ,
        f1_load => \emFile:SPI0:BSPIM:load_rx_data\ ,
        so_comb => \emFile:SPI0:BSPIM:mosi_from_dp\ ,
        f0_bus_stat_comb => \emFile:SPI0:BSPIM:tx_status_2\ ,
        f0_blk_stat_comb => \emFile:SPI0:BSPIM:tx_status_1\ ,
        f1_bus_stat_comb => \emFile:SPI0:BSPIM:rx_status_5\ ,
        f1_blk_stat_comb => \emFile:SPI0:BSPIM:rx_status_4\ );
    Properties:
    {
        a0_init = "00000000"
        a1_init = "00000000"
        ce0_sync = 1
        ce1_sync = 1
        cl0_sync = 1
        cl1_sync = 1
        cmsb_sync = 1
        co_msb_sync = 1
        cy_dpconfig = "0000000000000000000000001100000000000001010000000001000100010000000000011100000000010001000000000000000101000000000000010100000011111111000000001111111111111111000000000010001000001000111100000000000000000100"
        d0_init = "00000000"
        d1_init = "00000000"
        f0_blk_sync = 1
        f0_bus_sync = 1
        f1_blk_sync = 1
        f1_bus_sync = 1
        ff0_sync = 1
        ff1_sync = 1
        ov_msb_sync = 1
        so_sync = 1
        z0_sync = 1
        z1_sync = 1
    }
    Clock Polarity: Active High
    Clock Enable: True

statusicell: Name =\emFile:SPI0:BSPIM:RxStsReg\
    PORT MAP (
        clock => \emFile:Net_19\ ,
        status_6 => \emFile:SPI0:BSPIM:rx_status_6\ ,
        status_5 => \emFile:SPI0:BSPIM:rx_status_5\ ,
        status_4 => \emFile:SPI0:BSPIM:rx_status_4\ );
    Properties:
    {
        cy_force_order = 1
        cy_int_mask = "0000000"
        cy_md_select = "1000000"
    }
    Clock Polarity: Active High
    Clock Enable: True

UDB [UDB=(0,1)] contents:
LAB@[UDB=(0,1)][LB=0] #macrocells=3, #inputs=5, #pterms=7
{
    [McSlotId=0]:     MacroCell: Name=\emFile:Net_10\, Mode=(Combinatorial) @ [UDB=(0,1)][LB=0][MC=0]
        Total # of inputs        : 5
        Total # of product terms : 3
            Clock Enable: True
        Main Equation            : 3 pterms
        (
              !\emFile:SPI0:BSPIM:state_2\ * !\emFile:Net_1\ * 
              \emFile:SPI0:BSPIM:mosi_hs_reg\
            + \emFile:SPI0:BSPIM:state_1\ * !\emFile:Net_1\ * 
              \emFile:SPI0:BSPIM:mosi_hs_reg\
            + !\emFile:SPI0:BSPIM:state_0\ * !\emFile:Net_1\ * 
              \emFile:SPI0:BSPIM:mosi_hs_reg\
        );
        Output = \emFile:Net_10\ (fanout=1)
        Properties               : 
        {
        }

    [McSlotId=1]:     MacroCell: Name=\emFile:Net_1\, Mode=(D-Register) @ [UDB=(0,1)][LB=0][MC=1]
        Total # of inputs        : 4
        Total # of product terms : 3
        List of special equations: 
            Clock  = (\emFile:Net_19\) => Global
            Clock Enable: True
        Main Equation            : 3 pterms
        !(
              !\emFile:SPI0:BSPIM:state_2\ * !\emFile:SPI0:BSPIM:state_1\ * 
              \emFile:SPI0:BSPIM:state_0\
            + \emFile:SPI0:BSPIM:state_2\ * !\emFile:SPI0:BSPIM:state_0\ * 
              !\emFile:Net_1\
            + \emFile:SPI0:BSPIM:state_1\ * !\emFile:Net_1\
        );
        Output = \emFile:Net_1\ (fanout=2)
        Properties               : 
        {
        }

    [McSlotId=2]: (empty)
    [McSlotId=3]:     MacroCell: Name=\emFile:SPI0:BSPIM:tx_status_4\, Mode=(Combinatorial) @ [UDB=(0,1)][LB=0][MC=3]
        Total # of inputs        : 3
        Total # of product terms : 1
            Clock Enable: True
        Main Equation            : 1 pterm
        (
              !\emFile:SPI0:BSPIM:state_2\ * !\emFile:SPI0:BSPIM:state_1\ * 
              !\emFile:SPI0:BSPIM:state_0\
        );
        Output = \emFile:SPI0:BSPIM:tx_status_4\ (fanout=1)
        Properties               : 
        {
        }
}

LAB@[UDB=(0,1)][LB=1] #macrocells=3, #inputs=11, #pterms=8
{
    [McSlotId=0]:     MacroCell: Name=\emFile:SPI0:BSPIM:state_1\, Mode=(D-Register) @ [UDB=(0,1)][LB=1][MC=0]
        Total # of inputs        : 10
        Total # of product terms : 4
        List of special equations: 
            Clock  = (\emFile:Net_19\) => Global
            Clock Enable: True
        Main Equation            : 4 pterms
        !(
              !\emFile:SPI0:BSPIM:state_2\ * !\emFile:SPI0:BSPIM:state_1\ * 
              !\emFile:SPI0:BSPIM:state_0\
            + !\emFile:SPI0:BSPIM:state_2\ * \emFile:SPI0:BSPIM:state_1\ * 
              \emFile:SPI0:BSPIM:state_0\ * !\emFile:SPI0:BSPIM:count_4\ * 
              !\emFile:SPI0:BSPIM:count_3\ * !\emFile:SPI0:BSPIM:count_2\ * 
              \emFile:SPI0:BSPIM:count_1\ * !\emFile:SPI0:BSPIM:count_0\ * 
              !\emFile:SPI0:BSPIM:ld_ident\
            + !\emFile:SPI0:BSPIM:state_2\ * \emFile:SPI0:BSPIM:state_1\ * 
              \emFile:SPI0:BSPIM:state_0\ * !\emFile:SPI0:BSPIM:count_4\ * 
              !\emFile:SPI0:BSPIM:count_3\ * \emFile:SPI0:BSPIM:count_2\ * 
              \emFile:SPI0:BSPIM:count_1\ * !\emFile:SPI0:BSPIM:count_0\ * 
              !\emFile:SPI0:BSPIM:tx_status_1\
            + \emFile:SPI0:BSPIM:state_2\ * !\emFile:SPI0:BSPIM:state_1\ * 
              \emFile:SPI0:BSPIM:state_0\
        );
        Output = \emFile:SPI0:BSPIM:state_1\ (fanout=15)
        Properties               : 
        {
        }

    [McSlotId=1]:     MacroCell: Name=\emFile:SPI0:BSPIM:load_cond\, Mode=(T-Register) @ [UDB=(0,1)][LB=1][MC=1]
        Total # of inputs        : 9
        Total # of product terms : 4
        List of special equations: 
            Clock  = (\emFile:Net_19\) => Global
            Clock Enable: True
        Main Equation            : 4 pterms
        (
              !\emFile:SPI0:BSPIM:state_2\ * !\emFile:SPI0:BSPIM:count_4\ * 
              !\emFile:SPI0:BSPIM:count_3\ * !\emFile:SPI0:BSPIM:count_2\ * 
              !\emFile:SPI0:BSPIM:count_1\ * !\emFile:SPI0:BSPIM:count_0\ * 
              \emFile:SPI0:BSPIM:load_cond\
            + \emFile:SPI0:BSPIM:state_2\ * !\emFile:SPI0:BSPIM:state_1\ * 
              !\emFile:SPI0:BSPIM:state_0\ * !\emFile:SPI0:BSPIM:load_cond\
            + \emFile:SPI0:BSPIM:state_1\ * !\emFile:SPI0:BSPIM:count_4\ * 
              !\emFile:SPI0:BSPIM:count_3\ * !\emFile:SPI0:BSPIM:count_2\ * 
              !\emFile:SPI0:BSPIM:count_1\ * !\emFile:SPI0:BSPIM:count_0\ * 
              \emFile:SPI0:BSPIM:load_cond\
            + \emFile:SPI0:BSPIM:state_0\ * !\emFile:SPI0:BSPIM:count_4\ * 
              !\emFile:SPI0:BSPIM:count_3\ * !\emFile:SPI0:BSPIM:count_2\ * 
              !\emFile:SPI0:BSPIM:count_1\ * !\emFile:SPI0:BSPIM:count_0\ * 
              \emFile:SPI0:BSPIM:load_cond\
        );
        Output = \emFile:SPI0:BSPIM:load_cond\ (fanout=1)
        Properties               : 
        {
        }

    [McSlotId=2]:     MacroCell: Name=\emFile:SPI0:BSPIM:tx_status_0\, Mode=(Combinatorial) @ [UDB=(0,1)][LB=1][MC=2]
        Total # of inputs        : 3
        Total # of product terms : 1
            Clock Enable: True
        Main Equation            : 1 pterm
        (
              \emFile:SPI0:BSPIM:state_2\ * !\emFile:SPI0:BSPIM:state_1\ * 
              \emFile:SPI0:BSPIM:state_0\
        );
        Output = \emFile:SPI0:BSPIM:tx_status_0\ (fanout=1)
        Properties               : 
        {
        }

    [McSlotId=3]: (empty)
}

statusicell: Name =\emFile:SPI0:BSPIM:TxStsReg\
    PORT MAP (
        clock => \emFile:Net_19\ ,
        status_4 => \emFile:SPI0:BSPIM:tx_status_4\ ,
        status_3 => \emFile:SPI0:BSPIM:load_rx_data\ ,
        status_2 => \emFile:SPI0:BSPIM:tx_status_2\ ,
        status_1 => \emFile:SPI0:BSPIM:tx_status_1\ ,
        status_0 => \emFile:SPI0:BSPIM:tx_status_0\ );
    Properties:
    {
        cy_force_order = 1
        cy_int_mask = "0000000"
        cy_md_select = "0001001"
    }
    Clock Polarity: Active High
    Clock Enable: True

UDB [UDB=(0,2)] is empty.
UDB [UDB=(0,3)] is empty.
UDB [UDB=(0,4)] is empty.
UDB [UDB=(0,5)] is empty.
UDB [UDB=(1,0)] contents:
LAB@[UDB=(1,0)][LB=1] #macrocells=1, #inputs=11, #pterms=8
{
    [McSlotId=0]:     MacroCell: Name=\emFile:SPI0:BSPIM:mosi_pre_reg_split\, Mode=(Combinatorial) @ [UDB=(1,0)][LB=1][MC=0]
        Total # of inputs        : 11
        Total # of product terms : 8
            Clock Enable: True
        Main Equation            : 8 pterms
        (
              !\emFile:SPI0:BSPIM:state_2\ * \emFile:SPI0:BSPIM:state_1\ * 
              !\emFile:SPI0:BSPIM:state_0\ * \emFile:SPI0:BSPIM:mosi_from_dp\ * 
              \emFile:SPI0:BSPIM:count_4\
            + !\emFile:SPI0:BSPIM:state_2\ * \emFile:SPI0:BSPIM:state_1\ * 
              !\emFile:SPI0:BSPIM:state_0\ * \emFile:SPI0:BSPIM:mosi_from_dp\ * 
              \emFile:SPI0:BSPIM:count_3\
            + !\emFile:SPI0:BSPIM:state_2\ * \emFile:SPI0:BSPIM:state_1\ * 
              !\emFile:SPI0:BSPIM:state_0\ * \emFile:SPI0:BSPIM:mosi_from_dp\ * 
              \emFile:SPI0:BSPIM:count_2\
            + !\emFile:SPI0:BSPIM:state_2\ * \emFile:SPI0:BSPIM:state_1\ * 
              !\emFile:SPI0:BSPIM:state_0\ * \emFile:SPI0:BSPIM:mosi_from_dp\ * 
              \emFile:SPI0:BSPIM:count_1\
            + !\emFile:SPI0:BSPIM:state_2\ * \emFile:SPI0:BSPIM:state_1\ * 
              !\emFile:SPI0:BSPIM:state_0\ * \emFile:SPI0:BSPIM:mosi_from_dp\ * 
              !\emFile:SPI0:BSPIM:count_0\
            + \emFile:SPI0:BSPIM:state_2\ * \emFile:SPI0:BSPIM:state_1\ * 
              !\emFile:SPI0:BSPIM:state_0\ * \emFile:SPI0:BSPIM:mosi_pre_reg\
            + \emFile:SPI0:BSPIM:state_1\ * !\emFile:SPI0:BSPIM:state_0\ * 
              !\emFile:SPI0:BSPIM:count_4\ * !\emFile:SPI0:BSPIM:count_3\ * 
              !\emFile:SPI0:BSPIM:count_2\ * !\emFile:SPI0:BSPIM:count_1\ * 
              \emFile:SPI0:BSPIM:count_0\ * \emFile:SPI0:BSPIM:mosi_pre_reg\
            + \emFile:SPI0:BSPIM:state_1\ * \emFile:SPI0:BSPIM:state_0\ * 
              \emFile:SPI0:BSPIM:mosi_from_dp\ * !\emFile:SPI0:BSPIM:count_4\ * 
              !\emFile:SPI0:BSPIM:count_3\ * !\emFile:SPI0:BSPIM:count_2\ * 
              !\emFile:SPI0:BSPIM:count_1\ * !\emFile:SPI0:BSPIM:count_0\ * 
              !\emFile:SPI0:BSPIM:ld_ident\
        );
        Output = \emFile:SPI0:BSPIM:mosi_pre_reg_split\ (fanout=1)
        Properties               : 
        {
        }

    [McSlotId=1]: (empty)
    [McSlotId=2]: (empty)
    [McSlotId=3]: (empty)
}

count7cell: Name =\emFile:SPI0:BSPIM:BitCounter\
    PORT MAP (
        clock => \emFile:Net_19\ ,
        enable => \emFile:SPI0:BSPIM:cnt_enable\ ,
        count_6 => \emFile:SPI0:BSPIM:count_6\ ,
        count_5 => \emFile:SPI0:BSPIM:count_5\ ,
        count_4 => \emFile:SPI0:BSPIM:count_4\ ,
        count_3 => \emFile:SPI0:BSPIM:count_3\ ,
        count_2 => \emFile:SPI0:BSPIM:count_2\ ,
        count_1 => \emFile:SPI0:BSPIM:count_1\ ,
        count_0 => \emFile:SPI0:BSPIM:count_0\ ,
        tc => \emFile:SPI0:BSPIM:cnt_tc\ );
    Properties:
    {
        cy_alt_mode = 0
        cy_init_value = "0000000"
        cy_period = "0001111"
        cy_route_en = 1
        cy_route_ld = 0
    }
    Clock Polarity: Active High
    Clock Enable: True

UDB [UDB=(1,1)] contents:
LAB@[UDB=(1,1)][LB=0] #macrocells=2, #inputs=12, #pterms=7
{
    [McSlotId=0]:     MacroCell: Name=\emFile:SPI0:BSPIM:mosi_pre_reg_split_1\, Mode=(Combinatorial) @ [UDB=(1,1)][LB=0][MC=0]
        Total # of inputs        : 10
        Total # of product terms : 6
            Clock Enable: True
        Main Equation            : 6 pterms
        !(
              !\emFile:SPI0:BSPIM:state_2\ * \emFile:SPI0:BSPIM:state_1\ * 
              !\emFile:SPI0:BSPIM:count_4\ * !\emFile:SPI0:BSPIM:count_3\ * 
              !\emFile:SPI0:BSPIM:count_2\ * !\emFile:SPI0:BSPIM:count_0\ * 
              !\emFile:SPI0:BSPIM:ld_ident\
            + !\emFile:SPI0:BSPIM:state_2\ * !\emFile:SPI0:BSPIM:state_0\
            + !\emFile:SPI0:BSPIM:state_2\ * 
              !\emFile:SPI0:BSPIM:mosi_pre_reg\
            + \emFile:SPI0:BSPIM:state_2\ * !\emFile:SPI0:BSPIM:state_1\ * 
              \emFile:SPI0:BSPIM:state_0\
            + \emFile:SPI0:BSPIM:state_2\ * !\emFile:SPI0:BSPIM:mosi_from_dp\
            + \emFile:SPI0:BSPIM:state_1\ * !\emFile:SPI0:BSPIM:state_0\
        );
        Output = \emFile:SPI0:BSPIM:mosi_pre_reg_split_1\ (fanout=1)
        Properties               : 
        {
        }

    [McSlotId=1]:     MacroCell: Name=\emFile:SPI0:BSPIM:mosi_pre_reg\, Mode=(D-Register) @ [UDB=(1,1)][LB=0][MC=1]
        Total # of inputs        : 2
        Total # of product terms : 1
        List of special equations: 
            Clock  = (\emFile:Net_19\) => Global
            Clock Enable: True
        Main Equation            : 1 pterm
        !(
              !\emFile:SPI0:BSPIM:mosi_pre_reg_split\ * 
              !\emFile:SPI0:BSPIM:mosi_pre_reg_split_1\
        );
        Output = \emFile:SPI0:BSPIM:mosi_pre_reg\ (fanout=2)
        Properties               : 
        {
        }

    [McSlotId=2]: (empty)
    [McSlotId=3]: (empty)
}

LAB@[UDB=(1,1)][LB=1] #macrocells=3, #inputs=10, #pterms=8
{
    [McSlotId=0]:     MacroCell: Name=\emFile:SPI0:BSPIM:state_2\, Mode=(D-Register) @ [UDB=(1,1)][LB=1][MC=0]
        Total # of inputs        : 10
        Total # of product terms : 4
        List of special equations: 
            Clock  = (\emFile:Net_19\) => Global
            Clock Enable: True
        Main Equation            : 4 pterms
        (
              !\emFile:SPI0:BSPIM:state_2\ * !\emFile:SPI0:BSPIM:state_1\ * 
              \emFile:SPI0:BSPIM:state_0\
            + \emFile:SPI0:BSPIM:state_2\ * \emFile:SPI0:BSPIM:state_1\ * 
              \emFile:SPI0:BSPIM:state_0\
            + \emFile:SPI0:BSPIM:state_1\ * \emFile:SPI0:BSPIM:state_0\ * 
              !\emFile:SPI0:BSPIM:count_4\ * !\emFile:SPI0:BSPIM:count_3\ * 
              !\emFile:SPI0:BSPIM:count_2\ * \emFile:SPI0:BSPIM:count_1\ * 
              !\emFile:SPI0:BSPIM:count_0\ * !\emFile:SPI0:BSPIM:ld_ident\
            + \emFile:SPI0:BSPIM:state_1\ * \emFile:SPI0:BSPIM:state_0\ * 
              !\emFile:SPI0:BSPIM:count_4\ * !\emFile:SPI0:BSPIM:count_3\ * 
              \emFile:SPI0:BSPIM:count_2\ * \emFile:SPI0:BSPIM:count_1\ * 
              !\emFile:SPI0:BSPIM:count_0\ * !\emFile:SPI0:BSPIM:tx_status_1\
        );
        Output = \emFile:SPI0:BSPIM:state_2\ (fanout=15)
        Properties               : 
        {
        }

    [McSlotId=1]:     MacroCell: Name=\emFile:SPI0:BSPIM:state_0\, Mode=(T-Register) @ [UDB=(1,1)][LB=1][MC=1]
        Total # of inputs        : 10
        Total # of product terms : 3
        List of special equations: 
            Clock  = (\emFile:Net_19\) => Global
            Clock Enable: True
        Main Equation            : 3 pterms
        !(
              !\emFile:SPI0:BSPIM:state_2\ * !\emFile:SPI0:BSPIM:state_1\ * 
              \emFile:SPI0:BSPIM:state_0\
            + !\emFile:SPI0:BSPIM:state_2\ * !\emFile:SPI0:BSPIM:state_1\ * 
              \emFile:SPI0:BSPIM:tx_status_1\
            + !\emFile:SPI0:BSPIM:state_2\ * \emFile:SPI0:BSPIM:state_0\ * 
              !\emFile:SPI0:BSPIM:count_4\ * !\emFile:SPI0:BSPIM:count_3\ * 
              !\emFile:SPI0:BSPIM:count_2\ * \emFile:SPI0:BSPIM:count_1\ * 
              !\emFile:SPI0:BSPIM:count_0\ * !\emFile:SPI0:BSPIM:ld_ident\
        );
        Output = \emFile:SPI0:BSPIM:state_0\ (fanout=15)
        Properties               : 
        {
        }

    [McSlotId=2]:     MacroCell: Name=\emFile:SPI0:BSPIM:ld_ident\, Mode=(T-Register) @ [UDB=(1,1)][LB=1][MC=2]
        Total # of inputs        : 9
        Total # of product terms : 2
        List of special equations: 
            Clock  = (\emFile:Net_19\) => Global
            Clock Enable: True
        Main Equation            : 2 pterms
        (
              !\emFile:SPI0:BSPIM:state_2\ * \emFile:SPI0:BSPIM:state_1\ * 
              !\emFile:SPI0:BSPIM:state_0\ * !\emFile:SPI0:BSPIM:count_4\ * 
              !\emFile:SPI0:BSPIM:count_3\ * !\emFile:SPI0:BSPIM:count_2\ * 
              !\emFile:SPI0:BSPIM:count_1\ * \emFile:SPI0:BSPIM:count_0\ * 
              \emFile:SPI0:BSPIM:ld_ident\
            + \emFile:SPI0:BSPIM:state_2\ * !\emFile:SPI0:BSPIM:state_1\ * 
              !\emFile:SPI0:BSPIM:state_0\ * !\emFile:SPI0:BSPIM:ld_ident\
        );
        Output = \emFile:SPI0:BSPIM:ld_ident\ (fanout=6)
        Properties               : 
        {
        }

    [McSlotId=3]: (empty)
}

UDB [UDB=(1,2)] is empty.
UDB [UDB=(1,3)] is empty.
UDB [UDB=(1,4)] is empty.
UDB [UDB=(1,5)] is empty.
UDB [UDB=(2,0)] is empty.
UDB [UDB=(2,1)] is empty.
UDB [UDB=(2,2)] is empty.
UDB [UDB=(2,3)] is empty.
UDB [UDB=(2,4)] is empty.
UDB [UDB=(2,5)] is empty.
UDB [UDB=(3,0)] is empty.
UDB [UDB=(3,1)] is empty.
UDB [UDB=(3,2)] is empty.
UDB [UDB=(3,3)] is empty.
UDB [UDB=(3,4)] is empty.
UDB [UDB=(3,5)] is empty.
Intr hod @ [IntrHod=(0)]: empty
Drq hod @ [DrqHod=(0)]: empty
Port 0 is empty
Port 1 is empty
Port 2 contains the following IO cells:
[IoId=0]: 
Pin : Name = \LCD:LCDPort(0)\
    Attributes:
        In Group/Port: True
        In Sync Option: AUTO
        Out Sync Option: NOSYNC
        Interrupt generated: False
        Interrupt mode: NONE
        Drive mode: CMOS_OUT
        VTrip: EITHER
        Slew: FAST
        Input Sync needed: False
        Output Sync needed: False
        SC shield enabled: False
        POR State: ANY
        LCD Mode: COMMON
        Register Mode: RegComb
        CaSense Mode: NEITHER
        Treat as pin: False
        Is OE Registered: False
        Uses Analog: False
        Can contain Digital: True
        Is SIO: False
        SIO Output Buf: NONREGULATED
        SIO Input Buf: SINGLE_ENDED
        SIO HiFreq: LOW
        SIO Hyst: DISABLED
        SIO Vtrip: MULTIPLIER_0_5
        SIO RefSel: VCC_IO
        Required Capabilitites: DIGITAL
        Initial Value: 0
        IO Voltage: 0
    PORT MAP (
        pa_out => \LCD:LCDPort(0)\__PA ,
        pad => \LCD:LCDPort(0)_PAD\ );
    Properties:
    {
    }

[IoId=1]: 
Pin : Name = \LCD:LCDPort(1)\
    Attributes:
        In Group/Port: True
        In Sync Option: AUTO
        Out Sync Option: NOSYNC
        Interrupt generated: False
        Interrupt mode: NONE
        Drive mode: CMOS_OUT
        VTrip: EITHER
        Slew: FAST
        Input Sync needed: False
        Output Sync needed: False
        SC shield enabled: False
        POR State: ANY
        LCD Mode: COMMON
        Register Mode: RegComb
        CaSense Mode: NEITHER
        Treat as pin: False
        Is OE Registered: False
        Uses Analog: False
        Can contain Digital: True
        Is SIO: False
        SIO Output Buf: NONREGULATED
        SIO Input Buf: SINGLE_ENDED
        SIO HiFreq: LOW
        SIO Hyst: DISABLED
        SIO Vtrip: MULTIPLIER_0_5
        SIO RefSel: VCC_IO
        Required Capabilitites: DIGITAL
        Initial Value: 0
        IO Voltage: 0
    PORT MAP (
        pa_out => \LCD:LCDPort(1)\__PA ,
        pad => \LCD:LCDPort(1)_PAD\ );
    Properties:
    {
    }

[IoId=2]: 
Pin : Name = \LCD:LCDPort(2)\
    Attributes:
        In Group/Port: True
        In Sync Option: AUTO
        Out Sync Option: NOSYNC
        Interrupt generated: False
        Interrupt mode: NONE
        Drive mode: CMOS_OUT
        VTrip: EITHER
        Slew: FAST
        Input Sync needed: False
        Output Sync needed: False
        SC shield enabled: False
        POR State: ANY
        LCD Mode: COMMON
        Register Mode: RegComb
        CaSense Mode: NEITHER
        Treat as pin: False
        Is OE Registered: False
        Uses Analog: False
        Can contain Digital: True
        Is SIO: False
        SIO Output Buf: NONREGULATED
        SIO Input Buf: SINGLE_ENDED
        SIO HiFreq: LOW
        SIO Hyst: DISABLED
        SIO Vtrip: MULTIPLIER_0_5
        SIO RefSel: VCC_IO
        Required Capabilitites: DIGITAL
        Initial Value: 0
        IO Voltage: 0
    PORT MAP (
        pa_out => \LCD:LCDPort(2)\__PA ,
        pad => \LCD:LCDPort(2)_PAD\ );
    Properties:
    {
    }

[IoId=3]: 
Pin : Name = \LCD:LCDPort(3)\
    Attributes:
        In Group/Port: True
        In Sync Option: AUTO
        Out Sync Option: NOSYNC
        Interrupt generated: False
        Interrupt mode: NONE
        Drive mode: CMOS_OUT
        VTrip: EITHER
        Slew: FAST
        Input Sync needed: False
        Output Sync needed: False
        SC shield enabled: False
        POR State: ANY
        LCD Mode: COMMON
        Register Mode: RegComb
        CaSense Mode: NEITHER
        Treat as pin: False
        Is OE Registered: False
        Uses Analog: False
        Can contain Digital: True
        Is SIO: False
        SIO Output Buf: NONREGULATED
        SIO Input Buf: SINGLE_ENDED
        SIO HiFreq: LOW
        SIO Hyst: DISABLED
        SIO Vtrip: MULTIPLIER_0_5
        SIO RefSel: VCC_IO
        Required Capabilitites: DIGITAL
        Initial Value: 0
        IO Voltage: 0
    PORT MAP (
        pa_out => \LCD:LCDPort(3)\__PA ,
        pad => \LCD:LCDPort(3)_PAD\ );
    Properties:
    {
    }

[IoId=4]: 
Pin : Name = \LCD:LCDPort(4)\
    Attributes:
        In Group/Port: True
        In Sync Option: AUTO
        Out Sync Option: NOSYNC
        Interrupt generated: False
        Interrupt mode: NONE
        Drive mode: CMOS_OUT
        VTrip: EITHER
        Slew: FAST
        Input Sync needed: False
        Output Sync needed: False
        SC shield enabled: False
        POR State: ANY
        LCD Mode: COMMON
        Register Mode: RegComb
        CaSense Mode: NEITHER
        Treat as pin: False
        Is OE Registered: False
        Uses Analog: False
        Can contain Digital: True
        Is SIO: False
        SIO Output Buf: NONREGULATED
        SIO Input Buf: SINGLE_ENDED
        SIO HiFreq: LOW
        SIO Hyst: DISABLED
        SIO Vtrip: MULTIPLIER_0_5
        SIO RefSel: VCC_IO
        Required Capabilitites: DIGITAL
        Initial Value: 0
        IO Voltage: 0
    PORT MAP (
        pa_out => \LCD:LCDPort(4)\__PA ,
        pad => \LCD:LCDPort(4)_PAD\ );
    Properties:
    {
    }

[IoId=5]: 
Pin : Name = \LCD:LCDPort(5)\
    Attributes:
        In Group/Port: True
        In Sync Option: AUTO
        Out Sync Option: NOSYNC
        Interrupt generated: False
        Interrupt mode: NONE
        Drive mode: CMOS_OUT
        VTrip: EITHER
        Slew: FAST
        Input Sync needed: False
        Output Sync needed: False
        SC shield enabled: False
        POR State: ANY
        LCD Mode: COMMON
        Register Mode: RegComb
        CaSense Mode: NEITHER
        Treat as pin: False
        Is OE Registered: False
        Uses Analog: False
        Can contain Digital: True
        Is SIO: False
        SIO Output Buf: NONREGULATED
        SIO Input Buf: SINGLE_ENDED
        SIO HiFreq: LOW
        SIO Hyst: DISABLED
        SIO Vtrip: MULTIPLIER_0_5
        SIO RefSel: VCC_IO
        Required Capabilitites: DIGITAL
        Initial Value: 0
        IO Voltage: 0
    PORT MAP (
        pa_out => \LCD:LCDPort(5)\__PA ,
        pad => \LCD:LCDPort(5)_PAD\ );
    Properties:
    {
    }

[IoId=6]: 
Pin : Name = \LCD:LCDPort(6)\
    Attributes:
        In Group/Port: True
        In Sync Option: AUTO
        Out Sync Option: NOSYNC
        Interrupt generated: False
        Interrupt mode: NONE
        Drive mode: CMOS_OUT
        VTrip: EITHER
        Slew: FAST
        Input Sync needed: False
        Output Sync needed: False
        SC shield enabled: False
        POR State: ANY
        LCD Mode: COMMON
        Register Mode: RegComb
        CaSense Mode: NEITHER
        Treat as pin: False
        Is OE Registered: False
        Uses Analog: False
        Can contain Digital: True
        Is SIO: False
        SIO Output Buf: NONREGULATED
        SIO Input Buf: SINGLE_ENDED
        SIO HiFreq: LOW
        SIO Hyst: DISABLED
        SIO Vtrip: MULTIPLIER_0_5
        SIO RefSel: VCC_IO
        Required Capabilitites: DIGITAL
        Initial Value: 0
        IO Voltage: 0
    PORT MAP (
        pa_out => \LCD:LCDPort(6)\__PA ,
        pad => \LCD:LCDPort(6)_PAD\ );
    Properties:
    {
    }

Port 3 is empty
Port 4 is empty
Port 5 contains the following IO cells:
[IoId=0]: 
Pin : Name = \emFile:miso0(0)\
    Attributes:
        In Group/Port: True
        In Sync Option: NOSYNC
        Out Sync Option: AUTO
        Interrupt generated: False
        Interrupt mode: NONE
        Drive mode: HI_Z_DIGITAL
        VTrip: CMOS
        Slew: FAST
        Input Sync needed: False
        Output Sync needed: False
        SC shield enabled: False
        POR State: ANY
        LCD Mode: COMMON
        Register Mode: RegComb
        CaSense Mode: NEITHER
        Treat as pin: True
        Is OE Registered: False
        Uses Analog: False
        Can contain Digital: True
        Is SIO: False
        SIO Output Buf: NONREGULATED
        SIO Input Buf: SINGLE_ENDED
        SIO HiFreq: LOW
        SIO Hyst: DISABLED
        SIO Vtrip: MULTIPLIER_0_5
        SIO RefSel: VCC_IO
        Required Capabilitites: DIGITAL, ROUTABLE
        Initial Value: 0
        IO Voltage: 0
    PORT MAP (
        pa_out => \emFile:miso0(0)\__PA ,
        fb => \emFile:Net_16\ ,
        pad => \emFile:miso0(0)_PAD\ );
    Properties:
    {
    }

[IoId=2]: 
Pin : Name = \emFile:sclk0(0)\
    Attributes:
        In Group/Port: True
        In Sync Option: AUTO
        Out Sync Option: NOSYNC
        Interrupt generated: False
        Interrupt mode: NONE
        Drive mode: CMOS_OUT
        VTrip: EITHER
        Slew: FAST
        Input Sync needed: False
        Output Sync needed: False
        SC shield enabled: False
        POR State: ANY
        LCD Mode: COMMON
        Register Mode: RegComb
        CaSense Mode: NEITHER
        Treat as pin: True
        Is OE Registered: False
        Uses Analog: False
        Can contain Digital: True
        Is SIO: False
        SIO Output Buf: NONREGULATED
        SIO Input Buf: SINGLE_ENDED
        SIO HiFreq: LOW
        SIO Hyst: DISABLED
        SIO Vtrip: MULTIPLIER_0_5
        SIO RefSel: VCC_IO
        Required Capabilitites: DIGITAL, ROUTABLE
        Initial Value: 0
        IO Voltage: 0
    PORT MAP (
        pa_out => \emFile:sclk0(0)\__PA ,
        input => \emFile:Net_22\ ,
        pad => \emFile:sclk0(0)_PAD\ );
    Properties:
    {
    }

[IoId=4]: 
Pin : Name = \emFile:mosi0(0)\
    Attributes:
        In Group/Port: True
        In Sync Option: AUTO
        Out Sync Option: NOSYNC
        Interrupt generated: False
        Interrupt mode: NONE
        Drive mode: CMOS_OUT
        VTrip: EITHER
        Slew: FAST
        Input Sync needed: False
        Output Sync needed: False
        SC shield enabled: False
        POR State: ANY
        LCD Mode: COMMON
        Register Mode: RegComb
        CaSense Mode: NEITHER
        Treat as pin: True
        Is OE Registered: False
        Uses Analog: False
        Can contain Digital: True
        Is SIO: False
        SIO Output Buf: NONREGULATED
        SIO Input Buf: SINGLE_ENDED
        SIO HiFreq: LOW
        SIO Hyst: DISABLED
        SIO Vtrip: MULTIPLIER_0_5
        SIO RefSel: VCC_IO
        Required Capabilitites: DIGITAL, ROUTABLE
        Initial Value: 0
        IO Voltage: 0
    PORT MAP (
        pa_out => \emFile:mosi0(0)\__PA ,
        input => \emFile:Net_10\ ,
        pad => \emFile:mosi0(0)_PAD\ );
    Properties:
    {
    }

[IoId=6]: 
Pin : Name = \emFile:SPI0_CS(0)\
    Attributes:
        In Group/Port: True
        In Sync Option: AUTO
        Out Sync Option: NOSYNC
        Interrupt generated: False
        Interrupt mode: NONE
        Drive mode: CMOS_OUT
        VTrip: EITHER
        Slew: FAST
        Input Sync needed: False
        Output Sync needed: False
        SC shield enabled: False
        POR State: ANY
        LCD Mode: COMMON
        Register Mode: RegComb
        CaSense Mode: NEITHER
        Treat as pin: True
        Is OE Registered: False
        Uses Analog: False
        Can contain Digital: True
        Is SIO: False
        SIO Output Buf: NONREGULATED
        SIO Input Buf: SINGLE_ENDED
        SIO HiFreq: LOW
        SIO Hyst: DISABLED
        SIO Vtrip: MULTIPLIER_0_5
        SIO RefSel: VCC_IO
        Required Capabilitites: DIGITAL
        Initial Value: 0
        IO Voltage: 0
    PORT MAP (
        pa_out => \emFile:SPI0_CS(0)\__PA ,
        pad => \emFile:SPI0_CS(0)_PAD\ );
    Properties:
    {
    }

Port 6 is empty
Port 12 is empty
Port 15 is empty
CAN Fixed Block group 0: empty
Cache group 0: empty
CapSense group 0: empty
Clock group 0: 
    Clock Block @ [FFB(Clock,0)]: 
    clockblockcell: Name =ClockBlock
        PORT MAP (
            clk_bus_glb => ClockBlock_BUS_CLK ,
            clk_bus => ClockBlock_BUS_CLK_local ,
            clk_sync => ClockBlock_MASTER_CLK ,
            clk_32k_xtal => ClockBlock_XTAL 32kHz ,
            xtal => ClockBlock_XTAL ,
            ilo => ClockBlock_ILO ,
            clk_100k => ClockBlock_100k ,
            clk_1k => ClockBlock_1k ,
            clk_32k => ClockBlock_32k ,
            pllout => ClockBlock_PLL_OUT ,
            imo => ClockBlock_IMO ,
            dclk_glb_0 => \emFile:Net_19\ ,
            dclk_0 => \emFile:Net_19_local\ );
        Properties:
        {
        }
Comparator Fixed Block group 0: empty
DFB Fixed Block group 0: empty
DSM Fixed Block group 0: empty
Decimator Fixed Block group 0: empty
EMIF Fixed Block group 0: empty
I2C Fixed Block group 0: empty
LCD Fixed Block group 0: empty
LVD group 0: empty
PM group 0: empty
SC Fixed Block group 0: empty
SPC group 0: empty
Timer Fixed Block group 0: empty
USB Fixed Block group 0: empty
VIDAC Fixed Block group 0: empty
Opamp Fixed Block group 0: empty
CapSense Buffer group 0: empty
Vref group 0: empty
LPF Fixed Block group 0: empty
SAR Fixed Block group 0: empty
</CYPRESSTAG>
<CYPRESSTAG name="Port Configuration Details">

------------------------------------------------------------
Port Configuration report
------------------------------------------------------------
     |     |       | Interrupt |                  |                     | 
Port | Pin | Fixed |      Type |       Drive Mode |                Name | Connections
-----+-----+-------+-----------+------------------+---------------------+--------------------
   2 |   0 |     * |      NONE |         CMOS_OUT |    \LCD:LCDPort(0)\ | 
     |   1 |     * |      NONE |         CMOS_OUT |    \LCD:LCDPort(1)\ | 
     |   2 |     * |      NONE |         CMOS_OUT |    \LCD:LCDPort(2)\ | 
     |   3 |     * |      NONE |         CMOS_OUT |    \LCD:LCDPort(3)\ | 
     |   4 |     * |      NONE |         CMOS_OUT |    \LCD:LCDPort(4)\ | 
     |   5 |     * |      NONE |         CMOS_OUT |    \LCD:LCDPort(5)\ | 
     |   6 |     * |      NONE |         CMOS_OUT |    \LCD:LCDPort(6)\ | 
-----+-----+-------+-----------+------------------+---------------------+--------------------
   5 |   0 |     * |      NONE |     HI_Z_DIGITAL |   \emFile:miso0(0)\ | FB(\emFile:Net_16\)
     |   2 |     * |      NONE |         CMOS_OUT |   \emFile:sclk0(0)\ | In(\emFile:Net_22\)
     |   4 |     * |      NONE |         CMOS_OUT |   \emFile:mosi0(0)\ | In(\emFile:Net_10\)
     |   6 |     * |      NONE |         CMOS_OUT | \emFile:SPI0_CS(0)\ | 
---------------------------------------------------------------------------------------------
</CYPRESSTAG>
</CYPRESSTAG>
</CYPRESSTAG>
Digital component placer commit/Report: Elapsed time ==> 0s.000ms
Digital Placement phase: Elapsed time ==> 1s.377ms
</CYPRESSTAG>
<CYPRESSTAG name="Digital Routing">
Routing successful.
Digital Routing phase: Elapsed time ==> 2s.271ms
</CYPRESSTAG>
<CYPRESSTAG name="Bitstream and API generation">
Bitstream and API generation phase: Elapsed time ==> 0s.250ms
</CYPRESSTAG>
<CYPRESSTAG name="Bitstream verification">
Bitstream verification phase: Elapsed time ==> 0s.090ms
</CYPRESSTAG>
<CYPRESSTAG name="Static timing analysis">
Timing report is in emFile_Example01_timing.html.
Static timing analysis phase: Elapsed time ==> 0s.320ms
</CYPRESSTAG>
<CYPRESSTAG name="Data reporting">
Data reporting phase: Elapsed time ==> 0s.000ms
</CYPRESSTAG>
<CYPRESSTAG name="Database update...">
Design database save phase: Elapsed time ==> 0s.200ms
</CYPRESSTAG>
cydsfit: Elapsed time ==> 6s.078ms
</CYPRESSTAG>
Fitter phase: Elapsed time ==> 6s.128ms
API generation phase: Elapsed time ==> 0s.790ms
Dependency generation phase: Elapsed time ==> 0s.000ms
Cleanup phase: Elapsed time ==> 0s.000ms
