ARM GAS  C:\Users\pfautley\AppData\Local\Temp\ccIjJbBc.s 			page 1


   1              		.syntax unified
   2              		.cpu cortex-m3
   3              		.fpu softvfp
   4              		.eabi_attribute 20, 1
   5              		.eabi_attribute 21, 1
   6              		.eabi_attribute 23, 3
   7              		.eabi_attribute 24, 1
   8              		.eabi_attribute 25, 1
   9              		.eabi_attribute 26, 1
  10              		.eabi_attribute 30, 6
  11              		.eabi_attribute 34, 1
  12              		.eabi_attribute 18, 4
  13              		.thumb
  14              		.file	"cymetadata.c"
  15              		.text
  16              	.Ltext0:
  17              		.cfi_sections	.debug_frame
  18              		.global	cy_meta_configecc
  19              		.section	.cyconfigecc,"a",%progbits
  20              		.align	2
  21              		.type	cy_meta_configecc, %object
  22              		.size	cy_meta_configecc, 1480
  23              	cy_meta_configecc:
  24 0000 04       		.byte	4
  25 0001 14       		.byte	20
  26 0002 00       		.byte	0
  27 0003 00       		.byte	0
  28 0004 00       		.byte	0
  29 0005 00       		.byte	0
  30 0006 00       		.byte	0
  31 0007 00       		.byte	0
  32 0008 10       		.byte	16
  33 0009 6C       		.byte	108
  34 000a 00       		.byte	0
  35 000b 00       		.byte	0
  36 000c 01       		.byte	1
  37 000d 91       		.byte	-111
  38 000e 00       		.byte	0
  39 000f 4E       		.byte	78
  40 0010 04       		.byte	4
  41 0011 C0       		.byte	-64
  42 0012 00       		.byte	0
  43 0013 2F       		.byte	47
  44 0014 01       		.byte	1
  45 0015 71       		.byte	113
  46 0016 00       		.byte	0
  47 0017 82       		.byte	-126
  48 0018 40       		.byte	64
  49 0019 2C       		.byte	44
  50 001a 00       		.byte	0
  51 001b 40       		.byte	64
  52 001c 07       		.byte	7
  53 001d 40       		.byte	64
  54 001e 18       		.byte	24
  55 001f 2C       		.byte	44
  56 0020 08       		.byte	8
  57 0021 64       		.byte	100
ARM GAS  C:\Users\pfautley\AppData\Local\Temp\ccIjJbBc.s 			page 2


  58 0022 21       		.byte	33
  59 0023 08       		.byte	8
  60 0024 01       		.byte	1
  61 0025 A4       		.byte	-92
  62 0026 00       		.byte	0
  63 0027 40       		.byte	64
  64 0028 01       		.byte	1
  65 0029 6C       		.byte	108
  66 002a 00       		.byte	0
  67 002b 00       		.byte	0
  68 002c 22       		.byte	34
  69 002d 00       		.byte	0
  70 002e 08       		.byte	8
  71 002f 00       		.byte	0
  72 0030 40       		.byte	64
  73 0031 08       		.byte	8
  74 0032 00       		.byte	0
  75 0033 10       		.byte	16
  76 0034 01       		.byte	1
  77 0035 00       		.byte	0
  78 0036 00       		.byte	0
  79 0037 00       		.byte	0
  80 0038 3F       		.byte	63
  81 0039 C0       		.byte	-64
  82 003a 00       		.byte	0
  83 003b 0F       		.byte	15
  84 003c 40       		.byte	64
  85 003d 31       		.byte	49
  86 003e 00       		.byte	0
  87 003f 0F       		.byte	15
  88 0040 22       		.byte	34
  89 0041 00       		.byte	0
  90 0042 00       		.byte	0
  91 0043 32       		.byte	50
  92 0044 00       		.byte	0
  93 0045 00       		.byte	0
  94 0046 01       		.byte	1
  95 0047 00       		.byte	0
  96 0048 00       		.byte	0
  97 0049 00       		.byte	0
  98 004a 00       		.byte	0
  99 004b 00       		.byte	0
 100 004c 00       		.byte	0
 101 004d 00       		.byte	0
 102 004e 00       		.byte	0
 103 004f 00       		.byte	0
 104 0050 00       		.byte	0
 105 0051 00       		.byte	0
 106 0052 00       		.byte	0
 107 0053 00       		.byte	0
 108 0054 00       		.byte	0
 109 0055 00       		.byte	0
 110 0056 00       		.byte	0
 111 0057 00       		.byte	0
 112 0058 00       		.byte	0
 113 0059 00       		.byte	0
 114 005a 00       		.byte	0
ARM GAS  C:\Users\pfautley\AppData\Local\Temp\ccIjJbBc.s 			page 3


 115 005b 00       		.byte	0
 116 005c 00       		.byte	0
 117 005d 00       		.byte	0
 118 005e 00       		.byte	0
 119 005f 00       		.byte	0
 120 0060 04       		.byte	4
 121 0061 04       		.byte	4
 122 0062 00       		.byte	0
 123 0063 00       		.byte	0
 124 0064 00       		.byte	0
 125 0065 00       		.byte	0
 126 0066 00       		.byte	0
 127 0067 01       		.byte	1
 128 0068 00       		.byte	0
 129 0069 00       		.byte	0
 130 006a 00       		.byte	0
 131 006b 00       		.byte	0
 132 006c 00       		.byte	0
 133 006d 00       		.byte	0
 134 006e 00       		.byte	0
 135 006f 00       		.byte	0
 136 0070 00       		.byte	0
 137 0071 00       		.byte	0
 138 0072 00       		.byte	0
 139 0073 00       		.byte	0
 140 0074 00       		.byte	0
 141 0075 00       		.byte	0
 142 0076 00       		.byte	0
 143 0077 00       		.byte	0
 144 0078 00       		.byte	0
 145 0079 00       		.byte	0
 146 007a 00       		.byte	0
 147 007b 00       		.byte	0
 148 007c 00       		.byte	0
 149 007d 00       		.byte	0
 150 007e 00       		.byte	0
 151 007f 00       		.byte	0
 152 0080 00       		.byte	0
 153 0081 00       		.byte	0
 154 0082 00       		.byte	0
 155 0083 00       		.byte	0
 156 0084 00       		.byte	0
 157 0085 00       		.byte	0
 158 0086 00       		.byte	0
 159 0087 00       		.byte	0
 160 0088 00       		.byte	0
 161 0089 17       		.byte	23
 162 008a 00       		.byte	0
 163 008b 28       		.byte	40
 164 008c 48       		.byte	72
 165 008d 29       		.byte	41
 166 008e 22       		.byte	34
 167 008f 46       		.byte	70
 168 0090 37       		.byte	55
 169 0091 D0       		.byte	-48
 170 0092 00       		.byte	0
 171 0093 06       		.byte	6
ARM GAS  C:\Users\pfautley\AppData\Local\Temp\ccIjJbBc.s 			page 4


 172 0094 00       		.byte	0
 173 0095 D6       		.byte	-42
 174 0096 00       		.byte	0
 175 0097 00       		.byte	0
 176 0098 00       		.byte	0
 177 0099 00       		.byte	0
 178 009a 00       		.byte	0
 179 009b 00       		.byte	0
 180 009c 00       		.byte	0
 181 009d 20       		.byte	32
 182 009e 07       		.byte	7
 183 009f D0       		.byte	-48
 184 00a0 00       		.byte	0
 185 00a1 D2       		.byte	-46
 186 00a2 00       		.byte	0
 187 00a3 04       		.byte	4
 188 00a4 49       		.byte	73
 189 00a5 02       		.byte	2
 190 00a6 10       		.byte	16
 191 00a7 00       		.byte	0
 192 00a8 00       		.byte	0
 193 00a9 D6       		.byte	-42
 194 00aa 00       		.byte	0
 195 00ab 00       		.byte	0
 196 00ac 00       		.byte	0
 197 00ad 21       		.byte	33
 198 00ae 00       		.byte	0
 199 00af 8E       		.byte	-114
 200 00b0 54       		.byte	84
 201 00b1 04       		.byte	4
 202 00b2 08       		.byte	8
 203 00b3 00       		.byte	0
 204 00b4 00       		.byte	0
 205 00b5 D6       		.byte	-42
 206 00b6 00       		.byte	0
 207 00b7 00       		.byte	0
 208 00b8 07       		.byte	7
 209 00b9 00       		.byte	0
 210 00ba 38       		.byte	56
 211 00bb F0       		.byte	-16
 212 00bc 00       		.byte	0
 213 00bd 0F       		.byte	15
 214 00be 40       		.byte	64
 215 00bf 08       		.byte	8
 216 00c0 08       		.byte	8
 217 00c1 20       		.byte	32
 218 00c2 00       		.byte	0
 219 00c3 08       		.byte	8
 220 00c4 00       		.byte	0
 221 00c5 00       		.byte	0
 222 00c6 41       		.byte	65
 223 00c7 40       		.byte	64
 224 00c8 00       		.byte	0
 225 00c9 00       		.byte	0
 226 00ca 00       		.byte	0
 227 00cb 00       		.byte	0
 228 00cc 00       		.byte	0
ARM GAS  C:\Users\pfautley\AppData\Local\Temp\ccIjJbBc.s 			page 5


 229 00cd 00       		.byte	0
 230 00ce 00       		.byte	0
 231 00cf 00       		.byte	0
 232 00d0 00       		.byte	0
 233 00d1 00       		.byte	0
 234 00d2 00       		.byte	0
 235 00d3 00       		.byte	0
 236 00d4 00       		.byte	0
 237 00d5 00       		.byte	0
 238 00d6 00       		.byte	0
 239 00d7 00       		.byte	0
 240 00d8 00       		.byte	0
 241 00d9 00       		.byte	0
 242 00da 00       		.byte	0
 243 00db 00       		.byte	0
 244 00dc 09       		.byte	9
 245 00dd 00       		.byte	0
 246 00de 00       		.byte	0
 247 00df 00       		.byte	0
 248 00e0 04       		.byte	4
 249 00e1 04       		.byte	4
 250 00e2 00       		.byte	0
 251 00e3 04       		.byte	4
 252 00e4 00       		.byte	0
 253 00e5 00       		.byte	0
 254 00e6 00       		.byte	0
 255 00e7 01       		.byte	1
 256 00e8 00       		.byte	0
 257 00e9 00       		.byte	0
 258 00ea 00       		.byte	0
 259 00eb 00       		.byte	0
 260 00ec 00       		.byte	0
 261 00ed 00       		.byte	0
 262 00ee 00       		.byte	0
 263 00ef 00       		.byte	0
 264 00f0 00       		.byte	0
 265 00f1 00       		.byte	0
 266 00f2 00       		.byte	0
 267 00f3 00       		.byte	0
 268 00f4 00       		.byte	0
 269 00f5 00       		.byte	0
 270 00f6 00       		.byte	0
 271 00f7 00       		.byte	0
 272 00f8 00       		.byte	0
 273 00f9 00       		.byte	0
 274 00fa 00       		.byte	0
 275 00fb 00       		.byte	0
 276 00fc 00       		.byte	0
 277 00fd 00       		.byte	0
 278 00fe 00       		.byte	0
 279 00ff 00       		.byte	0
 280 0100 00       		.byte	0
 281 0101 00       		.byte	0
 282 0102 00       		.byte	0
 283 0103 00       		.byte	0
 284 0104 00       		.byte	0
 285 0105 00       		.byte	0
ARM GAS  C:\Users\pfautley\AppData\Local\Temp\ccIjJbBc.s 			page 6


 286 0106 00       		.byte	0
 287 0107 00       		.byte	0
 288 0108 20       		.byte	32
 289 0109 00       		.byte	0
 290 010a 18       		.byte	24
 291 010b 48       		.byte	72
 292 010c 00       		.byte	0
 293 010d 10       		.byte	16
 294 010e 00       		.byte	0
 295 010f 0C       		.byte	12
 296 0110 00       		.byte	0
 297 0111 04       		.byte	4
 298 0112 00       		.byte	0
 299 0113 08       		.byte	8
 300 0114 00       		.byte	0
 301 0115 00       		.byte	0
 302 0116 00       		.byte	0
 303 0117 03       		.byte	3
 304 0118 00       		.byte	0
 305 0119 00       		.byte	0
 306 011a 00       		.byte	0
 307 011b 04       		.byte	4
 308 011c 00       		.byte	0
 309 011d 03       		.byte	3
 310 011e 00       		.byte	0
 311 011f 00       		.byte	0
 312 0120 2E       		.byte	46
 313 0121 00       		.byte	0
 314 0122 10       		.byte	16
 315 0123 30       		.byte	48
 316 0124 00       		.byte	0
 317 0125 03       		.byte	3
 318 0126 01       		.byte	1
 319 0127 00       		.byte	0
 320 0128 00       		.byte	0
 321 0129 00       		.byte	0
 322 012a 00       		.byte	0
 323 012b 01       		.byte	1
 324 012c 18       		.byte	24
 325 012d 03       		.byte	3
 326 012e 25       		.byte	37
 327 012f 00       		.byte	0
 328 0130 00       		.byte	0
 329 0131 20       		.byte	32
 330 0132 00       		.byte	0
 331 0133 0C       		.byte	12
 332 0134 08       		.byte	8
 333 0135 03       		.byte	3
 334 0136 33       		.byte	51
 335 0137 00       		.byte	0
 336 0138 38       		.byte	56
 337 0139 40       		.byte	64
 338 013a 00       		.byte	0
 339 013b 01       		.byte	1
 340 013c 00       		.byte	0
 341 013d 3C       		.byte	60
 342 013e 07       		.byte	7
ARM GAS  C:\Users\pfautley\AppData\Local\Temp\ccIjJbBc.s 			page 7


 343 013f 02       		.byte	2
 344 0140 00       		.byte	0
 345 0141 00       		.byte	0
 346 0142 02       		.byte	2
 347 0143 00       		.byte	0
 348 0144 00       		.byte	0
 349 0145 00       		.byte	0
 350 0146 00       		.byte	0
 351 0147 44       		.byte	68
 352 0148 23       		.byte	35
 353 0149 06       		.byte	6
 354 014a 10       		.byte	16
 355 014b 00       		.byte	0
 356 014c 04       		.byte	4
 357 014d DE       		.byte	-34
 358 014e F0       		.byte	-16
 359 014f BC       		.byte	-68
 360 0150 3B       		.byte	59
 361 0151 FF       		.byte	-1
 362 0152 FF       		.byte	-1
 363 0153 FF       		.byte	-1
 364 0154 22       		.byte	34
 365 0155 00       		.byte	0
 366 0156 F0       		.byte	-16
 367 0157 08       		.byte	8
 368 0158 04       		.byte	4
 369 0159 00       		.byte	0
 370 015a 00       		.byte	0
 371 015b 00       		.byte	0
 372 015c 40       		.byte	64
 373 015d 00       		.byte	0
 374 015e 00       		.byte	0
 375 015f 00       		.byte	0
 376 0160 04       		.byte	4
 377 0161 04       		.byte	4
 378 0162 04       		.byte	4
 379 0163 04       		.byte	4
 380 0164 00       		.byte	0
 381 0165 00       		.byte	0
 382 0166 00       		.byte	0
 383 0167 01       		.byte	1
 384 0168 00       		.byte	0
 385 0169 00       		.byte	0
 386 016a C0       		.byte	-64
 387 016b 00       		.byte	0
 388 016c 40       		.byte	64
 389 016d 01       		.byte	1
 390 016e 10       		.byte	16
 391 016f 11       		.byte	17
 392 0170 C0       		.byte	-64
 393 0171 01       		.byte	1
 394 0172 00       		.byte	0
 395 0173 11       		.byte	17
 396 0174 40       		.byte	64
 397 0175 01       		.byte	1
 398 0176 40       		.byte	64
 399 0177 01       		.byte	1
ARM GAS  C:\Users\pfautley\AppData\Local\Temp\ccIjJbBc.s 			page 8


 400 0178 00       		.byte	0
 401 0179 00       		.byte	0
 402 017a 00       		.byte	0
 403 017b 00       		.byte	0
 404 017c 00       		.byte	0
 405 017d 00       		.byte	0
 406 017e 00       		.byte	0
 407 017f 00       		.byte	0
 408 0180 00       		.byte	0
 409 0181 00       		.byte	0
 410 0182 00       		.byte	0
 411 0183 00       		.byte	0
 412 0184 00       		.byte	0
 413 0185 00       		.byte	0
 414 0186 00       		.byte	0
 415 0187 00       		.byte	0
 416 0188 00       		.byte	0
 417 0189 80       		.byte	-128
 418 018a 00       		.byte	0
 419 018b 00       		.byte	0
 420 018c 00       		.byte	0
 421 018d 00       		.byte	0
 422 018e 00       		.byte	0
 423 018f FF       		.byte	-1
 424 0190 00       		.byte	0
 425 0191 7F       		.byte	127
 426 0192 00       		.byte	0
 427 0193 80       		.byte	-128
 428 0194 00       		.byte	0
 429 0195 1F       		.byte	31
 430 0196 00       		.byte	0
 431 0197 20       		.byte	32
 432 0198 00       		.byte	0
 433 0199 C0       		.byte	-64
 434 019a 00       		.byte	0
 435 019b 02       		.byte	2
 436 019c 00       		.byte	0
 437 019d 00       		.byte	0
 438 019e 00       		.byte	0
 439 019f 00       		.byte	0
 440 01a0 00       		.byte	0
 441 01a1 C0       		.byte	-64
 442 01a2 00       		.byte	0
 443 01a3 04       		.byte	4
 444 01a4 00       		.byte	0
 445 01a5 90       		.byte	-112
 446 01a6 00       		.byte	0
 447 01a7 40       		.byte	64
 448 01a8 00       		.byte	0
 449 01a9 C0       		.byte	-64
 450 01aa 00       		.byte	0
 451 01ab 01       		.byte	1
 452 01ac 00       		.byte	0
 453 01ad 00       		.byte	0
 454 01ae 00       		.byte	0
 455 01af 60       		.byte	96
 456 01b0 00       		.byte	0
ARM GAS  C:\Users\pfautley\AppData\Local\Temp\ccIjJbBc.s 			page 9


 457 01b1 C0       		.byte	-64
 458 01b2 00       		.byte	0
 459 01b3 08       		.byte	8
 460 01b4 00       		.byte	0
 461 01b5 00       		.byte	0
 462 01b6 00       		.byte	0
 463 01b7 9F       		.byte	-97
 464 01b8 00       		.byte	0
 465 01b9 00       		.byte	0
 466 01ba 00       		.byte	0
 467 01bb FF       		.byte	-1
 468 01bc 00       		.byte	0
 469 01bd 00       		.byte	0
 470 01be 00       		.byte	0
 471 01bf 00       		.byte	0
 472 01c0 00       		.byte	0
 473 01c1 00       		.byte	0
 474 01c2 00       		.byte	0
 475 01c3 00       		.byte	0
 476 01c4 00       		.byte	0
 477 01c5 00       		.byte	0
 478 01c6 00       		.byte	0
 479 01c7 04       		.byte	4
 480 01c8 00       		.byte	0
 481 01c9 00       		.byte	0
 482 01ca 00       		.byte	0
 483 01cb 00       		.byte	0
 484 01cc 00       		.byte	0
 485 01cd 00       		.byte	0
 486 01ce 00       		.byte	0
 487 01cf 00       		.byte	0
 488 01d0 00       		.byte	0
 489 01d1 00       		.byte	0
 490 01d2 00       		.byte	0
 491 01d3 00       		.byte	0
 492 01d4 00       		.byte	0
 493 01d5 00       		.byte	0
 494 01d6 00       		.byte	0
 495 01d7 00       		.byte	0
 496 01d8 00       		.byte	0
 497 01d9 00       		.byte	0
 498 01da 00       		.byte	0
 499 01db 00       		.byte	0
 500 01dc 00       		.byte	0
 501 01dd 00       		.byte	0
 502 01de 02       		.byte	2
 503 01df 2C       		.byte	44
 504 01e0 00       		.byte	0
 505 01e1 04       		.byte	4
 506 01e2 00       		.byte	0
 507 01e3 04       		.byte	4
 508 01e4 00       		.byte	0
 509 01e5 00       		.byte	0
 510 01e6 00       		.byte	0
 511 01e7 01       		.byte	1
 512 01e8 00       		.byte	0
 513 01e9 00       		.byte	0
ARM GAS  C:\Users\pfautley\AppData\Local\Temp\ccIjJbBc.s 			page 10


 514 01ea 00       		.byte	0
 515 01eb 00       		.byte	0
 516 01ec 00       		.byte	0
 517 01ed 00       		.byte	0
 518 01ee 00       		.byte	0
 519 01ef 00       		.byte	0
 520 01f0 00       		.byte	0
 521 01f1 00       		.byte	0
 522 01f2 00       		.byte	0
 523 01f3 00       		.byte	0
 524 01f4 00       		.byte	0
 525 01f5 00       		.byte	0
 526 01f6 00       		.byte	0
 527 01f7 00       		.byte	0
 528 01f8 00       		.byte	0
 529 01f9 00       		.byte	0
 530 01fa 00       		.byte	0
 531 01fb 00       		.byte	0
 532 01fc 00       		.byte	0
 533 01fd 00       		.byte	0
 534 01fe 00       		.byte	0
 535 01ff 00       		.byte	0
 536 0200 00       		.byte	0
 537 0201 00       		.byte	0
 538 0202 00       		.byte	0
 539 0203 00       		.byte	0
 540 0204 00       		.byte	0
 541 0205 00       		.byte	0
 542 0206 00       		.byte	0
 543 0207 00       		.byte	0
 544 0208 00       		.byte	0
 545 0209 00       		.byte	0
 546 020a 00       		.byte	0
 547 020b 00       		.byte	0
 548 020c 00       		.byte	0
 549 020d 00       		.byte	0
 550 020e 00       		.byte	0
 551 020f 00       		.byte	0
 552 0210 00       		.byte	0
 553 0211 00       		.byte	0
 554 0212 00       		.byte	0
 555 0213 00       		.byte	0
 556 0214 00       		.byte	0
 557 0215 00       		.byte	0
 558 0216 00       		.byte	0
 559 0217 00       		.byte	0
 560 0218 00       		.byte	0
 561 0219 00       		.byte	0
 562 021a 00       		.byte	0
 563 021b 00       		.byte	0
 564 021c 00       		.byte	0
 565 021d 00       		.byte	0
 566 021e 00       		.byte	0
 567 021f 00       		.byte	0
 568 0220 00       		.byte	0
 569 0221 00       		.byte	0
 570 0222 00       		.byte	0
ARM GAS  C:\Users\pfautley\AppData\Local\Temp\ccIjJbBc.s 			page 11


 571 0223 0F       		.byte	15
 572 0224 00       		.byte	0
 573 0225 00       		.byte	0
 574 0226 00       		.byte	0
 575 0227 00       		.byte	0
 576 0228 01       		.byte	1
 577 0229 00       		.byte	0
 578 022a 00       		.byte	0
 579 022b 00       		.byte	0
 580 022c 00       		.byte	0
 581 022d 00       		.byte	0
 582 022e 00       		.byte	0
 583 022f 00       		.byte	0
 584 0230 00       		.byte	0
 585 0231 00       		.byte	0
 586 0232 00       		.byte	0
 587 0233 00       		.byte	0
 588 0234 01       		.byte	1
 589 0235 00       		.byte	0
 590 0236 00       		.byte	0
 591 0237 00       		.byte	0
 592 0238 00       		.byte	0
 593 0239 04       		.byte	4
 594 023a 00       		.byte	0
 595 023b 00       		.byte	0
 596 023c 00       		.byte	0
 597 023d 00       		.byte	0
 598 023e 00       		.byte	0
 599 023f 00       		.byte	0
 600 0240 00       		.byte	0
 601 0241 00       		.byte	0
 602 0242 00       		.byte	0
 603 0243 00       		.byte	0
 604 0244 00       		.byte	0
 605 0245 00       		.byte	0
 606 0246 00       		.byte	0
 607 0247 00       		.byte	0
 608 0248 00       		.byte	0
 609 0249 00       		.byte	0
 610 024a 00       		.byte	0
 611 024b 00       		.byte	0
 612 024c 00       		.byte	0
 613 024d 00       		.byte	0
 614 024e 00       		.byte	0
 615 024f 00       		.byte	0
 616 0250 00       		.byte	0
 617 0251 00       		.byte	0
 618 0252 00       		.byte	0
 619 0253 00       		.byte	0
 620 0254 00       		.byte	0
 621 0255 00       		.byte	0
 622 0256 00       		.byte	0
 623 0257 00       		.byte	0
 624 0258 00       		.byte	0
 625 0259 00       		.byte	0
 626 025a 00       		.byte	0
 627 025b 00       		.byte	0
ARM GAS  C:\Users\pfautley\AppData\Local\Temp\ccIjJbBc.s 			page 12


 628 025c 00       		.byte	0
 629 025d 00       		.byte	0
 630 025e 00       		.byte	0
 631 025f 00       		.byte	0
 632 0260 00       		.byte	0
 633 0261 00       		.byte	0
 634 0262 00       		.byte	0
 635 0263 00       		.byte	0
 636 0264 00       		.byte	0
 637 0265 00       		.byte	0
 638 0266 00       		.byte	0
 639 0267 00       		.byte	0
 640 0268 00       		.byte	0
 641 0269 00       		.byte	0
 642 026a 00       		.byte	0
 643 026b 00       		.byte	0
 644 026c 00       		.byte	0
 645 026d 00       		.byte	0
 646 026e 00       		.byte	0
 647 026f 00       		.byte	0
 648 0270 00       		.byte	0
 649 0271 00       		.byte	0
 650 0272 00       		.byte	0
 651 0273 00       		.byte	0
 652 0274 00       		.byte	0
 653 0275 00       		.byte	0
 654 0276 00       		.byte	0
 655 0277 00       		.byte	0
 656 0278 00       		.byte	0
 657 0279 00       		.byte	0
 658 027a 00       		.byte	0
 659 027b 00       		.byte	0
 660 027c 00       		.byte	0
 661 027d 00       		.byte	0
 662 027e 00       		.byte	0
 663 027f 00       		.byte	0
 664 0280 00       		.byte	0
 665 0281 00       		.byte	0
 666 0282 00       		.byte	0
 667 0283 00       		.byte	0
 668 0284 00       		.byte	0
 669 0285 00       		.byte	0
 670 0286 00       		.byte	0
 671 0287 00       		.byte	0
 672 0288 00       		.byte	0
 673 0289 00       		.byte	0
 674 028a 00       		.byte	0
 675 028b 00       		.byte	0
 676 028c 00       		.byte	0
 677 028d 00       		.byte	0
 678 028e 00       		.byte	0
 679 028f 00       		.byte	0
 680 0290 00       		.byte	0
 681 0291 00       		.byte	0
 682 0292 00       		.byte	0
 683 0293 00       		.byte	0
 684 0294 00       		.byte	0
ARM GAS  C:\Users\pfautley\AppData\Local\Temp\ccIjJbBc.s 			page 13


 685 0295 00       		.byte	0
 686 0296 00       		.byte	0
 687 0297 10       		.byte	16
 688 0298 00       		.byte	0
 689 0299 00       		.byte	0
 690 029a 00       		.byte	0
 691 029b 08       		.byte	8
 692 029c 00       		.byte	0
 693 029d 00       		.byte	0
 694 029e 00       		.byte	0
 695 029f 00       		.byte	0
 696 02a0 00       		.byte	0
 697 02a1 00       		.byte	0
 698 02a2 00       		.byte	0
 699 02a3 00       		.byte	0
 700 02a4 00       		.byte	0
 701 02a5 00       		.byte	0
 702 02a6 00       		.byte	0
 703 02a7 00       		.byte	0
 704 02a8 00       		.byte	0
 705 02a9 00       		.byte	0
 706 02aa 00       		.byte	0
 707 02ab 00       		.byte	0
 708 02ac 00       		.byte	0
 709 02ad 00       		.byte	0
 710 02ae 00       		.byte	0
 711 02af 00       		.byte	0
 712 02b0 00       		.byte	0
 713 02b1 00       		.byte	0
 714 02b2 00       		.byte	0
 715 02b3 00       		.byte	0
 716 02b4 00       		.byte	0
 717 02b5 00       		.byte	0
 718 02b6 00       		.byte	0
 719 02b7 00       		.byte	0
 720 02b8 00       		.byte	0
 721 02b9 00       		.byte	0
 722 02ba 00       		.byte	0
 723 02bb 00       		.byte	0
 724 02bc 00       		.byte	0
 725 02bd 00       		.byte	0
 726 02be 00       		.byte	0
 727 02bf 00       		.byte	0
 728 02c0 00       		.byte	0
 729 02c1 04       		.byte	4
 730 02c2 00       		.byte	0
 731 02c3 10       		.byte	16
 732 02c4 00       		.byte	0
 733 02c5 00       		.byte	0
 734 02c6 00       		.byte	0
 735 02c7 00       		.byte	0
 736 02c8 00       		.byte	0
 737 02c9 00       		.byte	0
 738 02ca 00       		.byte	0
 739 02cb 00       		.byte	0
 740 02cc 00       		.byte	0
 741 02cd 00       		.byte	0
ARM GAS  C:\Users\pfautley\AppData\Local\Temp\ccIjJbBc.s 			page 14


 742 02ce 00       		.byte	0
 743 02cf 00       		.byte	0
 744 02d0 00       		.byte	0
 745 02d1 00       		.byte	0
 746 02d2 00       		.byte	0
 747 02d3 00       		.byte	0
 748 02d4 00       		.byte	0
 749 02d5 00       		.byte	0
 750 02d6 00       		.byte	0
 751 02d7 00       		.byte	0
 752 02d8 00       		.byte	0
 753 02d9 00       		.byte	0
 754 02da 00       		.byte	0
 755 02db 04       		.byte	4
 756 02dc 00       		.byte	0
 757 02dd 00       		.byte	0
 758 02de 00       		.byte	0
 759 02df 00       		.byte	0
 760 02e0 00       		.byte	0
 761 02e1 00       		.byte	0
 762 02e2 00       		.byte	0
 763 02e3 00       		.byte	0
 764 02e4 00       		.byte	0
 765 02e5 00       		.byte	0
 766 02e6 00       		.byte	0
 767 02e7 00       		.byte	0
 768 02e8 00       		.byte	0
 769 02e9 00       		.byte	0
 770 02ea 00       		.byte	0
 771 02eb 00       		.byte	0
 772 02ec 00       		.byte	0
 773 02ed 00       		.byte	0
 774 02ee 00       		.byte	0
 775 02ef 00       		.byte	0
 776 02f0 00       		.byte	0
 777 02f1 00       		.byte	0
 778 02f2 00       		.byte	0
 779 02f3 00       		.byte	0
 780 02f4 00       		.byte	0
 781 02f5 00       		.byte	0
 782 02f6 00       		.byte	0
 783 02f7 00       		.byte	0
 784 02f8 08       		.byte	8
 785 02f9 00       		.byte	0
 786 02fa 00       		.byte	0
 787 02fb 00       		.byte	0
 788 02fc 00       		.byte	0
 789 02fd 00       		.byte	0
 790 02fe 00       		.byte	0
 791 02ff 00       		.byte	0
 792 0300 00       		.byte	0
 793 0301 00       		.byte	0
 794 0302 00       		.byte	0
 795 0303 00       		.byte	0
 796 0304 00       		.byte	0
 797 0305 00       		.byte	0
 798 0306 00       		.byte	0
ARM GAS  C:\Users\pfautley\AppData\Local\Temp\ccIjJbBc.s 			page 15


 799 0307 00       		.byte	0
 800 0308 00       		.byte	0
 801 0309 00       		.byte	0
 802 030a 00       		.byte	0
 803 030b 00       		.byte	0
 804 030c 00       		.byte	0
 805 030d 00       		.byte	0
 806 030e 04       		.byte	4
 807 030f 00       		.byte	0
 808 0310 02       		.byte	2
 809 0311 00       		.byte	0
 810 0312 00       		.byte	0
 811 0313 00       		.byte	0
 812 0314 00       		.byte	0
 813 0315 00       		.byte	0
 814 0316 00       		.byte	0
 815 0317 00       		.byte	0
 816 0318 00       		.byte	0
 817 0319 00       		.byte	0
 818 031a 04       		.byte	4
 819 031b 00       		.byte	0
 820 031c 01       		.byte	1
 821 031d 00       		.byte	0
 822 031e 00       		.byte	0
 823 031f 00       		.byte	0
 824 0320 00       		.byte	0
 825 0321 00       		.byte	0
 826 0322 00       		.byte	0
 827 0323 00       		.byte	0
 828 0324 00       		.byte	0
 829 0325 00       		.byte	0
 830 0326 00       		.byte	0
 831 0327 00       		.byte	0
 832 0328 00       		.byte	0
 833 0329 00       		.byte	0
 834 032a 00       		.byte	0
 835 032b 00       		.byte	0
 836 032c 00       		.byte	0
 837 032d 00       		.byte	0
 838 032e 00       		.byte	0
 839 032f 00       		.byte	0
 840 0330 00       		.byte	0
 841 0331 00       		.byte	0
 842 0332 00       		.byte	0
 843 0333 00       		.byte	0
 844 0334 00       		.byte	0
 845 0335 00       		.byte	0
 846 0336 00       		.byte	0
 847 0337 00       		.byte	0
 848 0338 00       		.byte	0
 849 0339 00       		.byte	0
 850 033a 00       		.byte	0
 851 033b 00       		.byte	0
 852 033c 00       		.byte	0
 853 033d 00       		.byte	0
 854 033e 00       		.byte	0
 855 033f 00       		.byte	0
ARM GAS  C:\Users\pfautley\AppData\Local\Temp\ccIjJbBc.s 			page 16


 856 0340 00       		.byte	0
 857 0341 00       		.byte	0
 858 0342 00       		.byte	0
 859 0343 00       		.byte	0
 860 0344 00       		.byte	0
 861 0345 00       		.byte	0
 862 0346 00       		.byte	0
 863 0347 04       		.byte	4
 864 0348 00       		.byte	0
 865 0349 00       		.byte	0
 866 034a 00       		.byte	0
 867 034b 00       		.byte	0
 868 034c 00       		.byte	0
 869 034d 00       		.byte	0
 870 034e 00       		.byte	0
 871 034f 00       		.byte	0
 872 0350 00       		.byte	0
 873 0351 00       		.byte	0
 874 0352 00       		.byte	0
 875 0353 00       		.byte	0
 876 0354 00       		.byte	0
 877 0355 00       		.byte	0
 878 0356 00       		.byte	0
 879 0357 00       		.byte	0
 880 0358 00       		.byte	0
 881 0359 00       		.byte	0
 882 035a 00       		.byte	0
 883 035b 00       		.byte	0
 884 035c 00       		.byte	0
 885 035d 00       		.byte	0
 886 035e 00       		.byte	0
 887 035f 00       		.byte	0
 888 0360 00       		.byte	0
 889 0361 00       		.byte	0
 890 0362 00       		.byte	0
 891 0363 00       		.byte	0
 892 0364 00       		.byte	0
 893 0365 00       		.byte	0
 894 0366 00       		.byte	0
 895 0367 00       		.byte	0
 896 0368 00       		.byte	0
 897 0369 00       		.byte	0
 898 036a 00       		.byte	0
 899 036b 00       		.byte	0
 900 036c 00       		.byte	0
 901 036d 00       		.byte	0
 902 036e 00       		.byte	0
 903 036f 00       		.byte	0
 904 0370 00       		.byte	0
 905 0371 00       		.byte	0
 906 0372 00       		.byte	0
 907 0373 00       		.byte	0
 908 0374 00       		.byte	0
 909 0375 00       		.byte	0
 910 0376 00       		.byte	0
 911 0377 00       		.byte	0
 912 0378 00       		.byte	0
ARM GAS  C:\Users\pfautley\AppData\Local\Temp\ccIjJbBc.s 			page 17


 913 0379 00       		.byte	0
 914 037a 00       		.byte	0
 915 037b 00       		.byte	0
 916 037c 00       		.byte	0
 917 037d 00       		.byte	0
 918 037e 00       		.byte	0
 919 037f 00       		.byte	0
 920 0380 00       		.byte	0
 921 0381 00       		.byte	0
 922 0382 00       		.byte	0
 923 0383 00       		.byte	0
 924 0384 00       		.byte	0
 925 0385 00       		.byte	0
 926 0386 00       		.byte	0
 927 0387 00       		.byte	0
 928 0388 00       		.byte	0
 929 0389 00       		.byte	0
 930 038a 00       		.byte	0
 931 038b 00       		.byte	0
 932 038c 00       		.byte	0
 933 038d 00       		.byte	0
 934 038e 00       		.byte	0
 935 038f 00       		.byte	0
 936 0390 00       		.byte	0
 937 0391 00       		.byte	0
 938 0392 00       		.byte	0
 939 0393 00       		.byte	0
 940 0394 00       		.byte	0
 941 0395 00       		.byte	0
 942 0396 00       		.byte	0
 943 0397 00       		.byte	0
 944 0398 02       		.byte	2
 945 0399 00       		.byte	0
 946 039a 00       		.byte	0
 947 039b 00       		.byte	0
 948 039c 00       		.byte	0
 949 039d 00       		.byte	0
 950 039e 00       		.byte	0
 951 039f 00       		.byte	0
 952 03a0 00       		.byte	0
 953 03a1 00       		.byte	0
 954 03a2 00       		.byte	0
 955 03a3 00       		.byte	0
 956 03a4 00       		.byte	0
 957 03a5 00       		.byte	0
 958 03a6 00       		.byte	0
 959 03a7 00       		.byte	0
 960 03a8 00       		.byte	0
 961 03a9 00       		.byte	0
 962 03aa 00       		.byte	0
 963 03ab 00       		.byte	0
 964 03ac 00       		.byte	0
 965 03ad 00       		.byte	0
 966 03ae 00       		.byte	0
 967 03af 00       		.byte	0
 968 03b0 00       		.byte	0
 969 03b1 00       		.byte	0
ARM GAS  C:\Users\pfautley\AppData\Local\Temp\ccIjJbBc.s 			page 18


 970 03b2 00       		.byte	0
 971 03b3 00       		.byte	0
 972 03b4 00       		.byte	0
 973 03b5 00       		.byte	0
 974 03b6 00       		.byte	0
 975 03b7 00       		.byte	0
 976 03b8 00       		.byte	0
 977 03b9 02       		.byte	2
 978 03ba 00       		.byte	0
 979 03bb 00       		.byte	0
 980 03bc 00       		.byte	0
 981 03bd 00       		.byte	0
 982 03be 00       		.byte	0
 983 03bf 00       		.byte	0
 984 03c0 00       		.byte	0
 985 03c1 10       		.byte	16
 986 03c2 01       		.byte	1
 987 03c3 00       		.byte	0
 988 03c4 00       		.byte	0
 989 03c5 00       		.byte	0
 990 03c6 00       		.byte	0
 991 03c7 00       		.byte	0
 992 03c8 00       		.byte	0
 993 03c9 80       		.byte	-128
 994 03ca 00       		.byte	0
 995 03cb 04       		.byte	4
 996 03cc 00       		.byte	0
 997 03cd 00       		.byte	0
 998 03ce 00       		.byte	0
 999 03cf 00       		.byte	0
 1000 03d0 00       		.byte	0
 1001 03d1 02       		.byte	2
 1002 03d2 01       		.byte	1
 1003 03d3 00       		.byte	0
 1004 03d4 00       		.byte	0
 1005 03d5 00       		.byte	0
 1006 03d6 00       		.byte	0
 1007 03d7 00       		.byte	0
 1008 03d8 00       		.byte	0
 1009 03d9 40       		.byte	64
 1010 03da 11       		.byte	17
 1011 03db 12       		.byte	18
 1012 03dc 00       		.byte	0
 1013 03dd 00       		.byte	0
 1014 03de 00       		.byte	0
 1015 03df 20       		.byte	32
 1016 03e0 00       		.byte	0
 1017 03e1 41       		.byte	65
 1018 03e2 20       		.byte	32
 1019 03e3 20       		.byte	32
 1020 03e4 80       		.byte	-128
 1021 03e5 10       		.byte	16
 1022 03e6 00       		.byte	0
 1023 03e7 11       		.byte	17
 1024 03e8 08       		.byte	8
 1025 03e9 00       		.byte	0
 1026 03ea 11       		.byte	17
ARM GAS  C:\Users\pfautley\AppData\Local\Temp\ccIjJbBc.s 			page 19


 1027 03eb 40       		.byte	64
 1028 03ec 00       		.byte	0
 1029 03ed 00       		.byte	0
 1030 03ee 41       		.byte	65
 1031 03ef 10       		.byte	16
 1032 03f0 26       		.byte	38
 1033 03f1 40       		.byte	64
 1034 03f2 00       		.byte	0
 1035 03f3 00       		.byte	0
 1036 03f4 00       		.byte	0
 1037 03f5 A2       		.byte	-94
 1038 03f6 20       		.byte	32
 1039 03f7 04       		.byte	4
 1040 03f8 04       		.byte	4
 1041 03f9 41       		.byte	65
 1042 03fa 20       		.byte	32
 1043 03fb 00       		.byte	0
 1044 03fc 00       		.byte	0
 1045 03fd 00       		.byte	0
 1046 03fe 00       		.byte	0
 1047 03ff 00       		.byte	0
 1048 0400 00       		.byte	0
 1049 0401 05       		.byte	5
 1050 0402 84       		.byte	-124
 1051 0403 00       		.byte	0
 1052 0404 00       		.byte	0
 1053 0405 00       		.byte	0
 1054 0406 00       		.byte	0
 1055 0407 00       		.byte	0
 1056 0408 01       		.byte	1
 1057 0409 00       		.byte	0
 1058 040a 10       		.byte	16
 1059 040b 09       		.byte	9
 1060 040c 00       		.byte	0
 1061 040d 00       		.byte	0
 1062 040e 00       		.byte	0
 1063 040f 00       		.byte	0
 1064 0410 00       		.byte	0
 1065 0411 00       		.byte	0
 1066 0412 00       		.byte	0
 1067 0413 00       		.byte	0
 1068 0414 00       		.byte	0
 1069 0415 00       		.byte	0
 1070 0416 00       		.byte	0
 1071 0417 00       		.byte	0
 1072 0418 00       		.byte	0
 1073 0419 00       		.byte	0
 1074 041a 90       		.byte	-112
 1075 041b 10       		.byte	16
 1076 041c 00       		.byte	0
 1077 041d 02       		.byte	2
 1078 041e 00       		.byte	0
 1079 041f 00       		.byte	0
 1080 0420 00       		.byte	0
 1081 0421 00       		.byte	0
 1082 0422 00       		.byte	0
 1083 0423 00       		.byte	0
ARM GAS  C:\Users\pfautley\AppData\Local\Temp\ccIjJbBc.s 			page 20


 1084 0424 08       		.byte	8
 1085 0425 51       		.byte	81
 1086 0426 82       		.byte	-126
 1087 0427 F5       		.byte	-11
 1088 0428 00       		.byte	0
 1089 0429 00       		.byte	0
 1090 042a 00       		.byte	0
 1091 042b 00       		.byte	0
 1092 042c 80       		.byte	-128
 1093 042d 40       		.byte	64
 1094 042e 00       		.byte	0
 1095 042f 00       		.byte	0
 1096 0430 00       		.byte	0
 1097 0431 00       		.byte	0
 1098 0432 00       		.byte	0
 1099 0433 00       		.byte	0
 1100 0434 00       		.byte	0
 1101 0435 00       		.byte	0
 1102 0436 00       		.byte	0
 1103 0437 00       		.byte	0
 1104 0438 00       		.byte	0
 1105 0439 00       		.byte	0
 1106 043a 00       		.byte	0
 1107 043b 00       		.byte	0
 1108 043c 00       		.byte	0
 1109 043d 00       		.byte	0
 1110 043e 00       		.byte	0
 1111 043f 00       		.byte	0
 1112 0440 00       		.byte	0
 1113 0441 01       		.byte	1
 1114 0442 01       		.byte	1
 1115 0443 00       		.byte	0
 1116 0444 00       		.byte	0
 1117 0445 00       		.byte	0
 1118 0446 00       		.byte	0
 1119 0447 00       		.byte	0
 1120 0448 24       		.byte	36
 1121 0449 00       		.byte	0
 1122 044a 00       		.byte	0
 1123 044b 24       		.byte	36
 1124 044c 02       		.byte	2
 1125 044d 51       		.byte	81
 1126 044e 20       		.byte	32
 1127 044f 00       		.byte	0
 1128 0450 00       		.byte	0
 1129 0451 00       		.byte	0
 1130 0452 00       		.byte	0
 1131 0453 00       		.byte	0
 1132 0454 00       		.byte	0
 1133 0455 44       		.byte	68
 1134 0456 00       		.byte	0
 1135 0457 37       		.byte	55
 1136 0458 00       		.byte	0
 1137 0459 51       		.byte	81
 1138 045a 04       		.byte	4
 1139 045b 00       		.byte	0
 1140 045c 80       		.byte	-128
ARM GAS  C:\Users\pfautley\AppData\Local\Temp\ccIjJbBc.s 			page 21


 1141 045d 00       		.byte	0
 1142 045e 00       		.byte	0
 1143 045f 88       		.byte	-120
 1144 0460 00       		.byte	0
 1145 0461 00       		.byte	0
 1146 0462 00       		.byte	0
 1147 0463 00       		.byte	0
 1148 0464 00       		.byte	0
 1149 0465 00       		.byte	0
 1150 0466 00       		.byte	0
 1151 0467 00       		.byte	0
 1152 0468 00       		.byte	0
 1153 0469 00       		.byte	0
 1154 046a 00       		.byte	0
 1155 046b 00       		.byte	0
 1156 046c 00       		.byte	0
 1157 046d 00       		.byte	0
 1158 046e 00       		.byte	0
 1159 046f 00       		.byte	0
 1160 0470 00       		.byte	0
 1161 0471 00       		.byte	0
 1162 0472 00       		.byte	0
 1163 0473 00       		.byte	0
 1164 0474 00       		.byte	0
 1165 0475 00       		.byte	0
 1166 0476 00       		.byte	0
 1167 0477 00       		.byte	0
 1168 0478 08       		.byte	8
 1169 0479 00       		.byte	0
 1170 047a 03       		.byte	3
 1171 047b 00       		.byte	0
 1172 047c 05       		.byte	5
 1173 047d 00       		.byte	0
 1174 047e 00       		.byte	0
 1175 047f 00       		.byte	0
 1176 0480 00       		.byte	0
 1177 0481 00       		.byte	0
 1178 0482 FF       		.byte	-1
 1179 0483 00       		.byte	0
 1180 0484 BF       		.byte	-65
 1181 0485 00       		.byte	0
 1182 0486 FF       		.byte	-1
 1183 0487 00       		.byte	0
 1184 0488 0F       		.byte	15
 1185 0489 00       		.byte	0
 1186 048a 04       		.byte	4
 1187 048b 00       		.byte	0
 1188 048c 00       		.byte	0
 1189 048d 00       		.byte	0
 1190 048e 00       		.byte	0
 1191 048f 00       		.byte	0
 1192 0490 8E       		.byte	-114
 1193 0491 00       		.byte	0
 1194 0492 00       		.byte	0
 1195 0493 00       		.byte	0
 1196 0494 00       		.byte	0
 1197 0495 00       		.byte	0
ARM GAS  C:\Users\pfautley\AppData\Local\Temp\ccIjJbBc.s 			page 22


 1198 0496 00       		.byte	0
 1199 0497 00       		.byte	0
 1200 0498 00       		.byte	0
 1201 0499 00       		.byte	0
 1202 049a 00       		.byte	0
 1203 049b 00       		.byte	0
 1204 049c 00       		.byte	0
 1205 049d 00       		.byte	0
 1206 049e 00       		.byte	0
 1207 049f 00       		.byte	0
 1208 04a0 00       		.byte	0
 1209 04a1 00       		.byte	0
 1210 04a2 00       		.byte	0
 1211 04a3 00       		.byte	0
 1212 04a4 00       		.byte	0
 1213 04a5 00       		.byte	0
 1214 04a6 00       		.byte	0
 1215 04a7 00       		.byte	0
 1216 04a8 00       		.byte	0
 1217 04a9 00       		.byte	0
 1218 04aa 00       		.byte	0
 1219 04ab 00       		.byte	0
 1220 04ac 00       		.byte	0
 1221 04ad 00       		.byte	0
 1222 04ae 00       		.byte	0
 1223 04af 00       		.byte	0
 1224 04b0 00       		.byte	0
 1225 04b1 00       		.byte	0
 1226 04b2 00       		.byte	0
 1227 04b3 00       		.byte	0
 1228 04b4 00       		.byte	0
 1229 04b5 00       		.byte	0
 1230 04b6 00       		.byte	0
 1231 04b7 00       		.byte	0
 1232 04b8 14       		.byte	20
 1233 04b9 00       		.byte	0
 1234 04ba 00       		.byte	0
 1235 04bb 00       		.byte	0
 1236 04bc 02       		.byte	2
 1237 04bd 10       		.byte	16
 1238 04be 00       		.byte	0
 1239 04bf 11       		.byte	17
 1240 04c0 00       		.byte	0
 1241 04c1 40       		.byte	64
 1242 04c2 20       		.byte	32
 1243 04c3 00       		.byte	0
 1244 04c4 80       		.byte	-128
 1245 04c5 08       		.byte	8
 1246 04c6 80       		.byte	-128
 1247 04c7 04       		.byte	4
 1248 04c8 00       		.byte	0
 1249 04c9 20       		.byte	32
 1250 04ca 00       		.byte	0
 1251 04cb 00       		.byte	0
 1252 04cc 10       		.byte	16
 1253 04cd 01       		.byte	1
 1254 04ce 00       		.byte	0
ARM GAS  C:\Users\pfautley\AppData\Local\Temp\ccIjJbBc.s 			page 23


 1255 04cf 68       		.byte	104
 1256 04d0 11       		.byte	17
 1257 04d1 02       		.byte	2
 1258 04d2 00       		.byte	0
 1259 04d3 00       		.byte	0
 1260 04d4 00       		.byte	0
 1261 04d5 10       		.byte	16
 1262 04d6 80       		.byte	-128
 1263 04d7 10       		.byte	16
 1264 04d8 04       		.byte	4
 1265 04d9 00       		.byte	0
 1266 04da 44       		.byte	68
 1267 04db 04       		.byte	4
 1268 04dc 20       		.byte	32
 1269 04dd 59       		.byte	89
 1270 04de 04       		.byte	4
 1271 04df 48       		.byte	72
 1272 04e0 10       		.byte	16
 1273 04e1 60       		.byte	96
 1274 04e2 00       		.byte	0
 1275 04e3 88       		.byte	-120
 1276 04e4 80       		.byte	-128
 1277 04e5 00       		.byte	0
 1278 04e6 00       		.byte	0
 1279 04e7 08       		.byte	8
 1280 04e8 00       		.byte	0
 1281 04e9 00       		.byte	0
 1282 04ea 04       		.byte	4
 1283 04eb 50       		.byte	80
 1284 04ec 00       		.byte	0
 1285 04ed 00       		.byte	0
 1286 04ee 00       		.byte	0
 1287 04ef 55       		.byte	85
 1288 04f0 00       		.byte	0
 1289 04f1 50       		.byte	80
 1290 04f2 01       		.byte	1
 1291 04f3 04       		.byte	4
 1292 04f4 00       		.byte	0
 1293 04f5 A1       		.byte	-95
 1294 04f6 00       		.byte	0
 1295 04f7 04       		.byte	4
 1296 04f8 00       		.byte	0
 1297 04f9 00       		.byte	0
 1298 04fa 00       		.byte	0
 1299 04fb 00       		.byte	0
 1300 04fc 00       		.byte	0
 1301 04fd 40       		.byte	64
 1302 04fe 01       		.byte	1
 1303 04ff 00       		.byte	0
 1304 0500 00       		.byte	0
 1305 0501 00       		.byte	0
 1306 0502 00       		.byte	0
 1307 0503 00       		.byte	0
 1308 0504 00       		.byte	0
 1309 0505 00       		.byte	0
 1310 0506 00       		.byte	0
 1311 0507 00       		.byte	0
ARM GAS  C:\Users\pfautley\AppData\Local\Temp\ccIjJbBc.s 			page 24


 1312 0508 00       		.byte	0
 1313 0509 00       		.byte	0
 1314 050a 00       		.byte	0
 1315 050b 00       		.byte	0
 1316 050c 00       		.byte	0
 1317 050d 00       		.byte	0
 1318 050e 00       		.byte	0
 1319 050f 00       		.byte	0
 1320 0510 00       		.byte	0
 1321 0511 24       		.byte	36
 1322 0512 80       		.byte	-128
 1323 0513 02       		.byte	2
 1324 0514 00       		.byte	0
 1325 0515 00       		.byte	0
 1326 0516 00       		.byte	0
 1327 0517 00       		.byte	0
 1328 0518 01       		.byte	1
 1329 0519 00       		.byte	0
 1330 051a 00       		.byte	0
 1331 051b 00       		.byte	0
 1332 051c 00       		.byte	0
 1333 051d 00       		.byte	0
 1334 051e 00       		.byte	0
 1335 051f 00       		.byte	0
 1336 0520 00       		.byte	0
 1337 0521 00       		.byte	0
 1338 0522 00       		.byte	0
 1339 0523 00       		.byte	0
 1340 0524 00       		.byte	0
 1341 0525 00       		.byte	0
 1342 0526 00       		.byte	0
 1343 0527 00       		.byte	0
 1344 0528 00       		.byte	0
 1345 0529 00       		.byte	0
 1346 052a 00       		.byte	0
 1347 052b 00       		.byte	0
 1348 052c 00       		.byte	0
 1349 052d 00       		.byte	0
 1350 052e 00       		.byte	0
 1351 052f 00       		.byte	0
 1352 0530 00       		.byte	0
 1353 0531 00       		.byte	0
 1354 0532 00       		.byte	0
 1355 0533 00       		.byte	0
 1356 0534 00       		.byte	0
 1357 0535 00       		.byte	0
 1358 0536 00       		.byte	0
 1359 0537 00       		.byte	0
 1360 0538 00       		.byte	0
 1361 0539 00       		.byte	0
 1362 053a 00       		.byte	0
 1363 053b 00       		.byte	0
 1364 053c 00       		.byte	0
 1365 053d 00       		.byte	0
 1366 053e 00       		.byte	0
 1367 053f 00       		.byte	0
 1368 0540 00       		.byte	0
ARM GAS  C:\Users\pfautley\AppData\Local\Temp\ccIjJbBc.s 			page 25


 1369 0541 00       		.byte	0
 1370 0542 00       		.byte	0
 1371 0543 00       		.byte	0
 1372 0544 00       		.byte	0
 1373 0545 02       		.byte	2
 1374 0546 00       		.byte	0
 1375 0547 00       		.byte	0
 1376 0548 00       		.byte	0
 1377 0549 00       		.byte	0
 1378 054a 00       		.byte	0
 1379 054b 00       		.byte	0
 1380 054c 00       		.byte	0
 1381 054d 00       		.byte	0
 1382 054e 00       		.byte	0
 1383 054f 00       		.byte	0
 1384 0550 00       		.byte	0
 1385 0551 00       		.byte	0
 1386 0552 00       		.byte	0
 1387 0553 00       		.byte	0
 1388 0554 00       		.byte	0
 1389 0555 00       		.byte	0
 1390 0556 00       		.byte	0
 1391 0557 00       		.byte	0
 1392 0558 00       		.byte	0
 1393 0559 00       		.byte	0
 1394 055a 00       		.byte	0
 1395 055b 00       		.byte	0
 1396 055c 00       		.byte	0
 1397 055d 00       		.byte	0
 1398 055e 00       		.byte	0
 1399 055f 00       		.byte	0
 1400 0560 00       		.byte	0
 1401 0561 00       		.byte	0
 1402 0562 00       		.byte	0
 1403 0563 00       		.byte	0
 1404 0564 00       		.byte	0
 1405 0565 00       		.byte	0
 1406 0566 00       		.byte	0
 1407 0567 00       		.byte	0
 1408 0568 00       		.byte	0
 1409 0569 00       		.byte	0
 1410 056a 00       		.byte	0
 1411 056b 00       		.byte	0
 1412 056c 00       		.byte	0
 1413 056d 00       		.byte	0
 1414 056e 00       		.byte	0
 1415 056f 00       		.byte	0
 1416 0570 00       		.byte	0
 1417 0571 00       		.byte	0
 1418 0572 00       		.byte	0
 1419 0573 00       		.byte	0
 1420 0574 00       		.byte	0
 1421 0575 00       		.byte	0
 1422 0576 00       		.byte	0
 1423 0577 00       		.byte	0
 1424 0578 F6       		.byte	-10
 1425 0579 00       		.byte	0
ARM GAS  C:\Users\pfautley\AppData\Local\Temp\ccIjJbBc.s 			page 26


 1426 057a F5       		.byte	-11
 1427 057b 00       		.byte	0
 1428 057c F2       		.byte	-14
 1429 057d 00       		.byte	0
 1430 057e 00       		.byte	0
 1431 057f 00       		.byte	0
 1432 0580 00       		.byte	0
 1433 0581 00       		.byte	0
 1434 0582 AF       		.byte	-81
 1435 0583 00       		.byte	0
 1436 0584 FE       		.byte	-2
 1437 0585 00       		.byte	0
 1438 0586 FF       		.byte	-1
 1439 0587 00       		.byte	0
 1440 0588 00       		.byte	0
 1441 0589 00       		.byte	0
 1442 058a 00       		.byte	0
 1443 058b 00       		.byte	0
 1444 058c 00       		.byte	0
 1445 058d 00       		.byte	0
 1446 058e 0F       		.byte	15
 1447 058f 00       		.byte	0
 1448 0590 08       		.byte	8
 1449 0591 00       		.byte	0
 1450 0592 00       		.byte	0
 1451 0593 00       		.byte	0
 1452 0594 00       		.byte	0
 1453 0595 00       		.byte	0
 1454 0596 00       		.byte	0
 1455 0597 00       		.byte	0
 1456 0598 00       		.byte	0
 1457 0599 00       		.byte	0
 1458 059a 00       		.byte	0
 1459 059b 00       		.byte	0
 1460 059c 00       		.byte	0
 1461 059d 00       		.byte	0
 1462 059e 00       		.byte	0
 1463 059f 00       		.byte	0
 1464 05a0 00       		.byte	0
 1465 05a1 00       		.byte	0
 1466 05a2 00       		.byte	0
 1467 05a3 00       		.byte	0
 1468 05a4 00       		.byte	0
 1469 05a5 00       		.byte	0
 1470 05a6 00       		.byte	0
 1471 05a7 00       		.byte	0
 1472 05a8 00       		.byte	0
 1473 05a9 00       		.byte	0
 1474 05aa 00       		.byte	0
 1475 05ab 00       		.byte	0
 1476 05ac 00       		.byte	0
 1477 05ad 00       		.byte	0
 1478 05ae 00       		.byte	0
 1479 05af 00       		.byte	0
 1480 05b0 00       		.byte	0
 1481 05b1 00       		.byte	0
 1482 05b2 00       		.byte	0
ARM GAS  C:\Users\pfautley\AppData\Local\Temp\ccIjJbBc.s 			page 27


 1483 05b3 00       		.byte	0
 1484 05b4 00       		.byte	0
 1485 05b5 00       		.byte	0
 1486 05b6 00       		.byte	0
 1487 05b7 00       		.byte	0
 1488 05b8 00       		.byte	0
 1489 05b9 7F       		.byte	127
 1490 05ba 7F       		.byte	127
 1491 05bb 00       		.byte	0
 1492 05bc 00       		.byte	0
 1493 05bd 00       		.byte	0
 1494 05be 00       		.byte	0
 1495 05bf 00       		.byte	0
 1496 05c0 01       		.byte	1
 1497 05c1 54       		.byte	84
 1498 05c2 54       		.byte	84
 1499 05c3 00       		.byte	0
 1500 05c4 14       		.byte	20
 1501 05c5 00       		.byte	0
 1502 05c6 00       		.byte	0
 1503 05c7 00       		.byte	0
 1504              		.global	cy_meta_custnvl
 1505              		.section	.cycustnvl,"a",%progbits
 1506              		.align	2
 1507              		.type	cy_meta_custnvl, %object
 1508              		.size	cy_meta_custnvl, 4
 1509              	cy_meta_custnvl:
 1510 0000 00       		.byte	0
 1511 0001 00       		.byte	0
 1512 0002 40       		.byte	64
 1513 0003 05       		.byte	5
 1514              		.global	cy_meta_wonvl
 1515              		.section	.cywolatch,"a",%progbits
 1516              		.align	2
 1517              		.type	cy_meta_wonvl, %object
 1518              		.size	cy_meta_wonvl, 4
 1519              	cy_meta_wonvl:
 1520 0000 BC       		.byte	-68
 1521 0001 90       		.byte	-112
 1522 0002 AC       		.byte	-84
 1523 0003 AF       		.byte	-81
 1524              		.global	cy_meta_flashprotect
 1525              		.section	.cyflashprotect,"a",%progbits
 1526              		.align	2
 1527              		.type	cy_meta_flashprotect, %object
 1528              		.size	cy_meta_flashprotect, 256
 1529              	cy_meta_flashprotect:
 1530 0000 00000000 		.space	256
 1530      00000000 
 1530      00000000 
 1530      00000000 
 1530      00000000 
 1531              		.global	cy_metadata
 1532              		.section	.cymeta,"a",%progbits
 1533              		.align	2
 1534              		.type	cy_metadata, %object
 1535              		.size	cy_metadata, 12
ARM GAS  C:\Users\pfautley\AppData\Local\Temp\ccIjJbBc.s 			page 28


 1536              	cy_metadata:
 1537 0000 00       		.byte	0
 1538 0001 01       		.byte	1
 1539 0002 2E       		.byte	46
 1540 0003 12       		.byte	18
 1541 0004 30       		.byte	48
 1542 0005 69       		.byte	105
 1543 0006 00       		.byte	0
 1544 0007 01       		.byte	1
 1545 0008 00       		.byte	0
 1546 0009 00       		.byte	0
 1547 000a 00       		.byte	0
 1548 000b 00       		.byte	0
 1549              		.text
 1550              	.Letext0:
 1551              		.file 1 ".\\Generated_Source\\PSoC5\\cymetadata.c"
 1552              		.file 2 ".\\Generated_Source\\PSoC5\\cytypes.h"
 1553              		.section	.debug_info,"",%progbits
 1554              	.Ldebug_info0:
 1555 0000 37010000 		.4byte	0x137
 1556 0004 0400     		.2byte	0x4
 1557 0006 00000000 		.4byte	.Ldebug_abbrev0
 1558 000a 04       		.byte	0x4
 1559 000b 01       		.uleb128 0x1
 1560 000c 11010000 		.4byte	.LASF18
 1561 0010 01       		.byte	0x1
 1562 0011 59000000 		.4byte	.LASF19
 1563 0015 00000000 		.4byte	.LASF20
 1564 0019 00000000 		.4byte	.Ldebug_line0
 1565 001d 02       		.uleb128 0x2
 1566 001e 01       		.byte	0x1
 1567 001f 06       		.byte	0x6
 1568 0020 E5010000 		.4byte	.LASF0
 1569 0024 02       		.uleb128 0x2
 1570 0025 01       		.byte	0x1
 1571 0026 08       		.byte	0x8
 1572 0027 91000000 		.4byte	.LASF1
 1573 002b 02       		.uleb128 0x2
 1574 002c 02       		.byte	0x2
 1575 002d 05       		.byte	0x5
 1576 002e CC010000 		.4byte	.LASF2
 1577 0032 02       		.uleb128 0x2
 1578 0033 02       		.byte	0x2
 1579 0034 07       		.byte	0x7
 1580 0035 B1000000 		.4byte	.LASF3
 1581 0039 02       		.uleb128 0x2
 1582 003a 04       		.byte	0x4
 1583 003b 05       		.byte	0x5
 1584 003c DC010000 		.4byte	.LASF4
 1585 0040 02       		.uleb128 0x2
 1586 0041 04       		.byte	0x4
 1587 0042 07       		.byte	0x7
 1588 0043 9F000000 		.4byte	.LASF5
 1589 0047 02       		.uleb128 0x2
 1590 0048 08       		.byte	0x8
 1591 0049 05       		.byte	0x5
 1592 004a B9010000 		.4byte	.LASF6
ARM GAS  C:\Users\pfautley\AppData\Local\Temp\ccIjJbBc.s 			page 29


 1593 004e 02       		.uleb128 0x2
 1594 004f 08       		.byte	0x8
 1595 0050 07       		.byte	0x7
 1596 0051 FA000000 		.4byte	.LASF7
 1597 0055 03       		.uleb128 0x3
 1598 0056 04       		.byte	0x4
 1599 0057 05       		.byte	0x5
 1600 0058 696E7400 		.ascii	"int\000"
 1601 005c 02       		.uleb128 0x2
 1602 005d 04       		.byte	0x4
 1603 005e 07       		.byte	0x7
 1604 005f ED000000 		.4byte	.LASF8
 1605 0063 04       		.uleb128 0x4
 1606 0064 D6010000 		.4byte	.LASF21
 1607 0068 02       		.byte	0x2
 1608 0069 A1       		.byte	0xa1
 1609 006a 24000000 		.4byte	0x24
 1610 006e 02       		.uleb128 0x2
 1611 006f 04       		.byte	0x4
 1612 0070 04       		.byte	0x4
 1613 0071 8B000000 		.4byte	.LASF9
 1614 0075 02       		.uleb128 0x2
 1615 0076 08       		.byte	0x8
 1616 0077 04       		.byte	0x4
 1617 0078 C4000000 		.4byte	.LASF10
 1618 007c 02       		.uleb128 0x2
 1619 007d 01       		.byte	0x1
 1620 007e 08       		.byte	0x8
 1621 007f C7010000 		.4byte	.LASF11
 1622 0083 05       		.uleb128 0x5
 1623 0084 63000000 		.4byte	0x63
 1624 0088 94000000 		.4byte	0x94
 1625 008c 06       		.uleb128 0x6
 1626 008d 94000000 		.4byte	0x94
 1627 0091 C705     		.2byte	0x5c7
 1628 0093 00       		.byte	0
 1629 0094 02       		.uleb128 0x2
 1630 0095 04       		.byte	0x4
 1631 0096 07       		.byte	0x7
 1632 0097 B0010000 		.4byte	.LASF12
 1633 009b 07       		.uleb128 0x7
 1634 009c DB000000 		.4byte	.LASF13
 1635 00a0 01       		.byte	0x1
 1636 00a1 1C       		.byte	0x1c
 1637 00a2 AC000000 		.4byte	0xac
 1638 00a6 05       		.uleb128 0x5
 1639 00a7 03       		.byte	0x3
 1640 00a8 00000000 		.4byte	cy_meta_configecc
 1641 00ac 08       		.uleb128 0x8
 1642 00ad 83000000 		.4byte	0x83
 1643 00b1 05       		.uleb128 0x5
 1644 00b2 63000000 		.4byte	0x63
 1645 00b6 C1000000 		.4byte	0xc1
 1646 00ba 09       		.uleb128 0x9
 1647 00bb 94000000 		.4byte	0x94
 1648 00bf 03       		.byte	0x3
 1649 00c0 00       		.byte	0
ARM GAS  C:\Users\pfautley\AppData\Local\Temp\ccIjJbBc.s 			page 30


 1650 00c1 07       		.uleb128 0x7
 1651 00c2 CB000000 		.4byte	.LASF14
 1652 00c6 01       		.byte	0x1
 1653 00c7 DF       		.byte	0xdf
 1654 00c8 D2000000 		.4byte	0xd2
 1655 00cc 05       		.uleb128 0x5
 1656 00cd 03       		.byte	0x3
 1657 00ce 00000000 		.4byte	cy_meta_custnvl
 1658 00d2 08       		.uleb128 0x8
 1659 00d3 B1000000 		.4byte	0xb1
 1660 00d7 07       		.uleb128 0x7
 1661 00d8 A2010000 		.4byte	.LASF15
 1662 00dc 01       		.byte	0x1
 1663 00dd EA       		.byte	0xea
 1664 00de E8000000 		.4byte	0xe8
 1665 00e2 05       		.uleb128 0x5
 1666 00e3 03       		.byte	0x3
 1667 00e4 00000000 		.4byte	cy_meta_wonvl
 1668 00e8 08       		.uleb128 0x8
 1669 00e9 B1000000 		.4byte	0xb1
 1670 00ed 05       		.uleb128 0x5
 1671 00ee 63000000 		.4byte	0x63
 1672 00f2 FD000000 		.4byte	0xfd
 1673 00f6 09       		.uleb128 0x9
 1674 00f7 94000000 		.4byte	0x94
 1675 00fb FF       		.byte	0xff
 1676 00fc 00       		.byte	0
 1677 00fd 07       		.uleb128 0x7
 1678 00fe 8D010000 		.4byte	.LASF16
 1679 0102 01       		.byte	0x1
 1680 0103 F5       		.byte	0xf5
 1681 0104 0E010000 		.4byte	0x10e
 1682 0108 05       		.uleb128 0x5
 1683 0109 03       		.byte	0x3
 1684 010a 00000000 		.4byte	cy_meta_flashprotect
 1685 010e 08       		.uleb128 0x8
 1686 010f ED000000 		.4byte	0xed
 1687 0113 05       		.uleb128 0x5
 1688 0114 63000000 		.4byte	0x63
 1689 0118 23010000 		.4byte	0x123
 1690 011c 09       		.uleb128 0x9
 1691 011d 94000000 		.4byte	0x94
 1692 0121 0B       		.byte	0xb
 1693 0122 00       		.byte	0
 1694 0123 0A       		.uleb128 0xa
 1695 0124 7F000000 		.4byte	.LASF17
 1696 0128 01       		.byte	0x1
 1697 0129 1F01     		.2byte	0x11f
 1698 012b 35010000 		.4byte	0x135
 1699 012f 05       		.uleb128 0x5
 1700 0130 03       		.byte	0x3
 1701 0131 00000000 		.4byte	cy_metadata
 1702 0135 08       		.uleb128 0x8
 1703 0136 13010000 		.4byte	0x113
 1704 013a 00       		.byte	0
 1705              		.section	.debug_abbrev,"",%progbits
 1706              	.Ldebug_abbrev0:
ARM GAS  C:\Users\pfautley\AppData\Local\Temp\ccIjJbBc.s 			page 31


 1707 0000 01       		.uleb128 0x1
 1708 0001 11       		.uleb128 0x11
 1709 0002 01       		.byte	0x1
 1710 0003 25       		.uleb128 0x25
 1711 0004 0E       		.uleb128 0xe
 1712 0005 13       		.uleb128 0x13
 1713 0006 0B       		.uleb128 0xb
 1714 0007 03       		.uleb128 0x3
 1715 0008 0E       		.uleb128 0xe
 1716 0009 1B       		.uleb128 0x1b
 1717 000a 0E       		.uleb128 0xe
 1718 000b 10       		.uleb128 0x10
 1719 000c 17       		.uleb128 0x17
 1720 000d 00       		.byte	0
 1721 000e 00       		.byte	0
 1722 000f 02       		.uleb128 0x2
 1723 0010 24       		.uleb128 0x24
 1724 0011 00       		.byte	0
 1725 0012 0B       		.uleb128 0xb
 1726 0013 0B       		.uleb128 0xb
 1727 0014 3E       		.uleb128 0x3e
 1728 0015 0B       		.uleb128 0xb
 1729 0016 03       		.uleb128 0x3
 1730 0017 0E       		.uleb128 0xe
 1731 0018 00       		.byte	0
 1732 0019 00       		.byte	0
 1733 001a 03       		.uleb128 0x3
 1734 001b 24       		.uleb128 0x24
 1735 001c 00       		.byte	0
 1736 001d 0B       		.uleb128 0xb
 1737 001e 0B       		.uleb128 0xb
 1738 001f 3E       		.uleb128 0x3e
 1739 0020 0B       		.uleb128 0xb
 1740 0021 03       		.uleb128 0x3
 1741 0022 08       		.uleb128 0x8
 1742 0023 00       		.byte	0
 1743 0024 00       		.byte	0
 1744 0025 04       		.uleb128 0x4
 1745 0026 16       		.uleb128 0x16
 1746 0027 00       		.byte	0
 1747 0028 03       		.uleb128 0x3
 1748 0029 0E       		.uleb128 0xe
 1749 002a 3A       		.uleb128 0x3a
 1750 002b 0B       		.uleb128 0xb
 1751 002c 3B       		.uleb128 0x3b
 1752 002d 0B       		.uleb128 0xb
 1753 002e 49       		.uleb128 0x49
 1754 002f 13       		.uleb128 0x13
 1755 0030 00       		.byte	0
 1756 0031 00       		.byte	0
 1757 0032 05       		.uleb128 0x5
 1758 0033 01       		.uleb128 0x1
 1759 0034 01       		.byte	0x1
 1760 0035 49       		.uleb128 0x49
 1761 0036 13       		.uleb128 0x13
 1762 0037 01       		.uleb128 0x1
 1763 0038 13       		.uleb128 0x13
ARM GAS  C:\Users\pfautley\AppData\Local\Temp\ccIjJbBc.s 			page 32


 1764 0039 00       		.byte	0
 1765 003a 00       		.byte	0
 1766 003b 06       		.uleb128 0x6
 1767 003c 21       		.uleb128 0x21
 1768 003d 00       		.byte	0
 1769 003e 49       		.uleb128 0x49
 1770 003f 13       		.uleb128 0x13
 1771 0040 2F       		.uleb128 0x2f
 1772 0041 05       		.uleb128 0x5
 1773 0042 00       		.byte	0
 1774 0043 00       		.byte	0
 1775 0044 07       		.uleb128 0x7
 1776 0045 34       		.uleb128 0x34
 1777 0046 00       		.byte	0
 1778 0047 03       		.uleb128 0x3
 1779 0048 0E       		.uleb128 0xe
 1780 0049 3A       		.uleb128 0x3a
 1781 004a 0B       		.uleb128 0xb
 1782 004b 3B       		.uleb128 0x3b
 1783 004c 0B       		.uleb128 0xb
 1784 004d 49       		.uleb128 0x49
 1785 004e 13       		.uleb128 0x13
 1786 004f 3F       		.uleb128 0x3f
 1787 0050 19       		.uleb128 0x19
 1788 0051 02       		.uleb128 0x2
 1789 0052 18       		.uleb128 0x18
 1790 0053 00       		.byte	0
 1791 0054 00       		.byte	0
 1792 0055 08       		.uleb128 0x8
 1793 0056 26       		.uleb128 0x26
 1794 0057 00       		.byte	0
 1795 0058 49       		.uleb128 0x49
 1796 0059 13       		.uleb128 0x13
 1797 005a 00       		.byte	0
 1798 005b 00       		.byte	0
 1799 005c 09       		.uleb128 0x9
 1800 005d 21       		.uleb128 0x21
 1801 005e 00       		.byte	0
 1802 005f 49       		.uleb128 0x49
 1803 0060 13       		.uleb128 0x13
 1804 0061 2F       		.uleb128 0x2f
 1805 0062 0B       		.uleb128 0xb
 1806 0063 00       		.byte	0
 1807 0064 00       		.byte	0
 1808 0065 0A       		.uleb128 0xa
 1809 0066 34       		.uleb128 0x34
 1810 0067 00       		.byte	0
 1811 0068 03       		.uleb128 0x3
 1812 0069 0E       		.uleb128 0xe
 1813 006a 3A       		.uleb128 0x3a
 1814 006b 0B       		.uleb128 0xb
 1815 006c 3B       		.uleb128 0x3b
 1816 006d 05       		.uleb128 0x5
 1817 006e 49       		.uleb128 0x49
 1818 006f 13       		.uleb128 0x13
 1819 0070 3F       		.uleb128 0x3f
 1820 0071 19       		.uleb128 0x19
ARM GAS  C:\Users\pfautley\AppData\Local\Temp\ccIjJbBc.s 			page 33


 1821 0072 02       		.uleb128 0x2
 1822 0073 18       		.uleb128 0x18
 1823 0074 00       		.byte	0
 1824 0075 00       		.byte	0
 1825 0076 00       		.byte	0
 1826              		.section	.debug_aranges,"",%progbits
 1827 0000 14000000 		.4byte	0x14
 1828 0004 0200     		.2byte	0x2
 1829 0006 00000000 		.4byte	.Ldebug_info0
 1830 000a 04       		.byte	0x4
 1831 000b 00       		.byte	0
 1832 000c 0000     		.2byte	0
 1833 000e 0000     		.2byte	0
 1834 0010 00000000 		.4byte	0
 1835 0014 00000000 		.4byte	0
 1836              		.section	.debug_line,"",%progbits
 1837              	.Ldebug_line0:
 1838 0000 4F000000 		.section	.debug_str,"MS",%progbits,1
 1838      02004900 
 1838      00000201 
 1838      FB0E0D00 
 1838      01010101 
 1839              	.LASF20:
 1840 0000 433A5C55 		.ascii	"C:\\Users\\pfautley\\Downloads\\finalproject.cydsn\\"
 1840      73657273 
 1840      5C706661 
 1840      75746C65 
 1840      795C446F 
 1841 002f 66696E61 		.ascii	"finalproject.cydsn\\emFile_Example01.cydsn\000"
 1841      6C70726F 
 1841      6A656374 
 1841      2E637964 
 1841      736E5C65 
 1842              	.LASF19:
 1843 0059 2E5C4765 		.ascii	".\\Generated_Source\\PSoC5\\cymetadata.c\000"
 1843      6E657261 
 1843      7465645F 
 1843      536F7572 
 1843      63655C50 
 1844              	.LASF17:
 1845 007f 63795F6D 		.ascii	"cy_metadata\000"
 1845      65746164 
 1845      61746100 
 1846              	.LASF9:
 1847 008b 666C6F61 		.ascii	"float\000"
 1847      7400
 1848              	.LASF1:
 1849 0091 756E7369 		.ascii	"unsigned char\000"
 1849      676E6564 
 1849      20636861 
 1849      7200
 1850              	.LASF5:
 1851 009f 6C6F6E67 		.ascii	"long unsigned int\000"
 1851      20756E73 
 1851      69676E65 
 1851      6420696E 
 1851      7400
ARM GAS  C:\Users\pfautley\AppData\Local\Temp\ccIjJbBc.s 			page 34


 1852              	.LASF3:
 1853 00b1 73686F72 		.ascii	"short unsigned int\000"
 1853      7420756E 
 1853      7369676E 
 1853      65642069 
 1853      6E7400
 1854              	.LASF10:
 1855 00c4 646F7562 		.ascii	"double\000"
 1855      6C6500
 1856              	.LASF14:
 1857 00cb 63795F6D 		.ascii	"cy_meta_custnvl\000"
 1857      6574615F 
 1857      63757374 
 1857      6E766C00 
 1858              	.LASF13:
 1859 00db 63795F6D 		.ascii	"cy_meta_configecc\000"
 1859      6574615F 
 1859      636F6E66 
 1859      69676563 
 1859      6300
 1860              	.LASF8:
 1861 00ed 756E7369 		.ascii	"unsigned int\000"
 1861      676E6564 
 1861      20696E74 
 1861      00
 1862              	.LASF7:
 1863 00fa 6C6F6E67 		.ascii	"long long unsigned int\000"
 1863      206C6F6E 
 1863      6720756E 
 1863      7369676E 
 1863      65642069 
 1864              	.LASF18:
 1865 0111 474E5520 		.ascii	"GNU C 4.8.4 20140526 (release) [ARM/embedded-4_8-br"
 1865      4320342E 
 1865      382E3420 
 1865      32303134 
 1865      30353236 
 1866 0144 616E6368 		.ascii	"anch revision 211358] -mcpu=cortex-m3 -mthumb -g -O"
 1866      20726576 
 1866      6973696F 
 1866      6E203231 
 1866      31333538 
 1867 0177 30202D66 		.ascii	"0 -ffunction-sections\000"
 1867      66756E63 
 1867      74696F6E 
 1867      2D736563 
 1867      74696F6E 
 1868              	.LASF16:
 1869 018d 63795F6D 		.ascii	"cy_meta_flashprotect\000"
 1869      6574615F 
 1869      666C6173 
 1869      6870726F 
 1869      74656374 
 1870              	.LASF15:
 1871 01a2 63795F6D 		.ascii	"cy_meta_wonvl\000"
 1871      6574615F 
 1871      776F6E76 
ARM GAS  C:\Users\pfautley\AppData\Local\Temp\ccIjJbBc.s 			page 35


 1871      6C00
 1872              	.LASF12:
 1873 01b0 73697A65 		.ascii	"sizetype\000"
 1873      74797065 
 1873      00
 1874              	.LASF6:
 1875 01b9 6C6F6E67 		.ascii	"long long int\000"
 1875      206C6F6E 
 1875      6720696E 
 1875      7400
 1876              	.LASF11:
 1877 01c7 63686172 		.ascii	"char\000"
 1877      00
 1878              	.LASF2:
 1879 01cc 73686F72 		.ascii	"short int\000"
 1879      7420696E 
 1879      7400
 1880              	.LASF21:
 1881 01d6 75696E74 		.ascii	"uint8\000"
 1881      3800
 1882              	.LASF4:
 1883 01dc 6C6F6E67 		.ascii	"long int\000"
 1883      20696E74 
 1883      00
 1884              	.LASF0:
 1885 01e5 7369676E 		.ascii	"signed char\000"
 1885      65642063 
 1885      68617200 
 1886              		.ident	"GCC: (GNU Tools for ARM Embedded Processors) 4.8.4 20140526 (release) [ARM/embedded-4_8-br
