--------------- Build Started: 05/30/2015 19:11:36 Project: emFile_Example01, Configuration: ARM GCC 4.8.4 Debug ---------------
cydsfit.exe -.appdatapath "C:\Users\pfautley\AppData\Local\Cypress Semiconductor\PSoC Creator\3.1" -.fdsnotice -.fdswarpdepfile=warp_dependencies.txt -.fdselabdepfile=elab_dependencies.txt -.fdsbldfile=generated_files.txt -p C:\Users\pfautley\Downloads\finalproject.cydsn\finalproject.cydsn\emFile_Example01.cydsn\emFile_Example01.cyprj -d CY8C5868AXI-LP035 -s C:\Users\pfautley\Downloads\finalproject.cydsn\finalproject.cydsn\emFile_Example01.cydsn\Generated_Source\PSoC5 -- -yv2 -q10 -ygs -o2 -v3 -.fftcfgtype=LE
Elaborating Design...
HDL Generation ...
Synthesis ...
Place and Route ...
Tech mapping ...
Analog Placement ...
Analog Routing ...
Analog Code Generation ...
Digital Placement ...
Digital Routing ...
Bitstream Generation ...
Static timing analysis ...
API Generation ...
Dependency Generation ...
Clean Temporary Files ...
arm-none-eabi-gcc.exe -mcpu=cortex-m3 -mthumb -Wno-main -I. -I.\Generated_Source\PSoC5 -Wa,-alh=.\CortexM3\ARM_GCC_484\Debug/main.lst -g -Wall -ffunction-sections -O0 -c .\main.c -o .\CortexM3\ARM_GCC_484\Debug\main.o
In file included from .\Generated_Source\PSoC5/project.h:22:0,
                 from ./device.h:15,
                 from .\main.c:31:
.\Generated_Source\PSoC5/emFile.h:23:22: fatal error: MMC_X_HW.h: No such file or directory
 #include "MMC_X_HW.h"
                      ^
compilation terminated.
--------------- Build Failed: 05/30/2015 19:11:55 ---------------
