ARM GAS  C:\Users\pfautley\AppData\Local\Temp\ccxgOyWh.s 			page 1


   1              		.syntax unified
   2              		.cpu cortex-m3
   3              		.fpu softvfp
   4              		.eabi_attribute 20, 1
   5              		.eabi_attribute 21, 1
   6              		.eabi_attribute 23, 3
   7              		.eabi_attribute 24, 1
   8              		.eabi_attribute 25, 1
   9              		.eabi_attribute 26, 1
  10              		.eabi_attribute 30, 6
  11              		.eabi_attribute 34, 1
  12              		.eabi_attribute 18, 4
  13              		.thumb
  14              		.file	"cymetadata.c"
  15              		.text
  16              	.Ltext0:
  17              		.cfi_sections	.debug_frame
  18              		.global	cy_meta_configecc
  19              		.section	.cyconfigecc,"a",%progbits
  20              		.align	2
  21              		.type	cy_meta_configecc, %object
  22              		.size	cy_meta_configecc, 2428
  23              	cy_meta_configecc:
  24 0000 01       		.byte	1
  25 0001 45       		.byte	69
  26 0002 00       		.byte	0
  27 0003 40       		.byte	64
  28 0004 08       		.byte	8
  29 0005 52       		.byte	82
  30 0006 00       		.byte	0
  31 0007 40       		.byte	64
  32 0008 04       		.byte	4
  33 0009 64       		.byte	100
  34 000a 00       		.byte	0
  35 000b 40       		.byte	64
  36 000c 01       		.byte	1
  37 000d 65       		.byte	101
  38 000e 00       		.byte	0
  39 000f 40       		.byte	64
  40 0010 54       		.byte	84
  41 0011 00       		.byte	0
  42 0012 01       		.byte	1
  43 0013 40       		.byte	64
  44 0014 31       		.byte	49
  45 0015 01       		.byte	1
  46 0016 01       		.byte	1
  47 0017 40       		.byte	64
  48 0018 49       		.byte	73
  49 0019 02       		.byte	2
  50 001a 01       		.byte	1
  51 001b 40       		.byte	64
  52 001c 3A       		.byte	58
  53 001d 03       		.byte	3
  54 001e 01       		.byte	1
  55 001f 40       		.byte	64
  56 0020 40       		.byte	64
  57 0021 04       		.byte	4
ARM GAS  C:\Users\pfautley\AppData\Local\Temp\ccxgOyWh.s 			page 2


  58 0022 01       		.byte	1
  59 0023 40       		.byte	64
  60 0024 43       		.byte	67
  61 0025 05       		.byte	5
  62 0026 01       		.byte	1
  63 0027 40       		.byte	64
  64 0028 54       		.byte	84
  65 0029 06       		.byte	6
  66 002a 01       		.byte	1
  67 002b 40       		.byte	64
  68 002c 43       		.byte	67
  69 002d 07       		.byte	7
  70 002e 01       		.byte	1
  71 002f 40       		.byte	64
  72 0030 02       		.byte	2
  73 0031 09       		.byte	9
  74 0032 01       		.byte	1
  75 0033 40       		.byte	64
  76 0034 08       		.byte	8
  77 0035 0B       		.byte	11
  78 0036 01       		.byte	1
  79 0037 40       		.byte	64
  80 0038 43       		.byte	67
  81 0039 0C       		.byte	12
  82 003a 01       		.byte	1
  83 003b 40       		.byte	64
  84 003c 2F       		.byte	47
  85 003d 0D       		.byte	13
  86 003e 01       		.byte	1
  87 003f 40       		.byte	64
  88 0040 1F       		.byte	31
  89 0041 14       		.byte	20
  90 0042 01       		.byte	1
  91 0043 40       		.byte	64
  92 0044 4B       		.byte	75
  93 0045 15       		.byte	21
  94 0046 01       		.byte	1
  95 0047 40       		.byte	64
  96 0048 45       		.byte	69
  97 0049 16       		.byte	22
  98 004a 01       		.byte	1
  99 004b 40       		.byte	64
 100 004c 44       		.byte	68
 101 004d 17       		.byte	23
 102 004e 01       		.byte	1
 103 004f 40       		.byte	64
 104 0050 02       		.byte	2
 105 0051 19       		.byte	25
 106 0052 01       		.byte	1
 107 0053 40       		.byte	64
 108 0054 01       		.byte	1
 109 0055 1B       		.byte	27
 110 0056 01       		.byte	1
 111 0057 40       		.byte	64
 112 0058 16       		.byte	22
 113 0059 40       		.byte	64
 114 005a 01       		.byte	1
ARM GAS  C:\Users\pfautley\AppData\Local\Temp\ccxgOyWh.s 			page 3


 115 005b 40       		.byte	64
 116 005c 14       		.byte	20
 117 005d 41       		.byte	65
 118 005e 01       		.byte	1
 119 005f 40       		.byte	64
 120 0060 09       		.byte	9
 121 0061 42       		.byte	66
 122 0062 01       		.byte	1
 123 0063 40       		.byte	64
 124 0064 08       		.byte	8
 125 0065 43       		.byte	67
 126 0066 01       		.byte	1
 127 0067 40       		.byte	64
 128 0068 02       		.byte	2
 129 0069 45       		.byte	69
 130 006a 01       		.byte	1
 131 006b 40       		.byte	64
 132 006c 03       		.byte	3
 133 006d 46       		.byte	70
 134 006e 01       		.byte	1
 135 006f 40       		.byte	64
 136 0070 09       		.byte	9
 137 0071 47       		.byte	71
 138 0072 01       		.byte	1
 139 0073 40       		.byte	64
 140 0074 07       		.byte	7
 141 0075 48       		.byte	72
 142 0076 01       		.byte	1
 143 0077 40       		.byte	64
 144 0078 06       		.byte	6
 145 0079 49       		.byte	73
 146 007a 01       		.byte	1
 147 007b 40       		.byte	64
 148 007c 08       		.byte	8
 149 007d 4C       		.byte	76
 150 007e 01       		.byte	1
 151 007f 40       		.byte	64
 152 0080 0B       		.byte	11
 153 0081 4D       		.byte	77
 154 0082 01       		.byte	1
 155 0083 40       		.byte	64
 156 0084 0A       		.byte	10
 157 0085 50       		.byte	80
 158 0086 01       		.byte	1
 159 0087 40       		.byte	64
 160 0088 02       		.byte	2
 161 0089 51       		.byte	81
 162 008a 01       		.byte	1
 163 008b 40       		.byte	64
 164 008c 7E       		.byte	126
 165 008d 02       		.byte	2
 166 008e 00       		.byte	0
 167 008f 02       		.byte	2
 168 0090 01       		.byte	1
 169 0091 04       		.byte	4
 170 0092 18       		.byte	24
 171 0093 C0       		.byte	-64
ARM GAS  C:\Users\pfautley\AppData\Local\Temp\ccxgOyWh.s 			page 4


 172 0094 19       		.byte	25
 173 0095 80       		.byte	-128
 174 0096 20       		.byte	32
 175 0097 5A       		.byte	90
 176 0098 21       		.byte	33
 177 0099 16       		.byte	22
 178 009a 29       		.byte	41
 179 009b 10       		.byte	16
 180 009c 7C       		.byte	124
 181 009d 40       		.byte	64
 182 009e 80       		.byte	-128
 183 009f 0F       		.byte	15
 184 00a0 81       		.byte	-127
 185 00a1 0D       		.byte	13
 186 00a2 83       		.byte	-125
 187 00a3 38       		.byte	56
 188 00a4 87       		.byte	-121
 189 00a5 76       		.byte	118
 190 00a6 87       		.byte	-121
 191 00a7 0F       		.byte	15
 192 00a8 01       		.byte	1
 193 00a9 05       		.byte	5
 194 00aa 03       		.byte	3
 195 00ab 02       		.byte	2
 196 00ac 04       		.byte	4
 197 00ad 02       		.byte	2
 198 00ae 05       		.byte	5
 199 00af 04       		.byte	4
 200 00b0 06       		.byte	6
 201 00b1 08       		.byte	8
 202 00b2 07       		.byte	7
 203 00b3 03       		.byte	3
 204 00b4 08       		.byte	8
 205 00b5 02       		.byte	2
 206 00b6 0A       		.byte	10
 207 00b7 04       		.byte	4
 208 00b8 0B       		.byte	11
 209 00b9 08       		.byte	8
 210 00ba 11       		.byte	17
 211 00bb 08       		.byte	8
 212 00bc 15       		.byte	21
 213 00bd 01       		.byte	1
 214 00be 17       		.byte	23
 215 00bf 06       		.byte	6
 216 00c0 19       		.byte	25
 217 00c1 03       		.byte	3
 218 00c2 1B       		.byte	27
 219 00c3 04       		.byte	4
 220 00c4 1C       		.byte	28
 221 00c5 0C       		.byte	12
 222 00c6 1F       		.byte	31
 223 00c7 08       		.byte	8
 224 00c8 20       		.byte	32
 225 00c9 01       		.byte	1
 226 00ca 23       		.byte	35
 227 00cb 08       		.byte	8
 228 00cc 29       		.byte	41
ARM GAS  C:\Users\pfautley\AppData\Local\Temp\ccxgOyWh.s 			page 5


 229 00cd 08       		.byte	8
 230 00ce 2C       		.byte	44
 231 00cf 04       		.byte	4
 232 00d0 2E       		.byte	46
 233 00d1 02       		.byte	2
 234 00d2 34       		.byte	52
 235 00d3 01       		.byte	1
 236 00d4 35       		.byte	53
 237 00d5 07       		.byte	7
 238 00d6 36       		.byte	54
 239 00d7 0E       		.byte	14
 240 00d8 37       		.byte	55
 241 00d9 08       		.byte	8
 242 00da 38       		.byte	56
 243 00db 80       		.byte	-128
 244 00dc 3B       		.byte	59
 245 00dd 20       		.byte	32
 246 00de 3E       		.byte	62
 247 00df 10       		.byte	16
 248 00e0 3F       		.byte	63
 249 00e1 40       		.byte	64
 250 00e2 40       		.byte	64
 251 00e3 14       		.byte	20
 252 00e4 49       		.byte	73
 253 00e5 FF       		.byte	-1
 254 00e6 4A       		.byte	74
 255 00e7 FF       		.byte	-1
 256 00e8 4B       		.byte	75
 257 00e9 FF       		.byte	-1
 258 00ea 4F       		.byte	79
 259 00eb 01       		.byte	1
 260 00ec 50       		.byte	80
 261 00ed 18       		.byte	24
 262 00ee 54       		.byte	84
 263 00ef 01       		.byte	1
 264 00f0 56       		.byte	86
 265 00f1 04       		.byte	4
 266 00f2 58       		.byte	88
 267 00f3 04       		.byte	4
 268 00f4 59       		.byte	89
 269 00f5 04       		.byte	4
 270 00f6 5A       		.byte	90
 271 00f7 04       		.byte	4
 272 00f8 5B       		.byte	91
 273 00f9 04       		.byte	4
 274 00fa 5D       		.byte	93
 275 00fb 19       		.byte	25
 276 00fc 5F       		.byte	95
 277 00fd 01       		.byte	1
 278 00fe 60       		.byte	96
 279 00ff 40       		.byte	64
 280 0100 62       		.byte	98
 281 0101 40       		.byte	64
 282 0102 64       		.byte	100
 283 0103 40       		.byte	64
 284 0104 65       		.byte	101
 285 0105 40       		.byte	64
ARM GAS  C:\Users\pfautley\AppData\Local\Temp\ccxgOyWh.s 			page 6


 286 0106 66       		.byte	102
 287 0107 80       		.byte	-128
 288 0108 68       		.byte	104
 289 0109 80       		.byte	-128
 290 010a 6A       		.byte	106
 291 010b 80       		.byte	-128
 292 010c 6C       		.byte	108
 293 010d 80       		.byte	-128
 294 010e 6E       		.byte	110
 295 010f 80       		.byte	-128
 296 0110 92       		.byte	-110
 297 0111 01       		.byte	1
 298 0112 AE       		.byte	-82
 299 0113 01       		.byte	1
 300 0114 B0       		.byte	-80
 301 0115 01       		.byte	1
 302 0116 BE       		.byte	-66
 303 0117 01       		.byte	1
 304 0118 C0       		.byte	-64
 305 0119 15       		.byte	21
 306 011a C5       		.byte	-59
 307 011b EC       		.byte	-20
 308 011c C6       		.byte	-58
 309 011d 02       		.byte	2
 310 011e C8       		.byte	-56
 311 011f 07       		.byte	7
 312 0120 C9       		.byte	-55
 313 0121 FF       		.byte	-1
 314 0122 CA       		.byte	-54
 315 0123 FF       		.byte	-1
 316 0124 CB       		.byte	-53
 317 0125 FF       		.byte	-1
 318 0126 CD       		.byte	-51
 319 0127 83       		.byte	-125
 320 0128 CE       		.byte	-50
 321 0129 03       		.byte	3
 322 012a CF       		.byte	-49
 323 012b 01       		.byte	1
 324 012c D0       		.byte	-48
 325 012d 18       		.byte	24
 326 012e D2       		.byte	-46
 327 012f 80       		.byte	-128
 328 0130 D4       		.byte	-44
 329 0131 01       		.byte	1
 330 0132 D6       		.byte	-42
 331 0133 04       		.byte	4
 332 0134 D8       		.byte	-40
 333 0135 04       		.byte	4
 334 0136 DA       		.byte	-38
 335 0137 04       		.byte	4
 336 0138 DB       		.byte	-37
 337 0139 04       		.byte	4
 338 013a DD       		.byte	-35
 339 013b 99       		.byte	-103
 340 013c DF       		.byte	-33
 341 013d 01       		.byte	1
 342 013e E0       		.byte	-32
ARM GAS  C:\Users\pfautley\AppData\Local\Temp\ccxgOyWh.s 			page 7


 343 013f 40       		.byte	64
 344 0140 E2       		.byte	-30
 345 0141 40       		.byte	64
 346 0142 E4       		.byte	-28
 347 0143 40       		.byte	64
 348 0144 E5       		.byte	-27
 349 0145 40       		.byte	64
 350 0146 E6       		.byte	-26
 351 0147 80       		.byte	-128
 352 0148 E8       		.byte	-24
 353 0149 80       		.byte	-128
 354 014a EA       		.byte	-22
 355 014b 80       		.byte	-128
 356 014c EC       		.byte	-20
 357 014d 80       		.byte	-128
 358 014e EE       		.byte	-18
 359 014f 80       		.byte	-128
 360 0150 03       		.byte	3
 361 0151 18       		.byte	24
 362 0152 0A       		.byte	10
 363 0153 01       		.byte	1
 364 0154 0F       		.byte	15
 365 0155 80       		.byte	-128
 366 0156 12       		.byte	18
 367 0157 01       		.byte	1
 368 0158 13       		.byte	19
 369 0159 02       		.byte	2
 370 015a 17       		.byte	23
 371 015b 40       		.byte	64
 372 015c 1A       		.byte	26
 373 015d 05       		.byte	5
 374 015e 1E       		.byte	30
 375 015f 80       		.byte	-128
 376 0160 20       		.byte	32
 377 0161 04       		.byte	4
 378 0162 22       		.byte	34
 379 0163 60       		.byte	96
 380 0164 28       		.byte	40
 381 0165 08       		.byte	8
 382 0166 29       		.byte	41
 383 0167 01       		.byte	1
 384 0168 30       		.byte	48
 385 0169 81       		.byte	-127
 386 016a 33       		.byte	51
 387 016b 98       		.byte	-104
 388 016c 38       		.byte	56
 389 016d 24       		.byte	36
 390 016e 3A       		.byte	58
 391 016f 01       		.byte	1
 392 0170 3B       		.byte	59
 393 0171 02       		.byte	2
 394 0172 42       		.byte	66
 395 0173 80       		.byte	-128
 396 0174 43       		.byte	67
 397 0175 40       		.byte	64
 398 0176 47       		.byte	71
 399 0177 40       		.byte	64
ARM GAS  C:\Users\pfautley\AppData\Local\Temp\ccxgOyWh.s 			page 8


 400 0178 4D       		.byte	77
 401 0179 04       		.byte	4
 402 017a 4F       		.byte	79
 403 017b 81       		.byte	-127
 404 017c 56       		.byte	86
 405 017d 80       		.byte	-128
 406 017e 57       		.byte	87
 407 017f 40       		.byte	64
 408 0180 58       		.byte	88
 409 0181 20       		.byte	32
 410 0182 5A       		.byte	90
 411 0183 86       		.byte	-122
 412 0184 5B       		.byte	91
 413 0185 02       		.byte	2
 414 0186 5D       		.byte	93
 415 0187 04       		.byte	4
 416 0188 5E       		.byte	94
 417 0189 80       		.byte	-128
 418 018a 5F       		.byte	95
 419 018b 01       		.byte	1
 420 018c 61       		.byte	97
 421 018d 02       		.byte	2
 422 018e 67       		.byte	103
 423 018f 40       		.byte	64
 424 0190 68       		.byte	104
 425 0191 10       		.byte	16
 426 0192 69       		.byte	105
 427 0193 10       		.byte	16
 428 0194 6A       		.byte	106
 429 0195 40       		.byte	64
 430 0196 77       		.byte	119
 431 0197 40       		.byte	64
 432 0198 82       		.byte	-126
 433 0199 40       		.byte	64
 434 019a 85       		.byte	-123
 435 019b 10       		.byte	16
 436 019c 87       		.byte	-121
 437 019d 40       		.byte	64
 438 019e C0       		.byte	-64
 439 019f 06       		.byte	6
 440 01a0 C2       		.byte	-62
 441 01a1 11       		.byte	17
 442 01a2 C4       		.byte	-60
 443 01a3 89       		.byte	-119
 444 01a4 CA       		.byte	-54
 445 01a5 05       		.byte	5
 446 01a6 CC       		.byte	-52
 447 01a7 0F       		.byte	15
 448 01a8 CE       		.byte	-50
 449 01a9 07       		.byte	7
 450 01aa D0       		.byte	-48
 451 01ab 19       		.byte	25
 452 01ac D2       		.byte	-46
 453 01ad 10       		.byte	16
 454 01ae D6       		.byte	-42
 455 01af DF       		.byte	-33
 456 01b0 D8       		.byte	-40
ARM GAS  C:\Users\pfautley\AppData\Local\Temp\ccxgOyWh.s 			page 9


 457 01b1 81       		.byte	-127
 458 01b2 00       		.byte	0
 459 01b3 08       		.byte	8
 460 01b4 02       		.byte	2
 461 01b5 03       		.byte	3
 462 01b6 06       		.byte	6
 463 01b7 01       		.byte	1
 464 01b8 0A       		.byte	10
 465 01b9 02       		.byte	2
 466 01ba 12       		.byte	18
 467 01bb 0C       		.byte	12
 468 01bc 14       		.byte	20
 469 01bd 01       		.byte	1
 470 01be 16       		.byte	22
 471 01bf 02       		.byte	2
 472 01c0 19       		.byte	25
 473 01c1 01       		.byte	1
 474 01c2 28       		.byte	40
 475 01c3 04       		.byte	4
 476 01c4 29       		.byte	41
 477 01c5 01       		.byte	1
 478 01c6 2A       		.byte	42
 479 01c7 03       		.byte	3
 480 01c8 2D       		.byte	45
 481 01c9 01       		.byte	1
 482 01ca 30       		.byte	48
 483 01cb 0F       		.byte	15
 484 01cc 31       		.byte	49
 485 01cd 01       		.byte	1
 486 01ce 3F       		.byte	63
 487 01cf 01       		.byte	1
 488 01d0 58       		.byte	88
 489 01d1 04       		.byte	4
 490 01d2 59       		.byte	89
 491 01d3 04       		.byte	4
 492 01d4 5B       		.byte	91
 493 01d5 04       		.byte	4
 494 01d6 5F       		.byte	95
 495 01d7 01       		.byte	1
 496 01d8 86       		.byte	-122
 497 01d9 02       		.byte	2
 498 01da 87       		.byte	-121
 499 01db 08       		.byte	8
 500 01dc 8A       		.byte	-118
 501 01dd 60       		.byte	96
 502 01de 8B       		.byte	-117
 503 01df 01       		.byte	1
 504 01e0 8C       		.byte	-116
 505 01e1 04       		.byte	4
 506 01e2 8F       		.byte	-113
 507 01e3 08       		.byte	8
 508 01e4 90       		.byte	-112
 509 01e5 08       		.byte	8
 510 01e6 92       		.byte	-110
 511 01e7 70       		.byte	112
 512 01e8 94       		.byte	-108
 513 01e9 01       		.byte	1
ARM GAS  C:\Users\pfautley\AppData\Local\Temp\ccxgOyWh.s 			page 10


 514 01ea 97       		.byte	-105
 515 01eb 04       		.byte	4
 516 01ec 98       		.byte	-104
 517 01ed 08       		.byte	8
 518 01ee 9A       		.byte	-102
 519 01ef 30       		.byte	48
 520 01f0 9C       		.byte	-100
 521 01f1 07       		.byte	7
 522 01f2 A0       		.byte	-96
 523 01f3 60       		.byte	96
 524 01f4 A1       		.byte	-95
 525 01f5 02       		.byte	2
 526 01f6 A2       		.byte	-94
 527 01f7 18       		.byte	24
 528 01f8 A6       		.byte	-90
 529 01f9 18       		.byte	24
 530 01fa A7       		.byte	-89
 531 01fb 04       		.byte	4
 532 01fc A9       		.byte	-87
 533 01fd 03       		.byte	3
 534 01fe AA       		.byte	-86
 535 01ff 40       		.byte	64
 536 0200 AD       		.byte	-83
 537 0201 03       		.byte	3
 538 0202 AE       		.byte	-82
 539 0203 07       		.byte	7
 540 0204 B0       		.byte	-80
 541 0205 78       		.byte	120
 542 0206 B1       		.byte	-79
 543 0207 03       		.byte	3
 544 0208 B2       		.byte	-78
 545 0209 07       		.byte	7
 546 020a B5       		.byte	-75
 547 020b 08       		.byte	8
 548 020c B7       		.byte	-73
 549 020d 04       		.byte	4
 550 020e B9       		.byte	-71
 551 020f 02       		.byte	2
 552 0210 BA       		.byte	-70
 553 0211 02       		.byte	2
 554 0212 BE       		.byte	-66
 555 0213 04       		.byte	4
 556 0214 BF       		.byte	-65
 557 0215 51       		.byte	81
 558 0216 C0       		.byte	-64
 559 0217 04       		.byte	4
 560 0218 C7       		.byte	-57
 561 0219 04       		.byte	4
 562 021a C9       		.byte	-55
 563 021b FF       		.byte	-1
 564 021c CA       		.byte	-54
 565 021d 0F       		.byte	15
 566 021e CB       		.byte	-53
 567 021f FF       		.byte	-1
 568 0220 CC       		.byte	-52
 569 0221 40       		.byte	64
 570 0222 CD       		.byte	-51
ARM GAS  C:\Users\pfautley\AppData\Local\Temp\ccxgOyWh.s 			page 11


 571 0223 20       		.byte	32
 572 0224 CE       		.byte	-50
 573 0225 F0       		.byte	-16
 574 0226 CF       		.byte	-49
 575 0227 05       		.byte	5
 576 0228 D0       		.byte	-48
 577 0229 08       		.byte	8
 578 022a D4       		.byte	-44
 579 022b 18       		.byte	24
 580 022c D6       		.byte	-42
 581 022d 04       		.byte	4
 582 022e D8       		.byte	-40
 583 022f 04       		.byte	4
 584 0230 D9       		.byte	-39
 585 0231 04       		.byte	4
 586 0232 DA       		.byte	-38
 587 0233 04       		.byte	4
 588 0234 DB       		.byte	-37
 589 0235 04       		.byte	4
 590 0236 DC       		.byte	-36
 591 0237 01       		.byte	1
 592 0238 DD       		.byte	-35
 593 0239 11       		.byte	17
 594 023a DF       		.byte	-33
 595 023b 01       		.byte	1
 596 023c E0       		.byte	-32
 597 023d 40       		.byte	64
 598 023e E1       		.byte	-31
 599 023f A8       		.byte	-88
 600 0240 E2       		.byte	-30
 601 0241 40       		.byte	64
 602 0242 E3       		.byte	-29
 603 0243 20       		.byte	32
 604 0244 00       		.byte	0
 605 0245 80       		.byte	-128
 606 0246 01       		.byte	1
 607 0247 20       		.byte	32
 608 0248 03       		.byte	3
 609 0249 10       		.byte	16
 610 024a 04       		.byte	4
 611 024b 08       		.byte	8
 612 024c 06       		.byte	6
 613 024d 84       		.byte	-124
 614 024e 08       		.byte	8
 615 024f 01       		.byte	1
 616 0250 0A       		.byte	10
 617 0251 19       		.byte	25
 618 0252 0C       		.byte	12
 619 0253 02       		.byte	2
 620 0254 0E       		.byte	14
 621 0255 90       		.byte	-112
 622 0256 10       		.byte	16
 623 0257 6A       		.byte	106
 624 0258 17       		.byte	23
 625 0259 10       		.byte	16
 626 025a 19       		.byte	25
 627 025b 01       		.byte	1
ARM GAS  C:\Users\pfautley\AppData\Local\Temp\ccxgOyWh.s 			page 12


 628 025c 1A       		.byte	26
 629 025d 20       		.byte	32
 630 025e 1E       		.byte	30
 631 025f 80       		.byte	-128
 632 0260 20       		.byte	32
 633 0261 44       		.byte	68
 634 0262 21       		.byte	33
 635 0263 80       		.byte	-128
 636 0264 27       		.byte	39
 637 0265 40       		.byte	64
 638 0266 28       		.byte	40
 639 0267 49       		.byte	73
 640 0268 29       		.byte	41
 641 0269 05       		.byte	5
 642 026a 2F       		.byte	47
 643 026b 09       		.byte	9
 644 026c 31       		.byte	49
 645 026d 08       		.byte	8
 646 026e 37       		.byte	55
 647 026f 10       		.byte	16
 648 0270 38       		.byte	56
 649 0271 20       		.byte	32
 650 0272 3B       		.byte	59
 651 0273 48       		.byte	72
 652 0274 40       		.byte	64
 653 0275 40       		.byte	64
 654 0276 50       		.byte	80
 655 0277 38       		.byte	56
 656 0278 5B       		.byte	91
 657 0279 02       		.byte	2
 658 027a 60       		.byte	96
 659 027b 84       		.byte	-124
 660 027c 61       		.byte	97
 661 027d 80       		.byte	-128
 662 027e 6A       		.byte	106
 663 027f 80       		.byte	-128
 664 0280 6F       		.byte	111
 665 0281 02       		.byte	2
 666 0282 84       		.byte	-124
 667 0283 80       		.byte	-128
 668 0284 8A       		.byte	-118
 669 0285 01       		.byte	1
 670 0286 8C       		.byte	-116
 671 0287 80       		.byte	-128
 672 0288 92       		.byte	-110
 673 0289 01       		.byte	1
 674 028a 94       		.byte	-108
 675 028b 20       		.byte	32
 676 028c 96       		.byte	-106
 677 028d 02       		.byte	2
 678 028e 97       		.byte	-105
 679 028f 02       		.byte	2
 680 0290 9C       		.byte	-100
 681 0291 09       		.byte	9
 682 0292 9D       		.byte	-99
 683 0293 01       		.byte	1
 684 0294 9F       		.byte	-97
ARM GAS  C:\Users\pfautley\AppData\Local\Temp\ccxgOyWh.s 			page 13


 685 0295 10       		.byte	16
 686 0296 A2       		.byte	-94
 687 0297 20       		.byte	32
 688 0298 A4       		.byte	-92
 689 0299 80       		.byte	-128
 690 029a A7       		.byte	-89
 691 029b 08       		.byte	8
 692 029c A8       		.byte	-88
 693 029d 20       		.byte	32
 694 029e A9       		.byte	-87
 695 029f 02       		.byte	2
 696 02a0 AB       		.byte	-85
 697 02a1 80       		.byte	-128
 698 02a2 AC       		.byte	-84
 699 02a3 10       		.byte	16
 700 02a4 C0       		.byte	-64
 701 02a5 77       		.byte	119
 702 02a6 C2       		.byte	-62
 703 02a7 3F       		.byte	63
 704 02a8 C4       		.byte	-60
 705 02a9 4F       		.byte	79
 706 02aa CA       		.byte	-54
 707 02ab 3F       		.byte	63
 708 02ac CC       		.byte	-52
 709 02ad 22       		.byte	34
 710 02ae CE       		.byte	-50
 711 02af 0E       		.byte	14
 712 02b0 D0       		.byte	-48
 713 02b1 01       		.byte	1
 714 02b2 D6       		.byte	-42
 715 02b3 01       		.byte	1
 716 02b4 D8       		.byte	-40
 717 02b5 0D       		.byte	13
 718 02b6 E2       		.byte	-30
 719 02b7 04       		.byte	4
 720 02b8 04       		.byte	4
 721 02b9 02       		.byte	2
 722 02ba 08       		.byte	8
 723 02bb 02       		.byte	2
 724 02bc 0C       		.byte	12
 725 02bd 02       		.byte	2
 726 02be 12       		.byte	18
 727 02bf 01       		.byte	1
 728 02c0 18       		.byte	24
 729 02c1 02       		.byte	2
 730 02c2 1C       		.byte	28
 731 02c3 01       		.byte	1
 732 02c4 20       		.byte	32
 733 02c5 01       		.byte	1
 734 02c6 24       		.byte	36
 735 02c7 01       		.byte	1
 736 02c8 28       		.byte	40
 737 02c9 01       		.byte	1
 738 02ca 2E       		.byte	46
 739 02cb 01       		.byte	1
 740 02cc 30       		.byte	48
 741 02cd 02       		.byte	2
ARM GAS  C:\Users\pfautley\AppData\Local\Temp\ccxgOyWh.s 			page 14


 742 02ce 32       		.byte	50
 743 02cf 01       		.byte	1
 744 02d0 3E       		.byte	62
 745 02d1 05       		.byte	5
 746 02d2 54       		.byte	84
 747 02d3 40       		.byte	64
 748 02d4 58       		.byte	88
 749 02d5 04       		.byte	4
 750 02d6 5B       		.byte	91
 751 02d7 04       		.byte	4
 752 02d8 5F       		.byte	95
 753 02d9 01       		.byte	1
 754 02da 80       		.byte	-128
 755 02db 08       		.byte	8
 756 02dc 81       		.byte	-127
 757 02dd 06       		.byte	6
 758 02de 82       		.byte	-126
 759 02df 10       		.byte	16
 760 02e0 84       		.byte	-124
 761 02e1 91       		.byte	-111
 762 02e2 85       		.byte	-123
 763 02e3 02       		.byte	2
 764 02e4 86       		.byte	-122
 765 02e5 4E       		.byte	78
 766 02e6 87       		.byte	-121
 767 02e7 04       		.byte	4
 768 02e8 89       		.byte	-119
 769 02e9 07       		.byte	7
 770 02ea 8B       		.byte	-117
 771 02eb 08       		.byte	8
 772 02ec 8D       		.byte	-115
 773 02ed 06       		.byte	6
 774 02ee 90       		.byte	-112
 775 02ef C0       		.byte	-64
 776 02f0 91       		.byte	-111
 777 02f1 04       		.byte	4
 778 02f2 92       		.byte	-110
 779 02f3 2F       		.byte	47
 780 02f4 94       		.byte	-108
 781 02f5 71       		.byte	113
 782 02f6 95       		.byte	-107
 783 02f7 02       		.byte	2
 784 02f8 96       		.byte	-106
 785 02f9 82       		.byte	-126
 786 02fa 98       		.byte	-104
 787 02fb A4       		.byte	-92
 788 02fc 99       		.byte	-103
 789 02fd 09       		.byte	9
 790 02fe 9A       		.byte	-102
 791 02ff 40       		.byte	64
 792 0300 9B       		.byte	-101
 793 0301 06       		.byte	6
 794 0302 9C       		.byte	-100
 795 0303 6C       		.byte	108
 796 0304 A0       		.byte	-96
 797 0305 6C       		.byte	108
 798 0306 A1       		.byte	-95
ARM GAS  C:\Users\pfautley\AppData\Local\Temp\ccxgOyWh.s 			page 15


 799 0307 06       		.byte	6
 800 0308 A4       		.byte	-92
 801 0309 64       		.byte	100
 802 030a A6       		.byte	-90
 803 030b 08       		.byte	8
 804 030c A7       		.byte	-89
 805 030d 10       		.byte	16
 806 030e A8       		.byte	-88
 807 030f 40       		.byte	64
 808 0310 AA       		.byte	-86
 809 0311 2C       		.byte	44
 810 0312 AB       		.byte	-85
 811 0313 06       		.byte	6
 812 0314 AC       		.byte	-84
 813 0315 2C       		.byte	44
 814 0316 AD       		.byte	-83
 815 0317 01       		.byte	1
 816 0318 AE       		.byte	-82
 817 0319 40       		.byte	64
 818 031a AF       		.byte	-81
 819 031b 0E       		.byte	14
 820 031c B0       		.byte	-80
 821 031d 31       		.byte	49
 822 031e B1       		.byte	-79
 823 031f 08       		.byte	8
 824 0320 B2       		.byte	-78
 825 0321 0F       		.byte	15
 826 0322 B3       		.byte	-77
 827 0323 0F       		.byte	15
 828 0324 B4       		.byte	-76
 829 0325 C0       		.byte	-64
 830 0326 B5       		.byte	-75
 831 0327 10       		.byte	16
 832 0328 B9       		.byte	-71
 833 0329 08       		.byte	8
 834 032a BA       		.byte	-70
 835 032b 23       		.byte	35
 836 032c BF       		.byte	-65
 837 032d 01       		.byte	1
 838 032e D4       		.byte	-44
 839 032f 09       		.byte	9
 840 0330 D8       		.byte	-40
 841 0331 04       		.byte	4
 842 0332 D9       		.byte	-39
 843 0333 04       		.byte	4
 844 0334 DB       		.byte	-37
 845 0335 04       		.byte	4
 846 0336 DF       		.byte	-33
 847 0337 01       		.byte	1
 848 0338 01       		.byte	1
 849 0339 A8       		.byte	-88
 850 033a 05       		.byte	5
 851 033b 02       		.byte	2
 852 033c 06       		.byte	6
 853 033d 40       		.byte	64
 854 033e 07       		.byte	7
 855 033f 10       		.byte	16
ARM GAS  C:\Users\pfautley\AppData\Local\Temp\ccxgOyWh.s 			page 16


 856 0340 08       		.byte	8
 857 0341 02       		.byte	2
 858 0342 0A       		.byte	10
 859 0343 09       		.byte	9
 860 0344 0B       		.byte	11
 861 0345 80       		.byte	-128
 862 0346 0D       		.byte	13
 863 0347 02       		.byte	2
 864 0348 0E       		.byte	14
 865 0349 19       		.byte	25
 866 034a 11       		.byte	17
 867 034b 55       		.byte	85
 868 034c 15       		.byte	21
 869 034d 55       		.byte	85
 870 034e 18       		.byte	24
 871 034f 10       		.byte	16
 872 0350 19       		.byte	25
 873 0351 01       		.byte	1
 874 0352 1C       		.byte	28
 875 0353 80       		.byte	-128
 876 0354 1D       		.byte	29
 877 0355 02       		.byte	2
 878 0356 1E       		.byte	30
 879 0357 18       		.byte	24
 880 0358 1F       		.byte	31
 881 0359 1B       		.byte	27
 882 035a 24       		.byte	36
 883 035b 08       		.byte	8
 884 035c 27       		.byte	39
 885 035d 90       		.byte	-112
 886 035e 2D       		.byte	45
 887 035f 10       		.byte	16
 888 0360 2E       		.byte	46
 889 0361 81       		.byte	-127
 890 0362 2F       		.byte	47
 891 0363 22       		.byte	34
 892 0364 35       		.byte	53
 893 0365 02       		.byte	2
 894 0366 36       		.byte	54
 895 0367 04       		.byte	4
 896 0368 37       		.byte	55
 897 0369 10       		.byte	16
 898 036a 3D       		.byte	61
 899 036b 45       		.byte	69
 900 036c 3E       		.byte	62
 901 036d 10       		.byte	16
 902 036e 44       		.byte	68
 903 036f 01       		.byte	1
 904 0370 47       		.byte	71
 905 0371 40       		.byte	64
 906 0372 5F       		.byte	95
 907 0373 95       		.byte	-107
 908 0374 60       		.byte	96
 909 0375 12       		.byte	18
 910 0376 61       		.byte	97
 911 0377 20       		.byte	32
 912 0378 64       		.byte	100
ARM GAS  C:\Users\pfautley\AppData\Local\Temp\ccxgOyWh.s 			page 17


 913 0379 01       		.byte	1
 914 037a 68       		.byte	104
 915 037b 01       		.byte	1
 916 037c 6D       		.byte	109
 917 037d 80       		.byte	-128
 918 037e 85       		.byte	-123
 919 037f 40       		.byte	64
 920 0380 8E       		.byte	-114
 921 0381 10       		.byte	16
 922 0382 92       		.byte	-110
 923 0383 20       		.byte	32
 924 0384 94       		.byte	-108
 925 0385 08       		.byte	8
 926 0386 96       		.byte	-106
 927 0387 10       		.byte	16
 928 0388 97       		.byte	-105
 929 0389 4A       		.byte	74
 930 038a 9B       		.byte	-101
 931 038b 40       		.byte	64
 932 038c 9D       		.byte	-99
 933 038d 04       		.byte	4
 934 038e 9E       		.byte	-98
 935 038f 84       		.byte	-124
 936 0390 9F       		.byte	-97
 937 0391 12       		.byte	18
 938 0392 A2       		.byte	-94
 939 0393 20       		.byte	32
 940 0394 A4       		.byte	-92
 941 0395 40       		.byte	64
 942 0396 A5       		.byte	-91
 943 0397 08       		.byte	8
 944 0398 A7       		.byte	-89
 945 0399 08       		.byte	8
 946 039a A9       		.byte	-87
 947 039b 01       		.byte	1
 948 039c AC       		.byte	-84
 949 039d 09       		.byte	9
 950 039e AE       		.byte	-82
 951 039f 04       		.byte	4
 952 03a0 AF       		.byte	-81
 953 03a1 02       		.byte	2
 954 03a2 B1       		.byte	-79
 955 03a3 20       		.byte	32
 956 03a4 B4       		.byte	-76
 957 03a5 18       		.byte	24
 958 03a6 B6       		.byte	-74
 959 03a7 40       		.byte	64
 960 03a8 C0       		.byte	-64
 961 03a9 37       		.byte	55
 962 03aa C2       		.byte	-62
 963 03ab FB       		.byte	-5
 964 03ac C4       		.byte	-60
 965 03ad FF       		.byte	-1
 966 03ae CA       		.byte	-54
 967 03af F0       		.byte	-16
 968 03b0 CC       		.byte	-52
 969 03b1 E0       		.byte	-32
ARM GAS  C:\Users\pfautley\AppData\Local\Temp\ccxgOyWh.s 			page 18


 970 03b2 CE       		.byte	-50
 971 03b3 F0       		.byte	-16
 972 03b4 D6       		.byte	-42
 973 03b5 F0       		.byte	-16
 974 03b6 D8       		.byte	-40
 975 03b7 1E       		.byte	30
 976 03b8 E8       		.byte	-24
 977 03b9 04       		.byte	4
 978 03ba EA       		.byte	-22
 979 03bb 12       		.byte	18
 980 03bc EE       		.byte	-18
 981 03bd 08       		.byte	8
 982 03be 01       		.byte	1
 983 03bf C0       		.byte	-64
 984 03c0 03       		.byte	3
 985 03c1 02       		.byte	2
 986 03c2 05       		.byte	5
 987 03c3 C0       		.byte	-64
 988 03c4 07       		.byte	7
 989 03c5 04       		.byte	4
 990 03c6 09       		.byte	9
 991 03c7 C0       		.byte	-64
 992 03c8 0B       		.byte	11
 993 03c9 08       		.byte	8
 994 03ca 0D       		.byte	13
 995 03cb 7F       		.byte	127
 996 03cc 0F       		.byte	15
 997 03cd 80       		.byte	-128
 998 03ce 13       		.byte	19
 999 03cf 60       		.byte	96
 1000 03d0 17       		.byte	23
 1001 03d1 9F       		.byte	-97
 1002 03d2 18       		.byte	24
 1003 03d3 01       		.byte	1
 1004 03d4 1B       		.byte	27
 1005 03d5 FF       		.byte	-1
 1006 03d6 21       		.byte	33
 1007 03d7 C0       		.byte	-64
 1008 03d8 23       		.byte	35
 1009 03d9 01       		.byte	1
 1010 03da 25       		.byte	37
 1011 03db 80       		.byte	-128
 1012 03dc 29       		.byte	41
 1013 03dd 1F       		.byte	31
 1014 03de 2B       		.byte	43
 1015 03df 20       		.byte	32
 1016 03e0 2C       		.byte	44
 1017 03e1 01       		.byte	1
 1018 03e2 2D       		.byte	45
 1019 03e3 90       		.byte	-112
 1020 03e4 2F       		.byte	47
 1021 03e5 40       		.byte	64
 1022 03e6 31       		.byte	49
 1023 03e7 FF       		.byte	-1
 1024 03e8 34       		.byte	52
 1025 03e9 01       		.byte	1
 1026 03ea 36       		.byte	54
ARM GAS  C:\Users\pfautley\AppData\Local\Temp\ccxgOyWh.s 			page 19


 1027 03eb 01       		.byte	1
 1028 03ec 38       		.byte	56
 1029 03ed A0       		.byte	-96
 1030 03ee 3F       		.byte	63
 1031 03ef 01       		.byte	1
 1032 03f0 58       		.byte	88
 1033 03f1 04       		.byte	4
 1034 03f2 59       		.byte	89
 1035 03f3 04       		.byte	4
 1036 03f4 5B       		.byte	91
 1037 03f5 04       		.byte	4
 1038 03f6 5F       		.byte	95
 1039 03f7 01       		.byte	1
 1040 03f8 81       		.byte	-127
 1041 03f9 01       		.byte	1
 1042 03fa 85       		.byte	-123
 1043 03fb 01       		.byte	1
 1044 03fc 89       		.byte	-119
 1045 03fd 01       		.byte	1
 1046 03fe 93       		.byte	-109
 1047 03ff 40       		.byte	64
 1048 0400 95       		.byte	-107
 1049 0401 07       		.byte	7
 1050 0402 97       		.byte	-105
 1051 0403 D8       		.byte	-40
 1052 0404 99       		.byte	-103
 1053 0405 08       		.byte	8
 1054 0406 9B       		.byte	-101
 1055 0407 61       		.byte	97
 1056 0408 9D       		.byte	-99
 1057 0409 01       		.byte	1
 1058 040a A1       		.byte	-95
 1059 040b 01       		.byte	1
 1060 040c A5       		.byte	-91
 1061 040d 10       		.byte	16
 1062 040e A9       		.byte	-87
 1063 040f 04       		.byte	4
 1064 0410 AD       		.byte	-83
 1065 0411 A2       		.byte	-94
 1066 0412 AF       		.byte	-81
 1067 0413 08       		.byte	8
 1068 0414 B1       		.byte	-79
 1069 0415 E0       		.byte	-32
 1070 0416 B5       		.byte	-75
 1071 0417 3F       		.byte	63
 1072 0418 B9       		.byte	-71
 1073 0419 20       		.byte	32
 1074 041a BA       		.byte	-70
 1075 041b 20       		.byte	32
 1076 041c BF       		.byte	-65
 1077 041d 10       		.byte	16
 1078 041e C0       		.byte	-64
 1079 041f 24       		.byte	36
 1080 0420 C1       		.byte	-63
 1081 0421 03       		.byte	3
 1082 0422 C2       		.byte	-62
 1083 0423 10       		.byte	16
ARM GAS  C:\Users\pfautley\AppData\Local\Temp\ccxgOyWh.s 			page 20


 1084 0424 C4       		.byte	-60
 1085 0425 06       		.byte	6
 1086 0426 C5       		.byte	-59
 1087 0427 CE       		.byte	-50
 1088 0428 C6       		.byte	-58
 1089 0429 FD       		.byte	-3
 1090 042a C7       		.byte	-57
 1091 042b 0B       		.byte	11
 1092 042c C8       		.byte	-56
 1093 042d 1F       		.byte	31
 1094 042e C9       		.byte	-55
 1095 042f FF       		.byte	-1
 1096 0430 CA       		.byte	-54
 1097 0431 FF       		.byte	-1
 1098 0432 CB       		.byte	-53
 1099 0433 FF       		.byte	-1
 1100 0434 CC       		.byte	-52
 1101 0435 22       		.byte	34
 1102 0436 CE       		.byte	-50
 1103 0437 F0       		.byte	-16
 1104 0438 CF       		.byte	-49
 1105 0439 08       		.byte	8
 1106 043a D0       		.byte	-48
 1107 043b 04       		.byte	4
 1108 043c D6       		.byte	-42
 1109 043d 02       		.byte	2
 1110 043e D7       		.byte	-41
 1111 043f 13       		.byte	19
 1112 0440 D8       		.byte	-40
 1113 0441 04       		.byte	4
 1114 0442 D9       		.byte	-39
 1115 0443 04       		.byte	4
 1116 0444 DA       		.byte	-38
 1117 0445 04       		.byte	4
 1118 0446 DB       		.byte	-37
 1119 0447 04       		.byte	4
 1120 0448 DC       		.byte	-36
 1121 0449 01       		.byte	1
 1122 044a DD       		.byte	-35
 1123 044b 10       		.byte	16
 1124 044c DF       		.byte	-33
 1125 044d 01       		.byte	1
 1126 044e E2       		.byte	-30
 1127 044f C0       		.byte	-64
 1128 0450 E4       		.byte	-28
 1129 0451 40       		.byte	64
 1130 0452 E5       		.byte	-27
 1131 0453 01       		.byte	1
 1132 0454 E6       		.byte	-26
 1133 0455 10       		.byte	16
 1134 0456 E7       		.byte	-25
 1135 0457 11       		.byte	17
 1136 0458 E8       		.byte	-24
 1137 0459 C0       		.byte	-64
 1138 045a E9       		.byte	-23
 1139 045b 01       		.byte	1
 1140 045c EB       		.byte	-21
ARM GAS  C:\Users\pfautley\AppData\Local\Temp\ccxgOyWh.s 			page 21


 1141 045d 11       		.byte	17
 1142 045e EC       		.byte	-20
 1143 045f 40       		.byte	64
 1144 0460 ED       		.byte	-19
 1145 0461 01       		.byte	1
 1146 0462 EE       		.byte	-18
 1147 0463 40       		.byte	64
 1148 0464 EF       		.byte	-17
 1149 0465 01       		.byte	1
 1150 0466 0D       		.byte	13
 1151 0467 10       		.byte	16
 1152 0468 17       		.byte	23
 1153 0469 40       		.byte	64
 1154 046a 19       		.byte	25
 1155 046b 20       		.byte	32
 1156 046c 1D       		.byte	29
 1157 046d 10       		.byte	16
 1158 046e 1E       		.byte	30
 1159 046f 02       		.byte	2
 1160 0470 21       		.byte	33
 1161 0471 10       		.byte	16
 1162 0472 22       		.byte	34
 1163 0473 01       		.byte	1
 1164 0474 27       		.byte	39
 1165 0475 40       		.byte	64
 1166 0476 29       		.byte	41
 1167 0477 10       		.byte	16
 1168 0478 2A       		.byte	42
 1169 0479 06       		.byte	6
 1170 047a 2B       		.byte	43
 1171 047b 22       		.byte	34
 1172 047c 2D       		.byte	45
 1173 047d 40       		.byte	64
 1174 047e 2E       		.byte	46
 1175 047f 02       		.byte	2
 1176 0480 2F       		.byte	47
 1177 0481 18       		.byte	24
 1178 0482 32       		.byte	50
 1179 0483 41       		.byte	65
 1180 0484 33       		.byte	51
 1181 0485 18       		.byte	24
 1182 0486 36       		.byte	54
 1183 0487 09       		.byte	9
 1184 0488 37       		.byte	55
 1185 0489 10       		.byte	16
 1186 048a 39       		.byte	57
 1187 048b 05       		.byte	5
 1188 048c 3B       		.byte	59
 1189 048d 20       		.byte	32
 1190 048e 3C       		.byte	60
 1191 048f 80       		.byte	-128
 1192 0490 3D       		.byte	61
 1193 0491 15       		.byte	21
 1194 0492 41       		.byte	65
 1195 0493 40       		.byte	64
 1196 0494 43       		.byte	67
 1197 0495 1A       		.byte	26
ARM GAS  C:\Users\pfautley\AppData\Local\Temp\ccxgOyWh.s 			page 22


 1198 0496 49       		.byte	73
 1199 0497 02       		.byte	2
 1200 0498 4A       		.byte	74
 1201 0499 04       		.byte	4
 1202 049a 4B       		.byte	75
 1203 049b 04       		.byte	4
 1204 049c 51       		.byte	81
 1205 049d 20       		.byte	32
 1206 049e 52       		.byte	82
 1207 049f 0C       		.byte	12
 1208 04a0 53       		.byte	83
 1209 04a1 40       		.byte	64
 1210 04a2 59       		.byte	89
 1211 04a3 01       		.byte	1
 1212 04a4 68       		.byte	104
 1213 04a5 80       		.byte	-128
 1214 04a6 6A       		.byte	106
 1215 04a7 44       		.byte	68
 1216 04a8 6B       		.byte	107
 1217 04a9 04       		.byte	4
 1218 04aa 6F       		.byte	111
 1219 04ab 01       		.byte	1
 1220 04ac 70       		.byte	112
 1221 04ad 11       		.byte	17
 1222 04ae 73       		.byte	115
 1223 04af 10       		.byte	16
 1224 04b0 80       		.byte	-128
 1225 04b1 80       		.byte	-128
 1226 04b2 81       		.byte	-127
 1227 04b3 21       		.byte	33
 1228 04b4 8A       		.byte	-118
 1229 04b5 01       		.byte	1
 1230 04b6 8E       		.byte	-114
 1231 04b7 04       		.byte	4
 1232 04b8 93       		.byte	-109
 1233 04b9 20       		.byte	32
 1234 04ba 95       		.byte	-107
 1235 04bb 55       		.byte	85
 1236 04bc 96       		.byte	-106
 1237 04bd 09       		.byte	9
 1238 04be 97       		.byte	-105
 1239 04bf CD       		.byte	-51
 1240 04c0 99       		.byte	-103
 1241 04c1 01       		.byte	1
 1242 04c2 9B       		.byte	-101
 1243 04c3 10       		.byte	16
 1244 04c4 9D       		.byte	-99
 1245 04c5 AE       		.byte	-82
 1246 04c6 9E       		.byte	-98
 1247 04c7 04       		.byte	4
 1248 04c8 9F       		.byte	-97
 1249 04c9 02       		.byte	2
 1250 04ca A0       		.byte	-96
 1251 04cb 40       		.byte	64
 1252 04cc A2       		.byte	-94
 1253 04cd 20       		.byte	32
 1254 04ce A3       		.byte	-93
ARM GAS  C:\Users\pfautley\AppData\Local\Temp\ccxgOyWh.s 			page 23


 1255 04cf 0A       		.byte	10
 1256 04d0 A5       		.byte	-91
 1257 04d1 28       		.byte	40
 1258 04d2 A7       		.byte	-89
 1259 04d3 20       		.byte	32
 1260 04d4 AC       		.byte	-84
 1261 04d5 01       		.byte	1
 1262 04d6 B2       		.byte	-78
 1263 04d7 40       		.byte	64
 1264 04d8 B3       		.byte	-77
 1265 04d9 10       		.byte	16
 1266 04da C2       		.byte	-62
 1267 04db 40       		.byte	64
 1268 04dc C4       		.byte	-60
 1269 04dd 80       		.byte	-128
 1270 04de CA       		.byte	-54
 1271 04df FF       		.byte	-1
 1272 04e0 CC       		.byte	-52
 1273 04e1 EF       		.byte	-17
 1274 04e2 CE       		.byte	-50
 1275 04e3 F7       		.byte	-9
 1276 04e4 D0       		.byte	-48
 1277 04e5 0F       		.byte	15
 1278 04e6 D2       		.byte	-46
 1279 04e7 04       		.byte	4
 1280 04e8 D6       		.byte	-42
 1281 04e9 01       		.byte	1
 1282 04ea E2       		.byte	-30
 1283 04eb 08       		.byte	8
 1284 04ec E0       		.byte	-32
 1285 04ed 20       		.byte	32
 1286 04ee E2       		.byte	-30
 1287 04ef 48       		.byte	72
 1288 04f0 A8       		.byte	-88
 1289 04f1 02       		.byte	2
 1290 04f2 AE       		.byte	-82
 1291 04f3 06       		.byte	6
 1292 04f4 AF       		.byte	-81
 1293 04f5 80       		.byte	-128
 1294 04f6 B3       		.byte	-77
 1295 04f7 40       		.byte	64
 1296 04f8 B7       		.byte	-73
 1297 04f9 14       		.byte	20
 1298 04fa E0       		.byte	-32
 1299 04fb 40       		.byte	64
 1300 04fc EA       		.byte	-22
 1301 04fd 20       		.byte	32
 1302 04fe EC       		.byte	-20
 1303 04ff 50       		.byte	80
 1304 0500 01       		.byte	1
 1305 0501 14       		.byte	20
 1306 0502 04       		.byte	4
 1307 0503 10       		.byte	16
 1308 0504 09       		.byte	9
 1309 0505 0C       		.byte	12
 1310 0506 0B       		.byte	11
 1311 0507 11       		.byte	17
ARM GAS  C:\Users\pfautley\AppData\Local\Temp\ccxgOyWh.s 			page 24


 1312 0508 0C       		.byte	12
 1313 0509 03       		.byte	3
 1314 050a 0D       		.byte	13
 1315 050b 09       		.byte	9
 1316 050c 0E       		.byte	14
 1317 050d 0C       		.byte	12
 1318 050e 0F       		.byte	15
 1319 050f 10       		.byte	16
 1320 0510 10       		.byte	16
 1321 0511 0A       		.byte	10
 1322 0512 12       		.byte	18
 1323 0513 04       		.byte	4
 1324 0514 15       		.byte	21
 1325 0515 10       		.byte	16
 1326 0516 18       		.byte	24
 1327 0517 03       		.byte	3
 1328 0518 1A       		.byte	26
 1329 0519 04       		.byte	4
 1330 051a 1B       		.byte	27
 1331 051b 03       		.byte	3
 1332 051c 21       		.byte	33
 1333 051d 10       		.byte	16
 1334 051e 22       		.byte	34
 1335 051f 08       		.byte	8
 1336 0520 23       		.byte	35
 1337 0521 0C       		.byte	12
 1338 0522 2A       		.byte	42
 1339 0523 05       		.byte	5
 1340 0524 2C       		.byte	44
 1341 0525 03       		.byte	3
 1342 0526 2D       		.byte	45
 1343 0527 1C       		.byte	28
 1344 0528 2E       		.byte	46
 1345 0529 04       		.byte	4
 1346 052a 2F       		.byte	47
 1347 052b 02       		.byte	2
 1348 052c 32       		.byte	50
 1349 052d 10       		.byte	16
 1350 052e 33       		.byte	51
 1351 052f 1F       		.byte	31
 1352 0530 36       		.byte	54
 1353 0531 0F       		.byte	15
 1354 0532 3A       		.byte	58
 1355 0533 80       		.byte	-128
 1356 0534 3E       		.byte	62
 1357 0535 04       		.byte	4
 1358 0536 40       		.byte	64
 1359 0537 12       		.byte	18
 1360 0538 41       		.byte	65
 1361 0539 06       		.byte	6
 1362 053a 45       		.byte	69
 1363 053b B0       		.byte	-80
 1364 053c 47       		.byte	71
 1365 053d CE       		.byte	-50
 1366 053e 48       		.byte	72
 1367 053f 32       		.byte	50
 1368 0540 49       		.byte	73
ARM GAS  C:\Users\pfautley\AppData\Local\Temp\ccxgOyWh.s 			page 25


 1369 0541 FF       		.byte	-1
 1370 0542 4A       		.byte	74
 1371 0543 FF       		.byte	-1
 1372 0544 4B       		.byte	75
 1373 0545 FF       		.byte	-1
 1374 0546 4E       		.byte	78
 1375 0547 F0       		.byte	-16
 1376 0548 4F       		.byte	79
 1377 0549 44       		.byte	68
 1378 054a 50       		.byte	80
 1379 054b 0C       		.byte	12
 1380 054c 58       		.byte	88
 1381 054d 04       		.byte	4
 1382 054e 59       		.byte	89
 1383 054f 04       		.byte	4
 1384 0550 5A       		.byte	90
 1385 0551 04       		.byte	4
 1386 0552 5B       		.byte	91
 1387 0553 04       		.byte	4
 1388 0554 5C       		.byte	92
 1389 0555 11       		.byte	17
 1390 0556 5D       		.byte	93
 1391 0557 01       		.byte	1
 1392 0558 5F       		.byte	95
 1393 0559 01       		.byte	1
 1394 055a 66       		.byte	102
 1395 055b C0       		.byte	-64
 1396 055c 6A       		.byte	106
 1397 055d 40       		.byte	64
 1398 055e 6B       		.byte	107
 1399 055f 02       		.byte	2
 1400 0560 86       		.byte	-122
 1401 0561 01       		.byte	1
 1402 0562 8A       		.byte	-118
 1403 0563 02       		.byte	2
 1404 0564 8E       		.byte	-114
 1405 0565 06       		.byte	6
 1406 0566 92       		.byte	-110
 1407 0567 05       		.byte	5
 1408 0568 93       		.byte	-109
 1409 0569 01       		.byte	1
 1410 056a 99       		.byte	-103
 1411 056b 02       		.byte	2
 1412 056c 9A       		.byte	-102
 1413 056d 03       		.byte	3
 1414 056e A1       		.byte	-95
 1415 056f 01       		.byte	1
 1416 0570 A5       		.byte	-91
 1417 0571 01       		.byte	1
 1418 0572 AC       		.byte	-84
 1419 0573 06       		.byte	6
 1420 0574 AE       		.byte	-82
 1421 0575 01       		.byte	1
 1422 0576 B1       		.byte	-79
 1423 0577 03       		.byte	3
 1424 0578 B4       		.byte	-76
 1425 0579 07       		.byte	7
ARM GAS  C:\Users\pfautley\AppData\Local\Temp\ccxgOyWh.s 			page 26


 1426 057a B9       		.byte	-71
 1427 057b 02       		.byte	2
 1428 057c BA       		.byte	-70
 1429 057d 20       		.byte	32
 1430 057e D8       		.byte	-40
 1431 057f 04       		.byte	4
 1432 0580 D9       		.byte	-39
 1433 0581 04       		.byte	4
 1434 0582 DC       		.byte	-36
 1435 0583 11       		.byte	17
 1436 0584 DF       		.byte	-33
 1437 0585 01       		.byte	1
 1438 0586 00       		.byte	0
 1439 0587 80       		.byte	-128
 1440 0588 03       		.byte	3
 1441 0589 14       		.byte	20
 1442 058a 06       		.byte	6
 1443 058b 02       		.byte	2
 1444 058c 07       		.byte	7
 1445 058d 20       		.byte	32
 1446 058e 0A       		.byte	10
 1447 058f 04       		.byte	4
 1448 0590 0B       		.byte	11
 1449 0591 80       		.byte	-128
 1450 0592 0C       		.byte	12
 1451 0593 02       		.byte	2
 1452 0594 0E       		.byte	14
 1453 0595 04       		.byte	4
 1454 0596 10       		.byte	16
 1455 0597 02       		.byte	2
 1456 0598 15       		.byte	21
 1457 0599 02       		.byte	2
 1458 059a 16       		.byte	22
 1459 059b 01       		.byte	1
 1460 059c 17       		.byte	23
 1461 059d 10       		.byte	16
 1462 059e 1A       		.byte	26
 1463 059f 04       		.byte	4
 1464 05a0 1B       		.byte	27
 1465 05a1 10       		.byte	16
 1466 05a2 1E       		.byte	30
 1467 05a3 20       		.byte	32
 1468 05a4 1F       		.byte	31
 1469 05a5 C0       		.byte	-64
 1470 05a6 20       		.byte	32
 1471 05a7 80       		.byte	-128
 1472 05a8 21       		.byte	33
 1473 05a9 01       		.byte	1
 1474 05aa 23       		.byte	35
 1475 05ab 40       		.byte	64
 1476 05ac 27       		.byte	39
 1477 05ad 20       		.byte	32
 1478 05ae 2B       		.byte	43
 1479 05af 90       		.byte	-112
 1480 05b0 2C       		.byte	44
 1481 05b1 02       		.byte	2
 1482 05b2 2F       		.byte	47
ARM GAS  C:\Users\pfautley\AppData\Local\Temp\ccxgOyWh.s 			page 27


 1483 05b3 80       		.byte	-128
 1484 05b4 30       		.byte	48
 1485 05b5 02       		.byte	2
 1486 05b6 33       		.byte	51
 1487 05b7 10       		.byte	16
 1488 05b8 37       		.byte	55
 1489 05b9 24       		.byte	36
 1490 05ba 3F       		.byte	63
 1491 05bb 62       		.byte	98
 1492 05bc 46       		.byte	70
 1493 05bd 02       		.byte	2
 1494 05be 47       		.byte	71
 1495 05bf 10       		.byte	16
 1496 05c0 4F       		.byte	79
 1497 05c1 22       		.byte	34
 1498 05c2 54       		.byte	84
 1499 05c3 04       		.byte	4
 1500 05c4 56       		.byte	86
 1501 05c5 01       		.byte	1
 1502 05c6 6E       		.byte	110
 1503 05c7 40       		.byte	64
 1504 05c8 82       		.byte	-126
 1505 05c9 40       		.byte	64
 1506 05ca 88       		.byte	-120
 1507 05cb 04       		.byte	4
 1508 05cc 8A       		.byte	-118
 1509 05cd 10       		.byte	16
 1510 05ce 8E       		.byte	-114
 1511 05cf 01       		.byte	1
 1512 05d0 C0       		.byte	-64
 1513 05d1 A7       		.byte	-89
 1514 05d2 C2       		.byte	-62
 1515 05d3 5A       		.byte	90
 1516 05d4 C4       		.byte	-60
 1517 05d5 D1       		.byte	-47
 1518 05d6 CA       		.byte	-54
 1519 05d7 93       		.byte	-109
 1520 05d8 CC       		.byte	-52
 1521 05d9 65       		.byte	101
 1522 05da CE       		.byte	-50
 1523 05db B0       		.byte	-80
 1524 05dc D0       		.byte	-48
 1525 05dd 30       		.byte	48
 1526 05de D2       		.byte	-46
 1527 05df 20       		.byte	32
 1528 05e0 E2       		.byte	-30
 1529 05e1 20       		.byte	32
 1530 05e2 E6       		.byte	-26
 1531 05e3 40       		.byte	64
 1532 05e4 82       		.byte	-126
 1533 05e5 02       		.byte	2
 1534 05e6 85       		.byte	-123
 1535 05e7 03       		.byte	3
 1536 05e8 87       		.byte	-121
 1537 05e9 FC       		.byte	-4
 1538 05ea 8D       		.byte	-115
 1539 05eb E0       		.byte	-32
ARM GAS  C:\Users\pfautley\AppData\Local\Temp\ccxgOyWh.s 			page 28


 1540 05ec 8F       		.byte	-113
 1541 05ed 1C       		.byte	28
 1542 05ee 91       		.byte	-111
 1543 05ef 92       		.byte	-110
 1544 05f0 93       		.byte	-109
 1545 05f1 25       		.byte	37
 1546 05f2 95       		.byte	-107
 1547 05f3 E3       		.byte	-29
 1548 05f4 96       		.byte	-106
 1549 05f5 01       		.byte	1
 1550 05f6 97       		.byte	-105
 1551 05f7 1C       		.byte	28
 1552 05f8 98       		.byte	-104
 1553 05f9 01       		.byte	1
 1554 05fa 9C       		.byte	-100
 1555 05fb 01       		.byte	1
 1556 05fc A0       		.byte	-96
 1557 05fd 01       		.byte	1
 1558 05fe A1       		.byte	-95
 1559 05ff 1F       		.byte	31
 1560 0600 A3       		.byte	-93
 1561 0601 E0       		.byte	-32
 1562 0602 A4       		.byte	-92
 1563 0603 01       		.byte	1
 1564 0604 A5       		.byte	-91
 1565 0605 E3       		.byte	-29
 1566 0606 A7       		.byte	-89
 1567 0607 1C       		.byte	28
 1568 0608 A8       		.byte	-88
 1569 0609 01       		.byte	1
 1570 060a A9       		.byte	-87
 1571 060b 25       		.byte	37
 1572 060c AB       		.byte	-85
 1573 060d DA       		.byte	-38
 1574 060e AD       		.byte	-83
 1575 060f 48       		.byte	72
 1576 0610 AF       		.byte	-81
 1577 0611 25       		.byte	37
 1578 0612 B1       		.byte	-79
 1579 0613 FF       		.byte	-1
 1580 0614 B4       		.byte	-76
 1581 0615 03       		.byte	3
 1582 0616 BF       		.byte	-65
 1583 0617 01       		.byte	1
 1584 0618 D8       		.byte	-40
 1585 0619 04       		.byte	4
 1586 061a D9       		.byte	-39
 1587 061b 04       		.byte	4
 1588 061c DB       		.byte	-37
 1589 061d 04       		.byte	4
 1590 061e DC       		.byte	-36
 1591 061f 01       		.byte	1
 1592 0620 DF       		.byte	-33
 1593 0621 01       		.byte	1
 1594 0622 00       		.byte	0
 1595 0623 80       		.byte	-128
 1596 0624 03       		.byte	3
ARM GAS  C:\Users\pfautley\AppData\Local\Temp\ccxgOyWh.s 			page 29


 1597 0625 04       		.byte	4
 1598 0626 07       		.byte	7
 1599 0627 40       		.byte	64
 1600 0628 08       		.byte	8
 1601 0629 06       		.byte	6
 1602 062a 0B       		.byte	11
 1603 062b 24       		.byte	36
 1604 062c 0C       		.byte	12
 1605 062d 94       		.byte	-108
 1606 062e 0E       		.byte	14
 1607 062f 04       		.byte	4
 1608 0630 10       		.byte	16
 1609 0631 90       		.byte	-112
 1610 0632 11       		.byte	17
 1611 0633 40       		.byte	64
 1612 0634 16       		.byte	22
 1613 0635 88       		.byte	-120
 1614 0636 17       		.byte	23
 1615 0637 04       		.byte	4
 1616 0638 18       		.byte	24
 1617 0639 04       		.byte	4
 1618 063a 19       		.byte	25
 1619 063b 80       		.byte	-128
 1620 063c 1B       		.byte	27
 1621 063d 80       		.byte	-128
 1622 063e 1F       		.byte	31
 1623 063f 10       		.byte	16
 1624 0640 21       		.byte	33
 1625 0641 42       		.byte	66
 1626 0642 23       		.byte	35
 1627 0643 01       		.byte	1
 1628 0644 27       		.byte	39
 1629 0645 40       		.byte	64
 1630 0646 2A       		.byte	42
 1631 0647 02       		.byte	2
 1632 0648 2B       		.byte	43
 1633 0649 0A       		.byte	10
 1634 064a 2C       		.byte	44
 1635 064b 84       		.byte	-124
 1636 064c 2E       		.byte	46
 1637 064d 84       		.byte	-124
 1638 064e 2F       		.byte	47
 1639 064f 01       		.byte	1
 1640 0650 31       		.byte	49
 1641 0651 02       		.byte	2
 1642 0652 32       		.byte	50
 1643 0653 40       		.byte	64
 1644 0654 33       		.byte	51
 1645 0655 10       		.byte	16
 1646 0656 34       		.byte	52
 1647 0657 02       		.byte	2
 1648 0658 37       		.byte	55
 1649 0659 04       		.byte	4
 1650 065a 39       		.byte	57
 1651 065b 15       		.byte	21
 1652 065c 3D       		.byte	61
 1653 065d 40       		.byte	64
ARM GAS  C:\Users\pfautley\AppData\Local\Temp\ccxgOyWh.s 			page 30


 1654 065e 3E       		.byte	62
 1655 065f 48       		.byte	72
 1656 0660 3F       		.byte	63
 1657 0661 04       		.byte	4
 1658 0662 40       		.byte	64
 1659 0663 84       		.byte	-124
 1660 0664 41       		.byte	65
 1661 0665 08       		.byte	8
 1662 0666 49       		.byte	73
 1663 0667 84       		.byte	-124
 1664 0668 4A       		.byte	74
 1665 0669 04       		.byte	4
 1666 066a 53       		.byte	83
 1667 066b 04       		.byte	4
 1668 066c 58       		.byte	88
 1669 066d 40       		.byte	64
 1670 066e 60       		.byte	96
 1671 066f 02       		.byte	2
 1672 0670 6B       		.byte	107
 1673 0671 01       		.byte	1
 1674 0672 6D       		.byte	109
 1675 0673 80       		.byte	-128
 1676 0674 87       		.byte	-121
 1677 0675 01       		.byte	1
 1678 0676 88       		.byte	-120
 1679 0677 04       		.byte	4
 1680 0678 89       		.byte	-119
 1681 0679 40       		.byte	64
 1682 067a 8A       		.byte	-118
 1683 067b 40       		.byte	64
 1684 067c 91       		.byte	-111
 1685 067d 15       		.byte	21
 1686 067e 92       		.byte	-110
 1687 067f C4       		.byte	-60
 1688 0680 93       		.byte	-109
 1689 0681 06       		.byte	6
 1690 0682 95       		.byte	-107
 1691 0683 80       		.byte	-128
 1692 0684 97       		.byte	-105
 1693 0685 29       		.byte	41
 1694 0686 98       		.byte	-104
 1695 0687 C0       		.byte	-64
 1696 0688 9A       		.byte	-102
 1697 0689 02       		.byte	2
 1698 068a 9B       		.byte	-101
 1699 068b 14       		.byte	20
 1700 068c 9C       		.byte	-100
 1701 068d 02       		.byte	2
 1702 068e 9D       		.byte	-99
 1703 068f 04       		.byte	4
 1704 0690 9E       		.byte	-98
 1705 0691 40       		.byte	64
 1706 0692 A0       		.byte	-96
 1707 0693 C0       		.byte	-64
 1708 0694 A1       		.byte	-95
 1709 0695 08       		.byte	8
 1710 0696 A2       		.byte	-94
ARM GAS  C:\Users\pfautley\AppData\Local\Temp\ccxgOyWh.s 			page 31


 1711 0697 04       		.byte	4
 1712 0698 A3       		.byte	-93
 1713 0699 0A       		.byte	10
 1714 069a A7       		.byte	-89
 1715 069b 80       		.byte	-128
 1716 069c AA       		.byte	-86
 1717 069d 01       		.byte	1
 1718 069e AB       		.byte	-85
 1719 069f 08       		.byte	8
 1720 06a0 B0       		.byte	-80
 1721 06a1 40       		.byte	64
 1722 06a2 C0       		.byte	-64
 1723 06a3 13       		.byte	19
 1724 06a4 C2       		.byte	-62
 1725 06a5 EE       		.byte	-18
 1726 06a6 C4       		.byte	-60
 1727 06a7 7D       		.byte	125
 1728 06a8 CA       		.byte	-54
 1729 06a9 FD       		.byte	-3
 1730 06aa CC       		.byte	-52
 1731 06ab CD       		.byte	-51
 1732 06ac CE       		.byte	-50
 1733 06ad 57       		.byte	87
 1734 06ae D0       		.byte	-48
 1735 06af 07       		.byte	7
 1736 06b0 D2       		.byte	-46
 1737 06b1 0C       		.byte	12
 1738 06b2 D6       		.byte	-42
 1739 06b3 08       		.byte	8
 1740 06b4 D8       		.byte	-40
 1741 06b5 08       		.byte	8
 1742 06b6 E6       		.byte	-26
 1743 06b7 20       		.byte	32
 1744 06b8 08       		.byte	8
 1745 06b9 15       		.byte	21
 1746 06ba 0A       		.byte	10
 1747 06bb 2A       		.byte	42
 1748 06bc 10       		.byte	16
 1749 06bd 30       		.byte	48
 1750 06be 12       		.byte	18
 1751 06bf 0C       		.byte	12
 1752 06c0 13       		.byte	19
 1753 06c1 01       		.byte	1
 1754 06c2 18       		.byte	24
 1755 06c3 33       		.byte	51
 1756 06c4 1A       		.byte	26
 1757 06c5 0C       		.byte	12
 1758 06c6 1C       		.byte	28
 1759 06c7 0F       		.byte	15
 1760 06c8 1E       		.byte	30
 1761 06c9 30       		.byte	48
 1762 06ca 24       		.byte	36
 1763 06cb 33       		.byte	51
 1764 06cc 26       		.byte	38
 1765 06cd 0C       		.byte	12
 1766 06ce 28       		.byte	40
 1767 06cf 03       		.byte	3
ARM GAS  C:\Users\pfautley\AppData\Local\Temp\ccxgOyWh.s 			page 32


 1768 06d0 2A       		.byte	42
 1769 06d1 3C       		.byte	60
 1770 06d2 2C       		.byte	44
 1771 06d3 2A       		.byte	42
 1772 06d4 2E       		.byte	46
 1773 06d5 15       		.byte	21
 1774 06d6 30       		.byte	48
 1775 06d7 3F       		.byte	63
 1776 06d8 37       		.byte	55
 1777 06d9 01       		.byte	1
 1778 06da 58       		.byte	88
 1779 06db 04       		.byte	4
 1780 06dc 59       		.byte	89
 1781 06dd 04       		.byte	4
 1782 06de 5B       		.byte	91
 1783 06df 04       		.byte	4
 1784 06e0 5C       		.byte	92
 1785 06e1 11       		.byte	17
 1786 06e2 5F       		.byte	95
 1787 06e3 01       		.byte	1
 1788 06e4 81       		.byte	-127
 1789 06e5 80       		.byte	-128
 1790 06e6 82       		.byte	-126
 1791 06e7 B3       		.byte	-77
 1792 06e8 84       		.byte	-124
 1793 06e9 01       		.byte	1
 1794 06ea 85       		.byte	-123
 1795 06eb 10       		.byte	16
 1796 06ec 88       		.byte	-120
 1797 06ed 4C       		.byte	76
 1798 06ee 89       		.byte	-119
 1799 06ef 20       		.byte	32
 1800 06f0 8A       		.byte	-118
 1801 06f1 A3       		.byte	-93
 1802 06f2 8C       		.byte	-116
 1803 06f3 4F       		.byte	79
 1804 06f4 8D       		.byte	-115
 1805 06f5 03       		.byte	3
 1806 06f6 8E       		.byte	-114
 1807 06f7 90       		.byte	-112
 1808 06f8 90       		.byte	-112
 1809 06f9 42       		.byte	66
 1810 06fa 91       		.byte	-111
 1811 06fb 02       		.byte	2
 1812 06fc 94       		.byte	-108
 1813 06fd 03       		.byte	3
 1814 06fe 95       		.byte	-107
 1815 06ff 78       		.byte	120
 1816 0700 97       		.byte	-105
 1817 0701 07       		.byte	7
 1818 0702 99       		.byte	-103
 1819 0703 80       		.byte	-128
 1820 0704 9A       		.byte	-102
 1821 0705 0C       		.byte	12
 1822 0706 9B       		.byte	-101
 1823 0707 30       		.byte	48
 1824 0708 9D       		.byte	-99
ARM GAS  C:\Users\pfautley\AppData\Local\Temp\ccxgOyWh.s 			page 33


 1825 0709 7F       		.byte	127
 1826 070a 9E       		.byte	-98
 1827 070b 40       		.byte	64
 1828 070c A0       		.byte	-96
 1829 070d FF       		.byte	-1
 1830 070e A3       		.byte	-93
 1831 070f 0B       		.byte	11
 1832 0710 A4       		.byte	-92
 1833 0711 08       		.byte	8
 1834 0712 A5       		.byte	-91
 1835 0713 01       		.byte	1
 1836 0714 A8       		.byte	-88
 1837 0715 04       		.byte	4
 1838 0716 A9       		.byte	-87
 1839 0717 4F       		.byte	79
 1840 0718 AB       		.byte	-85
 1841 0719 30       		.byte	48
 1842 071a AC       		.byte	-84
 1843 071b F3       		.byte	-13
 1844 071c AD       		.byte	-83
 1845 071d 70       		.byte	112
 1846 071e AE       		.byte	-82
 1847 071f 0C       		.byte	12
 1848 0720 AF       		.byte	-81
 1849 0721 0F       		.byte	15
 1850 0722 B1       		.byte	-79
 1851 0723 04       		.byte	4
 1852 0724 B2       		.byte	-78
 1853 0725 0F       		.byte	15
 1854 0726 B3       		.byte	-77
 1855 0727 38       		.byte	56
 1856 0728 B4       		.byte	-76
 1857 0729 7C       		.byte	124
 1858 072a B5       		.byte	-75
 1859 072b C0       		.byte	-64
 1860 072c B6       		.byte	-74
 1861 072d 8C       		.byte	-116
 1862 072e B7       		.byte	-73
 1863 072f 03       		.byte	3
 1864 0730 B9       		.byte	-71
 1865 0731 22       		.byte	34
 1866 0732 BA       		.byte	-70
 1867 0733 A8       		.byte	-88
 1868 0734 D6       		.byte	-42
 1869 0735 02       		.byte	2
 1870 0736 D7       		.byte	-41
 1871 0737 24       		.byte	36
 1872 0738 D8       		.byte	-40
 1873 0739 04       		.byte	4
 1874 073a D9       		.byte	-39
 1875 073b 04       		.byte	4
 1876 073c DB       		.byte	-37
 1877 073d 04       		.byte	4
 1878 073e DC       		.byte	-36
 1879 073f 11       		.byte	17
 1880 0740 DF       		.byte	-33
 1881 0741 01       		.byte	1
ARM GAS  C:\Users\pfautley\AppData\Local\Temp\ccxgOyWh.s 			page 34


 1882 0742 01       		.byte	1
 1883 0743 A0       		.byte	-96
 1884 0744 03       		.byte	3
 1885 0745 A0       		.byte	-96
 1886 0746 05       		.byte	5
 1887 0747 10       		.byte	16
 1888 0748 08       		.byte	8
 1889 0749 02       		.byte	2
 1890 074a 09       		.byte	9
 1891 074b 40       		.byte	64
 1892 074c 0B       		.byte	11
 1893 074d 24       		.byte	36
 1894 074e 0C       		.byte	12
 1895 074f 80       		.byte	-128
 1896 0750 0E       		.byte	14
 1897 0751 44       		.byte	68
 1898 0752 11       		.byte	17
 1899 0753 02       		.byte	2
 1900 0754 12       		.byte	18
 1901 0755 95       		.byte	-107
 1902 0756 13       		.byte	19
 1903 0757 10       		.byte	16
 1904 0758 14       		.byte	20
 1905 0759 02       		.byte	2
 1906 075a 15       		.byte	21
 1907 075b 20       		.byte	32
 1908 075c 17       		.byte	23
 1909 075d 04       		.byte	4
 1910 075e 19       		.byte	25
 1911 075f A8       		.byte	-88
 1912 0760 1A       		.byte	26
 1913 0761 08       		.byte	8
 1914 0762 1B       		.byte	27
 1915 0763 04       		.byte	4
 1916 0764 1C       		.byte	28
 1917 0765 80       		.byte	-128
 1918 0766 1F       		.byte	31
 1919 0767 01       		.byte	1
 1920 0768 21       		.byte	33
 1921 0769 18       		.byte	24
 1922 076a 22       		.byte	34
 1923 076b 10       		.byte	16
 1924 076c 23       		.byte	35
 1925 076d 46       		.byte	70
 1926 076e 25       		.byte	37
 1927 076f 40       		.byte	64
 1928 0770 29       		.byte	41
 1929 0771 80       		.byte	-128
 1930 0772 2B       		.byte	43
 1931 0773 A4       		.byte	-92
 1932 0774 32       		.byte	50
 1933 0775 94       		.byte	-108
 1934 0776 33       		.byte	51
 1935 0777 01       		.byte	1
 1936 0778 34       		.byte	52
 1937 0779 02       		.byte	2
 1938 077a 35       		.byte	53
ARM GAS  C:\Users\pfautley\AppData\Local\Temp\ccxgOyWh.s 			page 35


 1939 077b 08       		.byte	8
 1940 077c 36       		.byte	54
 1941 077d 04       		.byte	4
 1942 077e 37       		.byte	55
 1943 077f 09       		.byte	9
 1944 0780 38       		.byte	56
 1945 0781 22       		.byte	34
 1946 0782 3A       		.byte	58
 1947 0783 54       		.byte	84
 1948 0784 62       		.byte	98
 1949 0785 20       		.byte	32
 1950 0786 69       		.byte	105
 1951 0787 55       		.byte	85
 1952 0788 6A       		.byte	106
 1953 0789 80       		.byte	-128
 1954 078a 6E       		.byte	110
 1955 078b 80       		.byte	-128
 1956 078c 72       		.byte	114
 1957 078d 03       		.byte	3
 1958 078e 81       		.byte	-127
 1959 078f 10       		.byte	16
 1960 0790 83       		.byte	-125
 1961 0791 21       		.byte	33
 1962 0792 8A       		.byte	-118
 1963 0793 40       		.byte	64
 1964 0794 90       		.byte	-112
 1965 0795 22       		.byte	34
 1966 0796 92       		.byte	-110
 1967 0797 44       		.byte	68
 1968 0798 93       		.byte	-109
 1969 0799 10       		.byte	16
 1970 079a 95       		.byte	-107
 1971 079b D5       		.byte	-43
 1972 079c 96       		.byte	-106
 1973 079d 89       		.byte	-119
 1974 079e 97       		.byte	-105
 1975 079f 49       		.byte	73
 1976 07a0 98       		.byte	-104
 1977 07a1 80       		.byte	-128
 1978 07a2 9B       		.byte	-101
 1979 07a3 14       		.byte	20
 1980 07a4 9D       		.byte	-99
 1981 07a5 8C       		.byte	-116
 1982 07a6 9E       		.byte	-98
 1983 07a7 02       		.byte	2
 1984 07a8 9F       		.byte	-97
 1985 07a9 02       		.byte	2
 1986 07aa A0       		.byte	-96
 1987 07ab 80       		.byte	-128
 1988 07ac A1       		.byte	-95
 1989 07ad 01       		.byte	1
 1990 07ae A2       		.byte	-94
 1991 07af 20       		.byte	32
 1992 07b0 A3       		.byte	-93
 1993 07b1 0A       		.byte	10
 1994 07b2 A5       		.byte	-91
 1995 07b3 08       		.byte	8
ARM GAS  C:\Users\pfautley\AppData\Local\Temp\ccxgOyWh.s 			page 36


 1996 07b4 B3       		.byte	-77
 1997 07b5 01       		.byte	1
 1998 07b6 C0       		.byte	-64
 1999 07b7 4F       		.byte	79
 2000 07b8 C2       		.byte	-62
 2001 07b9 DF       		.byte	-33
 2002 07ba C4       		.byte	-60
 2003 07bb EF       		.byte	-17
 2004 07bc CA       		.byte	-54
 2005 07bd 0F       		.byte	15
 2006 07be CC       		.byte	-52
 2007 07bf 8F       		.byte	-113
 2008 07c0 CE       		.byte	-50
 2009 07c1 0F       		.byte	15
 2010 07c2 D8       		.byte	-40
 2011 07c3 04       		.byte	4
 2012 07c4 E2       		.byte	-30
 2013 07c5 20       		.byte	32
 2014 07c6 EA       		.byte	-22
 2015 07c7 02       		.byte	2
 2016 07c8 EE       		.byte	-18
 2017 07c9 22       		.byte	34
 2018 07ca EA       		.byte	-22
 2019 07cb 02       		.byte	2
 2020 07cc EE       		.byte	-18
 2021 07cd 02       		.byte	2
 2022 07ce EA       		.byte	-22
 2023 07cf 80       		.byte	-128
 2024 07d0 31       		.byte	49
 2025 07d1 20       		.byte	32
 2026 07d2 33       		.byte	51
 2027 07d3 01       		.byte	1
 2028 07d4 36       		.byte	54
 2029 07d5 40       		.byte	64
 2030 07d6 37       		.byte	55
 2031 07d7 02       		.byte	2
 2032 07d8 3B       		.byte	59
 2033 07d9 40       		.byte	64
 2034 07da 51       		.byte	81
 2035 07db 08       		.byte	8
 2036 07dc 54       		.byte	84
 2037 07dd 80       		.byte	-128
 2038 07de 55       		.byte	85
 2039 07df 02       		.byte	2
 2040 07e0 58       		.byte	88
 2041 07e1 10       		.byte	16
 2042 07e2 61       		.byte	97
 2043 07e3 40       		.byte	64
 2044 07e4 65       		.byte	101
 2045 07e5 80       		.byte	-128
 2046 07e6 66       		.byte	102
 2047 07e7 01       		.byte	1
 2048 07e8 82       		.byte	-126
 2049 07e9 01       		.byte	1
 2050 07ea 85       		.byte	-123
 2051 07eb 40       		.byte	64
 2052 07ec 87       		.byte	-121
ARM GAS  C:\Users\pfautley\AppData\Local\Temp\ccxgOyWh.s 			page 37


 2053 07ed 02       		.byte	2
 2054 07ee CC       		.byte	-52
 2055 07ef F0       		.byte	-16
 2056 07f0 CE       		.byte	-50
 2057 07f1 10       		.byte	16
 2058 07f2 D4       		.byte	-44
 2059 07f3 E0       		.byte	-32
 2060 07f4 D6       		.byte	-42
 2061 07f5 E0       		.byte	-32
 2062 07f6 D8       		.byte	-40
 2063 07f7 80       		.byte	-128
 2064 07f8 E2       		.byte	-30
 2065 07f9 20       		.byte	32
 2066 07fa E6       		.byte	-26
 2067 07fb 50       		.byte	80
 2068 07fc 30       		.byte	48
 2069 07fd 20       		.byte	32
 2070 07fe 52       		.byte	82
 2071 07ff 20       		.byte	32
 2072 0800 54       		.byte	84
 2073 0801 80       		.byte	-128
 2074 0802 58       		.byte	88
 2075 0803 40       		.byte	64
 2076 0804 80       		.byte	-128
 2077 0805 80       		.byte	-128
 2078 0806 87       		.byte	-121
 2079 0807 40       		.byte	64
 2080 0808 97       		.byte	-105
 2081 0809 40       		.byte	64
 2082 080a 9C       		.byte	-100
 2083 080b 10       		.byte	16
 2084 080c 9D       		.byte	-99
 2085 080d 80       		.byte	-128
 2086 080e 9F       		.byte	-97
 2087 080f 01       		.byte	1
 2088 0810 A0       		.byte	-96
 2089 0811 20       		.byte	32
 2090 0812 A5       		.byte	-91
 2091 0813 2A       		.byte	42
 2092 0814 A6       		.byte	-90
 2093 0815 40       		.byte	64
 2094 0816 A8       		.byte	-88
 2095 0817 20       		.byte	32
 2096 0818 AC       		.byte	-84
 2097 0819 80       		.byte	-128
 2098 081a CC       		.byte	-52
 2099 081b 10       		.byte	16
 2100 081c D4       		.byte	-44
 2101 081d E0       		.byte	-32
 2102 081e E2       		.byte	-30
 2103 081f 20       		.byte	32
 2104 0820 E6       		.byte	-26
 2105 0821 40       		.byte	64
 2106 0822 EA       		.byte	-22
 2107 0823 90       		.byte	-112
 2108 0824 85       		.byte	-123
 2109 0825 02       		.byte	2
ARM GAS  C:\Users\pfautley\AppData\Local\Temp\ccxgOyWh.s 			page 38


 2110 0826 9C       		.byte	-100
 2111 0827 50       		.byte	80
 2112 0828 9F       		.byte	-97
 2113 0829 01       		.byte	1
 2114 082a A5       		.byte	-91
 2115 082b 2A       		.byte	42
 2116 082c A6       		.byte	-90
 2117 082d 40       		.byte	64
 2118 082e AD       		.byte	-83
 2119 082f 80       		.byte	-128
 2120 0830 B6       		.byte	-74
 2121 0831 20       		.byte	32
 2122 0832 E2       		.byte	-30
 2123 0833 40       		.byte	64
 2124 0834 EA       		.byte	-22
 2125 0835 10       		.byte	16
 2126 0836 85       		.byte	-123
 2127 0837 20       		.byte	32
 2128 0838 9C       		.byte	-100
 2129 0839 10       		.byte	16
 2130 083a 9F       		.byte	-97
 2131 083b 01       		.byte	1
 2132 083c A5       		.byte	-91
 2133 083d 28       		.byte	40
 2134 083e A6       		.byte	-90
 2135 083f 40       		.byte	64
 2136 0840 AC       		.byte	-84
 2137 0841 40       		.byte	64
 2138 0842 E2       		.byte	-30
 2139 0843 10       		.byte	16
 2140 0844 EE       		.byte	-18
 2141 0845 10       		.byte	16
 2142 0846 8B       		.byte	-117
 2143 0847 01       		.byte	1
 2144 0848 E0       		.byte	-32
 2145 0849 01       		.byte	1
 2146 084a 8F       		.byte	-113
 2147 084b 04       		.byte	4
 2148 084c A3       		.byte	-93
 2149 084d 01       		.byte	1
 2150 084e E0       		.byte	-32
 2151 084f 02       		.byte	2
 2152 0850 0B       		.byte	11
 2153 0851 84       		.byte	-124
 2154 0852 0F       		.byte	15
 2155 0853 40       		.byte	64
 2156 0854 87       		.byte	-121
 2157 0855 40       		.byte	64
 2158 0856 8A       		.byte	-118
 2159 0857 20       		.byte	32
 2160 0858 8D       		.byte	-115
 2161 0859 02       		.byte	2
 2162 085a A3       		.byte	-93
 2163 085b 05       		.byte	5
 2164 085c C2       		.byte	-62
 2165 085d 0E       		.byte	14
 2166 085e E0       		.byte	-32
ARM GAS  C:\Users\pfautley\AppData\Local\Temp\ccxgOyWh.s 			page 39


 2167 085f 04       		.byte	4
 2168 0860 E2       		.byte	-30
 2169 0861 02       		.byte	2
 2170 0862 88       		.byte	-120
 2171 0863 10       		.byte	16
 2172 0864 9C       		.byte	-100
 2173 0865 10       		.byte	16
 2174 0866 AE       		.byte	-82
 2175 0867 40       		.byte	64
 2176 0868 AF       		.byte	-81
 2177 0869 01       		.byte	1
 2178 086a B1       		.byte	-79
 2179 086b 08       		.byte	8
 2180 086c EA       		.byte	-22
 2181 086d 40       		.byte	64
 2182 086e EE       		.byte	-18
 2183 086f 40       		.byte	64
 2184 0870 66       		.byte	102
 2185 0871 90       		.byte	-112
 2186 0872 86       		.byte	-122
 2187 0873 10       		.byte	16
 2188 0874 8A       		.byte	-118
 2189 0875 80       		.byte	-128
 2190 0876 D6       		.byte	-42
 2191 0877 80       		.byte	-128
 2192 0878 D8       		.byte	-40
 2193 0879 80       		.byte	-128
 2194 087a E2       		.byte	-30
 2195 087b 40       		.byte	64
 2196 087c 08       		.byte	8
 2197 087d 40       		.byte	64
 2198 087e 63       		.byte	99
 2199 087f 02       		.byte	2
 2200 0880 9D       		.byte	-99
 2201 0881 02       		.byte	2
 2202 0882 A2       		.byte	-94
 2203 0883 20       		.byte	32
 2204 0884 A3       		.byte	-93
 2205 0885 05       		.byte	5
 2206 0886 AF       		.byte	-81
 2207 0887 44       		.byte	68
 2208 0888 C2       		.byte	-62
 2209 0889 02       		.byte	2
 2210 088a D6       		.byte	-42
 2211 088b 02       		.byte	2
 2212 088c 01       		.byte	1
 2213 088d 02       		.byte	2
 2214 088e 52       		.byte	82
 2215 088f 20       		.byte	32
 2216 0890 63       		.byte	99
 2217 0891 08       		.byte	8
 2218 0892 9D       		.byte	-99
 2219 0893 02       		.byte	2
 2220 0894 A2       		.byte	-94
 2221 0895 20       		.byte	32
 2222 0896 A3       		.byte	-93
 2223 0897 04       		.byte	4
ARM GAS  C:\Users\pfautley\AppData\Local\Temp\ccxgOyWh.s 			page 40


 2224 0898 B0       		.byte	-80
 2225 0899 40       		.byte	64
 2226 089a C0       		.byte	-64
 2227 089b 08       		.byte	8
 2228 089c D4       		.byte	-44
 2229 089d 04       		.byte	4
 2230 089e D8       		.byte	-40
 2231 089f 02       		.byte	2
 2232 08a0 EA       		.byte	-22
 2233 08a1 01       		.byte	1
 2234 08a2 00       		.byte	0
 2235 08a3 03       		.byte	3
 2236 08a4 01       		.byte	1
 2237 08a5 01       		.byte	1
 2238 08a6 08       		.byte	8
 2239 08a7 03       		.byte	3
 2240 08a8 09       		.byte	9
 2241 08a9 01       		.byte	1
 2242 08aa 0A       		.byte	10
 2243 08ab 03       		.byte	3
 2244 08ac 0E       		.byte	14
 2245 08ad 02       		.byte	2
 2246 08ae 10       		.byte	16
 2247 08af 03       		.byte	3
 2248 08b0 11       		.byte	17
 2249 08b1 01       		.byte	1
 2250 08b2 1A       		.byte	26
 2251 08b3 03       		.byte	3
 2252 08b4 1B       		.byte	27
 2253 08b5 01       		.byte	1
 2254 08b6 00       		.byte	0
 2255 08b7 EA       		.byte	-22
 2256 08b8 01       		.byte	1
 2257 08b9 0F       		.byte	15
 2258 08ba 00       		.byte	0
 2259 08bb 00       		.byte	0
 2260 08bc 00       		.byte	0
 2261 08bd 1D       		.byte	29
 2262 08be 00       		.byte	0
 2263 08bf 00       		.byte	0
 2264 08c0 00       		.byte	0
 2265 08c1 1D       		.byte	29
 2266 08c2 00       		.byte	0
 2267 08c3 00       		.byte	0
 2268 08c4 01       		.byte	1
 2269 08c5 1D       		.byte	29
 2270 08c6 02       		.byte	2
 2271 08c7 00       		.byte	0
 2272 08c8 00       		.byte	0
 2273 08c9 00       		.byte	0
 2274 08ca 08       		.byte	8
 2275 08cb 00       		.byte	0
 2276 08cc 00       		.byte	0
 2277 08cd 02       		.byte	2
 2278 08ce 08       		.byte	8
 2279 08cf 0D       		.byte	13
 2280 08d0 00       		.byte	0
ARM GAS  C:\Users\pfautley\AppData\Local\Temp\ccxgOyWh.s 			page 41


 2281 08d1 00       		.byte	0
 2282 08d2 04       		.byte	4
 2283 08d3 00       		.byte	0
 2284 08d4 01       		.byte	1
 2285 08d5 02       		.byte	2
 2286 08d6 02       		.byte	2
 2287 08d7 04       		.byte	4
 2288 08d8 00       		.byte	0
 2289 08d9 0D       		.byte	13
 2290 08da 00       		.byte	0
 2291 08db 10       		.byte	16
 2292 08dc 03       		.byte	3
 2293 08dd 1D       		.byte	29
 2294 08de 00       		.byte	0
 2295 08df 00       		.byte	0
 2296 08e0 01       		.byte	1
 2297 08e1 00       		.byte	0
 2298 08e2 02       		.byte	2
 2299 08e3 00       		.byte	0
 2300 08e4 00       		.byte	0
 2301 08e5 01       		.byte	1
 2302 08e6 00       		.byte	0
 2303 08e7 02       		.byte	2
 2304 08e8 01       		.byte	1
 2305 08e9 02       		.byte	2
 2306 08ea 02       		.byte	2
 2307 08eb 08       		.byte	8
 2308 08ec 00       		.byte	0
 2309 08ed 0F       		.byte	15
 2310 08ee 00       		.byte	0
 2311 08ef 00       		.byte	0
 2312 08f0 0C       		.byte	12
 2313 08f1 00       		.byte	0
 2314 08f2 03       		.byte	3
 2315 08f3 10       		.byte	16
 2316 08f4 00       		.byte	0
 2317 08f5 00       		.byte	0
 2318 08f6 00       		.byte	0
 2319 08f7 02       		.byte	2
 2320 08f8 00       		.byte	0
 2321 08f9 00       		.byte	0
 2322 08fa 10       		.byte	16
 2323 08fb 40       		.byte	64
 2324 08fc 65       		.byte	101
 2325 08fd 04       		.byte	4
 2326 08fe 03       		.byte	3
 2327 08ff 00       		.byte	0
 2328 0900 02       		.byte	2
 2329 0901 0C       		.byte	12
 2330 0902 00       		.byte	0
 2331 0903 0E       		.byte	14
 2332 0904 11       		.byte	17
 2333 0905 FF       		.byte	-1
 2334 0906 FF       		.byte	-1
 2335 0907 FF       		.byte	-1
 2336 0908 62       		.byte	98
 2337 0909 A0       		.byte	-96
ARM GAS  C:\Users\pfautley\AppData\Local\Temp\ccxgOyWh.s 			page 42


 2338 090a F0       		.byte	-16
 2339 090b 41       		.byte	65
 2340 090c 0C       		.byte	12
 2341 090d 00       		.byte	0
 2342 090e 00       		.byte	0
 2343 090f 00       		.byte	0
 2344 0910 00       		.byte	0
 2345 0911 00       		.byte	0
 2346 0912 08       		.byte	8
 2347 0913 00       		.byte	0
 2348 0914 04       		.byte	4
 2349 0915 04       		.byte	4
 2350 0916 04       		.byte	4
 2351 0917 04       		.byte	4
 2352 0918 01       		.byte	1
 2353 0919 91       		.byte	-111
 2354 091a 00       		.byte	0
 2355 091b 01       		.byte	1
 2356 091c 00       		.byte	0
 2357 091d 00       		.byte	0
 2358 091e 00       		.byte	0
 2359 091f 00       		.byte	0
 2360 0920 00       		.byte	0
 2361 0921 00       		.byte	0
 2362 0922 40       		.byte	64
 2363 0923 02       		.byte	2
 2364 0924 00       		.byte	0
 2365 0925 10       		.byte	16
 2366 0926 30       		.byte	48
 2367 0927 10       		.byte	16
 2368 0928 00       		.byte	0
 2369 0929 10       		.byte	16
 2370 092a 10       		.byte	16
 2371 092b 12       		.byte	18
 2372 092c 00       		.byte	0
 2373 092d 00       		.byte	0
 2374 092e 00       		.byte	0
 2375 092f 00       		.byte	0
 2376 0930 00       		.byte	0
 2377 0931 00       		.byte	0
 2378 0932 00       		.byte	0
 2379 0933 00       		.byte	0
 2380 0934 00       		.byte	0
 2381 0935 00       		.byte	0
 2382 0936 00       		.byte	0
 2383 0937 00       		.byte	0
 2384 0938 00       		.byte	0
 2385 0939 00       		.byte	0
 2386 093a 00       		.byte	0
 2387 093b 00       		.byte	0
 2388 093c 00       		.byte	0
 2389 093d 07       		.byte	7
 2390 093e 07       		.byte	7
 2391 093f 00       		.byte	0
 2392 0940 07       		.byte	7
 2393 0941 00       		.byte	0
 2394 0942 00       		.byte	0
ARM GAS  C:\Users\pfautley\AppData\Local\Temp\ccxgOyWh.s 			page 43


 2395 0943 00       		.byte	0
 2396 0944 00       		.byte	0
 2397 0945 00       		.byte	0
 2398 0946 00       		.byte	0
 2399 0947 00       		.byte	0
 2400 0948 00       		.byte	0
 2401 0949 00       		.byte	0
 2402 094a 00       		.byte	0
 2403 094b 00       		.byte	0
 2404 094c C0       		.byte	-64
 2405 094d 00       		.byte	0
 2406 094e 00       		.byte	0
 2407 094f 00       		.byte	0
 2408 0950 80       		.byte	-128
 2409 0951 00       		.byte	0
 2410 0952 40       		.byte	64
 2411 0953 80       		.byte	-128
 2412 0954 80       		.byte	-128
 2413 0955 00       		.byte	0
 2414 0956 80       		.byte	-128
 2415 0957 00       		.byte	0
 2416 0958 00       		.byte	0
 2417 0959 00       		.byte	0
 2418 095a 00       		.byte	0
 2419 095b 00       		.byte	0
 2420 095c 00       		.byte	0
 2421 095d 7F       		.byte	127
 2422 095e 7F       		.byte	127
 2423 095f 00       		.byte	0
 2424 0960 00       		.byte	0
 2425 0961 00       		.byte	0
 2426 0962 00       		.byte	0
 2427 0963 00       		.byte	0
 2428 0964 00       		.byte	0
 2429 0965 C0       		.byte	-64
 2430 0966 C0       		.byte	-64
 2431 0967 00       		.byte	0
 2432 0968 C0       		.byte	-64
 2433 0969 00       		.byte	0
 2434 096a 00       		.byte	0
 2435 096b 00       		.byte	0
 2436 096c 00       		.byte	0
 2437 096d 7F       		.byte	127
 2438 096e 7F       		.byte	127
 2439 096f 00       		.byte	0
 2440 0970 7F       		.byte	127
 2441 0971 00       		.byte	0
 2442 0972 00       		.byte	0
 2443 0973 00       		.byte	0
 2444 0974 01       		.byte	1
 2445 0975 54       		.byte	84
 2446 0976 54       		.byte	84
 2447 0977 00       		.byte	0
 2448 0978 14       		.byte	20
 2449 0979 00       		.byte	0
 2450 097a 00       		.byte	0
 2451 097b 00       		.byte	0
ARM GAS  C:\Users\pfautley\AppData\Local\Temp\ccxgOyWh.s 			page 44


 2452              		.global	cy_meta_custnvl
 2453              		.section	.cycustnvl,"a",%progbits
 2454              		.align	2
 2455              		.type	cy_meta_custnvl, %object
 2456              		.size	cy_meta_custnvl, 4
 2457              	cy_meta_custnvl:
 2458 0000 00       		.byte	0
 2459 0001 00       		.byte	0
 2460 0002 40       		.byte	64
 2461 0003 05       		.byte	5
 2462              		.global	cy_meta_wonvl
 2463              		.section	.cywolatch,"a",%progbits
 2464              		.align	2
 2465              		.type	cy_meta_wonvl, %object
 2466              		.size	cy_meta_wonvl, 4
 2467              	cy_meta_wonvl:
 2468 0000 BC       		.byte	-68
 2469 0001 90       		.byte	-112
 2470 0002 AC       		.byte	-84
 2471 0003 AF       		.byte	-81
 2472              		.global	cy_meta_flashprotect
 2473              		.section	.cyflashprotect,"a",%progbits
 2474              		.align	2
 2475              		.type	cy_meta_flashprotect, %object
 2476              		.size	cy_meta_flashprotect, 256
 2477              	cy_meta_flashprotect:
 2478 0000 00000000 		.space	256
 2478      00000000 
 2478      00000000 
 2478      00000000 
 2478      00000000 
 2479              		.global	cy_metadata
 2480              		.section	.cymeta,"a",%progbits
 2481              		.align	2
 2482              		.type	cy_metadata, %object
 2483              		.size	cy_metadata, 12
 2484              	cy_metadata:
 2485 0000 00       		.byte	0
 2486 0001 01       		.byte	1
 2487 0002 2E       		.byte	46
 2488 0003 12       		.byte	18
 2489 0004 30       		.byte	48
 2490 0005 69       		.byte	105
 2491 0006 00       		.byte	0
 2492 0007 01       		.byte	1
 2493 0008 00       		.byte	0
 2494 0009 00       		.byte	0
 2495 000a 00       		.byte	0
 2496 000b 00       		.byte	0
 2497              		.text
 2498              	.Letext0:
 2499              		.file 1 ".\\Generated_Source\\PSoC5\\cymetadata.c"
 2500              		.file 2 ".\\Generated_Source\\PSoC5\\cytypes.h"
 2501              		.section	.debug_info,"",%progbits
 2502              	.Ldebug_info0:
 2503 0000 3A010000 		.4byte	0x13a
 2504 0004 0400     		.2byte	0x4
ARM GAS  C:\Users\pfautley\AppData\Local\Temp\ccxgOyWh.s 			page 45


 2505 0006 00000000 		.4byte	.Ldebug_abbrev0
 2506 000a 04       		.byte	0x4
 2507 000b 01       		.uleb128 0x1
 2508 000c F8000000 		.4byte	.LASF18
 2509 0010 01       		.byte	0x1
 2510 0011 00000000 		.4byte	.LASF19
 2511 0015 26000000 		.4byte	.LASF20
 2512 0019 00000000 		.4byte	.Ldebug_line0
 2513 001d 02       		.uleb128 0x2
 2514 001e 01       		.byte	0x1
 2515 001f 06       		.byte	0x6
 2516 0020 CC010000 		.4byte	.LASF0
 2517 0024 02       		.uleb128 0x2
 2518 0025 01       		.byte	0x1
 2519 0026 08       		.byte	0x8
 2520 0027 78000000 		.4byte	.LASF1
 2521 002b 02       		.uleb128 0x2
 2522 002c 02       		.byte	0x2
 2523 002d 05       		.byte	0x5
 2524 002e B3010000 		.4byte	.LASF2
 2525 0032 02       		.uleb128 0x2
 2526 0033 02       		.byte	0x2
 2527 0034 07       		.byte	0x7
 2528 0035 98000000 		.4byte	.LASF3
 2529 0039 02       		.uleb128 0x2
 2530 003a 04       		.byte	0x4
 2531 003b 05       		.byte	0x5
 2532 003c C3010000 		.4byte	.LASF4
 2533 0040 02       		.uleb128 0x2
 2534 0041 04       		.byte	0x4
 2535 0042 07       		.byte	0x7
 2536 0043 86000000 		.4byte	.LASF5
 2537 0047 02       		.uleb128 0x2
 2538 0048 08       		.byte	0x8
 2539 0049 05       		.byte	0x5
 2540 004a A0010000 		.4byte	.LASF6
 2541 004e 02       		.uleb128 0x2
 2542 004f 08       		.byte	0x8
 2543 0050 07       		.byte	0x7
 2544 0051 E1000000 		.4byte	.LASF7
 2545 0055 03       		.uleb128 0x3
 2546 0056 04       		.byte	0x4
 2547 0057 05       		.byte	0x5
 2548 0058 696E7400 		.ascii	"int\000"
 2549 005c 02       		.uleb128 0x2
 2550 005d 04       		.byte	0x4
 2551 005e 07       		.byte	0x7
 2552 005f D4000000 		.4byte	.LASF8
 2553 0063 04       		.uleb128 0x4
 2554 0064 BD010000 		.4byte	.LASF21
 2555 0068 02       		.byte	0x2
 2556 0069 A1       		.byte	0xa1
 2557 006a 24000000 		.4byte	0x24
 2558 006e 02       		.uleb128 0x2
 2559 006f 04       		.byte	0x4
 2560 0070 04       		.byte	0x4
 2561 0071 72000000 		.4byte	.LASF9
ARM GAS  C:\Users\pfautley\AppData\Local\Temp\ccxgOyWh.s 			page 46


 2562 0075 02       		.uleb128 0x2
 2563 0076 08       		.byte	0x8
 2564 0077 04       		.byte	0x4
 2565 0078 AB000000 		.4byte	.LASF10
 2566 007c 02       		.uleb128 0x2
 2567 007d 01       		.byte	0x1
 2568 007e 08       		.byte	0x8
 2569 007f AE010000 		.4byte	.LASF11
 2570 0083 05       		.uleb128 0x5
 2571 0084 63000000 		.4byte	0x63
 2572 0088 94000000 		.4byte	0x94
 2573 008c 06       		.uleb128 0x6
 2574 008d 94000000 		.4byte	0x94
 2575 0091 7B09     		.2byte	0x97b
 2576 0093 00       		.byte	0
 2577 0094 02       		.uleb128 0x2
 2578 0095 04       		.byte	0x4
 2579 0096 07       		.byte	0x7
 2580 0097 97010000 		.4byte	.LASF12
 2581 009b 07       		.uleb128 0x7
 2582 009c C2000000 		.4byte	.LASF13
 2583 00a0 01       		.byte	0x1
 2584 00a1 1C       		.byte	0x1c
 2585 00a2 AC000000 		.4byte	0xac
 2586 00a6 05       		.uleb128 0x5
 2587 00a7 03       		.byte	0x3
 2588 00a8 00000000 		.4byte	cy_meta_configecc
 2589 00ac 08       		.uleb128 0x8
 2590 00ad 83000000 		.4byte	0x83
 2591 00b1 05       		.uleb128 0x5
 2592 00b2 63000000 		.4byte	0x63
 2593 00b6 C1000000 		.4byte	0xc1
 2594 00ba 09       		.uleb128 0x9
 2595 00bb 94000000 		.4byte	0x94
 2596 00bf 03       		.byte	0x3
 2597 00c0 00       		.byte	0
 2598 00c1 0A       		.uleb128 0xa
 2599 00c2 B2000000 		.4byte	.LASF14
 2600 00c6 01       		.byte	0x1
 2601 00c7 5601     		.2byte	0x156
 2602 00c9 D3000000 		.4byte	0xd3
 2603 00cd 05       		.uleb128 0x5
 2604 00ce 03       		.byte	0x3
 2605 00cf 00000000 		.4byte	cy_meta_custnvl
 2606 00d3 08       		.uleb128 0x8
 2607 00d4 B1000000 		.4byte	0xb1
 2608 00d8 0A       		.uleb128 0xa
 2609 00d9 89010000 		.4byte	.LASF15
 2610 00dd 01       		.byte	0x1
 2611 00de 6101     		.2byte	0x161
 2612 00e0 EA000000 		.4byte	0xea
 2613 00e4 05       		.uleb128 0x5
 2614 00e5 03       		.byte	0x3
 2615 00e6 00000000 		.4byte	cy_meta_wonvl
 2616 00ea 08       		.uleb128 0x8
 2617 00eb B1000000 		.4byte	0xb1
 2618 00ef 05       		.uleb128 0x5
ARM GAS  C:\Users\pfautley\AppData\Local\Temp\ccxgOyWh.s 			page 47


 2619 00f0 63000000 		.4byte	0x63
 2620 00f4 FF000000 		.4byte	0xff
 2621 00f8 09       		.uleb128 0x9
 2622 00f9 94000000 		.4byte	0x94
 2623 00fd FF       		.byte	0xff
 2624 00fe 00       		.byte	0
 2625 00ff 0A       		.uleb128 0xa
 2626 0100 74010000 		.4byte	.LASF16
 2627 0104 01       		.byte	0x1
 2628 0105 6C01     		.2byte	0x16c
 2629 0107 11010000 		.4byte	0x111
 2630 010b 05       		.uleb128 0x5
 2631 010c 03       		.byte	0x3
 2632 010d 00000000 		.4byte	cy_meta_flashprotect
 2633 0111 08       		.uleb128 0x8
 2634 0112 EF000000 		.4byte	0xef
 2635 0116 05       		.uleb128 0x5
 2636 0117 63000000 		.4byte	0x63
 2637 011b 26010000 		.4byte	0x126
 2638 011f 09       		.uleb128 0x9
 2639 0120 94000000 		.4byte	0x94
 2640 0124 0B       		.byte	0xb
 2641 0125 00       		.byte	0
 2642 0126 0A       		.uleb128 0xa
 2643 0127 66000000 		.4byte	.LASF17
 2644 012b 01       		.byte	0x1
 2645 012c 9601     		.2byte	0x196
 2646 012e 38010000 		.4byte	0x138
 2647 0132 05       		.uleb128 0x5
 2648 0133 03       		.byte	0x3
 2649 0134 00000000 		.4byte	cy_metadata
 2650 0138 08       		.uleb128 0x8
 2651 0139 16010000 		.4byte	0x116
 2652 013d 00       		.byte	0
 2653              		.section	.debug_abbrev,"",%progbits
 2654              	.Ldebug_abbrev0:
 2655 0000 01       		.uleb128 0x1
 2656 0001 11       		.uleb128 0x11
 2657 0002 01       		.byte	0x1
 2658 0003 25       		.uleb128 0x25
 2659 0004 0E       		.uleb128 0xe
 2660 0005 13       		.uleb128 0x13
 2661 0006 0B       		.uleb128 0xb
 2662 0007 03       		.uleb128 0x3
 2663 0008 0E       		.uleb128 0xe
 2664 0009 1B       		.uleb128 0x1b
 2665 000a 0E       		.uleb128 0xe
 2666 000b 10       		.uleb128 0x10
 2667 000c 17       		.uleb128 0x17
 2668 000d 00       		.byte	0
 2669 000e 00       		.byte	0
 2670 000f 02       		.uleb128 0x2
 2671 0010 24       		.uleb128 0x24
 2672 0011 00       		.byte	0
 2673 0012 0B       		.uleb128 0xb
 2674 0013 0B       		.uleb128 0xb
 2675 0014 3E       		.uleb128 0x3e
ARM GAS  C:\Users\pfautley\AppData\Local\Temp\ccxgOyWh.s 			page 48


 2676 0015 0B       		.uleb128 0xb
 2677 0016 03       		.uleb128 0x3
 2678 0017 0E       		.uleb128 0xe
 2679 0018 00       		.byte	0
 2680 0019 00       		.byte	0
 2681 001a 03       		.uleb128 0x3
 2682 001b 24       		.uleb128 0x24
 2683 001c 00       		.byte	0
 2684 001d 0B       		.uleb128 0xb
 2685 001e 0B       		.uleb128 0xb
 2686 001f 3E       		.uleb128 0x3e
 2687 0020 0B       		.uleb128 0xb
 2688 0021 03       		.uleb128 0x3
 2689 0022 08       		.uleb128 0x8
 2690 0023 00       		.byte	0
 2691 0024 00       		.byte	0
 2692 0025 04       		.uleb128 0x4
 2693 0026 16       		.uleb128 0x16
 2694 0027 00       		.byte	0
 2695 0028 03       		.uleb128 0x3
 2696 0029 0E       		.uleb128 0xe
 2697 002a 3A       		.uleb128 0x3a
 2698 002b 0B       		.uleb128 0xb
 2699 002c 3B       		.uleb128 0x3b
 2700 002d 0B       		.uleb128 0xb
 2701 002e 49       		.uleb128 0x49
 2702 002f 13       		.uleb128 0x13
 2703 0030 00       		.byte	0
 2704 0031 00       		.byte	0
 2705 0032 05       		.uleb128 0x5
 2706 0033 01       		.uleb128 0x1
 2707 0034 01       		.byte	0x1
 2708 0035 49       		.uleb128 0x49
 2709 0036 13       		.uleb128 0x13
 2710 0037 01       		.uleb128 0x1
 2711 0038 13       		.uleb128 0x13
 2712 0039 00       		.byte	0
 2713 003a 00       		.byte	0
 2714 003b 06       		.uleb128 0x6
 2715 003c 21       		.uleb128 0x21
 2716 003d 00       		.byte	0
 2717 003e 49       		.uleb128 0x49
 2718 003f 13       		.uleb128 0x13
 2719 0040 2F       		.uleb128 0x2f
 2720 0041 05       		.uleb128 0x5
 2721 0042 00       		.byte	0
 2722 0043 00       		.byte	0
 2723 0044 07       		.uleb128 0x7
 2724 0045 34       		.uleb128 0x34
 2725 0046 00       		.byte	0
 2726 0047 03       		.uleb128 0x3
 2727 0048 0E       		.uleb128 0xe
 2728 0049 3A       		.uleb128 0x3a
 2729 004a 0B       		.uleb128 0xb
 2730 004b 3B       		.uleb128 0x3b
 2731 004c 0B       		.uleb128 0xb
 2732 004d 49       		.uleb128 0x49
ARM GAS  C:\Users\pfautley\AppData\Local\Temp\ccxgOyWh.s 			page 49


 2733 004e 13       		.uleb128 0x13
 2734 004f 3F       		.uleb128 0x3f
 2735 0050 19       		.uleb128 0x19
 2736 0051 02       		.uleb128 0x2
 2737 0052 18       		.uleb128 0x18
 2738 0053 00       		.byte	0
 2739 0054 00       		.byte	0
 2740 0055 08       		.uleb128 0x8
 2741 0056 26       		.uleb128 0x26
 2742 0057 00       		.byte	0
 2743 0058 49       		.uleb128 0x49
 2744 0059 13       		.uleb128 0x13
 2745 005a 00       		.byte	0
 2746 005b 00       		.byte	0
 2747 005c 09       		.uleb128 0x9
 2748 005d 21       		.uleb128 0x21
 2749 005e 00       		.byte	0
 2750 005f 49       		.uleb128 0x49
 2751 0060 13       		.uleb128 0x13
 2752 0061 2F       		.uleb128 0x2f
 2753 0062 0B       		.uleb128 0xb
 2754 0063 00       		.byte	0
 2755 0064 00       		.byte	0
 2756 0065 0A       		.uleb128 0xa
 2757 0066 34       		.uleb128 0x34
 2758 0067 00       		.byte	0
 2759 0068 03       		.uleb128 0x3
 2760 0069 0E       		.uleb128 0xe
 2761 006a 3A       		.uleb128 0x3a
 2762 006b 0B       		.uleb128 0xb
 2763 006c 3B       		.uleb128 0x3b
 2764 006d 05       		.uleb128 0x5
 2765 006e 49       		.uleb128 0x49
 2766 006f 13       		.uleb128 0x13
 2767 0070 3F       		.uleb128 0x3f
 2768 0071 19       		.uleb128 0x19
 2769 0072 02       		.uleb128 0x2
 2770 0073 18       		.uleb128 0x18
 2771 0074 00       		.byte	0
 2772 0075 00       		.byte	0
 2773 0076 00       		.byte	0
 2774              		.section	.debug_aranges,"",%progbits
 2775 0000 14000000 		.4byte	0x14
 2776 0004 0200     		.2byte	0x2
 2777 0006 00000000 		.4byte	.Ldebug_info0
 2778 000a 04       		.byte	0x4
 2779 000b 00       		.byte	0
 2780 000c 0000     		.2byte	0
 2781 000e 0000     		.2byte	0
 2782 0010 00000000 		.4byte	0
 2783 0014 00000000 		.4byte	0
 2784              		.section	.debug_line,"",%progbits
 2785              	.Ldebug_line0:
 2786 0000 4F000000 		.section	.debug_str,"MS",%progbits,1
 2786      02004900 
 2786      00000201 
 2786      FB0E0D00 
ARM GAS  C:\Users\pfautley\AppData\Local\Temp\ccxgOyWh.s 			page 50


 2786      01010101 
 2787              	.LASF19:
 2788 0000 2E5C4765 		.ascii	".\\Generated_Source\\PSoC5\\cymetadata.c\000"
 2788      6E657261 
 2788      7465645F 
 2788      536F7572 
 2788      63655C50 
 2789              	.LASF20:
 2790 0026 433A5C55 		.ascii	"C:\\Users\\pfautley\\Desktop\\finalproject.cydsn\\f"
 2790      73657273 
 2790      5C706661 
 2790      75746C65 
 2790      795C4465 
 2791 0054 696E616C 		.ascii	"inalproject.cydsn\000"
 2791      70726F6A 
 2791      6563742E 
 2791      63796473 
 2791      6E00
 2792              	.LASF17:
 2793 0066 63795F6D 		.ascii	"cy_metadata\000"
 2793      65746164 
 2793      61746100 
 2794              	.LASF9:
 2795 0072 666C6F61 		.ascii	"float\000"
 2795      7400
 2796              	.LASF1:
 2797 0078 756E7369 		.ascii	"unsigned char\000"
 2797      676E6564 
 2797      20636861 
 2797      7200
 2798              	.LASF5:
 2799 0086 6C6F6E67 		.ascii	"long unsigned int\000"
 2799      20756E73 
 2799      69676E65 
 2799      6420696E 
 2799      7400
 2800              	.LASF3:
 2801 0098 73686F72 		.ascii	"short unsigned int\000"
 2801      7420756E 
 2801      7369676E 
 2801      65642069 
 2801      6E7400
 2802              	.LASF10:
 2803 00ab 646F7562 		.ascii	"double\000"
 2803      6C6500
 2804              	.LASF14:
 2805 00b2 63795F6D 		.ascii	"cy_meta_custnvl\000"
 2805      6574615F 
 2805      63757374 
 2805      6E766C00 
 2806              	.LASF13:
 2807 00c2 63795F6D 		.ascii	"cy_meta_configecc\000"
 2807      6574615F 
 2807      636F6E66 
 2807      69676563 
 2807      6300
 2808              	.LASF8:
ARM GAS  C:\Users\pfautley\AppData\Local\Temp\ccxgOyWh.s 			page 51


 2809 00d4 756E7369 		.ascii	"unsigned int\000"
 2809      676E6564 
 2809      20696E74 
 2809      00
 2810              	.LASF7:
 2811 00e1 6C6F6E67 		.ascii	"long long unsigned int\000"
 2811      206C6F6E 
 2811      6720756E 
 2811      7369676E 
 2811      65642069 
 2812              	.LASF18:
 2813 00f8 474E5520 		.ascii	"GNU C 4.8.4 20140526 (release) [ARM/embedded-4_8-br"
 2813      4320342E 
 2813      382E3420 
 2813      32303134 
 2813      30353236 
 2814 012b 616E6368 		.ascii	"anch revision 211358] -mcpu=cortex-m3 -mthumb -g -O"
 2814      20726576 
 2814      6973696F 
 2814      6E203231 
 2814      31333538 
 2815 015e 30202D66 		.ascii	"0 -ffunction-sections\000"
 2815      66756E63 
 2815      74696F6E 
 2815      2D736563 
 2815      74696F6E 
 2816              	.LASF16:
 2817 0174 63795F6D 		.ascii	"cy_meta_flashprotect\000"
 2817      6574615F 
 2817      666C6173 
 2817      6870726F 
 2817      74656374 
 2818              	.LASF15:
 2819 0189 63795F6D 		.ascii	"cy_meta_wonvl\000"
 2819      6574615F 
 2819      776F6E76 
 2819      6C00
 2820              	.LASF12:
 2821 0197 73697A65 		.ascii	"sizetype\000"
 2821      74797065 
 2821      00
 2822              	.LASF6:
 2823 01a0 6C6F6E67 		.ascii	"long long int\000"
 2823      206C6F6E 
 2823      6720696E 
 2823      7400
 2824              	.LASF11:
 2825 01ae 63686172 		.ascii	"char\000"
 2825      00
 2826              	.LASF2:
 2827 01b3 73686F72 		.ascii	"short int\000"
 2827      7420696E 
 2827      7400
 2828              	.LASF21:
 2829 01bd 75696E74 		.ascii	"uint8\000"
 2829      3800
 2830              	.LASF4:
ARM GAS  C:\Users\pfautley\AppData\Local\Temp\ccxgOyWh.s 			page 52


 2831 01c3 6C6F6E67 		.ascii	"long int\000"
 2831      20696E74 
 2831      00
 2832              	.LASF0:
 2833 01cc 7369676E 		.ascii	"signed char\000"
 2833      65642063 
 2833      68617200 
 2834              		.ident	"GCC: (GNU Tools for ARM Embedded Processors) 4.8.4 20140526 (release) [ARM/embedded-4_8-br
