--------------- Build Started: 06/04/2015 13:08:53 Project: finalproject, Configuration: ARM GCC 4.8.4 Debug ---------------
The code generation step is up to date.
arm-none-eabi-gcc.exe -mcpu=cortex-m3 -mthumb -Wno-main -I.\emFile_V322c\Code\Include\PSoC5\emf32nOS -I.\emFile_V322c\Code\Include\PSoC5 -I. -I.\Generated_Source\PSoC5 -Wa,-alh=.\CortexM3\ARM_GCC_484\Debug/main.lst -g -D DEBUG -Wall -ffunction-sections -O0 -c .\main.c -o .\CortexM3\ARM_GCC_484\Debug\main.o
.\main.c: In function 'RxHandler':
.\main.c:183:13: warning: pointer targets in passing argument 1 of 'USBUART_1_PutData' differ in signedness [-Wpointer-sign]
             USBUART_1_PutData(tempstr, rxCount);
             ^
In file included from .\Generated_Source\PSoC5/project.h:60:0,
                 from .\main.c:12:
.\Generated_Source\PSoC5/USBUART_1_cdc.h:31:10: note: expected 'const uint8 *' but argument is of type 'char8 *'
     void USBUART_1_PutData(const uint8* pData, uint16 length) ;
          ^
.\main.c: In function 'main':
.\main.c:225:11: warning: unused variable 'size' [-Wunused-variable]
     uint8 size = 64;
           ^
.\main.c:224:11: warning: unused variable 'RxBuffer1' [-Wunused-variable]
     uint8 RxBuffer1[BUFFER_SIZE] = {0};
           ^
.\main.c:223:11: warning: unused variable 'RxBuffer0' [-Wunused-variable]
     uint8 RxBuffer0[BUFFER_SIZE] = {0};
           ^
.\main.c:220:12: warning: unused variable 'bytesReceived' [-Wunused-variable]
     uint16 bytesReceived = 0;
            ^
.\main.c:219:12: warning: unused variable 'count1' [-Wunused-variable]
     uint16 count1 = 0;
            ^
.\main.c:218:12: warning: unused variable 'count' [-Wunused-variable]
     uint16 count = 0;
            ^
.\main.c: In function 'wincheck':
.\main.c:441:9: warning: unused variable 'value' [-Wunused-variable]
     int value = 0;
         ^
arm-none-eabi-ar.exe -rs .\CortexM3\ARM_GCC_484\Debug\finalproject.a .\CortexM3\ARM_GCC_484\Debug\cyfitter_cfg.o .\CortexM3\ARM_GCC_484\Debug\red.o .\CortexM3\ARM_GCC_484\Debug\red_PM.o .\CortexM3\ARM_GCC_484\Debug\clk.o .\CortexM3\ARM_GCC_484\Debug\clk_PM.o .\CortexM3\ARM_GCC_484\Debug\CBA.o .\CortexM3\ARM_GCC_484\Debug\CBA_PM.o .\CortexM3\ARM_GCC_484\Debug\Latch.o .\CortexM3\ARM_GCC_484\Debug\Latch_PM.o .\CortexM3\ARM_GCC_484\Debug\OE.o .\CortexM3\ARM_GCC_484\Debug\OE_PM.o .\CortexM3\ARM_GCC_484\Debug\blue.o .\CortexM3\ARM_GCC_484\Debug\blue_PM.o .\CortexM3\ARM_GCC_484\Debug\green.o .\CortexM3\ARM_GCC_484\Debug\green_PM.o .\CortexM3\ARM_GCC_484\Debug\Timer_1.o .\CortexM3\ARM_GCC_484\Debug\Timer_1_PM.o .\CortexM3\ARM_GCC_484\Debug\isr_1.o .\CortexM3\ARM_GCC_484\Debug\CyBootAsmGnu.o .\CortexM3\ARM_GCC_484\Debug\CyDmac.o .\CortexM3\ARM_GCC_484\Debug\CyFlash.o .\CortexM3\ARM_GCC_484\Debug\CyLib.o .\CortexM3\ARM_GCC_484\Debug\cyPm.o .\CortexM3\ARM_GCC_484\Debug\CySpc.o .\CortexM3\ARM_GCC_484\Debug\cyutils.o .\CortexM3\ARM_GCC_484\Debug\blue2.o .\CortexM3\ARM_GCC_484\Debug\blue2_PM.o .\CortexM3\ARM_GCC_484\Debug\red2.o .\CortexM3\ARM_GCC_484\Debug\red2_PM.o .\CortexM3\ARM_GCC_484\Debug\green2.o .\CortexM3\ARM_GCC_484\Debug\green2_PM.o .\CortexM3\ARM_GCC_484\Debug\USBUART_1.o .\CortexM3\ARM_GCC_484\Debug\USBUART_1_audio.o .\CortexM3\ARM_GCC_484\Debug\USBUART_1_boot.o .\CortexM3\ARM_GCC_484\Debug\USBUART_1_cdc.o .\CortexM3\ARM_GCC_484\Debug\USBUART_1_cls.o .\CortexM3\ARM_GCC_484\Debug\USBUART_1_descr.o .\CortexM3\ARM_GCC_484\Debug\USBUART_1_drv.o .\CortexM3\ARM_GCC_484\Debug\USBUART_1_episr.o .\CortexM3\ARM_GCC_484\Debug\USBUART_1_hid.o .\CortexM3\ARM_GCC_484\Debug\USBUART_1_pm.o .\CortexM3\ARM_GCC_484\Debug\USBUART_1_std.o .\CortexM3\ARM_GCC_484\Debug\USBUART_1_vnd.o .\CortexM3\ARM_GCC_484\Debug\USBUART_1_midi.o .\CortexM3\ARM_GCC_484\Debug\LCD_Char.o .\CortexM3\ARM_GCC_484\Debug\LCD_Char_PM.o .\CortexM3\ARM_GCC_484\Debug\USBUART_1_ep3_dma.o .\CortexM3\ARM_GCC_484\Debug\USBUART_1_ep2_dma.o .\CortexM3\ARM_GCC_484\Debug\USBUART_1_ep1_dma.o .\CortexM3\ARM_GCC_484\Debug\USBUART_1_Dm.o .\CortexM3\ARM_GCC_484\Debug\USBUART_1_Dp.o .\CortexM3\ARM_GCC_484\Debug\LCD_Char_LCDPort.o .\CortexM3\ARM_GCC_484\Debug\UART_1.o .\CortexM3\ARM_GCC_484\Debug\UART_1_PM.o .\CortexM3\ARM_GCC_484\Debug\UART_1_INT.o .\CortexM3\ARM_GCC_484\Debug\UART_1_BOOT.o .\CortexM3\ARM_GCC_484\Debug\UART_1_IntClock.o .\CortexM3\ARM_GCC_484\Debug\R2.o .\CortexM3\ARM_GCC_484\Debug\R1.o .\CortexM3\ARM_GCC_484\Debug\G1.o .\CortexM3\ARM_GCC_484\Debug\B1.o .\CortexM3\ARM_GCC_484\Debug\clock.o .\CortexM3\ARM_GCC_484\Debug\LAT.o .\CortexM3\ARM_GCC_484\Debug\OEpin.o .\CortexM3\ARM_GCC_484\Debug\G2.o .\CortexM3\ARM_GCC_484\Debug\B2.o .\CortexM3\ARM_GCC_484\Debug\A.o .\CortexM3\ARM_GCC_484\Debug\B.o .\CortexM3\ARM_GCC_484\Debug\C.o .\CortexM3\ARM_GCC_484\Debug\emFile_1_ConfigMMC_SPI.o .\CortexM3\ARM_GCC_484\Debug\emFile_1_MMC_HW_SPI.o .\CortexM3\ARM_GCC_484\Debug\emFile_1_PM.o .\CortexM3\ARM_GCC_484\Debug\emFile_1_SPI0.o .\CortexM3\ARM_GCC_484\Debug\emFile_1_SPI0_PM.o .\CortexM3\ARM_GCC_484\Debug\emFile_1_SPI0_INT.o .\CortexM3\ARM_GCC_484\Debug\emFile_1_mosi0.o .\CortexM3\ARM_GCC_484\Debug\emFile_1_Clock_1.o .\CortexM3\ARM_GCC_484\Debug\emFile_1_miso0.o .\CortexM3\ARM_GCC_484\Debug\emFile_1_sclk0.o .\CortexM3\ARM_GCC_484\Debug\emFile_1_SPI0_CS.o .\CortexM3\ARM_GCC_484\Debug\isr_Tx.o .\CortexM3\ARM_GCC_484\Debug\isr_Rx.o
arm-none-eabi-ar.exe: creating .\CortexM3\ARM_GCC_484\Debug\finalproject.a
arm-none-eabi-gcc.exe -Wl,--start-group -o .\CortexM3\ARM_GCC_484\Debug\finalproject.elf .\CortexM3\ARM_GCC_484\Debug\main.o .\CortexM3\ARM_GCC_484\Debug\cymetadata.o .\CortexM3\ARM_GCC_484\Debug\Cm3Start.o .\CortexM3\ARM_GCC_484\Debug\finalproject.a "C:\Program Files\Cypress\PSoC Creator\3.1\PSoC Creator\psoc\content\cycomponentlibrary\CyComponentLibrary.cylib\CortexM3\ARM_GCC_484\Debug\CyComponentLibrary.a" -mthumb -march=armv7-m -mfix-cortex-m3-ldrd -l emf32nosnlfn -L .\emFile_V322c\Code\Include\PSoC5\emf32nOS -L .\emFile_V322c\LinkLibrary\PSoC5\GCC -L .\emFile_V322c\LinkLibrary\PSoC5 -Wl,-Map,.\CortexM3\ARM_GCC_484\Debug/finalproject.map -T .\Generated_Source\PSoC5\cm3gcc.ld -g -specs=nano.specs "-u _printf_float" "" -Wl,--gc-sections -Wl,--end-group
cyelftool.exe -C C:\Users\pfautley\Desktop\finalproject.cydsn\finalproject.cydsn\CortexM3\ARM_GCC_484\Debug\finalproject.elf --flash_size 262144 --flash_row_size 256
cyelftool.exe -S C:\Users\pfautley\Desktop\finalproject.cydsn\finalproject.cydsn\CortexM3\ARM_GCC_484\Debug\finalproject.elf
Flash used: 20214 of 262144 bytes (7.7 %).
SRAM used: 7957 of 65536 bytes (12.1 %). Stack: 2048 bytes. Heap: 128 bytes.
--------------- Build Succeeded: 06/04/2015 13:08:55 ---------------
