ARM GAS  C:\Users\pfautley\AppData\Local\Temp\cc6byYtt.s 			page 1


   1              		.syntax unified
   2              		.cpu cortex-m3
   3              		.fpu softvfp
   4              		.eabi_attribute 20, 1
   5              		.eabi_attribute 21, 1
   6              		.eabi_attribute 23, 3
   7              		.eabi_attribute 24, 1
   8              		.eabi_attribute 25, 1
   9              		.eabi_attribute 26, 1
  10              		.eabi_attribute 30, 6
  11              		.eabi_attribute 34, 1
  12              		.eabi_attribute 18, 4
  13              		.thumb
  14              		.file	"USBUART_1_pm.c"
  15              		.text
  16              	.Ltext0:
  17              		.cfi_sections	.debug_frame
  18              		.bss
  19              		.align	2
  20              	USBUART_1_backup:
  21 0000 0000     		.space	2
  22 0002 0000     		.section	.text.USBUART_1_DP_ISR,"ax",%progbits
  23              		.align	2
  24              		.global	USBUART_1_DP_ISR
  25              		.thumb
  26              		.thumb_func
  27              		.type	USBUART_1_DP_ISR, %function
  28              	USBUART_1_DP_ISR:
  29              	.LFB56:
  30              		.file 1 ".\\Generated_Source\\PSoC5\\USBUART_1_pm.c"
   1:.\Generated_Source\PSoC5/USBUART_1_pm.c **** /*******************************************************************************
   2:.\Generated_Source\PSoC5/USBUART_1_pm.c **** * File Name: USBUART_1_pm.c
   3:.\Generated_Source\PSoC5/USBUART_1_pm.c **** * Version 2.80
   4:.\Generated_Source\PSoC5/USBUART_1_pm.c **** *
   5:.\Generated_Source\PSoC5/USBUART_1_pm.c **** * Description:
   6:.\Generated_Source\PSoC5/USBUART_1_pm.c **** *  This file provides Suspend/Resume APIs functionality.
   7:.\Generated_Source\PSoC5/USBUART_1_pm.c **** *
   8:.\Generated_Source\PSoC5/USBUART_1_pm.c **** * Note:
   9:.\Generated_Source\PSoC5/USBUART_1_pm.c **** *
  10:.\Generated_Source\PSoC5/USBUART_1_pm.c **** ********************************************************************************
  11:.\Generated_Source\PSoC5/USBUART_1_pm.c **** * Copyright 2008-2014, Cypress Semiconductor Corporation.  All rights reserved.
  12:.\Generated_Source\PSoC5/USBUART_1_pm.c **** * You may use this file only in accordance with the license, terms, conditions,
  13:.\Generated_Source\PSoC5/USBUART_1_pm.c **** * disclaimers, and limitations in the end user license agreement accompanying
  14:.\Generated_Source\PSoC5/USBUART_1_pm.c **** * the software package with which this file was provided.
  15:.\Generated_Source\PSoC5/USBUART_1_pm.c **** *******************************************************************************/
  16:.\Generated_Source\PSoC5/USBUART_1_pm.c **** 
  17:.\Generated_Source\PSoC5/USBUART_1_pm.c **** #include "project.h"
  18:.\Generated_Source\PSoC5/USBUART_1_pm.c **** #include "USBUART_1.h"
  19:.\Generated_Source\PSoC5/USBUART_1_pm.c **** #include "USBUART_1_pvt.h"
  20:.\Generated_Source\PSoC5/USBUART_1_pm.c **** 
  21:.\Generated_Source\PSoC5/USBUART_1_pm.c **** 
  22:.\Generated_Source\PSoC5/USBUART_1_pm.c **** /***************************************
  23:.\Generated_Source\PSoC5/USBUART_1_pm.c **** * Custom Declarations
  24:.\Generated_Source\PSoC5/USBUART_1_pm.c **** ***************************************/
  25:.\Generated_Source\PSoC5/USBUART_1_pm.c **** /* `#START PM_CUSTOM_DECLARATIONS` Place your declaration here */
  26:.\Generated_Source\PSoC5/USBUART_1_pm.c **** 
  27:.\Generated_Source\PSoC5/USBUART_1_pm.c **** /* `#END` */
ARM GAS  C:\Users\pfautley\AppData\Local\Temp\cc6byYtt.s 			page 2


  28:.\Generated_Source\PSoC5/USBUART_1_pm.c **** 
  29:.\Generated_Source\PSoC5/USBUART_1_pm.c **** 
  30:.\Generated_Source\PSoC5/USBUART_1_pm.c **** /***************************************
  31:.\Generated_Source\PSoC5/USBUART_1_pm.c **** * Local data allocation
  32:.\Generated_Source\PSoC5/USBUART_1_pm.c **** ***************************************/
  33:.\Generated_Source\PSoC5/USBUART_1_pm.c **** 
  34:.\Generated_Source\PSoC5/USBUART_1_pm.c **** static USBUART_1_BACKUP_STRUCT  USBUART_1_backup;
  35:.\Generated_Source\PSoC5/USBUART_1_pm.c **** 
  36:.\Generated_Source\PSoC5/USBUART_1_pm.c **** 
  37:.\Generated_Source\PSoC5/USBUART_1_pm.c **** #if(USBUART_1_DP_ISR_REMOVE == 0u)
  38:.\Generated_Source\PSoC5/USBUART_1_pm.c **** 
  39:.\Generated_Source\PSoC5/USBUART_1_pm.c ****     /*******************************************************************************
  40:.\Generated_Source\PSoC5/USBUART_1_pm.c ****     * Function Name: USBUART_1_DP_Interrupt
  41:.\Generated_Source\PSoC5/USBUART_1_pm.c ****     ********************************************************************************
  42:.\Generated_Source\PSoC5/USBUART_1_pm.c ****     *
  43:.\Generated_Source\PSoC5/USBUART_1_pm.c ****     * Summary:
  44:.\Generated_Source\PSoC5/USBUART_1_pm.c ****     *  This Interrupt Service Routine handles DP pin changes for wake-up from
  45:.\Generated_Source\PSoC5/USBUART_1_pm.c ****     *  the sleep mode.
  46:.\Generated_Source\PSoC5/USBUART_1_pm.c ****     *
  47:.\Generated_Source\PSoC5/USBUART_1_pm.c ****     * Parameters:
  48:.\Generated_Source\PSoC5/USBUART_1_pm.c ****     *  None.
  49:.\Generated_Source\PSoC5/USBUART_1_pm.c ****     *
  50:.\Generated_Source\PSoC5/USBUART_1_pm.c ****     * Return:
  51:.\Generated_Source\PSoC5/USBUART_1_pm.c ****     *  None.
  52:.\Generated_Source\PSoC5/USBUART_1_pm.c ****     *
  53:.\Generated_Source\PSoC5/USBUART_1_pm.c ****     *******************************************************************************/
  54:.\Generated_Source\PSoC5/USBUART_1_pm.c ****     CY_ISR(USBUART_1_DP_ISR)
  55:.\Generated_Source\PSoC5/USBUART_1_pm.c ****     {
  31              		.loc 1 55 0
  32              		.cfi_startproc
  33              		@ args = 0, pretend = 0, frame = 0
  34              		@ frame_needed = 1, uses_anonymous_args = 0
  35              		@ link register save eliminated.
  36 0000 80B4     		push	{r7}
  37              		.cfi_def_cfa_offset 4
  38              		.cfi_offset 7, -4
  39 0002 00AF     		add	r7, sp, #0
  40              		.cfi_def_cfa_register 7
  56:.\Generated_Source\PSoC5/USBUART_1_pm.c ****         /* `#START DP_USER_CODE` Place your code here */
  57:.\Generated_Source\PSoC5/USBUART_1_pm.c **** 
  58:.\Generated_Source\PSoC5/USBUART_1_pm.c ****         /* `#END` */
  59:.\Generated_Source\PSoC5/USBUART_1_pm.c **** 
  60:.\Generated_Source\PSoC5/USBUART_1_pm.c ****         /* Clears active interrupt */
  61:.\Generated_Source\PSoC5/USBUART_1_pm.c ****         CY_GET_REG8(USBUART_1_DP_INTSTAT_PTR);
  41              		.loc 1 61 0
  42 0004 024B     		ldr	r3, .L2
  43 0006 1B78     		ldrb	r3, [r3]
  62:.\Generated_Source\PSoC5/USBUART_1_pm.c ****     }
  44              		.loc 1 62 0
  45 0008 BD46     		mov	sp, r7
  46              		@ sp needed
  47 000a 5DF8047B 		ldr	r7, [sp], #4
  48 000e 7047     		bx	lr
  49              	.L3:
  50              		.align	2
  51              	.L2:
  52 0010 8F450040 		.word	1073759631
ARM GAS  C:\Users\pfautley\AppData\Local\Temp\cc6byYtt.s 			page 3


  53              		.cfi_endproc
  54              	.LFE56:
  55              		.size	USBUART_1_DP_ISR, .-USBUART_1_DP_ISR
  56              		.section	.text.USBUART_1_SaveConfig,"ax",%progbits
  57              		.align	2
  58              		.global	USBUART_1_SaveConfig
  59              		.thumb
  60              		.thumb_func
  61              		.type	USBUART_1_SaveConfig, %function
  62              	USBUART_1_SaveConfig:
  63              	.LFB57:
  63:.\Generated_Source\PSoC5/USBUART_1_pm.c **** 
  64:.\Generated_Source\PSoC5/USBUART_1_pm.c **** #endif /* (USBUART_1_DP_ISR_REMOVE == 0u) */
  65:.\Generated_Source\PSoC5/USBUART_1_pm.c **** 
  66:.\Generated_Source\PSoC5/USBUART_1_pm.c **** 
  67:.\Generated_Source\PSoC5/USBUART_1_pm.c **** /*******************************************************************************
  68:.\Generated_Source\PSoC5/USBUART_1_pm.c **** * Function Name: USBUART_1_SaveConfig
  69:.\Generated_Source\PSoC5/USBUART_1_pm.c **** ********************************************************************************
  70:.\Generated_Source\PSoC5/USBUART_1_pm.c **** *
  71:.\Generated_Source\PSoC5/USBUART_1_pm.c **** * Summary:
  72:.\Generated_Source\PSoC5/USBUART_1_pm.c **** *  Saves the current user configuration.
  73:.\Generated_Source\PSoC5/USBUART_1_pm.c **** *
  74:.\Generated_Source\PSoC5/USBUART_1_pm.c **** * Parameters:
  75:.\Generated_Source\PSoC5/USBUART_1_pm.c **** *  None.
  76:.\Generated_Source\PSoC5/USBUART_1_pm.c **** *
  77:.\Generated_Source\PSoC5/USBUART_1_pm.c **** * Return:
  78:.\Generated_Source\PSoC5/USBUART_1_pm.c **** *  None.
  79:.\Generated_Source\PSoC5/USBUART_1_pm.c **** *
  80:.\Generated_Source\PSoC5/USBUART_1_pm.c **** * Reentrant:
  81:.\Generated_Source\PSoC5/USBUART_1_pm.c **** *  No.
  82:.\Generated_Source\PSoC5/USBUART_1_pm.c **** *
  83:.\Generated_Source\PSoC5/USBUART_1_pm.c **** *******************************************************************************/
  84:.\Generated_Source\PSoC5/USBUART_1_pm.c **** void USBUART_1_SaveConfig(void) 
  85:.\Generated_Source\PSoC5/USBUART_1_pm.c **** {
  64              		.loc 1 85 0
  65              		.cfi_startproc
  66              		@ args = 0, pretend = 0, frame = 0
  67              		@ frame_needed = 1, uses_anonymous_args = 0
  68              		@ link register save eliminated.
  69 0000 80B4     		push	{r7}
  70              		.cfi_def_cfa_offset 4
  71              		.cfi_offset 7, -4
  72 0002 00AF     		add	r7, sp, #0
  73              		.cfi_def_cfa_register 7
  86:.\Generated_Source\PSoC5/USBUART_1_pm.c **** 
  87:.\Generated_Source\PSoC5/USBUART_1_pm.c **** }
  74              		.loc 1 87 0
  75 0004 BD46     		mov	sp, r7
  76              		@ sp needed
  77 0006 5DF8047B 		ldr	r7, [sp], #4
  78 000a 7047     		bx	lr
  79              		.cfi_endproc
  80              	.LFE57:
  81              		.size	USBUART_1_SaveConfig, .-USBUART_1_SaveConfig
  82              		.section	.text.USBUART_1_RestoreConfig,"ax",%progbits
  83              		.align	2
  84              		.global	USBUART_1_RestoreConfig
ARM GAS  C:\Users\pfautley\AppData\Local\Temp\cc6byYtt.s 			page 4


  85              		.thumb
  86              		.thumb_func
  87              		.type	USBUART_1_RestoreConfig, %function
  88              	USBUART_1_RestoreConfig:
  89              	.LFB58:
  88:.\Generated_Source\PSoC5/USBUART_1_pm.c **** 
  89:.\Generated_Source\PSoC5/USBUART_1_pm.c **** 
  90:.\Generated_Source\PSoC5/USBUART_1_pm.c **** /*******************************************************************************
  91:.\Generated_Source\PSoC5/USBUART_1_pm.c **** * Function Name: USBUART_1_RestoreConfig
  92:.\Generated_Source\PSoC5/USBUART_1_pm.c **** ********************************************************************************
  93:.\Generated_Source\PSoC5/USBUART_1_pm.c **** *
  94:.\Generated_Source\PSoC5/USBUART_1_pm.c **** * Summary:
  95:.\Generated_Source\PSoC5/USBUART_1_pm.c **** *  Restores the current user configuration.
  96:.\Generated_Source\PSoC5/USBUART_1_pm.c **** *
  97:.\Generated_Source\PSoC5/USBUART_1_pm.c **** * Parameters:
  98:.\Generated_Source\PSoC5/USBUART_1_pm.c **** *  None.
  99:.\Generated_Source\PSoC5/USBUART_1_pm.c **** *
 100:.\Generated_Source\PSoC5/USBUART_1_pm.c **** * Return:
 101:.\Generated_Source\PSoC5/USBUART_1_pm.c **** *  None.
 102:.\Generated_Source\PSoC5/USBUART_1_pm.c **** *
 103:.\Generated_Source\PSoC5/USBUART_1_pm.c **** * Reentrant:
 104:.\Generated_Source\PSoC5/USBUART_1_pm.c **** *  No.
 105:.\Generated_Source\PSoC5/USBUART_1_pm.c **** *
 106:.\Generated_Source\PSoC5/USBUART_1_pm.c **** *******************************************************************************/
 107:.\Generated_Source\PSoC5/USBUART_1_pm.c **** void USBUART_1_RestoreConfig(void) 
 108:.\Generated_Source\PSoC5/USBUART_1_pm.c **** {
  90              		.loc 1 108 0
  91              		.cfi_startproc
  92              		@ args = 0, pretend = 0, frame = 0
  93              		@ frame_needed = 1, uses_anonymous_args = 0
  94 0000 80B5     		push	{r7, lr}
  95              		.cfi_def_cfa_offset 8
  96              		.cfi_offset 7, -8
  97              		.cfi_offset 14, -4
  98 0002 00AF     		add	r7, sp, #0
  99              		.cfi_def_cfa_register 7
 109:.\Generated_Source\PSoC5/USBUART_1_pm.c ****     if(USBUART_1_configuration != 0u)
 100              		.loc 1 109 0
 101 0004 034B     		ldr	r3, .L7
 102 0006 1B78     		ldrb	r3, [r3]
 103 0008 DBB2     		uxtb	r3, r3
 104 000a 002B     		cmp	r3, #0
 105 000c 01D0     		beq	.L5
 110:.\Generated_Source\PSoC5/USBUART_1_pm.c ****     {
 111:.\Generated_Source\PSoC5/USBUART_1_pm.c ****         USBUART_1_ConfigReg();
 106              		.loc 1 111 0
 107 000e FFF7FEFF 		bl	USBUART_1_ConfigReg
 108              	.L5:
 112:.\Generated_Source\PSoC5/USBUART_1_pm.c ****     }
 113:.\Generated_Source\PSoC5/USBUART_1_pm.c **** }
 109              		.loc 1 113 0
 110 0012 80BD     		pop	{r7, pc}
 111              	.L8:
 112              		.align	2
 113              	.L7:
 114 0014 00000000 		.word	USBUART_1_configuration
 115              		.cfi_endproc
ARM GAS  C:\Users\pfautley\AppData\Local\Temp\cc6byYtt.s 			page 5


 116              	.LFE58:
 117              		.size	USBUART_1_RestoreConfig, .-USBUART_1_RestoreConfig
 118              		.section	.text.USBUART_1_Suspend,"ax",%progbits
 119              		.align	2
 120              		.global	USBUART_1_Suspend
 121              		.thumb
 122              		.thumb_func
 123              		.type	USBUART_1_Suspend, %function
 124              	USBUART_1_Suspend:
 125              	.LFB59:
 114:.\Generated_Source\PSoC5/USBUART_1_pm.c **** 
 115:.\Generated_Source\PSoC5/USBUART_1_pm.c **** 
 116:.\Generated_Source\PSoC5/USBUART_1_pm.c **** /*******************************************************************************
 117:.\Generated_Source\PSoC5/USBUART_1_pm.c **** * Function Name: USBUART_1_Suspend
 118:.\Generated_Source\PSoC5/USBUART_1_pm.c **** ********************************************************************************
 119:.\Generated_Source\PSoC5/USBUART_1_pm.c **** *
 120:.\Generated_Source\PSoC5/USBUART_1_pm.c **** * Summary:
 121:.\Generated_Source\PSoC5/USBUART_1_pm.c **** *  This function disables the USBFS block and prepares for power down mode.
 122:.\Generated_Source\PSoC5/USBUART_1_pm.c **** *
 123:.\Generated_Source\PSoC5/USBUART_1_pm.c **** * Parameters:
 124:.\Generated_Source\PSoC5/USBUART_1_pm.c **** *  None.
 125:.\Generated_Source\PSoC5/USBUART_1_pm.c **** *
 126:.\Generated_Source\PSoC5/USBUART_1_pm.c **** * Return:
 127:.\Generated_Source\PSoC5/USBUART_1_pm.c **** *   None.
 128:.\Generated_Source\PSoC5/USBUART_1_pm.c **** *
 129:.\Generated_Source\PSoC5/USBUART_1_pm.c **** * Global variables:
 130:.\Generated_Source\PSoC5/USBUART_1_pm.c **** *  USBUART_1_backup.enable:  modified.
 131:.\Generated_Source\PSoC5/USBUART_1_pm.c **** *
 132:.\Generated_Source\PSoC5/USBUART_1_pm.c **** * Reentrant:
 133:.\Generated_Source\PSoC5/USBUART_1_pm.c **** *  No.
 134:.\Generated_Source\PSoC5/USBUART_1_pm.c **** *
 135:.\Generated_Source\PSoC5/USBUART_1_pm.c **** *******************************************************************************/
 136:.\Generated_Source\PSoC5/USBUART_1_pm.c **** void USBUART_1_Suspend(void) 
 137:.\Generated_Source\PSoC5/USBUART_1_pm.c **** {
 126              		.loc 1 137 0
 127              		.cfi_startproc
 128              		@ args = 0, pretend = 0, frame = 8
 129              		@ frame_needed = 1, uses_anonymous_args = 0
 130 0000 80B5     		push	{r7, lr}
 131              		.cfi_def_cfa_offset 8
 132              		.cfi_offset 7, -8
 133              		.cfi_offset 14, -4
 134 0002 82B0     		sub	sp, sp, #8
 135              		.cfi_def_cfa_offset 16
 136 0004 00AF     		add	r7, sp, #0
 137              		.cfi_def_cfa_register 7
 138:.\Generated_Source\PSoC5/USBUART_1_pm.c ****     uint8 enableInterrupts;
 139:.\Generated_Source\PSoC5/USBUART_1_pm.c ****     enableInterrupts = CyEnterCriticalSection();
 138              		.loc 1 139 0
 139 0006 FFF7FEFF 		bl	CyEnterCriticalSection
 140 000a 0346     		mov	r3, r0
 141 000c FB71     		strb	r3, [r7, #7]
 140:.\Generated_Source\PSoC5/USBUART_1_pm.c **** 
 141:.\Generated_Source\PSoC5/USBUART_1_pm.c ****     if((CY_GET_REG8(USBUART_1_CR0_PTR) & USBUART_1_CR0_ENABLE) != 0u)
 142              		.loc 1 141 0
 143 000e 3E4B     		ldr	r3, .L12
 144 0010 1B78     		ldrb	r3, [r3]
ARM GAS  C:\Users\pfautley\AppData\Local\Temp\cc6byYtt.s 			page 6


 145 0012 DBB2     		uxtb	r3, r3
 146 0014 DBB2     		uxtb	r3, r3
 147 0016 5BB2     		sxtb	r3, r3
 148 0018 002B     		cmp	r3, #0
 149 001a 5ADA     		bge	.L10
 142:.\Generated_Source\PSoC5/USBUART_1_pm.c ****     {   /* USB block is enabled */
 143:.\Generated_Source\PSoC5/USBUART_1_pm.c ****         USBUART_1_backup.enableState = 1u;
 150              		.loc 1 143 0
 151 001c 3B4B     		ldr	r3, .L12+4
 152 001e 0122     		movs	r2, #1
 153 0020 1A70     		strb	r2, [r3]
 144:.\Generated_Source\PSoC5/USBUART_1_pm.c **** 
 145:.\Generated_Source\PSoC5/USBUART_1_pm.c ****         #if(USBUART_1_EP_MM != USBUART_1__EP_MANUAL)
 146:.\Generated_Source\PSoC5/USBUART_1_pm.c ****             USBUART_1_Stop_DMA(USBUART_1_MAX_EP);     /* Stop all DMAs */
 154              		.loc 1 146 0
 155 0022 0920     		movs	r0, #9
 156 0024 FFF7FEFF 		bl	USBUART_1_Stop_DMA
 147:.\Generated_Source\PSoC5/USBUART_1_pm.c ****         #endif   /*  USBUART_1_EP_MM != USBUART_1__EP_MANUAL */
 148:.\Generated_Source\PSoC5/USBUART_1_pm.c **** 
 149:.\Generated_Source\PSoC5/USBUART_1_pm.c ****         /* Ensure USB transmit enable is low (USB_USBIO_CR0.ten). - Manual Transmission - Disabled 
 150:.\Generated_Source\PSoC5/USBUART_1_pm.c ****         USBUART_1_USBIO_CR0_REG &= (uint8)~USBUART_1_USBIO_CR0_TEN;
 157              		.loc 1 150 0
 158 0028 394B     		ldr	r3, .L12+8
 159 002a 394A     		ldr	r2, .L12+8
 160 002c 1278     		ldrb	r2, [r2]
 161 002e D2B2     		uxtb	r2, r2
 162 0030 02F07F02 		and	r2, r2, #127
 163 0034 D2B2     		uxtb	r2, r2
 164 0036 1A70     		strb	r2, [r3]
 151:.\Generated_Source\PSoC5/USBUART_1_pm.c ****         CyDelayUs(0u);  /*~50ns delay */
 165              		.loc 1 151 0
 166 0038 0020     		movs	r0, #0
 167 003a FFF7FEFF 		bl	CyDelayUs
 152:.\Generated_Source\PSoC5/USBUART_1_pm.c **** 
 153:.\Generated_Source\PSoC5/USBUART_1_pm.c ****         /* Disable the USBIO by asserting PM.USB_CR0.fsusbio_pd_n(Inverted) and pd_pullup_hv(Invert
 154:.\Generated_Source\PSoC5/USBUART_1_pm.c ****         USBUART_1_PM_USB_CR0_REG &=
 168              		.loc 1 154 0
 169 003e 354B     		ldr	r3, .L12+12
 170 0040 344A     		ldr	r2, .L12+12
 171 0042 1278     		ldrb	r2, [r2]
 172 0044 D2B2     		uxtb	r2, r2
 173 0046 22F00602 		bic	r2, r2, #6
 174 004a D2B2     		uxtb	r2, r2
 175 004c 1A70     		strb	r2, [r3]
 155:.\Generated_Source\PSoC5/USBUART_1_pm.c ****                                 (uint8)~(USBUART_1_PM_USB_CR0_PD_N | USBUART_1_PM_USB_CR0_PD_PULLUP
 156:.\Generated_Source\PSoC5/USBUART_1_pm.c **** 
 157:.\Generated_Source\PSoC5/USBUART_1_pm.c ****         /* Disable the SIE */
 158:.\Generated_Source\PSoC5/USBUART_1_pm.c ****         USBUART_1_CR0_REG &= (uint8)~USBUART_1_CR0_ENABLE;
 176              		.loc 1 158 0
 177 004e 2E4B     		ldr	r3, .L12
 178 0050 2D4A     		ldr	r2, .L12
 179 0052 1278     		ldrb	r2, [r2]
 180 0054 D2B2     		uxtb	r2, r2
 181 0056 02F07F02 		and	r2, r2, #127
 182 005a D2B2     		uxtb	r2, r2
 183 005c 1A70     		strb	r2, [r3]
 159:.\Generated_Source\PSoC5/USBUART_1_pm.c **** 
ARM GAS  C:\Users\pfautley\AppData\Local\Temp\cc6byYtt.s 			page 7


 160:.\Generated_Source\PSoC5/USBUART_1_pm.c ****         CyDelayUs(0u);  /* ~50ns delay */
 184              		.loc 1 160 0
 185 005e 0020     		movs	r0, #0
 186 0060 FFF7FEFF 		bl	CyDelayUs
 161:.\Generated_Source\PSoC5/USBUART_1_pm.c ****         /* Store mode and Disable VRegulator*/
 162:.\Generated_Source\PSoC5/USBUART_1_pm.c ****         USBUART_1_backup.mode = USBUART_1_CR1_REG & USBUART_1_CR1_REG_ENABLE;
 187              		.loc 1 162 0
 188 0064 2C4B     		ldr	r3, .L12+16
 189 0066 1B78     		ldrb	r3, [r3]
 190 0068 DBB2     		uxtb	r3, r3
 191 006a 03F00103 		and	r3, r3, #1
 192 006e DAB2     		uxtb	r2, r3
 193 0070 264B     		ldr	r3, .L12+4
 194 0072 5A70     		strb	r2, [r3, #1]
 163:.\Generated_Source\PSoC5/USBUART_1_pm.c ****         USBUART_1_CR1_REG &= (uint8)~USBUART_1_CR1_REG_ENABLE;
 195              		.loc 1 163 0
 196 0074 284B     		ldr	r3, .L12+16
 197 0076 284A     		ldr	r2, .L12+16
 198 0078 1278     		ldrb	r2, [r2]
 199 007a D2B2     		uxtb	r2, r2
 200 007c 22F00102 		bic	r2, r2, #1
 201 0080 D2B2     		uxtb	r2, r2
 202 0082 1A70     		strb	r2, [r3]
 164:.\Generated_Source\PSoC5/USBUART_1_pm.c **** 
 165:.\Generated_Source\PSoC5/USBUART_1_pm.c ****         CyDelayUs(1u);  /* 0.5 us min delay */
 203              		.loc 1 165 0
 204 0084 0120     		movs	r0, #1
 205 0086 FFF7FEFF 		bl	CyDelayUs
 166:.\Generated_Source\PSoC5/USBUART_1_pm.c ****         /* Disable the USBIO reference by setting PM.USB_CR0.fsusbio_ref_en.*/
 167:.\Generated_Source\PSoC5/USBUART_1_pm.c ****         USBUART_1_PM_USB_CR0_REG &= (uint8)~USBUART_1_PM_USB_CR0_REF_EN;
 206              		.loc 1 167 0
 207 008a 224B     		ldr	r3, .L12+12
 208 008c 214A     		ldr	r2, .L12+12
 209 008e 1278     		ldrb	r2, [r2]
 210 0090 D2B2     		uxtb	r2, r2
 211 0092 22F00102 		bic	r2, r2, #1
 212 0096 D2B2     		uxtb	r2, r2
 213 0098 1A70     		strb	r2, [r3]
 168:.\Generated_Source\PSoC5/USBUART_1_pm.c **** 
 169:.\Generated_Source\PSoC5/USBUART_1_pm.c ****         /* Switch DP and DM terminals to GPIO mode and disconnect 1.5k pullup*/
 170:.\Generated_Source\PSoC5/USBUART_1_pm.c ****         USBUART_1_USBIO_CR1_REG |= USBUART_1_USBIO_CR1_IOMODE;
 214              		.loc 1 170 0
 215 009a 204B     		ldr	r3, .L12+20
 216 009c 1F4A     		ldr	r2, .L12+20
 217 009e 1278     		ldrb	r2, [r2]
 218 00a0 D2B2     		uxtb	r2, r2
 219 00a2 42F02002 		orr	r2, r2, #32
 220 00a6 D2B2     		uxtb	r2, r2
 221 00a8 1A70     		strb	r2, [r3]
 171:.\Generated_Source\PSoC5/USBUART_1_pm.c **** 
 172:.\Generated_Source\PSoC5/USBUART_1_pm.c ****         /* Disable USB in ACT PM */
 173:.\Generated_Source\PSoC5/USBUART_1_pm.c ****         USBUART_1_PM_ACT_CFG_REG &= (uint8)~USBUART_1_PM_ACT_EN_FSUSB;
 222              		.loc 1 173 0
 223 00aa 1D4B     		ldr	r3, .L12+24
 224 00ac 1C4A     		ldr	r2, .L12+24
 225 00ae 1278     		ldrb	r2, [r2]
 226 00b0 D2B2     		uxtb	r2, r2
ARM GAS  C:\Users\pfautley\AppData\Local\Temp\cc6byYtt.s 			page 8


 227 00b2 22F00102 		bic	r2, r2, #1
 228 00b6 D2B2     		uxtb	r2, r2
 229 00b8 1A70     		strb	r2, [r3]
 174:.\Generated_Source\PSoC5/USBUART_1_pm.c ****         /* Disable USB block for Standby Power Mode */
 175:.\Generated_Source\PSoC5/USBUART_1_pm.c ****         USBUART_1_PM_STBY_CFG_REG &= (uint8)~USBUART_1_PM_STBY_EN_FSUSB;
 230              		.loc 1 175 0
 231 00ba 1A4B     		ldr	r3, .L12+28
 232 00bc 194A     		ldr	r2, .L12+28
 233 00be 1278     		ldrb	r2, [r2]
 234 00c0 D2B2     		uxtb	r2, r2
 235 00c2 22F00102 		bic	r2, r2, #1
 236 00c6 D2B2     		uxtb	r2, r2
 237 00c8 1A70     		strb	r2, [r3]
 176:.\Generated_Source\PSoC5/USBUART_1_pm.c ****         CyDelayUs(1u); /* min  0.5us delay required */
 238              		.loc 1 176 0
 239 00ca 0120     		movs	r0, #1
 240 00cc FFF7FEFF 		bl	CyDelayUs
 241 00d0 02E0     		b	.L11
 242              	.L10:
 177:.\Generated_Source\PSoC5/USBUART_1_pm.c **** 
 178:.\Generated_Source\PSoC5/USBUART_1_pm.c ****     }
 179:.\Generated_Source\PSoC5/USBUART_1_pm.c ****     else
 180:.\Generated_Source\PSoC5/USBUART_1_pm.c ****     {
 181:.\Generated_Source\PSoC5/USBUART_1_pm.c ****         USBUART_1_backup.enableState = 0u;
 243              		.loc 1 181 0
 244 00d2 0E4B     		ldr	r3, .L12+4
 245 00d4 0022     		movs	r2, #0
 246 00d6 1A70     		strb	r2, [r3]
 247              	.L11:
 182:.\Generated_Source\PSoC5/USBUART_1_pm.c ****     }
 183:.\Generated_Source\PSoC5/USBUART_1_pm.c **** 
 184:.\Generated_Source\PSoC5/USBUART_1_pm.c ****     CyExitCriticalSection(enableInterrupts);
 248              		.loc 1 184 0
 249 00d8 FB79     		ldrb	r3, [r7, #7]	@ zero_extendqisi2
 250 00da 1846     		mov	r0, r3
 251 00dc FFF7FEFF 		bl	CyExitCriticalSection
 185:.\Generated_Source\PSoC5/USBUART_1_pm.c **** 
 186:.\Generated_Source\PSoC5/USBUART_1_pm.c ****     /* Set the DP Interrupt for wake-up from sleep mode. */
 187:.\Generated_Source\PSoC5/USBUART_1_pm.c ****     #if(USBUART_1_DP_ISR_REMOVE == 0u)
 188:.\Generated_Source\PSoC5/USBUART_1_pm.c ****         (void) CyIntSetVector(USBUART_1_DP_INTC_VECT_NUM, &USBUART_1_DP_ISR);
 252              		.loc 1 188 0
 253 00e0 0C20     		movs	r0, #12
 254 00e2 1149     		ldr	r1, .L12+32
 255 00e4 FFF7FEFF 		bl	CyIntSetVector
 189:.\Generated_Source\PSoC5/USBUART_1_pm.c ****         CyIntSetPriority(USBUART_1_DP_INTC_VECT_NUM, USBUART_1_DP_INTC_PRIOR);
 256              		.loc 1 189 0
 257 00e8 0C20     		movs	r0, #12
 258 00ea 0721     		movs	r1, #7
 259 00ec FFF7FEFF 		bl	CyIntSetPriority
 190:.\Generated_Source\PSoC5/USBUART_1_pm.c ****         CyIntClearPending(USBUART_1_DP_INTC_VECT_NUM);
 260              		.loc 1 190 0
 261 00f0 0E4B     		ldr	r3, .L12+36
 262 00f2 4FF48052 		mov	r2, #4096
 263 00f6 1A60     		str	r2, [r3]
 191:.\Generated_Source\PSoC5/USBUART_1_pm.c ****         CyIntEnable(USBUART_1_DP_INTC_VECT_NUM);
 264              		.loc 1 191 0
 265 00f8 0D4B     		ldr	r3, .L12+40
ARM GAS  C:\Users\pfautley\AppData\Local\Temp\cc6byYtt.s 			page 9


 266 00fa 4FF48052 		mov	r2, #4096
 267 00fe 1A60     		str	r2, [r3]
 192:.\Generated_Source\PSoC5/USBUART_1_pm.c ****     #endif /* (USBUART_1_DP_ISR_REMOVE == 0u) */
 193:.\Generated_Source\PSoC5/USBUART_1_pm.c **** }
 268              		.loc 1 193 0
 269 0100 0837     		adds	r7, r7, #8
 270 0102 BD46     		mov	sp, r7
 271              		@ sp needed
 272 0104 80BD     		pop	{r7, pc}
 273              	.L13:
 274 0106 00BF     		.align	2
 275              	.L12:
 276 0108 08600040 		.word	1073766408
 277 010c 00000000 		.word	USBUART_1_backup
 278 0110 10600040 		.word	1073766416
 279 0114 94430040 		.word	1073759124
 280 0118 09600040 		.word	1073766409
 281 011c 12600040 		.word	1073766418
 282 0120 A5430040 		.word	1073759141
 283 0124 B5430040 		.word	1073759157
 284 0128 00000000 		.word	USBUART_1_DP_ISR
 285 012c 80E200E0 		.word	-536812928
 286 0130 00E100E0 		.word	-536813312
 287              		.cfi_endproc
 288              	.LFE59:
 289              		.size	USBUART_1_Suspend, .-USBUART_1_Suspend
 290              		.section	.text.USBUART_1_Resume,"ax",%progbits
 291              		.align	2
 292              		.global	USBUART_1_Resume
 293              		.thumb
 294              		.thumb_func
 295              		.type	USBUART_1_Resume, %function
 296              	USBUART_1_Resume:
 297              	.LFB60:
 194:.\Generated_Source\PSoC5/USBUART_1_pm.c **** 
 195:.\Generated_Source\PSoC5/USBUART_1_pm.c **** 
 196:.\Generated_Source\PSoC5/USBUART_1_pm.c **** /*******************************************************************************
 197:.\Generated_Source\PSoC5/USBUART_1_pm.c **** * Function Name: USBUART_1_Resume
 198:.\Generated_Source\PSoC5/USBUART_1_pm.c **** ********************************************************************************
 199:.\Generated_Source\PSoC5/USBUART_1_pm.c **** *
 200:.\Generated_Source\PSoC5/USBUART_1_pm.c **** * Summary:
 201:.\Generated_Source\PSoC5/USBUART_1_pm.c **** *  This function enables the USBFS block after power down mode.
 202:.\Generated_Source\PSoC5/USBUART_1_pm.c **** *
 203:.\Generated_Source\PSoC5/USBUART_1_pm.c **** * Parameters:
 204:.\Generated_Source\PSoC5/USBUART_1_pm.c **** *  None.
 205:.\Generated_Source\PSoC5/USBUART_1_pm.c **** *
 206:.\Generated_Source\PSoC5/USBUART_1_pm.c **** * Return:
 207:.\Generated_Source\PSoC5/USBUART_1_pm.c **** *  None.
 208:.\Generated_Source\PSoC5/USBUART_1_pm.c **** *
 209:.\Generated_Source\PSoC5/USBUART_1_pm.c **** * Global variables:
 210:.\Generated_Source\PSoC5/USBUART_1_pm.c **** *  USBUART_1_backup - checked.
 211:.\Generated_Source\PSoC5/USBUART_1_pm.c **** *
 212:.\Generated_Source\PSoC5/USBUART_1_pm.c **** * Reentrant:
 213:.\Generated_Source\PSoC5/USBUART_1_pm.c **** *  No.
 214:.\Generated_Source\PSoC5/USBUART_1_pm.c **** *
 215:.\Generated_Source\PSoC5/USBUART_1_pm.c **** *******************************************************************************/
 216:.\Generated_Source\PSoC5/USBUART_1_pm.c **** void USBUART_1_Resume(void) 
ARM GAS  C:\Users\pfautley\AppData\Local\Temp\cc6byYtt.s 			page 10


 217:.\Generated_Source\PSoC5/USBUART_1_pm.c **** {
 298              		.loc 1 217 0
 299              		.cfi_startproc
 300              		@ args = 0, pretend = 0, frame = 8
 301              		@ frame_needed = 1, uses_anonymous_args = 0
 302 0000 80B5     		push	{r7, lr}
 303              		.cfi_def_cfa_offset 8
 304              		.cfi_offset 7, -8
 305              		.cfi_offset 14, -4
 306 0002 82B0     		sub	sp, sp, #8
 307              		.cfi_def_cfa_offset 16
 308 0004 00AF     		add	r7, sp, #0
 309              		.cfi_def_cfa_register 7
 218:.\Generated_Source\PSoC5/USBUART_1_pm.c ****     uint8 enableInterrupts;
 219:.\Generated_Source\PSoC5/USBUART_1_pm.c ****     enableInterrupts = CyEnterCriticalSection();
 310              		.loc 1 219 0
 311 0006 FFF7FEFF 		bl	CyEnterCriticalSection
 312 000a 0346     		mov	r3, r0
 313 000c FB71     		strb	r3, [r7, #7]
 220:.\Generated_Source\PSoC5/USBUART_1_pm.c **** 
 221:.\Generated_Source\PSoC5/USBUART_1_pm.c ****     if(USBUART_1_backup.enableState != 0u)
 314              		.loc 1 221 0
 315 000e 354B     		ldr	r3, .L16
 316 0010 1B78     		ldrb	r3, [r3]	@ zero_extendqisi2
 317 0012 002B     		cmp	r3, #0
 318 0014 5ED0     		beq	.L15
 222:.\Generated_Source\PSoC5/USBUART_1_pm.c ****     {
 223:.\Generated_Source\PSoC5/USBUART_1_pm.c ****         #if(USBUART_1_DP_ISR_REMOVE == 0u)
 224:.\Generated_Source\PSoC5/USBUART_1_pm.c ****             CyIntDisable(USBUART_1_DP_INTC_VECT_NUM);
 319              		.loc 1 224 0
 320 0016 344B     		ldr	r3, .L16+4
 321 0018 4FF48052 		mov	r2, #4096
 322 001c 1A60     		str	r2, [r3]
 225:.\Generated_Source\PSoC5/USBUART_1_pm.c ****         #endif /*  USBUART_1_DP_ISR_REMOVE */
 226:.\Generated_Source\PSoC5/USBUART_1_pm.c **** 
 227:.\Generated_Source\PSoC5/USBUART_1_pm.c ****         /* Enable USB block */
 228:.\Generated_Source\PSoC5/USBUART_1_pm.c ****         USBUART_1_PM_ACT_CFG_REG |= USBUART_1_PM_ACT_EN_FSUSB;
 323              		.loc 1 228 0
 324 001e 334B     		ldr	r3, .L16+8
 325 0020 324A     		ldr	r2, .L16+8
 326 0022 1278     		ldrb	r2, [r2]
 327 0024 D2B2     		uxtb	r2, r2
 328 0026 42F00102 		orr	r2, r2, #1
 329 002a D2B2     		uxtb	r2, r2
 330 002c 1A70     		strb	r2, [r3]
 229:.\Generated_Source\PSoC5/USBUART_1_pm.c ****         /* Enable USB block for Standby Power Mode */
 230:.\Generated_Source\PSoC5/USBUART_1_pm.c ****         USBUART_1_PM_STBY_CFG_REG |= USBUART_1_PM_STBY_EN_FSUSB;
 331              		.loc 1 230 0
 332 002e 304B     		ldr	r3, .L16+12
 333 0030 2F4A     		ldr	r2, .L16+12
 334 0032 1278     		ldrb	r2, [r2]
 335 0034 D2B2     		uxtb	r2, r2
 336 0036 42F00102 		orr	r2, r2, #1
 337 003a D2B2     		uxtb	r2, r2
 338 003c 1A70     		strb	r2, [r3]
 231:.\Generated_Source\PSoC5/USBUART_1_pm.c ****         /* Enable core clock */
 232:.\Generated_Source\PSoC5/USBUART_1_pm.c ****         USBUART_1_USB_CLK_EN_REG |= USBUART_1_USB_CLK_ENABLE;
ARM GAS  C:\Users\pfautley\AppData\Local\Temp\cc6byYtt.s 			page 11


 339              		.loc 1 232 0
 340 003e 2D4B     		ldr	r3, .L16+16
 341 0040 2C4A     		ldr	r2, .L16+16
 342 0042 1278     		ldrb	r2, [r2]
 343 0044 D2B2     		uxtb	r2, r2
 344 0046 42F00102 		orr	r2, r2, #1
 345 004a D2B2     		uxtb	r2, r2
 346 004c 1A70     		strb	r2, [r3]
 233:.\Generated_Source\PSoC5/USBUART_1_pm.c **** 
 234:.\Generated_Source\PSoC5/USBUART_1_pm.c ****         /* Enable the USBIO reference by setting PM.USB_CR0.fsusbio_ref_en.*/
 235:.\Generated_Source\PSoC5/USBUART_1_pm.c ****         USBUART_1_PM_USB_CR0_REG |= USBUART_1_PM_USB_CR0_REF_EN;
 347              		.loc 1 235 0
 348 004e 2A4B     		ldr	r3, .L16+20
 349 0050 294A     		ldr	r2, .L16+20
 350 0052 1278     		ldrb	r2, [r2]
 351 0054 D2B2     		uxtb	r2, r2
 352 0056 42F00102 		orr	r2, r2, #1
 353 005a D2B2     		uxtb	r2, r2
 354 005c 1A70     		strb	r2, [r3]
 236:.\Generated_Source\PSoC5/USBUART_1_pm.c ****         /* The reference will be available ~40us after power restored */
 237:.\Generated_Source\PSoC5/USBUART_1_pm.c ****         CyDelayUs(40u);
 355              		.loc 1 237 0
 356 005e 2820     		movs	r0, #40
 357 0060 FFF7FEFF 		bl	CyDelayUs
 238:.\Generated_Source\PSoC5/USBUART_1_pm.c ****         /* Return VRegulator*/
 239:.\Generated_Source\PSoC5/USBUART_1_pm.c ****         USBUART_1_CR1_REG |= USBUART_1_backup.mode;
 358              		.loc 1 239 0
 359 0064 254B     		ldr	r3, .L16+24
 360 0066 254A     		ldr	r2, .L16+24
 361 0068 1278     		ldrb	r2, [r2]
 362 006a D1B2     		uxtb	r1, r2
 363 006c 1D4A     		ldr	r2, .L16
 364 006e 5278     		ldrb	r2, [r2, #1]	@ zero_extendqisi2
 365 0070 0A43     		orrs	r2, r2, r1
 366 0072 D2B2     		uxtb	r2, r2
 367 0074 1A70     		strb	r2, [r3]
 240:.\Generated_Source\PSoC5/USBUART_1_pm.c ****         CyDelayUs(0u);  /*~50ns delay */
 368              		.loc 1 240 0
 369 0076 0020     		movs	r0, #0
 370 0078 FFF7FEFF 		bl	CyDelayUs
 241:.\Generated_Source\PSoC5/USBUART_1_pm.c ****         /* Enable USBIO */
 242:.\Generated_Source\PSoC5/USBUART_1_pm.c ****         USBUART_1_PM_USB_CR0_REG |= USBUART_1_PM_USB_CR0_PD_N;
 371              		.loc 1 242 0
 372 007c 1E4B     		ldr	r3, .L16+20
 373 007e 1E4A     		ldr	r2, .L16+20
 374 0080 1278     		ldrb	r2, [r2]
 375 0082 D2B2     		uxtb	r2, r2
 376 0084 42F00202 		orr	r2, r2, #2
 377 0088 D2B2     		uxtb	r2, r2
 378 008a 1A70     		strb	r2, [r3]
 243:.\Generated_Source\PSoC5/USBUART_1_pm.c ****         CyDelayUs(2u);
 379              		.loc 1 243 0
 380 008c 0220     		movs	r0, #2
 381 008e FFF7FEFF 		bl	CyDelayUs
 244:.\Generated_Source\PSoC5/USBUART_1_pm.c ****         /* Set the USBIO pull-up enable */
 245:.\Generated_Source\PSoC5/USBUART_1_pm.c ****         USBUART_1_PM_USB_CR0_REG |= USBUART_1_PM_USB_CR0_PD_PULLUP_N;
 382              		.loc 1 245 0
ARM GAS  C:\Users\pfautley\AppData\Local\Temp\cc6byYtt.s 			page 12


 383 0092 194B     		ldr	r3, .L16+20
 384 0094 184A     		ldr	r2, .L16+20
 385 0096 1278     		ldrb	r2, [r2]
 386 0098 D2B2     		uxtb	r2, r2
 387 009a 42F00402 		orr	r2, r2, #4
 388 009e D2B2     		uxtb	r2, r2
 389 00a0 1A70     		strb	r2, [r3]
 246:.\Generated_Source\PSoC5/USBUART_1_pm.c **** 
 247:.\Generated_Source\PSoC5/USBUART_1_pm.c ****         /* Re-init Arbiter configuration for DMA transfers */
 248:.\Generated_Source\PSoC5/USBUART_1_pm.c ****         #if(USBUART_1_EP_MM != USBUART_1__EP_MANUAL)
 249:.\Generated_Source\PSoC5/USBUART_1_pm.c ****             /* Usb arb interrupt enable */
 250:.\Generated_Source\PSoC5/USBUART_1_pm.c ****             USBUART_1_ARB_INT_EN_REG = USBUART_1_ARB_INT_MASK;
 390              		.loc 1 250 0
 391 00a2 174B     		ldr	r3, .L16+28
 392 00a4 0722     		movs	r2, #7
 393 00a6 1A70     		strb	r2, [r3]
 251:.\Generated_Source\PSoC5/USBUART_1_pm.c ****             #if(USBUART_1_EP_MM == USBUART_1__EP_DMAMANUAL)
 252:.\Generated_Source\PSoC5/USBUART_1_pm.c ****                 USBUART_1_ARB_CFG_REG = USBUART_1_ARB_CFG_MANUAL_DMA;
 394              		.loc 1 252 0
 395 00a8 164B     		ldr	r3, .L16+32
 396 00aa 2022     		movs	r2, #32
 397 00ac 1A70     		strb	r2, [r3]
 253:.\Generated_Source\PSoC5/USBUART_1_pm.c ****             #endif   /*  USBUART_1_EP_MM == USBUART_1__EP_DMAMANUAL */
 254:.\Generated_Source\PSoC5/USBUART_1_pm.c ****             #if(USBUART_1_EP_MM == USBUART_1__EP_DMAAUTO)
 255:.\Generated_Source\PSoC5/USBUART_1_pm.c ****                 /*Set cfg cmplt this rises DMA request when the full configuration is done */
 256:.\Generated_Source\PSoC5/USBUART_1_pm.c ****                 USBUART_1_ARB_CFG_REG = USBUART_1_ARB_CFG_AUTO_DMA | USBUART_1_ARB_CFG_AUTO_MEM;
 257:.\Generated_Source\PSoC5/USBUART_1_pm.c ****             #endif   /*  USBUART_1_EP_MM == USBUART_1__EP_DMAAUTO */
 258:.\Generated_Source\PSoC5/USBUART_1_pm.c ****         #endif   /*  USBUART_1_EP_MM != USBUART_1__EP_MANUAL */
 259:.\Generated_Source\PSoC5/USBUART_1_pm.c **** 
 260:.\Generated_Source\PSoC5/USBUART_1_pm.c ****         /* STALL_IN_OUT */
 261:.\Generated_Source\PSoC5/USBUART_1_pm.c ****         CY_SET_REG8(USBUART_1_EP0_CR_PTR, USBUART_1_MODE_STALL_IN_OUT);
 398              		.loc 1 261 0
 399 00ae 164B     		ldr	r3, .L16+36
 400 00b0 0322     		movs	r2, #3
 401 00b2 1A70     		strb	r2, [r3]
 262:.\Generated_Source\PSoC5/USBUART_1_pm.c ****         /* Enable the SIE with a last address */
 263:.\Generated_Source\PSoC5/USBUART_1_pm.c ****         USBUART_1_CR0_REG |= USBUART_1_CR0_ENABLE;
 402              		.loc 1 263 0
 403 00b4 154B     		ldr	r3, .L16+40
 404 00b6 154A     		ldr	r2, .L16+40
 405 00b8 1278     		ldrb	r2, [r2]
 406 00ba D2B2     		uxtb	r2, r2
 407 00bc 62F07F02 		orn	r2, r2, #127
 408 00c0 D2B2     		uxtb	r2, r2
 409 00c2 1A70     		strb	r2, [r3]
 264:.\Generated_Source\PSoC5/USBUART_1_pm.c ****         CyDelayCycles(1u);
 410              		.loc 1 264 0
 411 00c4 0120     		movs	r0, #1
 412 00c6 FFF7FEFF 		bl	CyDelayCycles
 265:.\Generated_Source\PSoC5/USBUART_1_pm.c ****         /* Finally, Enable d+ pullup and select iomode to USB mode*/
 266:.\Generated_Source\PSoC5/USBUART_1_pm.c ****         CY_SET_REG8(USBUART_1_USBIO_CR1_PTR, USBUART_1_USBIO_CR1_USBPUEN);
 413              		.loc 1 266 0
 414 00ca 114B     		ldr	r3, .L16+44
 415 00cc 0422     		movs	r2, #4
 416 00ce 1A70     		strb	r2, [r3]
 267:.\Generated_Source\PSoC5/USBUART_1_pm.c **** 
 268:.\Generated_Source\PSoC5/USBUART_1_pm.c ****         /* Restore USB register settings */
ARM GAS  C:\Users\pfautley\AppData\Local\Temp\cc6byYtt.s 			page 13


 269:.\Generated_Source\PSoC5/USBUART_1_pm.c ****         USBUART_1_RestoreConfig();
 417              		.loc 1 269 0
 418 00d0 FFF7FEFF 		bl	USBUART_1_RestoreConfig
 419              	.L15:
 270:.\Generated_Source\PSoC5/USBUART_1_pm.c ****     }
 271:.\Generated_Source\PSoC5/USBUART_1_pm.c **** 
 272:.\Generated_Source\PSoC5/USBUART_1_pm.c ****     CyExitCriticalSection(enableInterrupts);
 420              		.loc 1 272 0
 421 00d4 FB79     		ldrb	r3, [r7, #7]	@ zero_extendqisi2
 422 00d6 1846     		mov	r0, r3
 423 00d8 FFF7FEFF 		bl	CyExitCriticalSection
 273:.\Generated_Source\PSoC5/USBUART_1_pm.c **** }
 424              		.loc 1 273 0
 425 00dc 0837     		adds	r7, r7, #8
 426 00de BD46     		mov	sp, r7
 427              		@ sp needed
 428 00e0 80BD     		pop	{r7, pc}
 429              	.L17:
 430 00e2 00BF     		.align	2
 431              	.L16:
 432 00e4 00000000 		.word	USBUART_1_backup
 433 00e8 80E100E0 		.word	-536813184
 434 00ec A5430040 		.word	1073759141
 435 00f0 B5430040 		.word	1073759157
 436 00f4 9D600040 		.word	1073766557
 437 00f8 94430040 		.word	1073759124
 438 00fc 09600040 		.word	1073766409
 439 0100 9E600040 		.word	1073766558
 440 0104 9C600040 		.word	1073766556
 441 0108 28600040 		.word	1073766440
 442 010c 08600040 		.word	1073766408
 443 0110 12600040 		.word	1073766418
 444              		.cfi_endproc
 445              	.LFE60:
 446              		.size	USBUART_1_Resume, .-USBUART_1_Resume
 447              		.text
 448              	.Letext0:
 449              		.file 2 "c:\\program files\\cypress\\psoc creator\\3.1\\psoc creator\\import\\gnu_cs\\arm\\4.8.4\\
 450              		.file 3 "c:\\program files\\cypress\\psoc creator\\3.1\\psoc creator\\import\\gnu_cs\\arm\\4.8.4\\
 451              		.file 4 ".\\Generated_Source\\PSoC5/cytypes.h"
 452              		.file 5 ".\\Generated_Source\\PSoC5/USBUART_1.h"
 453              		.file 6 ".\\Generated_Source\\PSoC5/core_cm3.h"
 454              		.section	.debug_info,"",%progbits
 455              	.Ldebug_info0:
 456 0000 A7010000 		.4byte	0x1a7
 457 0004 0400     		.2byte	0x4
 458 0006 00000000 		.4byte	.Ldebug_abbrev0
 459 000a 04       		.byte	0x4
 460 000b 01       		.uleb128 0x1
 461 000c 5C010000 		.4byte	.LASF31
 462 0010 01       		.byte	0x1
 463 0011 56020000 		.4byte	.LASF32
 464 0015 60000000 		.4byte	.LASF33
 465 0019 00000000 		.4byte	.Ldebug_ranges0+0
 466 001d 00000000 		.4byte	0
 467 0021 00000000 		.4byte	.Ldebug_line0
 468 0025 02       		.uleb128 0x2
ARM GAS  C:\Users\pfautley\AppData\Local\Temp\cc6byYtt.s 			page 14


 469 0026 01       		.byte	0x1
 470 0027 06       		.byte	0x6
 471 0028 39020000 		.4byte	.LASF0
 472 002c 02       		.uleb128 0x2
 473 002d 01       		.byte	0x1
 474 002e 08       		.byte	0x8
 475 002f A6000000 		.4byte	.LASF1
 476 0033 02       		.uleb128 0x2
 477 0034 02       		.byte	0x2
 478 0035 05       		.byte	0x5
 479 0036 FC010000 		.4byte	.LASF2
 480 003a 02       		.uleb128 0x2
 481 003b 02       		.byte	0x2
 482 003c 07       		.byte	0x7
 483 003d CB000000 		.4byte	.LASF3
 484 0041 03       		.uleb128 0x3
 485 0042 33000000 		.4byte	.LASF9
 486 0046 02       		.byte	0x2
 487 0047 37       		.byte	0x37
 488 0048 4C000000 		.4byte	0x4c
 489 004c 02       		.uleb128 0x2
 490 004d 04       		.byte	0x4
 491 004e 05       		.byte	0x5
 492 004f 24020000 		.4byte	.LASF4
 493 0053 02       		.uleb128 0x2
 494 0054 04       		.byte	0x4
 495 0055 07       		.byte	0x7
 496 0056 B9000000 		.4byte	.LASF5
 497 005a 02       		.uleb128 0x2
 498 005b 08       		.byte	0x8
 499 005c 05       		.byte	0x5
 500 005d E9010000 		.4byte	.LASF6
 501 0061 02       		.uleb128 0x2
 502 0062 08       		.byte	0x8
 503 0063 07       		.byte	0x7
 504 0064 40010000 		.4byte	.LASF7
 505 0068 04       		.uleb128 0x4
 506 0069 04       		.byte	0x4
 507 006a 05       		.byte	0x5
 508 006b 696E7400 		.ascii	"int\000"
 509 006f 02       		.uleb128 0x2
 510 0070 04       		.byte	0x4
 511 0071 07       		.byte	0x7
 512 0072 33010000 		.4byte	.LASF8
 513 0076 03       		.uleb128 0x3
 514 0077 D8010000 		.4byte	.LASF10
 515 007b 03       		.byte	0x3
 516 007c 41       		.byte	0x41
 517 007d 41000000 		.4byte	0x41
 518 0081 03       		.uleb128 0x3
 519 0082 06020000 		.4byte	.LASF11
 520 0086 04       		.byte	0x4
 521 0087 A1       		.byte	0xa1
 522 0088 2C000000 		.4byte	0x2c
 523 008c 03       		.uleb128 0x3
 524 008d 2C010000 		.4byte	.LASF12
 525 0091 04       		.byte	0x4
ARM GAS  C:\Users\pfautley\AppData\Local\Temp\cc6byYtt.s 			page 15


 526 0092 A3       		.byte	0xa3
 527 0093 53000000 		.4byte	0x53
 528 0097 02       		.uleb128 0x2
 529 0098 04       		.byte	0x4
 530 0099 04       		.byte	0x4
 531 009a A0000000 		.4byte	.LASF13
 532 009e 02       		.uleb128 0x2
 533 009f 08       		.byte	0x8
 534 00a0 04       		.byte	0x4
 535 00a1 0D010000 		.4byte	.LASF14
 536 00a5 02       		.uleb128 0x2
 537 00a6 01       		.byte	0x1
 538 00a7 08       		.byte	0x8
 539 00a8 F7010000 		.4byte	.LASF15
 540 00ac 05       		.uleb128 0x5
 541 00ad B4000000 		.4byte	.LASF16
 542 00b1 04       		.byte	0x4
 543 00b2 4B01     		.2byte	0x14b
 544 00b4 B8000000 		.4byte	0xb8
 545 00b8 06       		.uleb128 0x6
 546 00b9 81000000 		.4byte	0x81
 547 00bd 05       		.uleb128 0x5
 548 00be 18000000 		.4byte	.LASF17
 549 00c2 04       		.byte	0x4
 550 00c3 4D01     		.2byte	0x14d
 551 00c5 C9000000 		.4byte	0xc9
 552 00c9 06       		.uleb128 0x6
 553 00ca 8C000000 		.4byte	0x8c
 554 00ce 02       		.uleb128 0x2
 555 00cf 04       		.byte	0x4
 556 00d0 07       		.byte	0x7
 557 00d1 E0010000 		.4byte	.LASF18
 558 00d5 07       		.uleb128 0x7
 559 00d6 02       		.byte	0x2
 560 00d7 05       		.byte	0x5
 561 00d8 A6       		.byte	0xa6
 562 00d9 F6000000 		.4byte	0xf6
 563 00dd 08       		.uleb128 0x8
 564 00de 2D020000 		.4byte	.LASF19
 565 00e2 05       		.byte	0x5
 566 00e3 A8       		.byte	0xa8
 567 00e4 81000000 		.4byte	0x81
 568 00e8 00       		.byte	0
 569 00e9 08       		.uleb128 0x8
 570 00ea 57010000 		.4byte	.LASF20
 571 00ee 05       		.byte	0x5
 572 00ef A9       		.byte	0xa9
 573 00f0 81000000 		.4byte	0x81
 574 00f4 01       		.byte	0x1
 575 00f5 00       		.byte	0
 576 00f6 03       		.uleb128 0x3
 577 00f7 0C020000 		.4byte	.LASF21
 578 00fb 05       		.byte	0x5
 579 00fc AA       		.byte	0xaa
 580 00fd D5000000 		.4byte	0xd5
 581 0101 09       		.uleb128 0x9
 582 0102 45020000 		.4byte	.LASF22
ARM GAS  C:\Users\pfautley\AppData\Local\Temp\cc6byYtt.s 			page 16


 583 0106 01       		.byte	0x1
 584 0107 36       		.byte	0x36
 585 0108 00000000 		.4byte	.LFB56
 586 010c 14000000 		.4byte	.LFE56-.LFB56
 587 0110 01       		.uleb128 0x1
 588 0111 9C       		.byte	0x9c
 589 0112 09       		.uleb128 0x9
 590 0113 1E000000 		.4byte	.LASF23
 591 0117 01       		.byte	0x1
 592 0118 54       		.byte	0x54
 593 0119 00000000 		.4byte	.LFB57
 594 011d 0C000000 		.4byte	.LFE57-.LFB57
 595 0121 01       		.uleb128 0x1
 596 0122 9C       		.byte	0x9c
 597 0123 0A       		.uleb128 0xa
 598 0124 00000000 		.4byte	.LASF24
 599 0128 01       		.byte	0x1
 600 0129 6B       		.byte	0x6b
 601 012a 00000000 		.4byte	.LFB58
 602 012e 18000000 		.4byte	.LFE58-.LFB58
 603 0132 01       		.uleb128 0x1
 604 0133 9C       		.byte	0x9c
 605 0134 0B       		.uleb128 0xb
 606 0135 3D000000 		.4byte	.LASF25
 607 0139 01       		.byte	0x1
 608 013a 88       		.byte	0x88
 609 013b 00000000 		.4byte	.LFB59
 610 013f 34010000 		.4byte	.LFE59-.LFB59
 611 0143 01       		.uleb128 0x1
 612 0144 9C       		.byte	0x9c
 613 0145 58010000 		.4byte	0x158
 614 0149 0C       		.uleb128 0xc
 615 014a FC000000 		.4byte	.LASF27
 616 014e 01       		.byte	0x1
 617 014f 8A       		.byte	0x8a
 618 0150 81000000 		.4byte	0x81
 619 0154 02       		.uleb128 0x2
 620 0155 91       		.byte	0x91
 621 0156 77       		.sleb128 -9
 622 0157 00       		.byte	0
 623 0158 0B       		.uleb128 0xb
 624 0159 4F000000 		.4byte	.LASF26
 625 015d 01       		.byte	0x1
 626 015e D8       		.byte	0xd8
 627 015f 00000000 		.4byte	.LFB60
 628 0163 14010000 		.4byte	.LFE60-.LFB60
 629 0167 01       		.uleb128 0x1
 630 0168 9C       		.byte	0x9c
 631 0169 7C010000 		.4byte	0x17c
 632 016d 0C       		.uleb128 0xc
 633 016e FC000000 		.4byte	.LASF27
 634 0172 01       		.byte	0x1
 635 0173 DA       		.byte	0xda
 636 0174 81000000 		.4byte	0x81
 637 0178 02       		.uleb128 0x2
 638 0179 91       		.byte	0x91
 639 017a 77       		.sleb128 -9
ARM GAS  C:\Users\pfautley\AppData\Local\Temp\cc6byYtt.s 			page 17


 640 017b 00       		.byte	0
 641 017c 0C       		.uleb128 0xc
 642 017d DE000000 		.4byte	.LASF28
 643 0181 01       		.byte	0x1
 644 0182 22       		.byte	0x22
 645 0183 F6000000 		.4byte	0xf6
 646 0187 05       		.uleb128 0x5
 647 0188 03       		.byte	0x3
 648 0189 00000000 		.4byte	USBUART_1_backup
 649 018d 0D       		.uleb128 0xd
 650 018e 14010000 		.4byte	.LASF29
 651 0192 05       		.byte	0x5
 652 0193 4E02     		.2byte	0x24e
 653 0195 B8000000 		.4byte	0xb8
 654 0199 0D       		.uleb128 0xd
 655 019a EF000000 		.4byte	.LASF30
 656 019e 06       		.byte	0x6
 657 019f 1606     		.2byte	0x616
 658 01a1 A5010000 		.4byte	0x1a5
 659 01a5 06       		.uleb128 0x6
 660 01a6 76000000 		.4byte	0x76
 661 01aa 00       		.byte	0
 662              		.section	.debug_abbrev,"",%progbits
 663              	.Ldebug_abbrev0:
 664 0000 01       		.uleb128 0x1
 665 0001 11       		.uleb128 0x11
 666 0002 01       		.byte	0x1
 667 0003 25       		.uleb128 0x25
 668 0004 0E       		.uleb128 0xe
 669 0005 13       		.uleb128 0x13
 670 0006 0B       		.uleb128 0xb
 671 0007 03       		.uleb128 0x3
 672 0008 0E       		.uleb128 0xe
 673 0009 1B       		.uleb128 0x1b
 674 000a 0E       		.uleb128 0xe
 675 000b 55       		.uleb128 0x55
 676 000c 17       		.uleb128 0x17
 677 000d 11       		.uleb128 0x11
 678 000e 01       		.uleb128 0x1
 679 000f 10       		.uleb128 0x10
 680 0010 17       		.uleb128 0x17
 681 0011 00       		.byte	0
 682 0012 00       		.byte	0
 683 0013 02       		.uleb128 0x2
 684 0014 24       		.uleb128 0x24
 685 0015 00       		.byte	0
 686 0016 0B       		.uleb128 0xb
 687 0017 0B       		.uleb128 0xb
 688 0018 3E       		.uleb128 0x3e
 689 0019 0B       		.uleb128 0xb
 690 001a 03       		.uleb128 0x3
 691 001b 0E       		.uleb128 0xe
 692 001c 00       		.byte	0
 693 001d 00       		.byte	0
 694 001e 03       		.uleb128 0x3
 695 001f 16       		.uleb128 0x16
 696 0020 00       		.byte	0
ARM GAS  C:\Users\pfautley\AppData\Local\Temp\cc6byYtt.s 			page 18


 697 0021 03       		.uleb128 0x3
 698 0022 0E       		.uleb128 0xe
 699 0023 3A       		.uleb128 0x3a
 700 0024 0B       		.uleb128 0xb
 701 0025 3B       		.uleb128 0x3b
 702 0026 0B       		.uleb128 0xb
 703 0027 49       		.uleb128 0x49
 704 0028 13       		.uleb128 0x13
 705 0029 00       		.byte	0
 706 002a 00       		.byte	0
 707 002b 04       		.uleb128 0x4
 708 002c 24       		.uleb128 0x24
 709 002d 00       		.byte	0
 710 002e 0B       		.uleb128 0xb
 711 002f 0B       		.uleb128 0xb
 712 0030 3E       		.uleb128 0x3e
 713 0031 0B       		.uleb128 0xb
 714 0032 03       		.uleb128 0x3
 715 0033 08       		.uleb128 0x8
 716 0034 00       		.byte	0
 717 0035 00       		.byte	0
 718 0036 05       		.uleb128 0x5
 719 0037 16       		.uleb128 0x16
 720 0038 00       		.byte	0
 721 0039 03       		.uleb128 0x3
 722 003a 0E       		.uleb128 0xe
 723 003b 3A       		.uleb128 0x3a
 724 003c 0B       		.uleb128 0xb
 725 003d 3B       		.uleb128 0x3b
 726 003e 05       		.uleb128 0x5
 727 003f 49       		.uleb128 0x49
 728 0040 13       		.uleb128 0x13
 729 0041 00       		.byte	0
 730 0042 00       		.byte	0
 731 0043 06       		.uleb128 0x6
 732 0044 35       		.uleb128 0x35
 733 0045 00       		.byte	0
 734 0046 49       		.uleb128 0x49
 735 0047 13       		.uleb128 0x13
 736 0048 00       		.byte	0
 737 0049 00       		.byte	0
 738 004a 07       		.uleb128 0x7
 739 004b 13       		.uleb128 0x13
 740 004c 01       		.byte	0x1
 741 004d 0B       		.uleb128 0xb
 742 004e 0B       		.uleb128 0xb
 743 004f 3A       		.uleb128 0x3a
 744 0050 0B       		.uleb128 0xb
 745 0051 3B       		.uleb128 0x3b
 746 0052 0B       		.uleb128 0xb
 747 0053 01       		.uleb128 0x1
 748 0054 13       		.uleb128 0x13
 749 0055 00       		.byte	0
 750 0056 00       		.byte	0
 751 0057 08       		.uleb128 0x8
 752 0058 0D       		.uleb128 0xd
 753 0059 00       		.byte	0
ARM GAS  C:\Users\pfautley\AppData\Local\Temp\cc6byYtt.s 			page 19


 754 005a 03       		.uleb128 0x3
 755 005b 0E       		.uleb128 0xe
 756 005c 3A       		.uleb128 0x3a
 757 005d 0B       		.uleb128 0xb
 758 005e 3B       		.uleb128 0x3b
 759 005f 0B       		.uleb128 0xb
 760 0060 49       		.uleb128 0x49
 761 0061 13       		.uleb128 0x13
 762 0062 38       		.uleb128 0x38
 763 0063 0B       		.uleb128 0xb
 764 0064 00       		.byte	0
 765 0065 00       		.byte	0
 766 0066 09       		.uleb128 0x9
 767 0067 2E       		.uleb128 0x2e
 768 0068 00       		.byte	0
 769 0069 3F       		.uleb128 0x3f
 770 006a 19       		.uleb128 0x19
 771 006b 03       		.uleb128 0x3
 772 006c 0E       		.uleb128 0xe
 773 006d 3A       		.uleb128 0x3a
 774 006e 0B       		.uleb128 0xb
 775 006f 3B       		.uleb128 0x3b
 776 0070 0B       		.uleb128 0xb
 777 0071 27       		.uleb128 0x27
 778 0072 19       		.uleb128 0x19
 779 0073 11       		.uleb128 0x11
 780 0074 01       		.uleb128 0x1
 781 0075 12       		.uleb128 0x12
 782 0076 06       		.uleb128 0x6
 783 0077 40       		.uleb128 0x40
 784 0078 18       		.uleb128 0x18
 785 0079 9742     		.uleb128 0x2117
 786 007b 19       		.uleb128 0x19
 787 007c 00       		.byte	0
 788 007d 00       		.byte	0
 789 007e 0A       		.uleb128 0xa
 790 007f 2E       		.uleb128 0x2e
 791 0080 00       		.byte	0
 792 0081 3F       		.uleb128 0x3f
 793 0082 19       		.uleb128 0x19
 794 0083 03       		.uleb128 0x3
 795 0084 0E       		.uleb128 0xe
 796 0085 3A       		.uleb128 0x3a
 797 0086 0B       		.uleb128 0xb
 798 0087 3B       		.uleb128 0x3b
 799 0088 0B       		.uleb128 0xb
 800 0089 27       		.uleb128 0x27
 801 008a 19       		.uleb128 0x19
 802 008b 11       		.uleb128 0x11
 803 008c 01       		.uleb128 0x1
 804 008d 12       		.uleb128 0x12
 805 008e 06       		.uleb128 0x6
 806 008f 40       		.uleb128 0x40
 807 0090 18       		.uleb128 0x18
 808 0091 9642     		.uleb128 0x2116
 809 0093 19       		.uleb128 0x19
 810 0094 00       		.byte	0
ARM GAS  C:\Users\pfautley\AppData\Local\Temp\cc6byYtt.s 			page 20


 811 0095 00       		.byte	0
 812 0096 0B       		.uleb128 0xb
 813 0097 2E       		.uleb128 0x2e
 814 0098 01       		.byte	0x1
 815 0099 3F       		.uleb128 0x3f
 816 009a 19       		.uleb128 0x19
 817 009b 03       		.uleb128 0x3
 818 009c 0E       		.uleb128 0xe
 819 009d 3A       		.uleb128 0x3a
 820 009e 0B       		.uleb128 0xb
 821 009f 3B       		.uleb128 0x3b
 822 00a0 0B       		.uleb128 0xb
 823 00a1 27       		.uleb128 0x27
 824 00a2 19       		.uleb128 0x19
 825 00a3 11       		.uleb128 0x11
 826 00a4 01       		.uleb128 0x1
 827 00a5 12       		.uleb128 0x12
 828 00a6 06       		.uleb128 0x6
 829 00a7 40       		.uleb128 0x40
 830 00a8 18       		.uleb128 0x18
 831 00a9 9642     		.uleb128 0x2116
 832 00ab 19       		.uleb128 0x19
 833 00ac 01       		.uleb128 0x1
 834 00ad 13       		.uleb128 0x13
 835 00ae 00       		.byte	0
 836 00af 00       		.byte	0
 837 00b0 0C       		.uleb128 0xc
 838 00b1 34       		.uleb128 0x34
 839 00b2 00       		.byte	0
 840 00b3 03       		.uleb128 0x3
 841 00b4 0E       		.uleb128 0xe
 842 00b5 3A       		.uleb128 0x3a
 843 00b6 0B       		.uleb128 0xb
 844 00b7 3B       		.uleb128 0x3b
 845 00b8 0B       		.uleb128 0xb
 846 00b9 49       		.uleb128 0x49
 847 00ba 13       		.uleb128 0x13
 848 00bb 02       		.uleb128 0x2
 849 00bc 18       		.uleb128 0x18
 850 00bd 00       		.byte	0
 851 00be 00       		.byte	0
 852 00bf 0D       		.uleb128 0xd
 853 00c0 34       		.uleb128 0x34
 854 00c1 00       		.byte	0
 855 00c2 03       		.uleb128 0x3
 856 00c3 0E       		.uleb128 0xe
 857 00c4 3A       		.uleb128 0x3a
 858 00c5 0B       		.uleb128 0xb
 859 00c6 3B       		.uleb128 0x3b
 860 00c7 05       		.uleb128 0x5
 861 00c8 49       		.uleb128 0x49
 862 00c9 13       		.uleb128 0x13
 863 00ca 3F       		.uleb128 0x3f
 864 00cb 19       		.uleb128 0x19
 865 00cc 3C       		.uleb128 0x3c
 866 00cd 19       		.uleb128 0x19
 867 00ce 00       		.byte	0
ARM GAS  C:\Users\pfautley\AppData\Local\Temp\cc6byYtt.s 			page 21


 868 00cf 00       		.byte	0
 869 00d0 00       		.byte	0
 870              		.section	.debug_aranges,"",%progbits
 871 0000 3C000000 		.4byte	0x3c
 872 0004 0200     		.2byte	0x2
 873 0006 00000000 		.4byte	.Ldebug_info0
 874 000a 04       		.byte	0x4
 875 000b 00       		.byte	0
 876 000c 0000     		.2byte	0
 877 000e 0000     		.2byte	0
 878 0010 00000000 		.4byte	.LFB56
 879 0014 14000000 		.4byte	.LFE56-.LFB56
 880 0018 00000000 		.4byte	.LFB57
 881 001c 0C000000 		.4byte	.LFE57-.LFB57
 882 0020 00000000 		.4byte	.LFB58
 883 0024 18000000 		.4byte	.LFE58-.LFB58
 884 0028 00000000 		.4byte	.LFB59
 885 002c 34010000 		.4byte	.LFE59-.LFB59
 886 0030 00000000 		.4byte	.LFB60
 887 0034 14010000 		.4byte	.LFE60-.LFB60
 888 0038 00000000 		.4byte	0
 889 003c 00000000 		.4byte	0
 890              		.section	.debug_ranges,"",%progbits
 891              	.Ldebug_ranges0:
 892 0000 00000000 		.4byte	.LFB56
 893 0004 14000000 		.4byte	.LFE56
 894 0008 00000000 		.4byte	.LFB57
 895 000c 0C000000 		.4byte	.LFE57
 896 0010 00000000 		.4byte	.LFB58
 897 0014 18000000 		.4byte	.LFE58
 898 0018 00000000 		.4byte	.LFB59
 899 001c 34010000 		.4byte	.LFE59
 900 0020 00000000 		.4byte	.LFB60
 901 0024 14010000 		.4byte	.LFE60
 902 0028 00000000 		.4byte	0
 903 002c 00000000 		.4byte	0
 904              		.section	.debug_line,"",%progbits
 905              	.Ldebug_line0:
 906 0000 E5010000 		.section	.debug_str,"MS",%progbits,1
 906      02005A01 
 906      00000201 
 906      FB0E0D00 
 906      01010101 
 907              	.LASF24:
 908 0000 55534255 		.ascii	"USBUART_1_RestoreConfig\000"
 908      4152545F 
 908      315F5265 
 908      73746F72 
 908      65436F6E 
 909              	.LASF17:
 910 0018 72656733 		.ascii	"reg32\000"
 910      3200
 911              	.LASF23:
 912 001e 55534255 		.ascii	"USBUART_1_SaveConfig\000"
 912      4152545F 
 912      315F5361 
 912      7665436F 
ARM GAS  C:\Users\pfautley\AppData\Local\Temp\cc6byYtt.s 			page 22


 912      6E666967 
 913              	.LASF9:
 914 0033 5F5F696E 		.ascii	"__int32_t\000"
 914      7433325F 
 914      7400
 915              	.LASF25:
 916 003d 55534255 		.ascii	"USBUART_1_Suspend\000"
 916      4152545F 
 916      315F5375 
 916      7370656E 
 916      6400
 917              	.LASF26:
 918 004f 55534255 		.ascii	"USBUART_1_Resume\000"
 918      4152545F 
 918      315F5265 
 918      73756D65 
 918      00
 919              	.LASF33:
 920 0060 433A5C55 		.ascii	"C:\\Users\\pfautley\\Desktop\\finalproject.cydsn\\f"
 920      73657273 
 920      5C706661 
 920      75746C65 
 920      795C4465 
 921 008e 696E616C 		.ascii	"inalproject.cydsn\000"
 921      70726F6A 
 921      6563742E 
 921      63796473 
 921      6E00
 922              	.LASF13:
 923 00a0 666C6F61 		.ascii	"float\000"
 923      7400
 924              	.LASF1:
 925 00a6 756E7369 		.ascii	"unsigned char\000"
 925      676E6564 
 925      20636861 
 925      7200
 926              	.LASF16:
 927 00b4 72656738 		.ascii	"reg8\000"
 927      00
 928              	.LASF5:
 929 00b9 6C6F6E67 		.ascii	"long unsigned int\000"
 929      20756E73 
 929      69676E65 
 929      6420696E 
 929      7400
 930              	.LASF3:
 931 00cb 73686F72 		.ascii	"short unsigned int\000"
 931      7420756E 
 931      7369676E 
 931      65642069 
 931      6E7400
 932              	.LASF28:
 933 00de 55534255 		.ascii	"USBUART_1_backup\000"
 933      4152545F 
 933      315F6261 
 933      636B7570 
 933      00
ARM GAS  C:\Users\pfautley\AppData\Local\Temp\cc6byYtt.s 			page 23


 934              	.LASF30:
 935 00ef 49544D5F 		.ascii	"ITM_RxBuffer\000"
 935      52784275 
 935      66666572 
 935      00
 936              	.LASF27:
 937 00fc 656E6162 		.ascii	"enableInterrupts\000"
 937      6C65496E 
 937      74657272 
 937      75707473 
 937      00
 938              	.LASF14:
 939 010d 646F7562 		.ascii	"double\000"
 939      6C6500
 940              	.LASF29:
 941 0114 55534255 		.ascii	"USBUART_1_configuration\000"
 941      4152545F 
 941      315F636F 
 941      6E666967 
 941      75726174 
 942              	.LASF12:
 943 012c 75696E74 		.ascii	"uint32\000"
 943      333200
 944              	.LASF8:
 945 0133 756E7369 		.ascii	"unsigned int\000"
 945      676E6564 
 945      20696E74 
 945      00
 946              	.LASF7:
 947 0140 6C6F6E67 		.ascii	"long long unsigned int\000"
 947      206C6F6E 
 947      6720756E 
 947      7369676E 
 947      65642069 
 948              	.LASF20:
 949 0157 6D6F6465 		.ascii	"mode\000"
 949      00
 950              	.LASF31:
 951 015c 474E5520 		.ascii	"GNU C 4.8.4 20140526 (release) [ARM/embedded-4_8-br"
 951      4320342E 
 951      382E3420 
 951      32303134 
 951      30353236 
 952 018f 616E6368 		.ascii	"anch revision 211358] -mcpu=cortex-m3 -mthumb -g -O"
 952      20726576 
 952      6973696F 
 952      6E203231 
 952      31333538 
 953 01c2 30202D66 		.ascii	"0 -ffunction-sections\000"
 953      66756E63 
 953      74696F6E 
 953      2D736563 
 953      74696F6E 
 954              	.LASF10:
 955 01d8 696E7433 		.ascii	"int32_t\000"
 955      325F7400 
 956              	.LASF18:
ARM GAS  C:\Users\pfautley\AppData\Local\Temp\cc6byYtt.s 			page 24


 957 01e0 73697A65 		.ascii	"sizetype\000"
 957      74797065 
 957      00
 958              	.LASF6:
 959 01e9 6C6F6E67 		.ascii	"long long int\000"
 959      206C6F6E 
 959      6720696E 
 959      7400
 960              	.LASF15:
 961 01f7 63686172 		.ascii	"char\000"
 961      00
 962              	.LASF2:
 963 01fc 73686F72 		.ascii	"short int\000"
 963      7420696E 
 963      7400
 964              	.LASF11:
 965 0206 75696E74 		.ascii	"uint8\000"
 965      3800
 966              	.LASF21:
 967 020c 55534255 		.ascii	"USBUART_1_BACKUP_STRUCT\000"
 967      4152545F 
 967      315F4241 
 967      434B5550 
 967      5F535452 
 968              	.LASF4:
 969 0224 6C6F6E67 		.ascii	"long int\000"
 969      20696E74 
 969      00
 970              	.LASF19:
 971 022d 656E6162 		.ascii	"enableState\000"
 971      6C655374 
 971      61746500 
 972              	.LASF0:
 973 0239 7369676E 		.ascii	"signed char\000"
 973      65642063 
 973      68617200 
 974              	.LASF22:
 975 0245 55534255 		.ascii	"USBUART_1_DP_ISR\000"
 975      4152545F 
 975      315F4450 
 975      5F495352 
 975      00
 976              	.LASF32:
 977 0256 2E5C4765 		.ascii	".\\Generated_Source\\PSoC5\\USBUART_1_pm.c\000"
 977      6E657261 
 977      7465645F 
 977      536F7572 
 977      63655C50 
 978              		.ident	"GCC: (GNU Tools for ARM Embedded Processors) 4.8.4 20140526 (release) [ARM/embedded-4_8-br
